#
# There is insufficient memory for the Java Runtime Environment to continue.
# Native memory allocation (mmap) failed to map 27262976 bytes for Failed to commit area from 0x0000000087e00000 to 0x0000000089800000 of length 27262976.
# Possible reasons:
#   The system is out of physical RAM or swap space
#   The process is running with CompressedOops enabled, and the Java Heap may be blocking the growth of the native heap
# Possible solutions:
#   Reduce memory load on the system
#   Increase physical memory or swap space
#   Check if swap backing store is full
#   Decrease Java heap size (-Xmx/-Xms)
#   Decrease number of Java threads
#   Decrease Java thread stack sizes (-Xss)
#   Set larger code cache with -XX:ReservedCodeCacheSize=
#   JVM is running with Unscaled Compressed Oops mode in which the Java heap is
#     placed in the first 4GB address space. The Java Heap base address is the
#     maximum limit for the native heap growth. Please use -XX:HeapBaseMinAddress
#     to set the Java Heap base and to place the Java Heap above 4GB virtual address.
# This output file may be truncated or incomplete.
#
#  Out of Memory Error (./src/hotspot/os/windows/os_windows.cpp:3301), pid=10948, tid=8028
#
# JRE version: OpenJDK Runtime Environment (11.0.11+9) (build 11.0.11+9-b60-7590822)
# Java VM: OpenJDK 64-Bit Server VM (11.0.11+9-b60-7590822, mixed mode, tiered, compressed oops, g1 gc, windows-amd64)
# No core dump will be written. Minidumps are not enabled by default on client versions of Windows
#

---------------  S U M M A R Y ------------

Command Line: --add-opens=java.base/java.util=ALL-UNNAMED --add-opens=java.base/java.lang=ALL-UNNAMED --add-opens=java.base/java.lang.invoke=ALL-UNNAMED --add-opens=java.base/java.util=ALL-UNNAMED --add-opens=java.prefs/java.util.prefs=ALL-UNNAMED --add-opens=java.prefs/java.util.prefs=ALL-UNNAMED --add-opens=java.base/java.nio.charset=ALL-UNNAMED --add-opens=java.base/java.net=ALL-UNNAMED --add-opens=java.base/java.util.concurrent.atomic=ALL-UNNAMED -Xmx2048m -Dfile.encoding=UTF-8 -Duser.country=US -Duser.language=en -Duser.variant org.gradle.launcher.daemon.bootstrap.GradleDaemon 7.2

Host: Intel(R) Core(TM) i5-10300H CPU @ 2.50GHz, 8 cores, 7G,  Windows 10 , 64 bit Build 22000 (10.0.22000.120)
Time: Tue Dec  6 22:47:10 2022 W. Central Africa Standard Time elapsed time: 2.556181 seconds (0d 0h 0m 2s)

---------------  T H R E A D  ---------------

Current thread (0x000001dc30214000):  VMThread "VM Thread" [stack: 0x000000ccbf600000,0x000000ccbf700000] [id=8028]

Stack: [0x000000ccbf600000,0x000000ccbf700000]
[error occurred during error reporting (printing stack bounds), id 0xc0000005, EXCEPTION_ACCESS_VIOLATION (0xc0000005) at pc=0x000001dc190d0f2d]

Native frames: (J=compiled Java code, j=interpreted, Vv=VM code, C=native code)
V  [jvm.dll+0x5f214a]
V  [jvm.dll+0x726fb5]
V  [jvm.dll+0x7285cd]
V  [jvm.dll+0x728be5]
V  [jvm.dll+0x728b9b]
V  [jvm.dll+0x5f14e8]
V  [jvm.dll+0x5f1c78]
C  [ntdll.dll+0xa826f]
C  [ntdll.dll+0x359ca]
C  [ntdll.dll+0xa727e]
C  0x000001dc190d0f2d

VM_Operation (0x000000ccc0afc030): G1CollectForAllocation, mode: safepoint, requested by thread 0x000001dc3375e800


---------------  P R O C E S S  ---------------

Threads class SMR info:
_java_thread_list=0x000001dc343e9de0, length=27, elements={
0x000001dc13dff000, 0x000001dc30217000, 0x000001dc30222000, 0x000001dc30bd3800,
0x000001dc30bd5000, 0x000001dc30bd6000, 0x000001dc30bd9000, 0x000001dc30bda800,
0x000001dc30bdd800, 0x000001dc30d2a000, 0x000001dc324c8000, 0x000001dc30dd0000,
0x000001dc32b90800, 0x000001dc3364b800, 0x000001dc332c1800, 0x000001dc3255f800,
0x000001dc336f5000, 0x000001dc3375e800, 0x000001dc336f0000, 0x000001dc33648800,
0x000001dc3313d000, 0x000001dc3313e800, 0x000001dc3313e000, 0x000001dc33140800,
0x000001dc33142000, 0x000001dc3313c000, 0x000001dc3313f800
}

Java Threads: ( => current thread )
  0x000001dc13dff000 JavaThread "main" [_thread_blocked, id=2232, stack(0x000000ccbf000000,0x000000ccbf100000)]
  0x000001dc30217000 JavaThread "Reference Handler" daemon [_thread_blocked, id=12276, stack(0x000000ccbf700000,0x000000ccbf800000)]
  0x000001dc30222000 JavaThread "Finalizer" daemon [_thread_blocked, id=12064, stack(0x000000ccbf800000,0x000000ccbf900000)]
  0x000001dc30bd3800 JavaThread "Signal Dispatcher" daemon [_thread_blocked, id=15560, stack(0x000000ccbf900000,0x000000ccbfa00000)]
  0x000001dc30bd5000 JavaThread "Attach Listener" daemon [_thread_blocked, id=15672, stack(0x000000ccbfa00000,0x000000ccbfb00000)]
  0x000001dc30bd6000 JavaThread "Service Thread" daemon [_thread_blocked, id=13584, stack(0x000000ccbfb00000,0x000000ccbfc00000)]
  0x000001dc30bd9000 JavaThread "C2 CompilerThread0" daemon [_thread_blocked, id=13580, stack(0x000000ccbfc00000,0x000000ccbfd00000)]
  0x000001dc30bda800 JavaThread "C1 CompilerThread0" daemon [_thread_blocked, id=7696, stack(0x000000ccbfd00000,0x000000ccbfe00000)]
  0x000001dc30bdd800 JavaThread "Sweeper thread" daemon [_thread_blocked, id=4976, stack(0x000000ccbfe00000,0x000000ccbff00000)]
  0x000001dc30d2a000 JavaThread "Common-Cleaner" daemon [_thread_blocked, id=6644, stack(0x000000ccbff00000,0x000000ccc0000000)]
  0x000001dc324c8000 JavaThread "Daemon health stats" [_thread_blocked, id=12348, stack(0x000000ccc0400000,0x000000ccc0500000)]
  0x000001dc30dd0000 JavaThread "Incoming local TCP Connector on port 60714" [_thread_in_native, id=9364, stack(0x000000ccc0100000,0x000000ccc0200000)]
  0x000001dc32b90800 JavaThread "C2 CompilerThread1" daemon [_thread_blocked, id=5184, stack(0x000000ccc0500000,0x000000ccc0600000)]
  0x000001dc3364b800 JavaThread "Daemon periodic checks" [_thread_blocked, id=8476, stack(0x000000ccc0600000,0x000000ccc0700000)]
  0x000001dc332c1800 JavaThread "Daemon" [_thread_blocked, id=14324, stack(0x000000ccc0700000,0x000000ccc0800000)]
  0x000001dc3255f800 JavaThread "Handler for socket connection from /127.0.0.1:60714 to /127.0.0.1:60715" [_thread_in_native, id=17336, stack(0x000000ccc0800000,0x000000ccc0900000)]
  0x000001dc336f5000 JavaThread "Cancel handler" [_thread_blocked, id=16880, stack(0x000000ccc0900000,0x000000ccc0a00000)]
  0x000001dc3375e800 JavaThread "Daemon worker" [_thread_blocked, id=8504, stack(0x000000ccc0a00000,0x000000ccc0b00000)]
  0x000001dc336f0000 JavaThread "Asynchronous log dispatcher for DefaultDaemonConnection: socket connection from /127.0.0.1:60714 to /127.0.0.1:60715" [_thread_blocked, id=7196, stack(0x000000ccc0b00000,0x000000ccc0c00000)]
  0x000001dc33648800 JavaThread "Stdin handler" [_thread_blocked, id=16956, stack(0x000000ccc0c00000,0x000000ccc0d00000)]
  0x000001dc3313d000 JavaThread "Daemon client event forwarder" [_thread_blocked, id=2632, stack(0x000000ccc0d00000,0x000000ccc0e00000)]
  0x000001dc3313e800 JavaThread "Cache worker for journal cache (C:\Users\Marwa\.gradle\caches\journal-1)" [_thread_blocked, id=15376, stack(0x000000ccc1300000,0x000000ccc1400000)]
  0x000001dc3313e000 JavaThread "File lock request listener" [_thread_in_native, id=4852, stack(0x000000ccc1400000,0x000000ccc1500000)]
  0x000001dc33140800 JavaThread "Cache worker for file hash cache (C:\Users\Marwa\.gradle\caches\7.2\fileHashes)" [_thread_blocked, id=16684, stack(0x000000ccc1600000,0x000000ccc1700000)]
  0x000001dc33142000 JavaThread "Cache worker for file hash cache (C:\Users\Marwa\OneDrive\Bureau\tuto\dev_mobile\Gestion_Poubelle_Intelligente\.gradle\7.2\fileHashes)" [_thread_blocked, id=16868, stack(0x000000ccc1700000,0x000000ccc1800000)]
  0x000001dc3313c000 JavaThread "File watcher server" daemon [_thread_in_native, id=11848, stack(0x000000ccc1800000,0x000000ccc1900000)]
  0x000001dc3313f800 JavaThread "File watcher consumer" daemon [_thread_blocked, id=10116, stack(0x000000ccc1900000,0x000000ccc1a00000)]

Other Threads:
=>0x000001dc30214000 VMThread "VM Thread" [stack: 0x000000ccbf600000,0x000000ccbf700000] [id=8028]
  0x000001dc30d53000 WatcherThread [stack: 0x000000ccc0000000,0x000000ccc0100000] [id=14644]
  0x000001dc13e17000 GCTaskThread "GC Thread#0" [stack: 0x000000ccbf100000,0x000000ccbf200000] [id=17132]
  0x000001dc31ac1800 GCTaskThread "GC Thread#1" [stack: 0x000000ccc0200000,0x000000ccc0300000] [id=7516]
  0x000001dc30e6d000 GCTaskThread "GC Thread#2" [stack: 0x000000ccc0300000,0x000000ccc0400000] [id=13972]
  0x000001dc33144000 GCTaskThread "GC Thread#3" [stack: 0x000000ccc0e00000,0x000000ccc0f00000] [id=1352]
  0x000001dc31ea6000 GCTaskThread "GC Thread#4" [stack: 0x000000ccc0f00000,0x000000ccc1000000] [id=5628]
  0x000001dc33592800 GCTaskThread "GC Thread#5" [stack: 0x000000ccc1000000,0x000000ccc1100000] [id=12240]
  0x000001dc31e98000 GCTaskThread "GC Thread#6" [stack: 0x000000ccc1100000,0x000000ccc1200000] [id=13856]
  0x000001dc31e99000 GCTaskThread "GC Thread#7" [stack: 0x000000ccc1200000,0x000000ccc1300000] [id=16608]
  0x000001dc13e4b800 ConcurrentGCThread "G1 Main Marker" [stack: 0x000000ccbf200000,0x000000ccbf300000] [id=13716]
  0x000001dc13e4e800 ConcurrentGCThread "G1 Conc#0" [stack: 0x000000ccbf300000,0x000000ccbf400000] [id=6980]
  0x000001dc32ef9800 ConcurrentGCThread "G1 Conc#1" [stack: 0x000000ccc1500000,0x000000ccc1600000] [id=13100]
  0x000001dc13edd800 ConcurrentGCThread "G1 Refine#0" [stack: 0x000000ccbf400000,0x000000ccbf500000] [id=9516]
  0x000001dc30064800 ConcurrentGCThread "G1 Young RemSet Sampling" [stack: 0x000000ccbf500000,0x000000ccbf600000] [id=4316]

Threads with active compile tasks:
C2 CompilerThread1   2568 2030       4       java.net.URLClassLoader$1::run (5 bytes)

VM state:at safepoint (normal execution)

VM Mutex/Monitor currently owned by a thread:  ([mutex/lock_event])
[0x000001dc13dfb450] Threads_lock - owner thread: 0x000001dc30214000
[0x000001dc13dfb570] Heap_lock - owner thread: 0x000001dc3375e800

Heap address: 0x0000000080000000, size: 2048 MB, Compressed Oops mode: 32-bit
Narrow klass base: 0x0000000000000000, Narrow klass shift: 3
Compressed class space size: 1073741824 Address: 0x0000000100000000

Heap:
 garbage-first heap   total 155648K, used 18654K [0x0000000080000000, 0x0000000100000000)
  region size 1024K, 4 young (4096K), 4 survivors (4096K)
 Metaspace       used 25967K, capacity 26600K, committed 26752K, reserved 1073152K
  class space    used 3381K, capacity 3595K, committed 3712K, reserved 1048576K
Heap Regions: E=young(eden), S=young(survivor), O=old, HS=humongous(starts), HC=humongous(continues), CS=collection set, F=free, A=archive, TAMS=top-at-mark-start (previous, next)
|   0|0x0000000080000000, 0x0000000080100000, 0x0000000080100000|100%| O|  |TAMS 0x0000000080100000, 0x0000000080000000| Untracked 
|   1|0x0000000080100000, 0x0000000080200000, 0x0000000080200000|100%| O|  |TAMS 0x0000000080200000, 0x0000000080100000| Untracked 
|   2|0x0000000080200000, 0x0000000080300000, 0x0000000080300000|100%| O|  |TAMS 0x0000000080300000, 0x0000000080200000| Untracked 
|   3|0x0000000080300000, 0x0000000080400000, 0x0000000080400000|100%|HS|  |TAMS 0x0000000080400000, 0x0000000080300000| Complete 
|   4|0x0000000080400000, 0x0000000080500000, 0x0000000080500000|100%|HC|  |TAMS 0x0000000080500000, 0x0000000080400000| Complete 
|   5|0x0000000080500000, 0x0000000080600000, 0x0000000080600000|100%|HC|  |TAMS 0x0000000080600000, 0x0000000080500000| Complete 
|   6|0x0000000080600000, 0x0000000080700000, 0x0000000080700000|100%| O|  |TAMS 0x0000000080700000, 0x0000000080600000| Untracked 
|   7|0x0000000080700000, 0x0000000080800000, 0x0000000080800000|100%| O|  |TAMS 0x0000000080800000, 0x0000000080700000| Untracked 
|   8|0x0000000080800000, 0x0000000080900000, 0x0000000080900000|100%| O|  |TAMS 0x0000000080900000, 0x0000000080800000| Untracked 
|   9|0x0000000080900000, 0x0000000080a00000, 0x0000000080a00000|100%| O|  |TAMS 0x0000000080a00000, 0x0000000080900000| Untracked 
|  10|0x0000000080a00000, 0x0000000080b00000, 0x0000000080b00000|100%| O|  |TAMS 0x0000000080b00000, 0x0000000080a00000| Untracked 
|  11|0x0000000080b00000, 0x0000000080c00000, 0x0000000080c00000|100%| O|  |TAMS 0x0000000080c00000, 0x0000000080b00000| Untracked 
|  12|0x0000000080c00000, 0x0000000080d00000, 0x0000000080d00000|100%| O|  |TAMS 0x0000000080d00000, 0x0000000080c00000| Untracked 
|  13|0x0000000080d00000, 0x0000000080e00000, 0x0000000080e00000|100%| O|  |TAMS 0x0000000080e00000, 0x0000000080d00000| Untracked 
|  14|0x0000000080e00000, 0x0000000080f00000, 0x0000000080f00000|100%| O|  |TAMS 0x0000000080f00000, 0x0000000080e00000| Untracked 
|  15|0x0000000080f00000, 0x0000000080f2ec00, 0x0000000081000000| 18%| O|  |TAMS 0x0000000080f2ec00, 0x0000000080f00000| Untracked 
|  16|0x0000000081000000, 0x0000000081000000, 0x0000000081100000|  0%| F|  |TAMS 0x0000000081000000, 0x0000000081000000| Untracked 
|  17|0x0000000081100000, 0x0000000081100000, 0x0000000081200000|  0%| F|  |TAMS 0x0000000081100000, 0x0000000081100000| Untracked 
|  18|0x0000000081200000, 0x0000000081200000, 0x0000000081300000|  0%| F|  |TAMS 0x0000000081200000, 0x0000000081200000| Untracked 
|  19|0x0000000081300000, 0x0000000081300000, 0x0000000081400000|  0%| F|  |TAMS 0x0000000081300000, 0x0000000081300000| Untracked 
|  20|0x0000000081400000, 0x0000000081400000, 0x0000000081500000|  0%| F|  |TAMS 0x0000000081400000, 0x0000000081400000| Untracked 
|  21|0x0000000081500000, 0x0000000081500000, 0x0000000081600000|  0%| F|  |TAMS 0x0000000081500000, 0x0000000081500000| Untracked 
|  22|0x0000000081600000, 0x0000000081600000, 0x0000000081700000|  0%| F|  |TAMS 0x0000000081600000, 0x0000000081600000| Untracked 
|  23|0x0000000081700000, 0x0000000081700000, 0x0000000081800000|  0%| F|  |TAMS 0x0000000081700000, 0x0000000081700000| Untracked 
|  24|0x0000000081800000, 0x0000000081800000, 0x0000000081900000|  0%| F|  |TAMS 0x0000000081800000, 0x0000000081800000| Untracked 
|  25|0x0000000081900000, 0x0000000081900000, 0x0000000081a00000|  0%| F|  |TAMS 0x0000000081900000, 0x0000000081900000| Untracked 
|  26|0x0000000081a00000, 0x0000000081a00000, 0x0000000081b00000|  0%| F|  |TAMS 0x0000000081a00000, 0x0000000081a00000| Untracked 
|  27|0x0000000081b00000, 0x0000000081b00000, 0x0000000081c00000|  0%| F|  |TAMS 0x0000000081b00000, 0x0000000081b00000| Untracked 
|  28|0x0000000081c00000, 0x0000000081c00000, 0x0000000081d00000|  0%| F|  |TAMS 0x0000000081c00000, 0x0000000081c00000| Untracked 
|  29|0x0000000081d00000, 0x0000000081d00000, 0x0000000081e00000|  0%| F|  |TAMS 0x0000000081d00000, 0x0000000081d00000| Untracked 
|  30|0x0000000081e00000, 0x0000000081e00000, 0x0000000081f00000|  0%| F|  |TAMS 0x0000000081e00000, 0x0000000081e00000| Untracked 
|  31|0x0000000081f00000, 0x0000000081f00000, 0x0000000082000000|  0%| F|  |TAMS 0x0000000081f00000, 0x0000000081f00000| Untracked 
|  32|0x0000000082000000, 0x0000000082000000, 0x0000000082100000|  0%| F|  |TAMS 0x0000000082000000, 0x0000000082000000| Untracked 
|  33|0x0000000082100000, 0x0000000082100000, 0x0000000082200000|  0%| F|  |TAMS 0x0000000082100000, 0x0000000082100000| Untracked 
|  34|0x0000000082200000, 0x0000000082200000, 0x0000000082300000|  0%| F|  |TAMS 0x0000000082200000, 0x0000000082200000| Untracked 
|  35|0x0000000082300000, 0x0000000082300000, 0x0000000082400000|  0%| F|  |TAMS 0x0000000082300000, 0x0000000082300000| Untracked 
|  36|0x0000000082400000, 0x0000000082400000, 0x0000000082500000|  0%| F|  |TAMS 0x0000000082400000, 0x0000000082400000| Untracked 
|  37|0x0000000082500000, 0x0000000082500000, 0x0000000082600000|  0%| F|  |TAMS 0x0000000082500000, 0x0000000082500000| Untracked 
|  38|0x0000000082600000, 0x0000000082600000, 0x0000000082700000|  0%| F|  |TAMS 0x0000000082600000, 0x0000000082600000| Untracked 
|  39|0x0000000082700000, 0x0000000082700000, 0x0000000082800000|  0%| F|  |TAMS 0x0000000082700000, 0x0000000082700000| Untracked 
|  40|0x0000000082800000, 0x0000000082800000, 0x0000000082900000|  0%| F|  |TAMS 0x0000000082800000, 0x0000000082800000| Untracked 
|  41|0x0000000082900000, 0x0000000082900000, 0x0000000082a00000|  0%| F|  |TAMS 0x0000000082900000, 0x0000000082900000| Untracked 
|  42|0x0000000082a00000, 0x0000000082a00000, 0x0000000082b00000|  0%| F|  |TAMS 0x0000000082a00000, 0x0000000082a00000| Untracked 
|  43|0x0000000082b00000, 0x0000000082b00000, 0x0000000082c00000|  0%| F|  |TAMS 0x0000000082b00000, 0x0000000082b00000| Untracked 
|  44|0x0000000082c00000, 0x0000000082c00000, 0x0000000082d00000|  0%| F|  |TAMS 0x0000000082c00000, 0x0000000082c00000| Untracked 
|  45|0x0000000082d00000, 0x0000000082d00000, 0x0000000082e00000|  0%| F|  |TAMS 0x0000000082d00000, 0x0000000082d00000| Untracked 
|  46|0x0000000082e00000, 0x0000000082e00000, 0x0000000082f00000|  0%| F|  |TAMS 0x0000000082e00000, 0x0000000082e00000| Untracked 
|  47|0x0000000082f00000, 0x0000000082f00000, 0x0000000083000000|  0%| F|  |TAMS 0x0000000082f00000, 0x0000000082f00000| Untracked 
|  48|0x0000000083000000, 0x0000000083000000, 0x0000000083100000|  0%| F|  |TAMS 0x0000000083000000, 0x0000000083000000| Untracked 
|  49|0x0000000083100000, 0x0000000083100000, 0x0000000083200000|  0%| F|  |TAMS 0x0000000083100000, 0x0000000083100000| Untracked 
|  50|0x0000000083200000, 0x0000000083200000, 0x0000000083300000|  0%| F|  |TAMS 0x0000000083200000, 0x0000000083200000| Untracked 
|  51|0x0000000083300000, 0x0000000083300000, 0x0000000083400000|  0%| F|  |TAMS 0x0000000083300000, 0x0000000083300000| Untracked 
|  52|0x0000000083400000, 0x0000000083400000, 0x0000000083500000|  0%| F|  |TAMS 0x0000000083400000, 0x0000000083400000| Untracked 
|  53|0x0000000083500000, 0x0000000083500000, 0x0000000083600000|  0%| F|  |TAMS 0x0000000083500000, 0x0000000083500000| Untracked 
|  54|0x0000000083600000, 0x0000000083600000, 0x0000000083700000|  0%| F|  |TAMS 0x0000000083600000, 0x0000000083600000| Untracked 
|  55|0x0000000083700000, 0x0000000083700000, 0x0000000083800000|  0%| F|  |TAMS 0x0000000083700000, 0x0000000083700000| Untracked 
|  56|0x0000000083800000, 0x0000000083800000, 0x0000000083900000|  0%| F|  |TAMS 0x0000000083800000, 0x0000000083800000| Untracked 
|  57|0x0000000083900000, 0x0000000083900000, 0x0000000083a00000|  0%| F|  |TAMS 0x0000000083900000, 0x0000000083900000| Untracked 
|  58|0x0000000083a00000, 0x0000000083a00000, 0x0000000083b00000|  0%| F|  |TAMS 0x0000000083a00000, 0x0000000083a00000| Untracked 
|  59|0x0000000083b00000, 0x0000000083b00000, 0x0000000083c00000|  0%| F|  |TAMS 0x0000000083b00000, 0x0000000083b00000| Untracked 
|  60|0x0000000083c00000, 0x0000000083c00000, 0x0000000083d00000|  0%| F|  |TAMS 0x0000000083c00000, 0x0000000083c00000| Untracked 
|  61|0x0000000083d00000, 0x0000000083d00000, 0x0000000083e00000|  0%| F|  |TAMS 0x0000000083d00000, 0x0000000083d00000| Untracked 
|  62|0x0000000083e00000, 0x0000000083e00000, 0x0000000083f00000|  0%| F|  |TAMS 0x0000000083e00000, 0x0000000083e00000| Untracked 
|  63|0x0000000083f00000, 0x0000000083f00000, 0x0000000084000000|  0%| F|  |TAMS 0x0000000083f00000, 0x0000000083f00000| Untracked 
|  64|0x0000000084000000, 0x0000000084000000, 0x0000000084100000|  0%| F|  |TAMS 0x0000000084000000, 0x0000000084000000| Untracked 
|  65|0x0000000084100000, 0x0000000084100000, 0x0000000084200000|  0%| F|  |TAMS 0x0000000084100000, 0x0000000084100000| Untracked 
|  66|0x0000000084200000, 0x0000000084200000, 0x0000000084300000|  0%| F|  |TAMS 0x0000000084200000, 0x0000000084200000| Untracked 
|  67|0x0000000084300000, 0x0000000084300000, 0x0000000084400000|  0%| F|  |TAMS 0x0000000084300000, 0x0000000084300000| Untracked 
|  68|0x0000000084400000, 0x0000000084400000, 0x0000000084500000|  0%| F|  |TAMS 0x0000000084400000, 0x0000000084400000| Untracked 
|  69|0x0000000084500000, 0x0000000084500000, 0x0000000084600000|  0%| F|  |TAMS 0x0000000084500000, 0x0000000084500000| Untracked 
|  70|0x0000000084600000, 0x0000000084608c48, 0x0000000084700000|  3%| S|CS|TAMS 0x0000000084600000, 0x0000000084600000| Complete 
|  71|0x0000000084700000, 0x0000000084800000, 0x0000000084800000|100%| S|CS|TAMS 0x0000000084700000, 0x0000000084700000| Complete 
|  72|0x0000000084800000, 0x0000000084900000, 0x0000000084900000|100%| S|CS|TAMS 0x0000000084800000, 0x0000000084800000| Complete 
|  73|0x0000000084900000, 0x0000000084a00000, 0x0000000084a00000|100%| S|CS|TAMS 0x0000000084900000, 0x0000000084900000| Complete 
|  74|0x0000000084a00000, 0x0000000084a00000, 0x0000000084b00000|  0%| F|  |TAMS 0x0000000084a00000, 0x0000000084a00000| Untracked 
|  75|0x0000000084b00000, 0x0000000084b00000, 0x0000000084c00000|  0%| F|  |TAMS 0x0000000084b00000, 0x0000000084b00000| Untracked 
|  76|0x0000000084c00000, 0x0000000084c00000, 0x0000000084d00000|  0%| F|  |TAMS 0x0000000084c00000, 0x0000000084c00000| Untracked 
|  77|0x0000000084d00000, 0x0000000084d00000, 0x0000000084e00000|  0%| F|  |TAMS 0x0000000084d00000, 0x0000000084d00000| Untracked 
|  78|0x0000000084e00000, 0x0000000084e00000, 0x0000000084f00000|  0%| F|  |TAMS 0x0000000084e00000, 0x0000000084e00000| Untracked 
|  79|0x0000000084f00000, 0x0000000084f00000, 0x0000000085000000|  0%| F|  |TAMS 0x0000000084f00000, 0x0000000084f00000| Untracked 
|  80|0x0000000085000000, 0x0000000085000000, 0x0000000085100000|  0%| F|  |TAMS 0x0000000085000000, 0x0000000085000000| Untracked 
|  81|0x0000000085100000, 0x0000000085100000, 0x0000000085200000|  0%| F|  |TAMS 0x0000000085100000, 0x0000000085100000| Untracked 
|  82|0x0000000085200000, 0x0000000085200000, 0x0000000085300000|  0%| F|  |TAMS 0x0000000085200000, 0x0000000085200000| Untracked 
|  83|0x0000000085300000, 0x0000000085300000, 0x0000000085400000|  0%| F|  |TAMS 0x0000000085300000, 0x0000000085300000| Untracked 
|  84|0x0000000085400000, 0x0000000085400000, 0x0000000085500000|  0%| F|  |TAMS 0x0000000085400000, 0x0000000085400000| Untracked 
|  85|0x0000000085500000, 0x0000000085500000, 0x0000000085600000|  0%| F|  |TAMS 0x0000000085500000, 0x0000000085500000| Untracked 
|  86|0x0000000085600000, 0x0000000085600000, 0x0000000085700000|  0%| F|  |TAMS 0x0000000085600000, 0x0000000085600000| Untracked 
|  87|0x0000000085700000, 0x0000000085700000, 0x0000000085800000|  0%| F|  |TAMS 0x0000000085700000, 0x0000000085700000| Untracked 
|  88|0x0000000085800000, 0x0000000085800000, 0x0000000085900000|  0%| F|  |TAMS 0x0000000085800000, 0x0000000085800000| Untracked 
|  89|0x0000000085900000, 0x0000000085900000, 0x0000000085a00000|  0%| F|  |TAMS 0x0000000085900000, 0x0000000085900000| Untracked 
|  90|0x0000000085a00000, 0x0000000085a00000, 0x0000000085b00000|  0%| F|  |TAMS 0x0000000085a00000, 0x0000000085a00000| Untracked 
|  91|0x0000000085b00000, 0x0000000085b00000, 0x0000000085c00000|  0%| F|  |TAMS 0x0000000085b00000, 0x0000000085b00000| Untracked 
|  92|0x0000000085c00000, 0x0000000085c00000, 0x0000000085d00000|  0%| F|  |TAMS 0x0000000085c00000, 0x0000000085c00000| Untracked 
|  93|0x0000000085d00000, 0x0000000085d00000, 0x0000000085e00000|  0%| F|  |TAMS 0x0000000085d00000, 0x0000000085d00000| Untracked 
|  94|0x0000000085e00000, 0x0000000085e00000, 0x0000000085f00000|  0%| F|  |TAMS 0x0000000085e00000, 0x0000000085e00000| Untracked 
|  95|0x0000000085f00000, 0x0000000085f00000, 0x0000000086000000|  0%| F|  |TAMS 0x0000000085f00000, 0x0000000085f00000| Untracked 
|  96|0x0000000086000000, 0x0000000086000000, 0x0000000086100000|  0%| F|  |TAMS 0x0000000086000000, 0x0000000086000000| Untracked 
|  97|0x0000000086100000, 0x0000000086100000, 0x0000000086200000|  0%| F|  |TAMS 0x0000000086100000, 0x0000000086100000| Untracked 
|  98|0x0000000086200000, 0x0000000086200000, 0x0000000086300000|  0%| F|  |TAMS 0x0000000086200000, 0x0000000086200000| Untracked 
|  99|0x0000000086300000, 0x0000000086300000, 0x0000000086400000|  0%| F|  |TAMS 0x0000000086300000, 0x0000000086300000| Untracked 
| 100|0x0000000086400000, 0x0000000086400000, 0x0000000086500000|  0%| F|  |TAMS 0x0000000086400000, 0x0000000086400000| Untracked 
| 101|0x0000000086500000, 0x0000000086500000, 0x0000000086600000|  0%| F|  |TAMS 0x0000000086500000, 0x0000000086500000| Untracked 
| 102|0x0000000086600000, 0x0000000086600000, 0x0000000086700000|  0%| F|  |TAMS 0x0000000086600000, 0x0000000086600000| Untracked 
| 103|0x0000000086700000, 0x0000000086700000, 0x0000000086800000|  0%| F|  |TAMS 0x0000000086700000, 0x0000000086700000| Untracked 
| 104|0x0000000086800000, 0x0000000086800000, 0x0000000086900000|  0%| F|  |TAMS 0x0000000086800000, 0x0000000086800000| Untracked 
| 105|0x0000000086900000, 0x0000000086900000, 0x0000000086a00000|  0%| F|  |TAMS 0x0000000086900000, 0x0000000086900000| Untracked 
| 106|0x0000000086a00000, 0x0000000086a00000, 0x0000000086b00000|  0%| F|  |TAMS 0x0000000086a00000, 0x0000000086a00000| Untracked 
| 107|0x0000000086b00000, 0x0000000086b00000, 0x0000000086c00000|  0%| F|  |TAMS 0x0000000086b00000, 0x0000000086b00000| Untracked 
| 108|0x0000000086c00000, 0x0000000086c00000, 0x0000000086d00000|  0%| F|  |TAMS 0x0000000086c00000, 0x0000000086c00000| Untracked 
| 109|0x0000000086d00000, 0x0000000086d00000, 0x0000000086e00000|  0%| F|  |TAMS 0x0000000086d00000, 0x0000000086d00000| Untracked 
| 110|0x0000000086e00000, 0x0000000086e00000, 0x0000000086f00000|  0%| F|  |TAMS 0x0000000086e00000, 0x0000000086e00000| Untracked 
| 111|0x0000000086f00000, 0x0000000086f00000, 0x0000000087000000|  0%| F|  |TAMS 0x0000000086f00000, 0x0000000086f00000| Untracked 
| 112|0x0000000087000000, 0x0000000087000000, 0x0000000087100000|  0%| F|  |TAMS 0x0000000087000000, 0x0000000087000000| Untracked 
| 113|0x0000000087100000, 0x0000000087100000, 0x0000000087200000|  0%| F|  |TAMS 0x0000000087100000, 0x0000000087100000| Untracked 
| 114|0x0000000087200000, 0x0000000087200000, 0x0000000087300000|  0%| F|  |TAMS 0x0000000087200000, 0x0000000087200000| Untracked 
| 115|0x0000000087300000, 0x0000000087300000, 0x0000000087400000|  0%| F|  |TAMS 0x0000000087300000, 0x0000000087300000| Untracked 
| 116|0x0000000087400000, 0x0000000087400000, 0x0000000087500000|  0%| F|  |TAMS 0x0000000087400000, 0x0000000087400000| Untracked 
| 117|0x0000000087500000, 0x0000000087500000, 0x0000000087600000|  0%| F|  |TAMS 0x0000000087500000, 0x0000000087500000| Untracked 
| 118|0x0000000087600000, 0x0000000087600000, 0x0000000087700000|  0%| F|  |TAMS 0x0000000087600000, 0x0000000087600000| Untracked 
| 119|0x0000000087700000, 0x0000000087700000, 0x0000000087800000|  0%| F|  |TAMS 0x0000000087700000, 0x0000000087700000| Untracked 
| 120|0x0000000087800000, 0x0000000087800000, 0x0000000087900000|  0%| F|  |TAMS 0x0000000087800000, 0x0000000087800000| Untracked 
| 121|0x0000000087900000, 0x0000000087900000, 0x0000000087a00000|  0%| F|  |TAMS 0x0000000087900000, 0x0000000087900000| Untracked 
| 122|0x0000000087a00000, 0x0000000087a00000, 0x0000000087b00000|  0%| F|  |TAMS 0x0000000087a00000, 0x0000000087a00000| Untracked 
| 123|0x0000000087b00000, 0x0000000087b00000, 0x0000000087c00000|  0%| F|  |TAMS 0x0000000087b00000, 0x0000000087b00000| Untracked 
| 124|0x0000000087c00000, 0x0000000087c00000, 0x0000000087d00000|  0%| F|  |TAMS 0x0000000087c00000, 0x0000000087c00000| Untracked 
| 125|0x0000000087d00000, 0x0000000087d00000, 0x0000000087e00000|  0%| F|  |TAMS 0x0000000087d00000, 0x0000000087d00000| Untracked 

Card table byte_map: [0x000001dc28f40000,0x000001dc29340000] _byte_map_base: 0x000001dc28b40000

Marking Bits (Prev, Next): (CMBitMap*) 0x000001dc13e42a10, (CMBitMap*) 0x000001dc13e429d8
 Prev Bits: [0x000001dc2b740000, 0x000001dc2d740000)
 Next Bits: [0x000001dc29740000, 0x000001dc2b740000)

Polling page: 0x000001dc15690000

Metaspace:

Usage:
  Non-class:     22.47 MB capacity,    22.06 MB ( 98%) used,   369.54 KB (  2%) free+waste,    49.75 KB ( <1%) overhead. 
      Class:      3.51 MB capacity,     3.30 MB ( 94%) used,   188.57 KB (  5%) free+waste,    25.06 KB ( <1%) overhead. 
       Both:     25.98 MB capacity,    25.36 MB ( 98%) used,   558.11 KB (  2%) free+waste,    74.81 KB ( <1%) overhead. 

Virtual space:
  Non-class space:       24.00 MB reserved,      22.50 MB ( 94%) committed 
      Class space:        1.00 GB reserved,       3.63 MB ( <1%) committed 
             Both:        1.02 GB reserved,      26.13 MB (  2%) committed 

Chunk freelists:
   Non-Class:  35.00 KB
       Class:  0 bytes
        Both:  35.00 KB

MaxMetaspaceSize: 17179869184.00 GB
CompressedClassSpaceSize: 1.00 GB

CodeHeap 'non-profiled nmethods': size=120000Kb used=1087Kb max_used=1087Kb free=118912Kb
 bounds [0x000001dc20ba0000, 0x000001dc20e10000, 0x000001dc280d0000]
CodeHeap 'profiled nmethods': size=120000Kb used=4764Kb max_used=4764Kb free=115235Kb
 bounds [0x000001dc19670000, 0x000001dc19b20000, 0x000001dc20ba0000]
CodeHeap 'non-nmethods': size=5760Kb used=1159Kb max_used=1186Kb free=4600Kb
 bounds [0x000001dc190d0000, 0x000001dc19340000, 0x000001dc19670000]
 total_blobs=2765 nmethods=2264 adapters=412
 compilation: enabled
              stopped_count=0, restarted_count=0
 full_count=0

Compilation events (20 events):
Event: 2.531 Thread 0x000001dc30bd9000 2257       4       com.google.common.base.CharMatcher::indexIn (48 bytes)
Event: 2.531 Thread 0x000001dc30bda800 2256       3       java.util.Collections$UnmodifiableCollection::size (10 bytes)
Event: 2.531 Thread 0x000001dc30bda800 nmethod 2256 0x000001dc19b11310 code [0x000001dc19b114c0, 0x000001dc19b11688]
Event: 2.531 Thread 0x000001dc30bda800 2258       3       java.util.Collections$UnmodifiableList::get (11 bytes)
Event: 2.531 Thread 0x000001dc30bda800 nmethod 2258 0x000001dc19b11790 code [0x000001dc19b11940, 0x000001dc19b11b08]
Event: 2.531 Thread 0x000001dc30bda800 2260       3       org.gradle.api.internal.file.pattern.PatternMatcherFactory::compile (117 bytes)
Event: 2.532 Thread 0x000001dc30bda800 nmethod 2260 0x000001dc19b11c10 code [0x000001dc19b11ec0, 0x000001dc19b12b58]
Event: 2.532 Thread 0x000001dc30bda800 2259       1       org.gradle.api.internal.file.pattern.EndOfPathMatcher::getMaxSegments (2 bytes)
Event: 2.532 Thread 0x000001dc30bda800 nmethod 2259 0x000001dc20caec10 code [0x000001dc20caedc0, 0x000001dc20caee78]
Event: 2.534 Thread 0x000001dc30bd9000 nmethod 2257 0x000001dc20caef10 code [0x000001dc20caf0e0, 0x000001dc20caf378]
Event: 2.534 Thread 0x000001dc30bd9000 2261 %     4       java.util.Arrays::fill @ 5 (21 bytes)
Event: 2.538 Thread 0x000001dc30bd9000 nmethod 2261% 0x000001dc20caf610 code [0x000001dc20caf7a0, 0x000001dc20caf998]
Event: 2.541 Thread 0x000001dc30bda800 2262       3       java.lang.invoke.MemberName::hashCode (43 bytes)
Event: 2.541 Thread 0x000001dc30bda800 nmethod 2262 0x000001dc19b12f10 code [0x000001dc19b13180, 0x000001dc19b13e28]
Event: 2.541 Thread 0x000001dc30bda800 2263       3       java.lang.Byte::hashCode (8 bytes)
Event: 2.541 Thread 0x000001dc30bda800 nmethod 2263 0x000001dc19b14190 code [0x000001dc19b14340, 0x000001dc19b14498]
Event: 2.549 Thread 0x000001dc30bda800 2265   !   3       java.lang.invoke.MethodHandleNatives::linkMethodHandleConstant (50 bytes)
Event: 2.549 Thread 0x000001dc30bda800 nmethod 2265 0x000001dc19b14590 code [0x000001dc19b14760, 0x000001dc19b14948]
Event: 2.549 Thread 0x000001dc30bda800 2266       3       java.lang.invoke.MethodHandles$Lookup::linkMethodHandleConstant (220 bytes)
Event: 2.550 Thread 0x000001dc30bda800 nmethod 2266 0x000001dc19b14b10 code [0x000001dc19b14f00, 0x000001dc19b16a98]

GC Heap History (9 events):
Event: 0.554 GC heap before
{Heap before GC invocations=0 (full 0):
 garbage-first heap   total 129024K, used 29696K [0x0000000080000000, 0x0000000100000000)
  region size 1024K, 24 young (24576K), 0 survivors (0K)
 Metaspace       used 9855K, capacity 10050K, committed 10112K, reserved 1058816K
  class space    used 1028K, capacity 1102K, committed 1152K, reserved 1048576K
}
Event: 0.559 GC heap after
{Heap after GC invocations=1 (full 0):
 garbage-first heap   total 129024K, used 9047K [0x0000000080000000, 0x0000000100000000)
  region size 1024K, 3 young (3072K), 3 survivors (3072K)
 Metaspace       used 9855K, capacity 10050K, committed 10112K, reserved 1058816K
  class space    used 1028K, capacity 1102K, committed 1152K, reserved 1048576K
}
Event: 0.762 GC heap before
{Heap before GC invocations=1 (full 0):
 garbage-first heap   total 129024K, used 27479K [0x0000000080000000, 0x0000000100000000)
  region size 1024K, 21 young (21504K), 3 survivors (3072K)
 Metaspace       used 10788K, capacity 11005K, committed 11264K, reserved 1058816K
  class space    used 1130K, capacity 1207K, committed 1280K, reserved 1048576K
}
Event: 0.766 GC heap after
{Heap after GC invocations=2 (full 0):
 garbage-first heap   total 129024K, used 9551K [0x0000000080000000, 0x0000000100000000)
  region size 1024K, 1 young (1024K), 1 survivors (1024K)
 Metaspace       used 10788K, capacity 11005K, committed 11264K, reserved 1058816K
  class space    used 1130K, capacity 1207K, committed 1280K, reserved 1048576K
}
Event: 1.804 GC heap before
{Heap before GC invocations=2 (full 0):
 garbage-first heap   total 129024K, used 60751K [0x0000000080000000, 0x0000000100000000)
  region size 1024K, 51 young (52224K), 1 survivors (1024K)
 Metaspace       used 17535K, capacity 17959K, committed 18176K, reserved 1064960K
  class space    used 2044K, capacity 2198K, committed 2304K, reserved 1048576K
}
Event: 1.809 GC heap after
{Heap after GC invocations=3 (full 0):
 garbage-first heap   total 129024K, used 16115K [0x0000000080000000, 0x0000000100000000)
  region size 1024K, 7 young (7168K), 7 survivors (7168K)
 Metaspace       used 17535K, capacity 17959K, committed 18176K, reserved 1064960K
  class space    used 2044K, capacity 2198K, committed 2304K, reserved 1048576K
}
Event: 2.044 GC heap before
{Heap before GC invocations=3 (full 0):
 garbage-first heap   total 129024K, used 44787K [0x0000000080000000, 0x0000000100000000)
  region size 1024K, 36 young (36864K), 7 survivors (7168K)
 Metaspace       used 20634K, capacity 21080K, committed 21248K, reserved 1067008K
  class space    used 2528K, capacity 2706K, committed 2816K, reserved 1048576K
}
Event: 2.051 GC heap after
{Heap after GC invocations=4 (full 0):
 garbage-first heap   total 129024K, used 16869K [0x0000000080000000, 0x0000000100000000)
  region size 1024K, 2 young (2048K), 2 survivors (2048K)
 Metaspace       used 20634K, capacity 21080K, committed 21248K, reserved 1067008K
  class space    used 2528K, capacity 2706K, committed 2816K, reserved 1048576K
}
Event: 2.551 GC heap before
{Heap before GC invocations=5 (full 0):
 garbage-first heap   total 129024K, used 68069K [0x0000000080000000, 0x0000000100000000)
  region size 1024K, 52 young (53248K), 2 survivors (2048K)
 Metaspace       used 25967K, capacity 26600K, committed 26752K, reserved 1073152K
  class space    used 3381K, capacity 3595K, committed 3712K, reserved 1048576K
}

Deoptimization events (20 events):
Event: 2.301 Thread 0x000001dc3375e800 Uncommon trap: trap_request=0xffffffc6 fr.pc=0x000001dc20c69c54 relative=0x00000000000007b4
Event: 2.301 Thread 0x000001dc3375e800 Uncommon trap: reason=bimorphic_or_optimized_type_check action=maybe_recompile pc=0x000001dc20c69c54 method=java.util.HashMap.putVal(ILjava/lang/Object;Ljava/lang/Object;ZZ)Ljava/lang/Object; @ 203 c2
Event: 2.301 Thread 0x000001dc3375e800 DEOPT PACKING pc=0x000001dc20c69c54 sp=0x000000ccc0afbb80
Event: 2.301 Thread 0x000001dc3375e800 DEOPT UNPACKING pc=0x000001dc190f662f sp=0x000000ccc0afbaa8 mode 2
Event: 2.312 Thread 0x000001dc3375e800 Uncommon trap: trap_request=0xffffff4d fr.pc=0x000001dc20c04c78 relative=0x0000000000000238
Event: 2.312 Thread 0x000001dc3375e800 Uncommon trap: reason=unstable_if action=reinterpret pc=0x000001dc20c04c78 method=java.util.concurrent.ConcurrentHashMap.get(Ljava/lang/Object;)Ljava/lang/Object; @ 76 c2
Event: 2.312 Thread 0x000001dc3375e800 DEOPT PACKING pc=0x000001dc20c04c78 sp=0x000000ccc0af9900
Event: 2.312 Thread 0x000001dc3375e800 DEOPT UNPACKING pc=0x000001dc190f662f sp=0x000000ccc0af9868 mode 2
Event: 2.528 Thread 0x000001dc3375e800 Uncommon trap: trap_request=0xffffff7e fr.pc=0x000001dc20ca7f14 relative=0x0000000000000154
Event: 2.528 Thread 0x000001dc3375e800 Uncommon trap: reason=predicate action=maybe_recompile pc=0x000001dc20ca7f14 method=com.google.common.base.CharMatcher.indexIn(Ljava/lang/CharSequence;I)I @ 19 c2
Event: 2.528 Thread 0x000001dc3375e800 DEOPT PACKING pc=0x000001dc20ca7f14 sp=0x000000ccc0afb600
Event: 2.528 Thread 0x000001dc3375e800 DEOPT UNPACKING pc=0x000001dc190f662f sp=0x000000ccc0afb590 mode 2
Event: 2.550 Thread 0x000001dc3375e800 Uncommon trap: trap_request=0xffffffde fr.pc=0x000001dc20ca5a60 relative=0x0000000000000320
Event: 2.550 Thread 0x000001dc3375e800 Uncommon trap: reason=class_check action=maybe_recompile pc=0x000001dc20ca5a60 method=java.util.Collections$SetFromMap.remove(Ljava/lang/Object;)Z @ 5 c2
Event: 2.550 Thread 0x000001dc3375e800 DEOPT PACKING pc=0x000001dc20ca5a60 sp=0x000000ccc0afc6c0
Event: 2.550 Thread 0x000001dc3375e800 DEOPT UNPACKING pc=0x000001dc190f662f sp=0x000000ccc0afc6a8 mode 2
Event: 2.550 Thread 0x000001dc3375e800 Uncommon trap: trap_request=0xffffffde fr.pc=0x000001dc20ca5a60 relative=0x0000000000000320
Event: 2.550 Thread 0x000001dc3375e800 Uncommon trap: reason=class_check action=maybe_recompile pc=0x000001dc20ca5a60 method=java.util.Collections$SetFromMap.remove(Ljava/lang/Object;)Z @ 5 c2
Event: 2.550 Thread 0x000001dc3375e800 DEOPT PACKING pc=0x000001dc20ca5a60 sp=0x000000ccc0afc650
Event: 2.550 Thread 0x000001dc3375e800 DEOPT UNPACKING pc=0x000001dc190f662f sp=0x000000ccc0afc638 mode 2

Classes redefined (0 events):
No events

Internal exceptions (20 events):
Event: 1.798 Thread 0x000001dc3375e800 Exception <a 'java/lang/NoSuchMethodError'{0x0000000084b9cf98}: 'void java.lang.invoke.DelegatingMethodHandle$Holder.reinvoke_L(java.lang.Object, java.lang.Object, java.lang.Object, java.lang.Object)'> (0x0000000084b9cf98) thrown at [./src/hotspot/share/interpreter/linkResolver.cpp, line 773]
Event: 1.802 Thread 0x000001dc3375e800 Exception <a 'java/lang/NoSuchMethodError'{0x0000000084bcde00}: 'long java.lang.invoke.DirectMethodHandle$Holder.invokeInterface(java.lang.Object, java.lang.Object)'> (0x0000000084bcde00) thrown at [./src/hotspot/share/interpreter/linkResolver.cpp, line 773]
Event: 1.803 Thread 0x000001dc3375e800 Exception <a 'java/lang/NoSuchMethodError'{0x0000000084bf1380}: 'void java.lang.invoke.DelegatingMethodHandle$Holder.reinvoke_L(java.lang.Object, java.lang.Object, java.lang.Object, java.lang.Object, java.lang.Object, java.lang.Object, java.lang.Object)'> (0x0000000084bf1380) thrown at [./src/hotspot/share/interpreter/linkResolver.cpp, line 773]
Event: 2.003 Thread 0x000001dc3375e800 Exception <a 'java/lang/NoSuchMethodError'{0x000000008659b318}: 'void java.lang.invoke.DirectMethodHandle$Holder.invokeStaticInit(java.lang.Object)'> (0x000000008659b318) thrown at [./src/hotspot/share/interpreter/linkResolver.cpp, line 773]
Event: 2.029 Thread 0x000001dc3375e800 Exception <a 'java/lang/NoSuchMethodError'{0x00000000863c9580}: 'java.lang.Object java.lang.invoke.DirectMethodHandle$Holder.invokeStatic(java.lang.Object, java.lang.Object, java.lang.Object, int)'> (0x00000000863c9580) thrown at [./src/hotspot/share/interpreter/linkResolver.cpp, line 773]
Event: 2.030 Thread 0x000001dc3375e800 Exception <a 'java/lang/NoSuchMethodError'{0x00000000863cd9f0}: 'java.lang.Object java.lang.invoke.DirectMethodHandle$Holder.invokeSpecial(java.lang.Object, java.lang.Object, java.lang.Object, java.lang.Object, int)'> (0x00000000863cd9f0) thrown at [./src/hotspot/share/interpreter/linkResolver.cpp, line 773]
Event: 2.030 Thread 0x000001dc3375e800 Exception <a 'java/lang/NoSuchMethodError'{0x00000000863d1680}: 'java.lang.Object java.lang.invoke.Invokers$Holder.linkToTargetMethod(java.lang.Object, java.lang.Object, int, java.lang.Object)'> (0x00000000863d1680) thrown at [./src/hotspot/share/interpreter/linkResolver.cpp, line 773]
Event: 2.100 Thread 0x000001dc3375e800 Exception <a 'java/lang/NoSuchMethodError'{0x0000000087a427a0}: 'int java.lang.invoke.DirectMethodHandle$Holder.invokeSpecialIFC(java.lang.Object, java.lang.Object, java.lang.Object, java.lang.Object)'> (0x0000000087a427a0) thrown at [./src/hotspot/share/interpreter/linkResolver.cpp, line 773]
Event: 2.101 Thread 0x000001dc3375e800 Exception <a 'java/lang/NoSuchMethodError'{0x0000000087a50758}: 'java.lang.Object java.lang.invoke.DirectMethodHandle$Holder.invokeInterface(java.lang.Object, java.lang.Object, java.lang.Object)'> (0x0000000087a50758) thrown at [./src/hotspot/share/interpreter/linkResolver.cpp, line 773]
Event: 2.102 Thread 0x000001dc3375e800 Exception <a 'java/lang/IncompatibleClassChangeError'{0x0000000087a53c30}: Found class java.lang.Object, but interface was expected> (0x0000000087a53c30) thrown at [./src/hotspot/share/interpreter/linkResolver.cpp, line 839]
Event: 2.123 Thread 0x000001dc3375e800 Exception <a 'java/lang/NoSuchMethodError'{0x00000000878abd80}: 'void java.lang.invoke.DirectMethodHandle$Holder.invokeStatic(java.lang.Object, java.lang.Object, java.lang.Object, java.lang.Object, java.lang.Object)'> (0x00000000878abd80) thrown at [./src/hotspot/share/interpreter/linkResolver.cpp, line 773]
Event: 2.192 Thread 0x000001dc3375e800 Exception <a 'java/lang/NoSuchMethodError'{0x000000008718c4f8}: 'java.lang.Object java.lang.invoke.DirectMethodHandle$Holder.invokeSpecial(java.lang.Object, java.lang.Object, java.lang.Object, java.lang.Object, java.lang.Object, java.lang.Object, java.lang.Object, java.lang.Object, java.lang.Object)'> (0x000000008718c4f8) thrown at [./src/hotspot/share/interpreter/linkResolver.cpp, line 773]
Event: 2.257 Thread 0x000001dc3375e800 Exception <a 'java/lang/NoSuchMethodError'{0x000000008679cd70}: 'java.lang.Object java.lang.invoke.DirectMethodHandle$Holder.invokeVirtual(java.lang.Object, java.lang.Object, java.lang.Object, java.lang.Object)'> (0x000000008679cd70) thrown at [./src/hotspot/share/interpreter/linkResolver.cpp, line 773]
Event: 2.335 Thread 0x000001dc3375e800 Exception <a 'java/lang/NoSuchMethodError'{0x0000000085e43368}: 'void java.lang.invoke.DirectMethodHandle$Holder.invokeSpecial(java.lang.Object, java.lang.Object, java.lang.Object, java.lang.Object, java.lang.Object, java.lang.Object)'> (0x0000000085e43368) thrown at [./src/hotspot/share/interpreter/linkResolver.cpp, line 773]
Event: 2.344 Thread 0x000001dc3375e800 Exception <a 'java/lang/NoSuchMethodError'{0x0000000085eb23d0}: 'void java.lang.invoke.DirectMethodHandle$Holder.invokeSpecial(java.lang.Object, java.lang.Object, java.lang.Object, java.lang.Object, java.lang.Object, java.lang.Object, java.lang.Object)'> (0x0000000085eb23d0) thrown at [./src/hotspot/share/interpreter/linkResolver.cpp, line 773]
Event: 2.344 Thread 0x000001dc3375e800 Exception <a 'java/lang/NoSuchMethodError'{0x0000000085eba8c0}: 'java.lang.Object java.lang.invoke.Invokers$Holder.linkToTargetMethod(java.lang.Object, java.lang.Object, java.lang.Object, java.lang.Object, java.lang.Object, java.lang.Object)'> (0x0000000085eba8c0) thrown at [./src/hotspot/share/interpreter/linkResolver.cpp, line 773]
Event: 2.418 Thread 0x000001dc3375e800 Exception <a 'java/lang/NoSuchMethodError'{0x00000000855e9ab0}: 'int java.lang.invoke.DirectMethodHandle$Holder.invokeStaticInit(java.lang.Object, java.lang.Object, java.lang.Object)'> (0x00000000855e9ab0) thrown at [./src/hotspot/share/interpreter/linkResolver.cpp, line 773]
Event: 2.478 Thread 0x000001dc3375e800 Exception <a 'java/lang/NoSuchMethodError'{0x0000000084f1c3c8}: 'void java.lang.invoke.DirectMethodHandle$Holder.invokeStaticInit(java.lang.Object, java.lang.Object)'> (0x0000000084f1c3c8) thrown at [./src/hotspot/share/interpreter/linkResolver.cpp, line 773]
Event: 2.544 Thread 0x000001dc3375e800 Exception <a 'java/lang/NoSuchMethodError'{0x0000000084a56710}: 'void java.lang.invoke.DirectMethodHandle$Holder.invokeStatic(java.lang.Object, java.lang.Object, java.lang.Object, java.lang.Object)'> (0x0000000084a56710) thrown at [./src/hotspot/share/interpreter/linkResolver.cpp, line 773]
Event: 2.546 Thread 0x000001dc3375e800 Exception <a 'java/lang/NoSuchMethodError'{0x0000000084a6a1b0}: 'int java.lang.invoke.DirectMethodHandle$Holder.invokeInterface(java.lang.Object, java.lang.Object)'> (0x0000000084a6a1b0) thrown at [./src/hotspot/share/interpreter/linkResolver.cpp, line 773]

Events (20 events):
Event: 2.548 loading class java/util/stream/SortedOps$RefSortingSink done
Event: 2.548 loading class org/gradle/internal/watch/registry/impl/CheckIfNonEmptySnapshotVisitor
Event: 2.548 loading class org/gradle/internal/watch/registry/impl/CheckIfNonEmptySnapshotVisitor done
Event: 2.549 loading class org/gradle/internal/watch/registry/impl/WatchedHierarchies$FilterAlreadyCoveredSnapshotsVisitor
Event: 2.549 loading class org/gradle/internal/watch/registry/impl/WatchedHierarchies$FilterAlreadyCoveredSnapshotsVisitor done
Event: 2.549 loading class org/gradle/internal/watch/vfs/impl/WatchingVirtualFileSystem$1$1
Event: 2.549 loading class org/gradle/internal/watch/vfs/impl/WatchingVirtualFileSystem$1$1 done
Event: 2.549 loading class org/gradle/internal/watch/vfs/BuildStartedFileSystemWatchingBuildOperationType$Result
Event: 2.549 loading class org/gradle/internal/watch/vfs/BuildStartedFileSystemWatchingBuildOperationType$Result done
Event: 2.550 loading class org/gradle/internal/operations/OperationFinishEvent
Event: 2.550 loading class org/gradle/internal/operations/OperationFinishEvent done
Event: 2.550 loading class org/gradle/internal/operations/notify/BuildOperationNotificationBridge$Finished
Event: 2.550 loading class org/gradle/internal/operations/notify/BuildOperationNotificationBridge$Finished done
Event: 2.550 loading class org/gradle/api/internal/tasks/compile/CompileJavaBuildOperationType$Result
Event: 2.550 loading class org/gradle/api/internal/tasks/compile/CompileJavaBuildOperationType$Result done
Event: 2.551 loading class org/gradle/tooling/internal/provider/FileSystemWatchingBuildActionRunner$1
Event: 2.551 loading class org/gradle/tooling/internal/provider/FileSystemWatchingBuildActionRunner$1 done
Event: 2.551 loading class org/gradle/internal/watch/options/FileSystemWatchingSettingsFinalizedProgressDetails
Event: 2.551 loading class org/gradle/internal/watch/options/FileSystemWatchingSettingsFinalizedProgressDetails done
Event: 2.551 Executing VM operation: G1CollectForAllocation


Dynamic libraries:
0x00007ff705310000 - 0x00007ff70531a000 	C:\Program Files\Android\Android Studio\jre\bin\java.exe
0x00007ffb5a320000 - 0x00007ffb5a527000 	C:\Windows\SYSTEM32\ntdll.dll
0x00007ffb58b00000 - 0x00007ffb58bbd000 	C:\Windows\System32\KERNEL32.DLL
0x00007ffb579e0000 - 0x00007ffb57d54000 	C:\Windows\System32\KERNELBASE.dll
0x00007ffb58020000 - 0x00007ffb58131000 	C:\Windows\System32\ucrtbase.dll
0x00007ffb49f60000 - 0x00007ffb49f79000 	C:\Program Files\Android\Android Studio\jre\bin\jli.dll
0x00007ffb50520000 - 0x00007ffb50537000 	C:\Program Files\Android\Android Studio\jre\bin\VCRUNTIME140.dll
0x00007ffb59440000 - 0x00007ffb595ec000 	C:\Windows\System32\USER32.dll
0x00007ffb42430000 - 0x00007ffb426d5000 	C:\Windows\WinSxS\amd64_microsoft.windows.common-controls_6595b64144ccf1df_6.0.22000.120_none_9d947278b86cc467\COMCTL32.dll
0x00007ffb57e80000 - 0x00007ffb57ea6000 	C:\Windows\System32\win32u.dll
0x00007ffb597a0000 - 0x00007ffb59843000 	C:\Windows\System32\msvcrt.dll
0x00007ffb5a200000 - 0x00007ffb5a229000 	C:\Windows\System32\GDI32.dll
0x00007ffb57d60000 - 0x00007ffb57e72000 	C:\Windows\System32\gdi32full.dll
0x00007ffb57940000 - 0x00007ffb579dd000 	C:\Windows\System32\msvcp_win.dll
0x00007ffb5a230000 - 0x00007ffb5a261000 	C:\Windows\System32\IMM32.DLL
0x00007ffb47990000 - 0x00007ffb47a2d000 	C:\Program Files\Android\Android Studio\jre\bin\msvcp140.dll
0x00007ffaeb990000 - 0x00007ffaec465000 	C:\Program Files\Android\Android Studio\jre\bin\server\jvm.dll
0x00007ffb58cb0000 - 0x00007ffb58d5c000 	C:\Windows\System32\ADVAPI32.dll
0x00007ffb596e0000 - 0x00007ffb5977d000 	C:\Windows\System32\sechost.dll
0x00007ffb58220000 - 0x00007ffb58341000 	C:\Windows\System32\RPCRT4.dll
0x00007ffb59e60000 - 0x00007ffb59e68000 	C:\Windows\System32\PSAPI.DLL
0x00007ffb482c0000 - 0x00007ffb482c9000 	C:\Windows\SYSTEM32\WSOCK32.dll
0x00007ffb49c10000 - 0x00007ffb49c43000 	C:\Windows\SYSTEM32\WINMM.dll
0x00007ffb5a270000 - 0x00007ffb5a2df000 	C:\Windows\System32\WS2_32.dll
0x00007ffb505f0000 - 0x00007ffb505fa000 	C:\Windows\SYSTEM32\VERSION.dll
0x00007ffb56930000 - 0x00007ffb56948000 	C:\Windows\SYSTEM32\kernel.appcore.dll
0x00007ffb1b2e0000 - 0x00007ffb1b2f1000 	C:\Program Files\Android\Android Studio\jre\bin\verify.dll
0x00007ffb4d580000 - 0x00007ffb4d7a1000 	C:\Windows\SYSTEM32\DBGHELP.DLL
0x00007ffb4d540000 - 0x00007ffb4d571000 	C:\Windows\SYSTEM32\dbgcore.DLL
0x00007ffb578c0000 - 0x00007ffb57940000 	C:\Windows\System32\bcryptPrimitives.dll
0x00007ffb19820000 - 0x00007ffb19849000 	C:\Program Files\Android\Android Studio\jre\bin\java.dll
0x00007ffb45040000 - 0x00007ffb4504b000 	C:\Program Files\Android\Android Studio\jre\bin\jimage.dll
0x00007ffb18720000 - 0x00007ffb18738000 	C:\Program Files\Android\Android Studio\jre\bin\zip.dll
0x00007ffb58350000 - 0x00007ffb58af9000 	C:\Windows\System32\SHELL32.dll
0x00007ffb559b0000 - 0x00007ffb56212000 	C:\Windows\SYSTEM32\windows.storage.dll
0x00007ffb58d60000 - 0x00007ffb590d8000 	C:\Windows\System32\combase.dll
0x00007ffb55840000 - 0x00007ffb559a6000 	C:\Windows\SYSTEM32\wintypes.dll
0x00007ffb58bc0000 - 0x00007ffb58caa000 	C:\Windows\System32\SHCORE.dll
0x00007ffb59f00000 - 0x00007ffb59f5d000 	C:\Windows\System32\shlwapi.dll
0x00007ffb57730000 - 0x00007ffb57751000 	C:\Windows\SYSTEM32\profapi.dll
0x00007ffb165d0000 - 0x00007ffb165ea000 	C:\Program Files\Android\Android Studio\jre\bin\net.dll
0x00007ffb535b0000 - 0x00007ffb536bc000 	C:\Windows\SYSTEM32\WINHTTP.dll
0x00007ffb56d40000 - 0x00007ffb56da7000 	C:\Windows\system32\mswsock.dll
0x00007ffb10ae0000 - 0x00007ffb10af4000 	C:\Program Files\Android\Android Studio\jre\bin\nio.dll
0x00007ffb48870000 - 0x00007ffb48897000 	C:\Users\Marwa\.gradle\native\e1d6ef7f7dcc3fd88c89a11ec53ec762bb8ba0a96d01ffa2cd45eb1d1d8dd5c5\windows-amd64\native-platform.dll
0x00007ffb2fbf0000 - 0x00007ffb2fd34000 	C:\Users\Marwa\.gradle\native\5664cfc778a61ccfe75a443a1ab52a65af34e5dc3c78e0209fed803814484fcb\windows-amd64\native-platform-file-events.dll
0x00007ffb43a60000 - 0x00007ffb43a6a000 	C:\Program Files\Android\Android Studio\jre\bin\management.dll
0x00007ffb42420000 - 0x00007ffb4242d000 	C:\Program Files\Android\Android Studio\jre\bin\management_ext.dll
0x00007ffb56f90000 - 0x00007ffb56fa8000 	C:\Windows\SYSTEM32\CRYPTSP.dll
0x00007ffb56890000 - 0x00007ffb568c5000 	C:\Windows\system32\rsaenh.dll
0x00007ffb56e30000 - 0x00007ffb56e59000 	C:\Windows\SYSTEM32\USERENV.dll
0x00007ffb57100000 - 0x00007ffb57127000 	C:\Windows\SYSTEM32\bcrypt.dll
0x00007ffb56f80000 - 0x00007ffb56f8c000 	C:\Windows\SYSTEM32\CRYPTBASE.dll
0x00007ffb56470000 - 0x00007ffb5649d000 	C:\Windows\SYSTEM32\IPHLPAPI.DLL
0x00007ffb59790000 - 0x00007ffb59799000 	C:\Windows\System32\NSI.dll
0x00007ffb53450000 - 0x00007ffb53469000 	C:\Windows\SYSTEM32\dhcpcsvc6.DLL
0x00007ffb53bf0000 - 0x00007ffb53c0e000 	C:\Windows\SYSTEM32\dhcpcsvc.DLL
0x00007ffb564a0000 - 0x00007ffb56587000 	C:\Windows\SYSTEM32\DNSAPI.dll

dbghelp: loaded successfully - version: 4.0.5 - missing functions: none
symbol engine: initialized successfully - sym options: 0x614 - pdb path: .;C:\Program Files\Android\Android Studio\jre\bin;C:\Windows\SYSTEM32;C:\Windows\WinSxS\amd64_microsoft.windows.common-controls_6595b64144ccf1df_6.0.22000.120_none_9d947278b86cc467;C:\Program Files\Android\Android Studio\jre\bin\server;C:\Users\Marwa\.gradle\native\e1d6ef7f7dcc3fd88c89a11ec53ec762bb8ba0a96d01ffa2cd45eb1d1d8dd5c5\windows-amd64;C:\Users\Marwa\.gradle\native\5664cfc778a61ccfe75a443a1ab52a65af34e5dc3c78e0209fed803814484fcb\windows-amd64

VM Arguments:
jvm_args: --add-opens=java.base/java.util=ALL-UNNAMED --add-opens=java.base/java.lang=ALL-UNNAMED --add-opens=java.base/java.lang.invoke=ALL-UNNAMED --add-opens=java.base/java.util=ALL-UNNAMED --add-opens=java.prefs/java.util.prefs=ALL-UNNAMED --add-opens=java.prefs/java.util.prefs=ALL-UNNAMED --add-opens=java.base/java.nio.charset=ALL-UNNAMED --add-opens=java.base/java.net=ALL-UNNAMED --add-opens=java.base/java.util.concurrent.atomic=ALL-UNNAMED -Xmx2048m -Dfile.encoding=UTF-8 -Duser.country=US -Duser.language=en -Duser.variant 
java_command: org.gradle.launcher.daemon.bootstrap.GradleDaemon 7.2
java_class_path (initial): C:\Users\Marwa\.gradle\wrapper\dists\gradle-7.2-bin\2dnblmf4td7x66yl1d74lt32g\gradle-7.2\lib\gradle-launcher-7.2.jar
Launcher Type: SUN_STANDARD

[Global flags]
     intx CICompilerCount                          = 4                                         {product} {ergonomic}
     uint ConcGCThreads                            = 2                                         {product} {ergonomic}
     uint G1ConcRefinementThreads                  = 8                                         {product} {ergonomic}
   size_t G1HeapRegionSize                         = 1048576                                   {product} {ergonomic}
    uintx GCDrainStackTargetSize                   = 64                                        {product} {ergonomic}
   size_t InitialHeapSize                          = 132120576                                 {product} {ergonomic}
   size_t MarkStackSize                            = 4194304                                   {product} {ergonomic}
   size_t MaxHeapSize                              = 2147483648                                {product} {command line}
   size_t MaxNewSize                               = 1287651328                                {product} {ergonomic}
   size_t MinHeapDeltaBytes                        = 1048576                                   {product} {ergonomic}
    uintx NonNMethodCodeHeapSize                   = 5836300                                {pd product} {ergonomic}
    uintx NonProfiledCodeHeapSize                  = 122910970                              {pd product} {ergonomic}
    uintx ProfiledCodeHeapSize                     = 122910970                              {pd product} {ergonomic}
    uintx ReservedCodeCacheSize                    = 251658240                              {pd product} {ergonomic}
     bool SegmentedCodeCache                       = true                                      {product} {ergonomic}
     bool UseCompressedClassPointers               = true                                 {lp64_product} {ergonomic}
     bool UseCompressedOops                        = true                                 {lp64_product} {ergonomic}
     bool UseG1GC                                  = true                                      {product} {ergonomic}
     bool UseLargePagesIndividualAllocation        = false                                  {pd product} {ergonomic}

Logging:
Log output configuration:
 #0: stdout all=warning uptime,level,tags
 #1: stderr all=off uptime,level,tags

Environment Variables:
PATH=C:\oraclexe\app\oracle\product\10.2.0\server\bin;C:\Program Files (x86)\NVIDIA Corporation\PhysX\Common;C:\Python310\Scripts\;C:\Python310\;C:\Program Files\Common Files\Oracle\Java\javapath;C:\Windows\system32;C:\Windows;C:\Windows\System32\Wbem;C:\Windows\System32\WindowsPowerShell\v1.0\;C:\Windows\System32\OpenSSH\;C:\Users\Marwa\AppData\Roaming\nvm;C:\Program Files\nodejs;C:\Program Files\Git\cmd;C:\Program Files\Java\jdk-16.0.2\bin;C:\msys64\mingw64\bin;C:\xampp\php;C:\ProgramData\ComposerSetup\bin;C:\Users\Marwa\AppData\Local\Microsoft\WindowsApps;C:\Users\Marwa\AppData\Roaming\npm;C:\Users\Marwa\AppData\Local\Programs\Microsoft VS Code\bin;C:\Users\Marwa\AppData\Roaming\nvm;C:\Program Files\nodejs;C:\MinGW\bin;C:\Users\Marwa\AppData\Roaming\Composer\vendor\bin
USERNAME=Marwa
OS=Windows_NT
PROCESSOR_IDENTIFIER=Intel64 Family 6 Model 165 Stepping 2, GenuineIntel



---------------  S Y S T E M  ---------------

OS: Windows 10 , 64 bit Build 22000 (10.0.22000.120)
OS uptime: 5 days 1:02 hours

CPU:total 8 (initial active 8) (4 cores per cpu, 2 threads per core) family 6 model 165 stepping 2 microcode 0xe0, cmov, cx8, fxsr, mmx, sse, sse2, sse3, ssse3, sse4.1, sse4.2, popcnt, avx, avx2, aes, clmul, erms, 3dnowpref, lzcnt, ht, tsc, tscinvbit, bmi1, bmi2, adx, fma

Memory: 4k page, system-wide physical 8010M (459M free)
TotalPageFile size 10058M (AvailPageFile size 18M)
current process WorkingSet (physical memory assigned to process): 191M, peak: 194M
current process commit charge ("private bytes"): 280M, peak: 309M

vm_info: OpenJDK 64-Bit Server VM (11.0.11+9-b60-7590822) for windows-amd64 JRE (11.0.11+9-b60-7590822), built on Jul 29 2021 21:43:44 by "builder" with MS VC++ 14.0 (VS2015)

END.
