#
# A fatal error has been detected by the Java Runtime Environment:
#
#  EXCEPTION_STACK_OVERFLOW (0xc00000fd) at pc=0x000002a15b70e0c3, pid=13964, tid=5020
#
# JRE version: OpenJDK Runtime Environment (11.0.11+9) (build 11.0.11+9-b60-7590822)
# Java VM: OpenJDK 64-Bit Server VM (11.0.11+9-b60-7590822, mixed mode, tiered, compressed oops, g1 gc, windows-amd64)
# Problematic frame:
# j  com.google.common.cache.CacheLoader.<init>()V+0
#
# No core dump will be written. Minidumps are not enabled by default on client versions of Windows
#
# If you would like to submit a bug report, please visit:
#   https://bugreport.java.com/bugreport/crash.jsp
#

---------------  S U M M A R Y ------------

Command Line: --add-opens=java.base/java.util=ALL-UNNAMED --add-opens=java.base/java.lang=ALL-UNNAMED --add-opens=java.base/java.lang.invoke=ALL-UNNAMED --add-opens=java.base/java.util=ALL-UNNAMED --add-opens=java.prefs/java.util.prefs=ALL-UNNAMED --add-opens=java.prefs/java.util.prefs=ALL-UNNAMED --add-opens=java.base/java.nio.charset=ALL-UNNAMED --add-opens=java.base/java.net=ALL-UNNAMED --add-opens=java.base/java.util.concurrent.atomic=ALL-UNNAMED -Xmx2048m -Dfile.encoding=UTF-8 -Duser.country=US -Duser.language=en -Duser.variant org.gradle.launcher.daemon.bootstrap.GradleDaemon 7.2

Host: Intel(R) Core(TM) i5-10300H CPU @ 2.50GHz, 8 cores, 7G,  Windows 10 , 64 bit Build 22000 (10.0.22000.120)
Time: Tue Dec  6 22:47:45 2022 W. Central Africa Standard Time elapsed time: 5.098326 seconds (0d 0h 0m 5s)

---------------  T H R E A D  ---------------

Current thread (0x000002a17a03a000):  JavaThread "Unconstrained build operations Thread 28" [_thread_in_Java, id=5020, stack(0x000000eafd400000,0x000000eafd500000)]

Stack: [0x000000eafd400000,0x000000eafd500000],  sp=0x000000eafd4fefa8,  free space=1019k
Native frames: (J=compiled Java code, j=interpreted, Vv=VM code, C=native code)
C  0x000002a15b70e0c3


siginfo: EXCEPTION_STACK_OVERFLOW (0xc00000fd), ExceptionInformation=0x0000000000000001 0x000000eafd4f7fa8 


Register to memory mapping:

RIP=0x000002a15b70e0c3 is at code_begin+643 in an Interpreter codelet
method entry point (kind = zerolocals)  [0x000002a15b70de40, 0x000002a15b70e340]  1280 bytes
RAX=0x000002a1772b7bc8 is pointing into metadata
RBX={method} {0x000002a177090048} '<init>' '()V' in 'com/google/common/cache/CacheLoader'
RCX=0x00000000000000a0 is an unknown value
RDX=0x000002a1772b79d8 is pointing into metadata
RSP=0x000000eafd4fefa8 is pointing into the stack for thread: 0x000002a17a03a000
RBP=0x000000eafd4feff0 is pointing into the stack for thread: 0x000002a17a03a000
RSI=0x0 is NULL
RDI=0x000000000000000b is an unknown value
R8 =0x0 is NULL
R9 =0x000000000000000b is an unknown value
R10=0x00007ffaec3aa200 jvm.dll
R11=0x000002a16330b820 is at entry_point+0 in (nmethod*)0x000002a16330b690
R12=0x0 is NULL
R13=0x000002a17708ffe0 is pointing into metadata
R14=0x000000eafd4ff000 is pointing into the stack for thread: 0x000002a17a03a000
R15=0x000002a17a03a000 is a thread


Registers:
RAX=0x000002a1772b7bc8, RBX=0x000002a177090040, RCX=0x00000000000000a0, RDX=0x000002a1772b79d8
RSP=0x000000eafd4fefa8, RBP=0x000000eafd4feff0, RSI=0x0000000000000000, RDI=0x000000000000000b
R8 =0x0000000000000000, R9 =0x000000000000000b, R10=0x00007ffaec3aa200, R11=0x000002a16330b820
R12=0x0000000000000000, R13=0x000002a17708ffe0, R14=0x000000eafd4ff000, R15=0x000002a17a03a000
RIP=0x000002a15b70e0c3, EFLAGS=0x0000000000010206

Top of Stack: (sp=0x000000eafd4fefa8)
0x000000eafd4fefa8:   000000eafd4fefa8 000002a17708ffe0
0x000000eafd4fefb8:   000000eafd4ff000 000002a1772b79d8
0x000000eafd4fefc8:   0000000000000000 0000000081abd518
0x000000eafd4fefd8:   000002a177090040 0000000000000000
0x000000eafd4fefe8:   000000eafd4ff000 000000eafd4ff050
0x000000eafd4feff8:   000002a15b70a0c3 00000000863fe5d0
0x000000eafd4ff008:   000000eafd4ff008 000002a17709083e
0x000000eafd4ff018:   000000eafd4ff070 000002a1772b7af8
0x000000eafd4ff028:   0000000000000000 0000000081abd4a8
0x000000eafd4ff038:   000002a177090868 000000eafd4ff000
0x000000eafd4ff048:   000000eafd4ff060 000000eafd4ff0d8
0x000000eafd4ff058:   000002a15b70a0c3 00000000863fe5b8
0x000000eafd4ff068:   000000008191ee30 00000000863fe5d0
0x000000eafd4ff078:   00000000863fe5d0 00000000863fe568
0x000000eafd4ff088:   000000008191ee40 000000eafd4ff090
0x000000eafd4ff098:   000002a17708f0e8 000000eafd4ff0f8 

Instructions: (pc=0x000002a15b70e0c3)
0x000002a15b70dfc3:   e8 05 00 00 00 e9 ad 00 00 00 48 8b d3 48 8d 44
0x000002a15b70dfd3:   24 08 4c 89 6d c0 49 8b cf c5 f8 77 49 89 af 38
0x000002a15b70dfe3:   03 00 00 49 89 87 28 03 00 00 48 83 ec 20 f7 c4
0x000002a15b70dff3:   0f 00 00 00 0f 84 1a 00 00 00 48 83 ec 08 49 ba
0x000002a15b70e003:   20 c8 cf eb fa 7f 00 00 41 ff d2 48 83 c4 08 e9
0x000002a15b70e013:   0d 00 00 00 49 ba 20 c8 cf eb fa 7f 00 00 41 ff
0x000002a15b70e023:   d2 48 83 c4 20 49 ba 00 00 00 00 00 00 00 00 4d
0x000002a15b70e033:   89 97 28 03 00 00 49 ba 00 00 00 00 00 00 00 00
0x000002a15b70e043:   4d 89 97 38 03 00 00 49 ba 00 00 00 00 00 00 00
0x000002a15b70e053:   00 4d 89 97 30 03 00 00 c5 f8 77 49 81 7f 08 00
0x000002a15b70e063:   00 00 00 0f 84 05 00 00 00 e9 8f 2c ff ff 4c 8b
0x000002a15b70e073:   6d c0 4c 8b 75 c8 c3 48 8b 43 18 48 85 c0 0f 84
0x000002a15b70e083:   12 00 00 00 8b 48 18 83 c1 08 89 48 18 23 48 30
0x000002a15b70e093:   0f 84 c7 01 00 00 89 84 24 00 f0 ff ff 89 84 24
0x000002a15b70e0a3:   00 e0 ff ff 89 84 24 00 d0 ff ff 89 84 24 00 c0
0x000002a15b70e0b3:   ff ff 89 84 24 00 b0 ff ff 89 84 24 00 a0 ff ff
0x000002a15b70e0c3:   89 84 24 00 90 ff ff 41 c6 87 e5 03 00 00 00 49
0x000002a15b70e0d3:   ba 1a c7 38 ec fa 7f 00 00 41 80 3a 00 0f 84 42
0x000002a15b70e0e3:   00 00 00 48 8b 55 e8 49 8b cf 48 83 ec 20 f7 c4
0x000002a15b70e0f3:   0f 00 00 00 0f 84 1a 00 00 00 48 83 ec 08 49 ba
0x000002a15b70e103:   50 c4 fe eb fa 7f 00 00 41 ff d2 48 83 c4 08 e9
0x000002a15b70e113:   0d 00 00 00 49 ba 50 c4 fe eb fa 7f 00 00 41 ff
0x000002a15b70e123:   d2 48 83 c4 20 41 0f b6 5d 00 49 ba f0 ea 3a ec
0x000002a15b70e133:   fa 7f 00 00 41 ff 24 da e8 05 00 00 00 e9 aa 00
0x000002a15b70e143:   00 00 48 8d 44 24 08 4c 89 6d c0 49 8b cf c5 f8
0x000002a15b70e153:   77 49 89 af 38 03 00 00 49 89 87 28 03 00 00 48
0x000002a15b70e163:   83 ec 20 f7 c4 0f 00 00 00 0f 84 1a 00 00 00 48
0x000002a15b70e173:   83 ec 08 49 ba 40 f4 cf eb fa 7f 00 00 41 ff d2
0x000002a15b70e183:   48 83 c4 08 e9 0d 00 00 00 49 ba 40 f4 cf eb fa
0x000002a15b70e193:   7f 00 00 41 ff d2 48 83 c4 20 49 ba 00 00 00 00
0x000002a15b70e1a3:   00 00 00 00 4d 89 97 28 03 00 00 49 ba 00 00 00
0x000002a15b70e1b3:   00 00 00 00 00 4d 89 97 38 03 00 00 49 ba 00 00 


Stack slot to memory mapping:
stack at sp + 0 slots: 0x000000eafd4fefa8 is pointing into the stack for thread: 0x000002a17a03a000
stack at sp + 1 slots: 0x000002a17708ffe0 is pointing into metadata
stack at sp + 2 slots: 0x000000eafd4ff000 is pointing into the stack for thread: 0x000002a17a03a000
stack at sp + 3 slots: 0x000002a1772b79d8 is pointing into metadata
stack at sp + 4 slots: 0x0 is NULL
stack at sp + 5 slots: 0x0000000081abd518 is an oop: java.lang.Class 
{0x0000000081abd518} - klass: 'java/lang/Class'
stack at sp + 6 slots: {method} {0x000002a177090048} '<init>' '()V' in 'com/google/common/cache/CacheLoader'
stack at sp + 7 slots: 0x0 is NULL

method entry point (kind = zerolocals)  [0x000002a15b70de40, 0x000002a15b70e340]  1280 bytes

---------------  P R O C E S S  ---------------

Threads class SMR info:
_java_thread_list=0x000002a175c3d8e0, length=70, elements={
0x000002a157bff800, 0x000002a1720a5000, 0x000002a1720af800, 0x000002a172a44800,
0x000002a172a46000, 0x000002a172a47000, 0x000002a172a48000, 0x000002a172a49000,
0x000002a1720c3800, 0x000002a172ba0800, 0x000002a173ce8800, 0x000002a1739df800,
0x000002a172e9f000, 0x000002a174f0c800, 0x000002a172dfe800, 0x000002a17525d000,
0x000002a175401800, 0x000002a17532f000, 0x000002a17489c000, 0x000002a173e7c800,
0x000002a174a9a000, 0x000002a174a96800, 0x000002a174a97800, 0x000002a174a9b000,
0x000002a174a98800, 0x000002a174a99000, 0x000002a174a95000, 0x000002a174a96000,
0x000002a174a9b800, 0x000002a176ab7800, 0x000002a176ab3800, 0x000002a176ab2800,
0x000002a176ab2000, 0x000002a176ab8800, 0x000002a176ab4800, 0x000002a176ab6000,
0x000002a176ab5000, 0x000002a176ab7000, 0x000002a17644d800, 0x000002a17644c000,
0x000002a176449800, 0x000002a176450000, 0x000002a17644f800, 0x000002a17644d000,
0x000002a17644a800, 0x000002a176456800, 0x000002a176451000, 0x000002a176453800,
0x000002a176455000, 0x000002a176452800, 0x000002a176454800, 0x000002a176457800,
0x000002a176452000, 0x000002a176456000, 0x000002a17a033000, 0x000002a17a032000,
0x000002a17a033800, 0x000002a17a030800, 0x000002a17a031000, 0x000002a17a02e000,
0x000002a17a034800, 0x000002a17a02f000, 0x000002a17a035800, 0x000002a17a02f800,
0x000002a17a038800, 0x000002a17a037800, 0x000002a17a03c000, 0x000002a17a039800,
0x000002a17a036000, 0x000002a17a03a000
}

Java Threads: ( => current thread )
  0x000002a157bff800 JavaThread "main" [_thread_blocked, id=14304, stack(0x000000eaf8000000,0x000000eaf8100000)]
  0x000002a1720a5000 JavaThread "Reference Handler" daemon [_thread_blocked, id=12376, stack(0x000000eaf8700000,0x000000eaf8800000)]
  0x000002a1720af800 JavaThread "Finalizer" daemon [_thread_blocked, id=13956, stack(0x000000eaf8800000,0x000000eaf8900000)]
  0x000002a172a44800 JavaThread "Signal Dispatcher" daemon [_thread_blocked, id=8084, stack(0x000000eaf8900000,0x000000eaf8a00000)]
  0x000002a172a46000 JavaThread "Attach Listener" daemon [_thread_blocked, id=6280, stack(0x000000eaf8a00000,0x000000eaf8b00000)]
  0x000002a172a47000 JavaThread "Service Thread" daemon [_thread_blocked, id=12920, stack(0x000000eaf8b00000,0x000000eaf8c00000)]
  0x000002a172a48000 JavaThread "C2 CompilerThread0" daemon [_thread_in_native, id=15556, stack(0x000000eaf8c00000,0x000000eaf8d00000)]
  0x000002a172a49000 JavaThread "C1 CompilerThread0" daemon [_thread_blocked, id=12116, stack(0x000000eaf8d00000,0x000000eaf8e00000)]
  0x000002a1720c3800 JavaThread "Sweeper thread" daemon [_thread_blocked, id=14064, stack(0x000000eaf8e00000,0x000000eaf8f00000)]
  0x000002a172ba0800 JavaThread "Common-Cleaner" daemon [_thread_blocked, id=644, stack(0x000000eaf8f00000,0x000000eaf9000000)]
  0x000002a173ce8800 JavaThread "Daemon health stats" [_thread_blocked, id=14156, stack(0x000000eaf9500000,0x000000eaf9600000)]
  0x000002a1739df800 JavaThread "Incoming local TCP Connector on port 60732" [_thread_in_native, id=7620, stack(0x000000eaf9100000,0x000000eaf9200000)]
  0x000002a172e9f000 JavaThread "Daemon periodic checks" [_thread_blocked, id=296, stack(0x000000eaf9200000,0x000000eaf9300000)]
  0x000002a174f0c800 JavaThread "Daemon" [_thread_blocked, id=14400, stack(0x000000eaf9600000,0x000000eaf9700000)]
  0x000002a172dfe800 JavaThread "Handler for socket connection from /127.0.0.1:60732 to /127.0.0.1:60733" [_thread_in_native, id=1228, stack(0x000000eaf9700000,0x000000eaf9800000)]
  0x000002a17525d000 JavaThread "Cancel handler" [_thread_blocked, id=12124, stack(0x000000eaf9800000,0x000000eaf9900000)]
  0x000002a175401800 JavaThread "Daemon worker" [_thread_in_vm, id=9512, stack(0x000000eaf9900000,0x000000eaf9a00000)]
  0x000002a17532f000 JavaThread "C2 CompilerThread1" daemon [_thread_in_native, id=16480, stack(0x000000eaf9a00000,0x000000eaf9b00000)]
  0x000002a17489c000 JavaThread "Asynchronous log dispatcher for DefaultDaemonConnection: socket connection from /127.0.0.1:60732 to /127.0.0.1:60733" [_thread_blocked, id=12356, stack(0x000000eaf9b00000,0x000000eaf9c00000)]
  0x000002a173e7c800 JavaThread "Stdin handler" [_thread_blocked, id=14084, stack(0x000000eaf9c00000,0x000000eaf9d00000)]
  0x000002a174a9a000 JavaThread "Daemon client event forwarder" [_thread_blocked, id=14468, stack(0x000000eaf9d00000,0x000000eaf9e00000)]
  0x000002a174a96800 JavaThread "Cache worker for journal cache (C:\Users\Marwa\.gradle\caches\journal-1)" [_thread_in_vm, id=15068, stack(0x000000eafa300000,0x000000eafa400000)]
  0x000002a174a97800 JavaThread "File lock request listener" [_thread_in_native, id=17164, stack(0x000000eafa400000,0x000000eafa500000)]
  0x000002a174a9b000 JavaThread "Cache worker for file hash cache (C:\Users\Marwa\.gradle\caches\7.2\fileHashes)" [_thread_blocked, id=9256, stack(0x000000eafa600000,0x000000eafa700000)]
  0x000002a174a98800 JavaThread "Cache worker for file hash cache (C:\Users\Marwa\OneDrive\Bureau\tuto\dev_mobile\Gestion_Poubelle_Intelligente\.gradle\7.2\fileHashes)" [_thread_blocked, id=14460, stack(0x000000eafa700000,0x000000eafa800000)]
  0x000002a174a99000 JavaThread "File watcher server" daemon [_thread_in_native, id=10736, stack(0x000000eafa800000,0x000000eafa900000)]
  0x000002a174a95000 JavaThread "File watcher consumer" daemon [_thread_blocked, id=3692, stack(0x000000eafa900000,0x000000eafaa00000)]
  0x000002a174a96000 JavaThread "jar transforms" [_thread_blocked, id=14236, stack(0x000000eafaa00000,0x000000eafab00000)]
  0x000002a174a9b800 JavaThread "jar transforms Thread 2" [_thread_blocked, id=5160, stack(0x000000eafab00000,0x000000eafac00000)]
  0x000002a176ab7800 JavaThread "jar transforms Thread 3" [_thread_blocked, id=12932, stack(0x000000eafac00000,0x000000eafad00000)]
  0x000002a176ab3800 JavaThread "jar transforms Thread 4" [_thread_blocked, id=7404, stack(0x000000eafad00000,0x000000eafae00000)]
  0x000002a176ab2800 JavaThread "jar transforms Thread 5" [_thread_blocked, id=14028, stack(0x000000eafae00000,0x000000eafaf00000)]
  0x000002a176ab2000 JavaThread "jar transforms Thread 6" [_thread_blocked, id=6344, stack(0x000000eafaf00000,0x000000eafb000000)]
  0x000002a176ab8800 JavaThread "jar transforms Thread 7" [_thread_blocked, id=11332, stack(0x000000eafb000000,0x000000eafb100000)]
  0x000002a176ab4800 JavaThread "jar transforms Thread 8" [_thread_blocked, id=16864, stack(0x000000eafb100000,0x000000eafb200000)]
  0x000002a176ab6000 JavaThread "Cache worker for checksums cache (C:\Users\Marwa\OneDrive\Bureau\tuto\dev_mobile\Gestion_Poubelle_Intelligente\.gradle\checksums)" [_thread_blocked, id=16836, stack(0x000000eafb200000,0x000000eafb300000)]
  0x000002a176ab5000 JavaThread "Cache worker for cache directory md-supplier (C:\Users\Marwa\.gradle\caches\7.2\md-supplier)" [_thread_blocked, id=13412, stack(0x000000eafb300000,0x000000eafb400000)]
  0x000002a176ab7000 JavaThread "Cache worker for cache directory md-rule (C:\Users\Marwa\.gradle\caches\7.2\md-rule)" [_thread_blocked, id=6168, stack(0x000000eafb400000,0x000000eafb500000)]
  0x000002a17644d800 JavaThread "Cache worker for execution history cache (C:\Users\Marwa\.gradle\caches\7.2\executionHistory)" [_thread_blocked, id=1404, stack(0x000000eafb500000,0x000000eafb600000)]
  0x000002a17644c000 JavaThread "Cache worker for file content cache (C:\Users\Marwa\.gradle\caches\7.2\fileContent)" [_thread_blocked, id=16888, stack(0x000000eafb600000,0x000000eafb700000)]
  0x000002a176449800 JavaThread "Cache worker for dependencies-accessors (C:\Users\Marwa\OneDrive\Bureau\tuto\dev_mobile\Gestion_Poubelle_Intelligente\.gradle\7.2\dependencies-accessors)" [_thread_blocked, id=13568, stack(0x000000eafb700000,0x000000eafb800000)]
  0x000002a176450000 JavaThread "Cache worker for Build Output Cleanup Cache (C:\Users\Marwa\OneDrive\Bureau\tuto\dev_mobile\Gestion_Poubelle_Intelligente\.gradle\buildOutputCleanup)" [_thread_blocked, id=1520, stack(0x000000eafb800000,0x000000eafb900000)]
  0x000002a17644f800 JavaThread "Unconstrained build operations" [_thread_blocked, id=7484, stack(0x000000eafb900000,0x000000eafba00000)]
  0x000002a17644d000 JavaThread "Unconstrained build operations Thread 2" [_thread_blocked, id=16080, stack(0x000000eafba00000,0x000000eafbb00000)]
  0x000002a17644a800 JavaThread "Unconstrained build operations Thread 3" [_thread_blocked, id=15244, stack(0x000000eafbb00000,0x000000eafbc00000)]
  0x000002a176456800 JavaThread "Unconstrained build operations Thread 4" [_thread_blocked, id=16124, stack(0x000000eafbc00000,0x000000eafbd00000)]
  0x000002a176451000 JavaThread "Unconstrained build operations Thread 5" [_thread_blocked, id=1356, stack(0x000000eafbd00000,0x000000eafbe00000)]
  0x000002a176453800 JavaThread "Unconstrained build operations Thread 6" [_thread_in_vm, id=2952, stack(0x000000eafbe00000,0x000000eafbf00000)]
  0x000002a176455000 JavaThread "Unconstrained build operations Thread 7" [_thread_blocked, id=1684, stack(0x000000eafbf00000,0x000000eafc000000)]
  0x000002a176452800 JavaThread "Unconstrained build operations Thread 8" [_thread_blocked, id=11624, stack(0x000000eafc000000,0x000000eafc100000)]
  0x000002a176454800 JavaThread "Unconstrained build operations Thread 9" [_thread_blocked, id=13124, stack(0x000000eafc100000,0x000000eafc200000)]
  0x000002a176457800 JavaThread "Unconstrained build operations Thread 10" [_thread_blocked, id=14264, stack(0x000000eafc200000,0x000000eafc300000)]
  0x000002a176452000 JavaThread "Unconstrained build operations Thread 11" [_thread_blocked, id=10528, stack(0x000000eafc300000,0x000000eafc400000)]
  0x000002a176456000 JavaThread "Unconstrained build operations Thread 12" [_thread_blocked, id=14740, stack(0x000000eafc400000,0x000000eafc500000)]
  0x000002a17a033000 JavaThread "Unconstrained build operations Thread 13" [_thread_blocked, id=800, stack(0x000000eafc500000,0x000000eafc600000)]
  0x000002a17a032000 JavaThread "Unconstrained build operations Thread 14" [_thread_blocked, id=17148, stack(0x000000eafc600000,0x000000eafc700000)]
  0x000002a17a033800 JavaThread "Unconstrained build operations Thread 15" [_thread_blocked, id=15356, stack(0x000000eafc700000,0x000000eafc800000)]
  0x000002a17a030800 JavaThread "Unconstrained build operations Thread 16" [_thread_blocked, id=5808, stack(0x000000eafc800000,0x000000eafc900000)]
  0x000002a17a031000 JavaThread "Unconstrained build operations Thread 17" [_thread_blocked, id=15692, stack(0x000000eafc900000,0x000000eafca00000)]
  0x000002a17a02e000 JavaThread "Unconstrained build operations Thread 18" [_thread_blocked, id=4408, stack(0x000000eafca00000,0x000000eafcb00000)]
  0x000002a17a034800 JavaThread "Unconstrained build operations Thread 19" [_thread_blocked, id=16972, stack(0x000000eafcb00000,0x000000eafcc00000)]
  0x000002a17a02f000 JavaThread "Unconstrained build operations Thread 20" [_thread_blocked, id=1484, stack(0x000000eafcc00000,0x000000eafcd00000)]
  0x000002a17a035800 JavaThread "Unconstrained build operations Thread 21" [_thread_blocked, id=14272, stack(0x000000eafcd00000,0x000000eafce00000)]
  0x000002a17a02f800 JavaThread "Unconstrained build operations Thread 22" [_thread_blocked, id=2724, stack(0x000000eafce00000,0x000000eafcf00000)]
  0x000002a17a038800 JavaThread "Unconstrained build operations Thread 23" [_thread_blocked, id=11688, stack(0x000000eafcf00000,0x000000eafd000000)]
  0x000002a17a037800 JavaThread "Unconstrained build operations Thread 24" [_thread_blocked, id=1132, stack(0x000000eafd000000,0x000000eafd100000)]
  0x000002a17a03c000 JavaThread "Unconstrained build operations Thread 25" [_thread_blocked, id=6176, stack(0x000000eafd100000,0x000000eafd200000)]
  0x000002a17a039800 JavaThread "Unconstrained build operations Thread 26" [_thread_blocked, id=10076, stack(0x000000eafd200000,0x000000eafd300000)]
  0x000002a17a036000 JavaThread "Unconstrained build operations Thread 27" [_thread_blocked, id=15448, stack(0x000000eafd300000,0x000000eafd400000)]
=>0x000002a17a03a000 JavaThread "Unconstrained build operations Thread 28" [_thread_in_Java, id=5020, stack(0x000000eafd400000,0x000000eafd500000)]

Other Threads:
  0x000002a1720a3000 VMThread "VM Thread" [stack: 0x000000eaf8600000,0x000000eaf8700000] [id=12368] _threads_hazard_ptr=0x000002a175c3d8e0
  0x000002a172bd7000 WatcherThread [stack: 0x000000eaf9000000,0x000000eaf9100000] [id=12460]
  0x000002a157c18000 GCTaskThread "GC Thread#0" [stack: 0x000000eaf8100000,0x000000eaf8200000] [id=10808]
  0x000002a173f94000 GCTaskThread "GC Thread#1" [stack: 0x000000eaf9300000,0x000000eaf9400000] [id=6248]
  0x000002a173906800 GCTaskThread "GC Thread#2" [stack: 0x000000eaf9400000,0x000000eaf9500000] [id=5668]
  0x000002a173bf2800 GCTaskThread "GC Thread#3" [stack: 0x000000eaf9e00000,0x000000eaf9f00000] [id=8180]
  0x000002a1762d2000 GCTaskThread "GC Thread#4" [stack: 0x000000eaf9f00000,0x000000eafa000000] [id=16388]
  0x000002a17441f000 GCTaskThread "GC Thread#5" [stack: 0x000000eafa000000,0x000000eafa100000] [id=124]
  0x000002a173bf5000 GCTaskThread "GC Thread#6" [stack: 0x000000eafa100000,0x000000eafa200000] [id=14388]
  0x000002a174aa2000 GCTaskThread "GC Thread#7" [stack: 0x000000eafa200000,0x000000eafa300000] [id=6452]
  0x000002a157c4a800 ConcurrentGCThread "G1 Main Marker" [stack: 0x000000eaf8200000,0x000000eaf8300000] [id=10516]
  0x000002a157c4b800 ConcurrentGCThread "G1 Conc#0" [stack: 0x000000eaf8300000,0x000000eaf8400000] [id=2068]
  0x000002a17534e800 ConcurrentGCThread "G1 Conc#1" [stack: 0x000000eafa500000,0x000000eafa600000] [id=14164]
  0x000002a171ef0800 ConcurrentGCThread "G1 Refine#0" [stack: 0x000000eaf8400000,0x000000eaf8500000] [id=4216]
  0x000002a171ef1000 ConcurrentGCThread "G1 Young RemSet Sampling" [stack: 0x000000eaf8500000,0x000000eaf8600000] [id=10644]

Threads with active compile tasks:
C2 CompilerThread0   5116 4416   !   4       java.net.URLClassLoader$1::run (63 bytes)
C1 CompilerThread0   5116 5147   !   3       org.gradle.internal.logging.sink.OutputEventRenderer::onOutput (101 bytes)
C2 CompilerThread1   5116 4415       4       java.net.URLClassLoader$1::run (5 bytes)

VM state:synchronizing (normal execution)

VM Mutex/Monitor currently owned by a thread:  ([mutex/lock_event])
[0x000002a157bfc0b0] Safepoint_lock - owner thread: 0x000002a1720a3000
[0x000002a157bfc5c0] Threads_lock - owner thread: 0x000002a1720a3000

OutOfMemory and StackOverflow Exception counts:
OutOfMemoryError java_heap_errors=1
LinkageErrors=111

Heap address: 0x0000000080000000, size: 2048 MB, Compressed Oops mode: 32-bit
Narrow klass base: 0x0000000000000000, Narrow klass shift: 3
Compressed class space size: 1073741824 Address: 0x0000000100000000

Heap:
 garbage-first heap   total 155648K, used 108163K [0x0000000080000000, 0x0000000100000000)
  region size 1024K, 62 young (63488K), 8 survivors (8192K)
 Metaspace       used 50097K, capacity 51554K, committed 51712K, reserved 1093632K
  class space    used 6429K, capacity 6904K, committed 6912K, reserved 1048576K
Heap Regions: E=young(eden), S=young(survivor), O=old, HS=humongous(starts), HC=humongous(continues), CS=collection set, F=free, A=archive, TAMS=top-at-mark-start (previous, next)
|   0|0x0000000080000000, 0x0000000080100000, 0x0000000080100000|100%| O|  |TAMS 0x0000000080100000, 0x0000000080000000| Untracked 
|   1|0x0000000080100000, 0x0000000080200000, 0x0000000080200000|100%| O|  |TAMS 0x0000000080200000, 0x0000000080100000| Untracked 
|   2|0x0000000080200000, 0x0000000080300000, 0x0000000080300000|100%| O|  |TAMS 0x0000000080300000, 0x0000000080200000| Untracked 
|   3|0x0000000080300000, 0x0000000080400000, 0x0000000080400000|100%|HS|  |TAMS 0x0000000080400000, 0x0000000080300000| Complete 
|   4|0x0000000080400000, 0x0000000080500000, 0x0000000080500000|100%|HC|  |TAMS 0x0000000080500000, 0x0000000080400000| Complete 
|   5|0x0000000080500000, 0x0000000080600000, 0x0000000080600000|100%|HC|  |TAMS 0x0000000080600000, 0x0000000080500000| Complete 
|   6|0x0000000080600000, 0x0000000080700000, 0x0000000080700000|100%| O|  |TAMS 0x0000000080700000, 0x0000000080600000| Untracked 
|   7|0x0000000080700000, 0x0000000080800000, 0x0000000080800000|100%| O|  |TAMS 0x0000000080800000, 0x0000000080700000| Untracked 
|   8|0x0000000080800000, 0x0000000080900000, 0x0000000080900000|100%| O|  |TAMS 0x0000000080900000, 0x0000000080800000| Untracked 
|   9|0x0000000080900000, 0x0000000080a00000, 0x0000000080a00000|100%| O|  |TAMS 0x0000000080a00000, 0x0000000080900000| Untracked 
|  10|0x0000000080a00000, 0x0000000080b00000, 0x0000000080b00000|100%| O|  |TAMS 0x0000000080b00000, 0x0000000080a00000| Untracked 
|  11|0x0000000080b00000, 0x0000000080c00000, 0x0000000080c00000|100%| O|  |TAMS 0x0000000080c00000, 0x0000000080b00000| Untracked 
|  12|0x0000000080c00000, 0x0000000080d00000, 0x0000000080d00000|100%| O|  |TAMS 0x0000000080d00000, 0x0000000080c00000| Untracked 
|  13|0x0000000080d00000, 0x0000000080e00000, 0x0000000080e00000|100%| O|  |TAMS 0x0000000080e00000, 0x0000000080d00000| Untracked 
|  14|0x0000000080e00000, 0x0000000080f00000, 0x0000000080f00000|100%| O|  |TAMS 0x0000000080f00000, 0x0000000080e00000| Untracked 
|  15|0x0000000080f00000, 0x0000000081000000, 0x0000000081000000|100%| O|  |TAMS 0x0000000081000000, 0x0000000080f00000| Untracked 
|  16|0x0000000081000000, 0x0000000081100000, 0x0000000081100000|100%|HS|  |TAMS 0x0000000081100000, 0x0000000081000000| Complete 
|  17|0x0000000081100000, 0x0000000081200000, 0x0000000081200000|100%|HC|  |TAMS 0x0000000081200000, 0x0000000081100000| Complete 
|  18|0x0000000081200000, 0x0000000081300000, 0x0000000081300000|100%|HS|  |TAMS 0x0000000081300000, 0x0000000081200000| Complete 
|  19|0x0000000081300000, 0x0000000081400000, 0x0000000081400000|100%|HC|  |TAMS 0x0000000081400000, 0x0000000081300000| Complete 
|  20|0x0000000081400000, 0x0000000081500000, 0x0000000081500000|100%|HC|  |TAMS 0x0000000081500000, 0x0000000081400000| Complete 
|  21|0x0000000081500000, 0x0000000081600000, 0x0000000081600000|100%|HS|  |TAMS 0x0000000081600000, 0x0000000081500000| Complete 
|  22|0x0000000081600000, 0x0000000081700000, 0x0000000081700000|100%|HC|  |TAMS 0x0000000081700000, 0x0000000081600000| Complete 
|  23|0x0000000081700000, 0x0000000081800000, 0x0000000081800000|100%|HC|  |TAMS 0x0000000081800000, 0x0000000081700000| Complete 
|  24|0x0000000081800000, 0x0000000081900000, 0x0000000081900000|100%|HC|  |TAMS 0x0000000081900000, 0x0000000081800000| Complete 
|  25|0x0000000081900000, 0x0000000081a00000, 0x0000000081a00000|100%| O|  |TAMS 0x0000000081a00000, 0x0000000081900000| Untracked 
|  26|0x0000000081a00000, 0x0000000081b00000, 0x0000000081b00000|100%| O|  |TAMS 0x0000000081b00000, 0x0000000081a00000| Untracked 
|  27|0x0000000081b00000, 0x0000000081c00000, 0x0000000081c00000|100%| O|  |TAMS 0x0000000081c00000, 0x0000000081b00000| Untracked 
|  28|0x0000000081c00000, 0x0000000081d00000, 0x0000000081d00000|100%|HS|  |TAMS 0x0000000081c00000, 0x0000000081c00000| Complete 
|  29|0x0000000081d00000, 0x0000000081e00000, 0x0000000081e00000|100%|HC|  |TAMS 0x0000000081d00000, 0x0000000081d00000| Complete 
|  30|0x0000000081e00000, 0x0000000081f00000, 0x0000000081f00000|100%|HC|  |TAMS 0x0000000081e00000, 0x0000000081e00000| Complete 
|  31|0x0000000081f00000, 0x0000000082000000, 0x0000000082000000|100%| O|  |TAMS 0x0000000082000000, 0x0000000081f00000| Untracked 
|  32|0x0000000082000000, 0x0000000082100000, 0x0000000082100000|100%| O|  |TAMS 0x0000000082100000, 0x0000000082000000| Untracked 
|  33|0x0000000082100000, 0x0000000082200000, 0x0000000082200000|100%| O|  |TAMS 0x0000000082200000, 0x0000000082100000| Untracked 
|  34|0x0000000082200000, 0x0000000082300000, 0x0000000082300000|100%| O|  |TAMS 0x0000000082264000, 0x0000000082200000| Untracked 
|  35|0x0000000082300000, 0x0000000082400000, 0x0000000082400000|100%| O|  |TAMS 0x0000000082300000, 0x0000000082300000| Untracked 
|  36|0x0000000082400000, 0x0000000082500000, 0x0000000082500000|100%| O|  |TAMS 0x0000000082400000, 0x0000000082400000| Untracked 
|  37|0x0000000082500000, 0x0000000082600000, 0x0000000082600000|100%| O|  |TAMS 0x0000000082500000, 0x0000000082500000| Untracked 
|  38|0x0000000082600000, 0x0000000082700000, 0x0000000082700000|100%| O|  |TAMS 0x0000000082600000, 0x0000000082600000| Untracked 
|  39|0x0000000082700000, 0x0000000082800000, 0x0000000082800000|100%| O|  |TAMS 0x0000000082700000, 0x0000000082700000| Untracked 
|  40|0x0000000082800000, 0x00000000828a0e00, 0x0000000082900000| 62%| O|  |TAMS 0x0000000082800000, 0x0000000082800000| Untracked 
|  41|0x0000000082900000, 0x0000000082900000, 0x0000000082a00000|  0%| F|  |TAMS 0x0000000082900000, 0x0000000082900000| Untracked 
|  42|0x0000000082a00000, 0x0000000082b00000, 0x0000000082b00000|100%|HS|  |TAMS 0x0000000082a00000, 0x0000000082a00000| Complete 
|  43|0x0000000082b00000, 0x0000000082c00000, 0x0000000082c00000|100%|HC|  |TAMS 0x0000000082b00000, 0x0000000082b00000| Complete 
|  44|0x0000000082c00000, 0x0000000082d00000, 0x0000000082d00000|100%|HC|  |TAMS 0x0000000082c00000, 0x0000000082c00000| Complete 
|  45|0x0000000082d00000, 0x0000000082e00000, 0x0000000082e00000|100%|HC|  |TAMS 0x0000000082d00000, 0x0000000082d00000| Complete 
|  46|0x0000000082e00000, 0x0000000082e00000, 0x0000000082f00000|  0%| F|  |TAMS 0x0000000082e00000, 0x0000000082e00000| Untracked 
|  47|0x0000000082f00000, 0x0000000082f00000, 0x0000000083000000|  0%| F|  |TAMS 0x0000000082f00000, 0x0000000082f00000| Untracked 
|  48|0x0000000083000000, 0x0000000083000000, 0x0000000083100000|  0%| F|  |TAMS 0x0000000083000000, 0x0000000083000000| Untracked 
|  49|0x0000000083100000, 0x0000000083100000, 0x0000000083200000|  0%| F|  |TAMS 0x0000000083100000, 0x0000000083100000| Untracked 
|  50|0x0000000083200000, 0x0000000083200000, 0x0000000083300000|  0%| F|  |TAMS 0x0000000083200000, 0x0000000083200000| Untracked 
|  51|0x0000000083300000, 0x0000000083300000, 0x0000000083400000|  0%| F|  |TAMS 0x0000000083300000, 0x0000000083300000| Untracked 
|  52|0x0000000083400000, 0x0000000083400000, 0x0000000083500000|  0%| F|  |TAMS 0x0000000083400000, 0x0000000083400000| Untracked 
|  53|0x0000000083500000, 0x0000000083500000, 0x0000000083600000|  0%| F|  |TAMS 0x0000000083500000, 0x0000000083500000| Untracked 
|  54|0x0000000083600000, 0x0000000083600000, 0x0000000083700000|  0%| F|  |TAMS 0x0000000083600000, 0x0000000083600000| Untracked 
|  55|0x0000000083700000, 0x0000000083700000, 0x0000000083800000|  0%| F|  |TAMS 0x0000000083700000, 0x0000000083700000| Untracked 
|  56|0x0000000083800000, 0x0000000083800000, 0x0000000083900000|  0%| F|  |TAMS 0x0000000083800000, 0x0000000083800000| Untracked 
|  57|0x0000000083900000, 0x0000000083900000, 0x0000000083a00000|  0%| F|  |TAMS 0x0000000083900000, 0x0000000083900000| Untracked 
|  58|0x0000000083a00000, 0x0000000083a00000, 0x0000000083b00000|  0%| F|  |TAMS 0x0000000083a00000, 0x0000000083a00000| Untracked 
|  59|0x0000000083b00000, 0x0000000083b00000, 0x0000000083c00000|  0%| F|  |TAMS 0x0000000083b00000, 0x0000000083b00000| Untracked 
|  60|0x0000000083c00000, 0x0000000083c00000, 0x0000000083d00000|  0%| F|  |TAMS 0x0000000083c00000, 0x0000000083c00000| Untracked 
|  61|0x0000000083d00000, 0x0000000083d00000, 0x0000000083e00000|  0%| F|  |TAMS 0x0000000083d00000, 0x0000000083d00000| Untracked 
|  62|0x0000000083e00000, 0x0000000083e00000, 0x0000000083f00000|  0%| F|  |TAMS 0x0000000083e00000, 0x0000000083e00000| Untracked 
|  63|0x0000000083f00000, 0x0000000083f00000, 0x0000000084000000|  0%| F|  |TAMS 0x0000000083f00000, 0x0000000083f00000| Untracked 
|  64|0x0000000084000000, 0x0000000084000000, 0x0000000084100000|  0%| F|  |TAMS 0x0000000084000000, 0x0000000084000000| Untracked 
|  65|0x0000000084100000, 0x0000000084100000, 0x0000000084200000|  0%| F|  |TAMS 0x0000000084100000, 0x0000000084100000| Untracked 
|  66|0x0000000084200000, 0x0000000084200000, 0x0000000084300000|  0%| F|  |TAMS 0x0000000084200000, 0x0000000084200000| Untracked 
|  67|0x0000000084300000, 0x0000000084300000, 0x0000000084400000|  0%| F|  |TAMS 0x0000000084300000, 0x0000000084300000| Untracked 
|  68|0x0000000084400000, 0x0000000084400000, 0x0000000084500000|  0%| F|  |TAMS 0x0000000084400000, 0x0000000084400000| Untracked 
|  69|0x0000000084500000, 0x0000000084500000, 0x0000000084600000|  0%| F|  |TAMS 0x0000000084500000, 0x0000000084500000| Untracked 
|  70|0x0000000084600000, 0x0000000084600000, 0x0000000084700000|  0%| F|  |TAMS 0x0000000084600000, 0x0000000084600000| Untracked 
|  71|0x0000000084700000, 0x0000000084700000, 0x0000000084800000|  0%| F|  |TAMS 0x0000000084700000, 0x0000000084700000| Untracked 
|  72|0x0000000084800000, 0x0000000084800000, 0x0000000084900000|  0%| F|  |TAMS 0x0000000084800000, 0x0000000084800000| Untracked 
|  73|0x0000000084900000, 0x0000000084900000, 0x0000000084a00000|  0%| F|  |TAMS 0x0000000084900000, 0x0000000084900000| Untracked 
|  74|0x0000000084a00000, 0x0000000084a00000, 0x0000000084b00000|  0%| F|  |TAMS 0x0000000084a00000, 0x0000000084a00000| Untracked 
|  75|0x0000000084b00000, 0x0000000084b00000, 0x0000000084c00000|  0%| F|  |TAMS 0x0000000084b00000, 0x0000000084b00000| Untracked 
|  76|0x0000000084c00000, 0x0000000084c00000, 0x0000000084d00000|  0%| F|  |TAMS 0x0000000084c00000, 0x0000000084c00000| Untracked 
|  77|0x0000000084d00000, 0x0000000084d00000, 0x0000000084e00000|  0%| F|  |TAMS 0x0000000084d00000, 0x0000000084d00000| Untracked 
|  78|0x0000000084e00000, 0x0000000084e00000, 0x0000000084f00000|  0%| F|  |TAMS 0x0000000084e00000, 0x0000000084e00000| Untracked 
|  79|0x0000000084f00000, 0x0000000084f00000, 0x0000000085000000|  0%| F|  |TAMS 0x0000000084f00000, 0x0000000084f00000| Untracked 
|  80|0x0000000085000000, 0x0000000085000000, 0x0000000085100000|  0%| F|  |TAMS 0x0000000085000000, 0x0000000085000000| Untracked 
|  81|0x0000000085100000, 0x0000000085100000, 0x0000000085200000|  0%| F|  |TAMS 0x0000000085100000, 0x0000000085100000| Untracked 
|  82|0x0000000085200000, 0x0000000085200000, 0x0000000085300000|  0%| F|  |TAMS 0x0000000085200000, 0x0000000085200000| Untracked 
|  83|0x0000000085300000, 0x0000000085300000, 0x0000000085400000|  0%| F|  |TAMS 0x0000000085300000, 0x0000000085300000| Untracked 
|  84|0x0000000085400000, 0x0000000085400000, 0x0000000085500000|  0%| F|  |TAMS 0x0000000085400000, 0x0000000085400000| Untracked 
|  85|0x0000000085500000, 0x0000000085500000, 0x0000000085600000|  0%| F|  |TAMS 0x0000000085500000, 0x0000000085500000| Untracked 
|  86|0x0000000085600000, 0x0000000085600000, 0x0000000085700000|  0%| F|  |TAMS 0x0000000085600000, 0x0000000085600000| Untracked 
|  87|0x0000000085700000, 0x0000000085700000, 0x0000000085800000|  0%| F|  |TAMS 0x0000000085700000, 0x0000000085700000| Untracked 
|  88|0x0000000085800000, 0x0000000085900000, 0x0000000085900000|100%| S|CS|TAMS 0x0000000085800000, 0x0000000085800000| Complete 
|  89|0x0000000085900000, 0x0000000085a00000, 0x0000000085a00000|100%| S|CS|TAMS 0x0000000085900000, 0x0000000085900000| Complete 
|  90|0x0000000085a00000, 0x0000000085b00000, 0x0000000085b00000|100%| S|CS|TAMS 0x0000000085a00000, 0x0000000085a00000| Complete 
|  91|0x0000000085b00000, 0x0000000085c00000, 0x0000000085c00000|100%| S|CS|TAMS 0x0000000085b00000, 0x0000000085b00000| Complete 
|  92|0x0000000085c00000, 0x0000000085d00000, 0x0000000085d00000|100%| S|CS|TAMS 0x0000000085c00000, 0x0000000085c00000| Complete 
|  93|0x0000000085d00000, 0x0000000085e00000, 0x0000000085e00000|100%| S|CS|TAMS 0x0000000085d00000, 0x0000000085d00000| Complete 
|  94|0x0000000085e00000, 0x0000000085f00000, 0x0000000085f00000|100%| S|CS|TAMS 0x0000000085e00000, 0x0000000085e00000| Complete 
|  95|0x0000000085f00000, 0x0000000086000000, 0x0000000086000000|100%| S|CS|TAMS 0x0000000085f00000, 0x0000000085f00000| Complete 
|  96|0x0000000086000000, 0x0000000086000000, 0x0000000086100000|  0%| F|  |TAMS 0x0000000086000000, 0x0000000086000000| Untracked 
|  97|0x0000000086100000, 0x0000000086100000, 0x0000000086200000|  0%| F|  |TAMS 0x0000000086100000, 0x0000000086100000| Untracked 
|  98|0x0000000086200000, 0x000000008621caf8, 0x0000000086300000| 11%| E|  |TAMS 0x0000000086200000, 0x0000000086200000| Complete 
|  99|0x0000000086300000, 0x0000000086400000, 0x0000000086400000|100%| E|CS|TAMS 0x0000000086300000, 0x0000000086300000| Complete 
| 100|0x0000000086400000, 0x0000000086500000, 0x0000000086500000|100%| E|CS|TAMS 0x0000000086400000, 0x0000000086400000| Complete 
| 101|0x0000000086500000, 0x0000000086600000, 0x0000000086600000|100%| E|CS|TAMS 0x0000000086500000, 0x0000000086500000| Complete 
| 102|0x0000000086600000, 0x0000000086700000, 0x0000000086700000|100%| E|CS|TAMS 0x0000000086600000, 0x0000000086600000| Complete 
| 103|0x0000000086700000, 0x0000000086800000, 0x0000000086800000|100%| E|CS|TAMS 0x0000000086700000, 0x0000000086700000| Complete 
| 104|0x0000000086800000, 0x0000000086900000, 0x0000000086900000|100%| E|CS|TAMS 0x0000000086800000, 0x0000000086800000| Complete 
| 105|0x0000000086900000, 0x0000000086a00000, 0x0000000086a00000|100%| E|CS|TAMS 0x0000000086900000, 0x0000000086900000| Complete 
| 106|0x0000000086a00000, 0x0000000086b00000, 0x0000000086b00000|100%| E|CS|TAMS 0x0000000086a00000, 0x0000000086a00000| Complete 
| 107|0x0000000086b00000, 0x0000000086c00000, 0x0000000086c00000|100%| E|CS|TAMS 0x0000000086b00000, 0x0000000086b00000| Complete 
| 108|0x0000000086c00000, 0x0000000086d00000, 0x0000000086d00000|100%| E|CS|TAMS 0x0000000086c00000, 0x0000000086c00000| Complete 
| 109|0x0000000086d00000, 0x0000000086e00000, 0x0000000086e00000|100%| E|CS|TAMS 0x0000000086d00000, 0x0000000086d00000| Complete 
| 110|0x0000000086e00000, 0x0000000086f00000, 0x0000000086f00000|100%| E|CS|TAMS 0x0000000086e00000, 0x0000000086e00000| Complete 
| 111|0x0000000086f00000, 0x0000000087000000, 0x0000000087000000|100%| E|CS|TAMS 0x0000000086f00000, 0x0000000086f00000| Complete 
| 112|0x0000000087000000, 0x0000000087100000, 0x0000000087100000|100%| E|CS|TAMS 0x0000000087000000, 0x0000000087000000| Complete 
| 113|0x0000000087100000, 0x0000000087200000, 0x0000000087200000|100%| E|CS|TAMS 0x0000000087100000, 0x0000000087100000| Complete 
| 114|0x0000000087200000, 0x0000000087300000, 0x0000000087300000|100%| E|CS|TAMS 0x0000000087200000, 0x0000000087200000| Complete 
| 115|0x0000000087300000, 0x0000000087400000, 0x0000000087400000|100%| E|CS|TAMS 0x0000000087300000, 0x0000000087300000| Complete 
| 116|0x0000000087400000, 0x0000000087500000, 0x0000000087500000|100%| E|CS|TAMS 0x0000000087400000, 0x0000000087400000| Complete 
| 117|0x0000000087500000, 0x0000000087600000, 0x0000000087600000|100%| E|CS|TAMS 0x0000000087500000, 0x0000000087500000| Complete 
| 118|0x0000000087600000, 0x0000000087700000, 0x0000000087700000|100%| E|CS|TAMS 0x0000000087600000, 0x0000000087600000| Complete 
| 119|0x0000000087700000, 0x0000000087800000, 0x0000000087800000|100%| E|CS|TAMS 0x0000000087700000, 0x0000000087700000| Complete 
| 120|0x0000000087800000, 0x0000000087900000, 0x0000000087900000|100%| E|CS|TAMS 0x0000000087800000, 0x0000000087800000| Complete 
| 121|0x0000000087900000, 0x0000000087a00000, 0x0000000087a00000|100%| E|CS|TAMS 0x0000000087900000, 0x0000000087900000| Complete 
| 122|0x0000000087a00000, 0x0000000087b00000, 0x0000000087b00000|100%| E|CS|TAMS 0x0000000087a00000, 0x0000000087a00000| Complete 
| 123|0x0000000087b00000, 0x0000000087c00000, 0x0000000087c00000|100%| E|CS|TAMS 0x0000000087b00000, 0x0000000087b00000| Complete 
| 124|0x0000000087c00000, 0x0000000087d00000, 0x0000000087d00000|100%| E|CS|TAMS 0x0000000087c00000, 0x0000000087c00000| Complete 
| 125|0x0000000087d00000, 0x0000000087e00000, 0x0000000087e00000|100%| E|CS|TAMS 0x0000000087d00000, 0x0000000087d00000| Complete 
| 126|0x0000000087e00000, 0x0000000087f00000, 0x0000000087f00000|100%| E|CS|TAMS 0x0000000087e00000, 0x0000000087e00000| Complete 
| 127|0x0000000087f00000, 0x0000000088000000, 0x0000000088000000|100%| E|CS|TAMS 0x0000000087f00000, 0x0000000087f00000| Complete 
| 128|0x0000000088000000, 0x0000000088100000, 0x0000000088100000|100%| E|CS|TAMS 0x0000000088000000, 0x0000000088000000| Complete 
| 129|0x0000000088100000, 0x0000000088200000, 0x0000000088200000|100%| E|CS|TAMS 0x0000000088100000, 0x0000000088100000| Complete 
| 130|0x0000000088200000, 0x0000000088300000, 0x0000000088300000|100%| E|CS|TAMS 0x0000000088200000, 0x0000000088200000| Complete 
| 131|0x0000000088300000, 0x0000000088400000, 0x0000000088400000|100%| E|CS|TAMS 0x0000000088300000, 0x0000000088300000| Complete 
| 132|0x0000000088400000, 0x0000000088500000, 0x0000000088500000|100%| E|CS|TAMS 0x0000000088400000, 0x0000000088400000| Complete 
| 133|0x0000000088500000, 0x0000000088600000, 0x0000000088600000|100%| E|CS|TAMS 0x0000000088500000, 0x0000000088500000| Complete 
| 134|0x0000000088600000, 0x0000000088700000, 0x0000000088700000|100%| E|CS|TAMS 0x0000000088600000, 0x0000000088600000| Complete 
| 135|0x0000000088700000, 0x0000000088800000, 0x0000000088800000|100%| E|CS|TAMS 0x0000000088700000, 0x0000000088700000| Complete 
| 136|0x0000000088800000, 0x0000000088900000, 0x0000000088900000|100%| E|CS|TAMS 0x0000000088800000, 0x0000000088800000| Complete 
| 137|0x0000000088900000, 0x0000000088a00000, 0x0000000088a00000|100%| E|CS|TAMS 0x0000000088900000, 0x0000000088900000| Complete 
| 138|0x0000000088a00000, 0x0000000088b00000, 0x0000000088b00000|100%| E|CS|TAMS 0x0000000088a00000, 0x0000000088a00000| Complete 
| 139|0x0000000088b00000, 0x0000000088c00000, 0x0000000088c00000|100%| E|CS|TAMS 0x0000000088b00000, 0x0000000088b00000| Complete 
| 140|0x0000000088c00000, 0x0000000088d00000, 0x0000000088d00000|100%| E|CS|TAMS 0x0000000088c00000, 0x0000000088c00000| Complete 
| 141|0x0000000088d00000, 0x0000000088e00000, 0x0000000088e00000|100%| E|CS|TAMS 0x0000000088d00000, 0x0000000088d00000| Complete 
| 142|0x0000000088e00000, 0x0000000088f00000, 0x0000000088f00000|100%| E|CS|TAMS 0x0000000088e00000, 0x0000000088e00000| Complete 
| 143|0x0000000088f00000, 0x0000000089000000, 0x0000000089000000|100%| E|CS|TAMS 0x0000000088f00000, 0x0000000088f00000| Complete 
| 144|0x0000000089000000, 0x0000000089100000, 0x0000000089100000|100%| E|CS|TAMS 0x0000000089000000, 0x0000000089000000| Complete 
| 145|0x0000000089100000, 0x0000000089200000, 0x0000000089200000|100%| E|CS|TAMS 0x0000000089100000, 0x0000000089100000| Complete 
| 146|0x0000000089200000, 0x0000000089300000, 0x0000000089300000|100%| E|CS|TAMS 0x0000000089200000, 0x0000000089200000| Complete 
| 147|0x0000000089300000, 0x0000000089400000, 0x0000000089400000|100%| E|CS|TAMS 0x0000000089300000, 0x0000000089300000| Complete 
| 148|0x0000000089400000, 0x0000000089500000, 0x0000000089500000|100%| E|CS|TAMS 0x0000000089400000, 0x0000000089400000| Complete 
| 149|0x0000000089500000, 0x0000000089600000, 0x0000000089600000|100%| E|CS|TAMS 0x0000000089500000, 0x0000000089500000| Complete 
| 150|0x0000000089600000, 0x0000000089700000, 0x0000000089700000|100%| E|CS|TAMS 0x0000000089600000, 0x0000000089600000| Complete 
| 151|0x0000000089700000, 0x0000000089800000, 0x0000000089800000|100%| E|CS|TAMS 0x0000000089700000, 0x0000000089700000| Complete 

Card table byte_map: [0x000002a16ae40000,0x000002a16b240000] _byte_map_base: 0x000002a16aa40000

Marking Bits (Prev, Next): (CMBitMap*) 0x000002a157c41d20, (CMBitMap*) 0x000002a157c41ce8
 Prev Bits: [0x000002a16d640000, 0x000002a16f640000)
 Next Bits: [0x000002a16b640000, 0x000002a16d640000)

Polling page: 0x000002a155c20000

Metaspace:

Usage:
  Non-class:     43.60 MB capacity,    42.64 MB ( 98%) used,   845.40 KB (  2%) free+waste,   136.56 KB ( <1%) overhead. 
      Class:      6.74 MB capacity,     6.28 MB ( 93%) used,   408.52 KB (  6%) free+waste,    66.06 KB ( <1%) overhead. 
       Both:     50.35 MB capacity,    48.92 MB ( 97%) used,     1.22 MB (  2%) free+waste,   202.63 KB ( <1%) overhead. 

Virtual space:
  Non-class space:       44.00 MB reserved,      43.75 MB (>99%) committed 
      Class space:        1.00 GB reserved,       6.75 MB ( <1%) committed 
             Both:        1.04 GB reserved,      50.50 MB (  5%) committed 

Chunk freelists:
   Non-Class:  22.00 KB
       Class:  0 bytes
        Both:  22.00 KB

MaxMetaspaceSize: 17179869184.00 GB
CompressedClassSpaceSize: 1.00 GB

CodeHeap 'non-profiled nmethods': size=120000Kb used=2589Kb max_used=2589Kb free=117410Kb
 bounds [0x000002a1631d0000, 0x000002a163460000, 0x000002a16a700000]
CodeHeap 'profiled nmethods': size=120000Kb used=10352Kb max_used=10352Kb free=109647Kb
 bounds [0x000002a15bca0000, 0x000002a15c6c0000, 0x000002a1631d0000]
CodeHeap 'non-nmethods': size=5760Kb used=2219Kb max_used=2254Kb free=3540Kb
 bounds [0x000002a15b700000, 0x000002a15b970000, 0x000002a15bca0000]
 total_blobs=5894 nmethods=5099 adapters=705
 compilation: enabled
              stopped_count=0, restarted_count=0
 full_count=0

Compilation events (20 events):
Event: 5.089 Thread 0x000002a172a49000 nmethod 5138 0x000002a163456910 code [0x000002a163456ac0, 0x000002a163456b78]
Event: 5.092 Thread 0x000002a172a49000 5139       3       java.util.concurrent.locks.LockSupport::unpark (12 bytes)
Event: 5.092 Thread 0x000002a172a49000 nmethod 5139 0x000002a15c6b4310 code [0x000002a15c6b44c0, 0x000002a15c6b4628]
Event: 5.093 Thread 0x000002a172a49000 5141       3       com.google.common.base.Ticker$1::read (4 bytes)
Event: 5.093 Thread 0x000002a172a49000 nmethod 5141 0x000002a15c6b4710 code [0x000002a15c6b48c0, 0x000002a15c6b4a38]
Event: 5.093 Thread 0x000002a172a49000 5142       3       com.google.common.base.Platform::systemNanoTime (4 bytes)
Event: 5.093 Thread 0x000002a172a49000 nmethod 5142 0x000002a15c6b4b10 code [0x000002a15c6b4cc0, 0x000002a15c6b4db8]
Event: 5.093 Thread 0x000002a172a49000 5143       3       com.google.common.cache.LocalCache$LoadingValueReference::set (9 bytes)
Event: 5.093 Thread 0x000002a172a49000 nmethod 5143 0x000002a15c6b4e90 code [0x000002a15c6b5060, 0x000002a15c6b5208]
Event: 5.093 Thread 0x000002a172a49000 5144       1       java.util.Collections$SingletonSet::size (2 bytes)
Event: 5.093 Thread 0x000002a172a49000 nmethod 5144 0x000002a163457010 code [0x000002a1634571c0, 0x000002a163457278]
Event: 5.093 Thread 0x000002a172a49000 5145       3       java.lang.Thread::getContextClassLoader (32 bytes)
Event: 5.094 Thread 0x000002a172a49000 nmethod 5145 0x000002a15c6b5310 code [0x000002a15c6b5540, 0x000002a15c6b5db8]
Event: 5.094 Thread 0x000002a172a49000 5146       3       org.gradle.internal.logging.sink.OutputEventTransformer::onOutput (399 bytes)
Event: 5.095 Thread 0x000002a172a49000 nmethod 5146 0x000002a15c6b6090 code [0x000002a15c6b64a0, 0x000002a15c6b88b8]
Event: 5.095 Thread 0x000002a172a49000 5150       2       java.util.HashSet::contains (9 bytes)
Event: 5.095 Thread 0x000002a172a49000 nmethod 5150 0x000002a15c6b8f10 code [0x000002a15c6b90c0, 0x000002a15c6b91e8]
Event: 5.095 Thread 0x000002a172a49000 5149       3       java.lang.invoke.InnerClassLambdaMetafactory::generateFactory (136 bytes)
Event: 5.097 Thread 0x000002a172a49000 nmethod 5149 0x000002a15c6b9290 code [0x000002a15c6b9560, 0x000002a15c6ba208]
Event: 5.097 Thread 0x000002a172a49000 5151       3       com.google.common.cache.LocalCache$Segment::expireEntries (113 bytes)

GC Heap History (18 events):
Event: 0.549 GC heap before
{Heap before GC invocations=0 (full 0):
 garbage-first heap   total 129024K, used 29696K [0x0000000080000000, 0x0000000100000000)
  region size 1024K, 24 young (24576K), 0 survivors (0K)
 Metaspace       used 9856K, capacity 10050K, committed 10112K, reserved 1058816K
  class space    used 1028K, capacity 1102K, committed 1152K, reserved 1048576K
}
Event: 0.554 GC heap after
{Heap after GC invocations=1 (full 0):
 garbage-first heap   total 129024K, used 9361K [0x0000000080000000, 0x0000000100000000)
  region size 1024K, 3 young (3072K), 3 survivors (3072K)
 Metaspace       used 9856K, capacity 10050K, committed 10112K, reserved 1058816K
  class space    used 1028K, capacity 1102K, committed 1152K, reserved 1048576K
}
Event: 1.716 GC heap before
{Heap before GC invocations=1 (full 0):
 garbage-first heap   total 129024K, used 83089K [0x0000000080000000, 0x0000000100000000)
  region size 1024K, 75 young (76800K), 3 survivors (3072K)
 Metaspace       used 17885K, capacity 18291K, committed 18432K, reserved 1064960K
  class space    used 2112K, capacity 2266K, committed 2304K, reserved 1048576K
}
Event: 1.722 GC heap after
{Heap after GC invocations=2 (full 0):
 garbage-first heap   total 129024K, used 16362K [0x0000000080000000, 0x0000000100000000)
  region size 1024K, 10 young (10240K), 10 survivors (10240K)
 Metaspace       used 17885K, capacity 18291K, committed 18432K, reserved 1064960K
  class space    used 2112K, capacity 2266K, committed 2304K, reserved 1048576K
}
Event: 1.881 GC heap before
{Heap before GC invocations=2 (full 0):
 garbage-first heap   total 129024K, used 39914K [0x0000000080000000, 0x0000000100000000)
  region size 1024K, 34 young (34816K), 10 survivors (10240K)
 Metaspace       used 20629K, capacity 21080K, committed 21248K, reserved 1067008K
  class space    used 2528K, capacity 2706K, committed 2816K, reserved 1048576K
}
Event: 1.889 GC heap after
{Heap after GC invocations=3 (full 0):
 garbage-first heap   total 129024K, used 17204K [0x0000000080000000, 0x0000000100000000)
  region size 1024K, 1 young (1024K), 1 survivors (1024K)
 Metaspace       used 20629K, capacity 21080K, committed 21248K, reserved 1067008K
  class space    used 2528K, capacity 2706K, committed 2816K, reserved 1048576K
}
Event: 2.328 GC heap before
{Heap before GC invocations=4 (full 0):
 garbage-first heap   total 129024K, used 68404K [0x0000000080000000, 0x0000000100000000)
  region size 1024K, 51 young (52224K), 1 survivors (1024K)
 Metaspace       used 25862K, capacity 26514K, committed 26752K, reserved 1073152K
  class space    used 3365K, capacity 3587K, committed 3712K, reserved 1048576K
}
Event: 2.331 GC heap after
{Heap after GC invocations=5 (full 0):
 garbage-first heap   total 129024K, used 19059K [0x0000000080000000, 0x0000000100000000)
  region size 1024K, 3 young (3072K), 3 survivors (3072K)
 Metaspace       used 25862K, capacity 26514K, committed 26752K, reserved 1073152K
  class space    used 3365K, capacity 3587K, committed 3712K, reserved 1048576K
}
Event: 2.852 GC heap before
{Heap before GC invocations=5 (full 0):
 garbage-first heap   total 129024K, used 84595K [0x0000000080000000, 0x0000000100000000)
  region size 1024K, 58 young (59392K), 3 survivors (3072K)
 Metaspace       used 30862K, capacity 31796K, committed 31872K, reserved 1077248K
  class space    used 4156K, capacity 4473K, committed 4480K, reserved 1048576K
}
Event: 2.857 GC heap after
{Heap after GC invocations=6 (full 0):
 garbage-first heap   total 129024K, used 32272K [0x0000000080000000, 0x0000000100000000)
  region size 1024K, 7 young (7168K), 7 survivors (7168K)
 Metaspace       used 30862K, capacity 31796K, committed 31872K, reserved 1077248K
  class space    used 4156K, capacity 4473K, committed 4480K, reserved 1048576K
}
Event: 3.113 GC heap before
{Heap before GC invocations=6 (full 0):
 garbage-first heap   total 129024K, used 48656K [0x0000000080000000, 0x0000000100000000)
  region size 1024K, 24 young (24576K), 7 survivors (7168K)
 Metaspace       used 34689K, capacity 35711K, committed 35840K, reserved 1081344K
  class space    used 4554K, capacity 4926K, committed 4992K, reserved 1048576K
}
Event: 3.124 GC heap after
{Heap after GC invocations=7 (full 0):
 garbage-first heap   total 129024K, used 34110K [0x0000000080000000, 0x0000000100000000)
  region size 1024K, 6 young (6144K), 6 survivors (6144K)
 Metaspace       used 34689K, capacity 35711K, committed 35840K, reserved 1081344K
  class space    used 4554K, capacity 4926K, committed 4992K, reserved 1048576K
}
Event: 3.637 GC heap before
{Heap before GC invocations=8 (full 0):
 garbage-first heap   total 129024K, used 83262K [0x0000000080000000, 0x0000000100000000)
  region size 1024K, 52 young (53248K), 6 survivors (6144K)
 Metaspace       used 40262K, capacity 41343K, committed 41600K, reserved 1085440K
  class space    used 5113K, capacity 5497K, committed 5504K, reserved 1048576K
}
Event: 3.650 GC heap after
{Heap after GC invocations=9 (full 0):
 garbage-first heap   total 129024K, used 38758K [0x0000000080000000, 0x0000000100000000)
  region size 1024K, 7 young (7168K), 7 survivors (7168K)
 Metaspace       used 40262K, capacity 41343K, committed 41600K, reserved 1085440K
  class space    used 5113K, capacity 5497K, committed 5504K, reserved 1048576K
}
Event: 4.079 GC heap before
{Heap before GC invocations=10 (full 0):
 garbage-first heap   total 129024K, used 87910K [0x0000000080000000, 0x0000000100000000)
  region size 1024K, 53 young (54272K), 7 survivors (7168K)
 Metaspace       used 43331K, capacity 44604K, committed 44800K, reserved 1087488K
  class space    used 5568K, capacity 6043K, committed 6144K, reserved 1048576K
}
Event: 4.088 GC heap after
{Heap after GC invocations=11 (full 0):
 garbage-first heap   total 155648K, used 45499K [0x0000000080000000, 0x0000000100000000)
  region size 1024K, 5 young (5120K), 5 survivors (5120K)
 Metaspace       used 43331K, capacity 44604K, committed 44800K, reserved 1087488K
  class space    used 5568K, capacity 6043K, committed 6144K, reserved 1048576K
}
Event: 4.542 GC heap before
{Heap before GC invocations=11 (full 0):
 garbage-first heap   total 155648K, used 107963K [0x0000000080000000, 0x0000000100000000)
  region size 1024K, 61 young (62464K), 5 survivors (5120K)
 Metaspace       used 46946K, capacity 48301K, committed 48512K, reserved 1091584K
  class space    used 5965K, capacity 6440K, committed 6528K, reserved 1048576K
}
Event: 4.547 GC heap after
{Heap after GC invocations=12 (full 0):
 garbage-first heap   total 155648K, used 53891K [0x0000000080000000, 0x0000000100000000)
  region size 1024K, 8 young (8192K), 8 survivors (8192K)
 Metaspace       used 46946K, capacity 48301K, committed 48512K, reserved 1091584K
  class space    used 5965K, capacity 6440K, committed 6528K, reserved 1048576K
}

Deoptimization events (20 events):
Event: 4.764 Thread 0x000002a175401800 Uncommon trap: trap_request=0xffffffde fr.pc=0x000002a16340337c relative=0x000000000000023c
Event: 4.764 Thread 0x000002a175401800 Uncommon trap: reason=class_check action=maybe_recompile pc=0x000002a16340337c method=java.util.HashSet.contains(Ljava/lang/Object;)Z @ 5 c2
Event: 4.764 Thread 0x000002a175401800 DEOPT PACKING pc=0x000002a16340337c sp=0x000000eaf99f8e30
Event: 4.764 Thread 0x000002a175401800 DEOPT UNPACKING pc=0x000002a15b72662f sp=0x000000eaf99f8dd8 mode 2
Event: 4.768 Thread 0x000002a175401800 Uncommon trap: trap_request=0xffffffcc fr.pc=0x000002a1634077ac relative=0x000000000000110c
Event: 4.769 Thread 0x000002a175401800 Uncommon trap: reason=intrinsic_or_type_checked_inlining action=make_not_entrant pc=0x000002a1634077ac method=java.util.ArrayList.toArray([Ljava/lang/Object;)[Ljava/lang/Object; @ 36 c2
Event: 4.769 Thread 0x000002a175401800 DEOPT PACKING pc=0x000002a1634077ac sp=0x000000eaf99f6000
Event: 4.769 Thread 0x000002a175401800 DEOPT UNPACKING pc=0x000002a15b72662f sp=0x000000eaf99f5f58 mode 2
Event: 4.803 Thread 0x000002a175401800 Uncommon trap: trap_request=0xffffffde fr.pc=0x000002a16340337c relative=0x000000000000023c
Event: 4.803 Thread 0x000002a175401800 Uncommon trap: reason=class_check action=maybe_recompile pc=0x000002a16340337c method=java.util.HashSet.contains(Ljava/lang/Object;)Z @ 5 c2
Event: 4.803 Thread 0x000002a175401800 DEOPT PACKING pc=0x000002a16340337c sp=0x000000eaf99f8e30
Event: 4.803 Thread 0x000002a175401800 DEOPT UNPACKING pc=0x000002a15b72662f sp=0x000000eaf99f8dd8 mode 2
Event: 4.803 Thread 0x000002a175401800 Uncommon trap: trap_request=0xffffffde fr.pc=0x000002a16340337c relative=0x000000000000023c
Event: 4.803 Thread 0x000002a175401800 Uncommon trap: reason=class_check action=maybe_recompile pc=0x000002a16340337c method=java.util.HashSet.contains(Ljava/lang/Object;)Z @ 5 c2
Event: 4.803 Thread 0x000002a175401800 DEOPT PACKING pc=0x000002a16340337c sp=0x000000eaf99f8e30
Event: 4.803 Thread 0x000002a175401800 DEOPT UNPACKING pc=0x000002a15b72662f sp=0x000000eaf99f8dd8 mode 2
Event: 4.882 Thread 0x000002a175401800 Uncommon trap: trap_request=0xffffffde fr.pc=0x000002a16340337c relative=0x000000000000023c
Event: 4.882 Thread 0x000002a175401800 Uncommon trap: reason=class_check action=maybe_recompile pc=0x000002a16340337c method=java.util.HashSet.contains(Ljava/lang/Object;)Z @ 5 c2
Event: 4.882 Thread 0x000002a175401800 DEOPT PACKING pc=0x000002a16340337c sp=0x000000eaf99f8e30
Event: 4.882 Thread 0x000002a175401800 DEOPT UNPACKING pc=0x000002a15b72662f sp=0x000000eaf99f8dd8 mode 2

Classes redefined (0 events):
No events

Internal exceptions (20 events):
Event: 4.617 Thread 0x000002a175401800 Exception <a 'java/lang/ClassNotFoundException'{0x00000000891aa250}: org/gradle/tooling/provider/model/internal/DefaultToolingModelBuilderRegistryCustomizer> (0x00000000891aa250) thrown at [./src/hotspot/share/classfile/systemDictionary.cpp, line 231]
Event: 4.621 Thread 0x000002a175401800 Exception <a 'java/lang/ClassNotFoundException'{0x0000000088f4c5a0}: org/codehaus/groovy/reflection/CachedFieldBeanInfo> (0x0000000088f4c5a0) thrown at [./src/hotspot/share/classfile/systemDictionary.cpp, line 231]
Event: 4.621 Thread 0x000002a175401800 Exception <a 'java/lang/ClassNotFoundException'{0x0000000088f6e9d0}: groovy/lang/MetaPropertyBeanInfo> (0x0000000088f6e9d0) thrown at [./src/hotspot/share/classfile/systemDictionary.cpp, line 231]
Event: 4.622 Thread 0x000002a175401800 Exception <a 'java/lang/ClassNotFoundException'{0x0000000088f91b68}: groovy/lang/MetaPropertyCustomizer> (0x0000000088f91b68) thrown at [./src/hotspot/share/classfile/systemDictionary.cpp, line 231]
Event: 4.627 Thread 0x000002a175401800 Exception <a 'java/lang/ClassNotFoundException'{0x0000000088d1b568}: org/codehaus/groovy/reflection/CachedFieldCustomizer> (0x0000000088d1b568) thrown at [./src/hotspot/share/classfile/systemDictionary.cpp, line 231]
Event: 4.634 Thread 0x000002a175401800 Exception <a 'java/lang/ClassNotFoundException'{0x0000000088dcc8a0}: org/gradle/tooling/provider/model/internal/DefaultToolingModelBuilderRegistry$1BeanInfo> (0x0000000088dcc8a0) thrown at [./src/hotspot/share/classfile/systemDictionary.cpp, line 231]
Event: 4.635 Thread 0x000002a175401800 Exception <a 'java/lang/ClassNotFoundException'{0x0000000088de9dc0}: org/gradle/tooling/provider/model/internal/DefaultToolingModelBuilderRegistry$1Customizer> (0x0000000088de9dc0) thrown at [./src/hotspot/share/classfile/systemDictionary.cpp, line 231]
Event: 4.637 Thread 0x000002a175401800 Exception <a 'java/lang/ClassNotFoundException'{0x0000000088c59260}: java/util/CollectionBeanInfo> (0x0000000088c59260) thrown at [./src/hotspot/share/classfile/systemDictionary.cpp, line 231]
Event: 4.638 Thread 0x000002a175401800 Exception <a 'java/lang/ClassNotFoundException'{0x0000000088c64350}: java/util/CollectionCustomizer> (0x0000000088c64350) thrown at [./src/hotspot/share/classfile/systemDictionary.cpp, line 231]
Event: 4.669 Thread 0x000002a175401800 Implicit null exception at 0x000002a1632bdc74 to 0x000002a1632bde84
Event: 4.723 Thread 0x000002a175401800 Exception <a 'java/lang/ClassNotFoundException'{0x000000008857e3e8}: build_414k6xmq9zcxa3hzmc07dlzvdBeanInfo> (0x000000008857e3e8) thrown at [./src/hotspot/share/classfile/systemDictionary.cpp, line 231]
Event: 4.723 Thread 0x000002a175401800 Exception <a 'java/lang/ClassNotFoundException'{0x00000000885ab1e0}: org/gradle/api/internal/project/ProjectScriptBeanInfo> (0x00000000885ab1e0) thrown at [./src/hotspot/share/classfile/systemDictionary.cpp, line 231]
Event: 4.724 Thread 0x000002a175401800 Exception <a 'java/lang/ClassNotFoundException'{0x00000000885c18a8}: org/gradle/api/internal/project/ProjectScriptCustomizer> (0x00000000885c18a8) thrown at [./src/hotspot/share/classfile/systemDictionary.cpp, line 231]
Event: 4.725 Thread 0x000002a175401800 Exception <a 'java/lang/ClassNotFoundException'{0x00000000885dcb28}: build_414k6xmq9zcxa3hzmc07dlzvdCustomizer> (0x00000000885dcb28) thrown at [./src/hotspot/share/classfile/systemDictionary.cpp, line 231]
Event: 4.732 Thread 0x000002a175401800 Exception <a 'java/lang/ClassNotFoundException'{0x0000000088460968}: org/gradle/plugin/use/internal/PluginRequestCollector$PluginDependenciesSpecImplBeanInfo> (0x0000000088460968) thrown at [./src/hotspot/share/classfile/systemDictionary.cpp, line 231]
Event: 4.732 Thread 0x000002a175401800 Exception <a 'java/lang/ClassNotFoundException'{0x000000008848f9a0}: org/gradle/plugin/use/internal/PluginRequestCollector$PluginDependenciesSpecImplCustomizer> (0x000000008848f9a0) thrown at [./src/hotspot/share/classfile/systemDictionary.cpp, line 231]
Event: 4.735 Thread 0x000002a175401800 Exception <a 'java/lang/ClassNotFoundException'{0x00000000884eec28}: org/gradle/plugin/use/internal/PluginRequestCollector$PluginDependencySpecImplBeanInfo> (0x00000000884eec28) thrown at [./src/hotspot/share/classfile/systemDictionary.cpp, line 231]
Event: 4.736 Thread 0x000002a175401800 Exception <a 'java/lang/ClassNotFoundException'{0x000000008831d1f8}: org/gradle/plugin/use/internal/PluginRequestCollector$PluginDependencySpecImplCustomizer> (0x000000008831d1f8) thrown at [./src/hotspot/share/classfile/systemDictionary.cpp, line 231]
Event: 4.879 Thread 0x000002a175401800 Exception <a 'java/lang/NoSuchMethodError'{0x00000000871338b8}: 'void java.lang.invoke.DirectMethodHandle$Holder.invokeStatic(java.lang.Object, java.lang.Object, java.lang.Object, int, java.lang.Object)'> (0x00000000871338b8) thrown at [./src/hotspot/share/interpreter/linkResolver.cpp, line 773]
Event: 5.097 Thread 0x000002a175401800 Exception <a 'java/lang/OutOfMemoryError'{0x00000000866f0f68}: unable to create native thread: possibly out of memory or process/resource limits reached> (0x00000000866f0f68) thrown at [./src/hotspot/share/prims/jvm.cpp, line 2924]

Events (20 events):
Event: 5.096 loading class org/gradle/internal/resource/cached/CachedItem
Event: 5.096 loading class org/gradle/internal/resource/cached/CachedItem done
Event: 5.096 loading class org/gradle/internal/resource/cached/CachedItem
Event: 5.096 loading class org/gradle/internal/resource/cached/CachedItem done
Event: 5.096 loading class org/gradle/internal/resource/cached/CachedItem
Event: 5.096 loading class org/gradle/internal/resource/cached/CachedItem done
Event: 5.096 loading class org/gradle/internal/resource/cached/AbstractCachedIndex
Event: 5.096 loading class org/gradle/internal/resource/cached/AbstractCachedIndex done
Event: 5.096 loading class org/gradle/internal/resource/cached/AbstractCachedIndex
Event: 5.096 loading class org/gradle/internal/resource/cached/AbstractCachedIndex done
Event: 5.096 loading class org/gradle/internal/resource/cached/AbstractCachedIndex
Event: 5.096 loading class org/gradle/internal/resource/cached/AbstractCachedIndex done
Event: 5.096 loading class org/gradle/internal/resource/cached/CachedItem
Event: 5.096 loading class org/gradle/internal/resource/cached/CachedItem done
Event: 5.096 loading class org/gradle/internal/resource/cached/AbstractCachedIndex
Event: 5.096 loading class org/gradle/internal/resource/cached/AbstractCachedIndex done
Event: 5.096 loading class org/gradle/internal/resource/cached/AbstractCachedIndex
Event: 5.096 loading class org/gradle/internal/resource/cached/AbstractCachedIndex done
Event: 5.096 Thread 0x000002a17a036000 Thread added: 0x000002a17a036000
Event: 5.097 Thread 0x000002a17a03a000 Thread added: 0x000002a17a03a000


Dynamic libraries:
0x00007ff705310000 - 0x00007ff70531a000 	C:\Program Files\Android\Android Studio\jre\bin\java.exe
0x00007ffb5a320000 - 0x00007ffb5a527000 	C:\Windows\SYSTEM32\ntdll.dll
0x00007ffb58b00000 - 0x00007ffb58bbd000 	C:\Windows\System32\KERNEL32.DLL
0x00007ffb579e0000 - 0x00007ffb57d54000 	C:\Windows\System32\KERNELBASE.dll
0x00007ffb58020000 - 0x00007ffb58131000 	C:\Windows\System32\ucrtbase.dll
0x00007ffb49f60000 - 0x00007ffb49f77000 	C:\Program Files\Android\Android Studio\jre\bin\VCRUNTIME140.dll
0x00007ffb50520000 - 0x00007ffb50539000 	C:\Program Files\Android\Android Studio\jre\bin\jli.dll
0x00007ffb59440000 - 0x00007ffb595ec000 	C:\Windows\System32\USER32.dll
0x00007ffb42430000 - 0x00007ffb426d5000 	C:\Windows\WinSxS\amd64_microsoft.windows.common-controls_6595b64144ccf1df_6.0.22000.120_none_9d947278b86cc467\COMCTL32.dll
0x00007ffb57e80000 - 0x00007ffb57ea6000 	C:\Windows\System32\win32u.dll
0x00007ffb597a0000 - 0x00007ffb59843000 	C:\Windows\System32\msvcrt.dll
0x00007ffb5a200000 - 0x00007ffb5a229000 	C:\Windows\System32\GDI32.dll
0x00007ffb57d60000 - 0x00007ffb57e72000 	C:\Windows\System32\gdi32full.dll
0x00007ffb57940000 - 0x00007ffb579dd000 	C:\Windows\System32\msvcp_win.dll
0x00007ffb5a230000 - 0x00007ffb5a261000 	C:\Windows\System32\IMM32.DLL
0x00007ffb47990000 - 0x00007ffb47a2d000 	C:\Program Files\Android\Android Studio\jre\bin\msvcp140.dll
0x00007ffaeb990000 - 0x00007ffaec465000 	C:\Program Files\Android\Android Studio\jre\bin\server\jvm.dll
0x00007ffb58cb0000 - 0x00007ffb58d5c000 	C:\Windows\System32\ADVAPI32.dll
0x00007ffb596e0000 - 0x00007ffb5977d000 	C:\Windows\System32\sechost.dll
0x00007ffb58220000 - 0x00007ffb58341000 	C:\Windows\System32\RPCRT4.dll
0x00007ffb59e60000 - 0x00007ffb59e68000 	C:\Windows\System32\PSAPI.DLL
0x00007ffb482c0000 - 0x00007ffb482c9000 	C:\Windows\SYSTEM32\WSOCK32.dll
0x00007ffb49c10000 - 0x00007ffb49c43000 	C:\Windows\SYSTEM32\WINMM.dll
0x00007ffb5a270000 - 0x00007ffb5a2df000 	C:\Windows\System32\WS2_32.dll
0x00007ffb505f0000 - 0x00007ffb505fa000 	C:\Windows\SYSTEM32\VERSION.dll
0x00007ffb56930000 - 0x00007ffb56948000 	C:\Windows\SYSTEM32\kernel.appcore.dll
0x00007ffb1b2e0000 - 0x00007ffb1b2f1000 	C:\Program Files\Android\Android Studio\jre\bin\verify.dll
0x00007ffb4d580000 - 0x00007ffb4d7a1000 	C:\Windows\SYSTEM32\DBGHELP.DLL
0x00007ffb4d540000 - 0x00007ffb4d571000 	C:\Windows\SYSTEM32\dbgcore.DLL
0x00007ffb578c0000 - 0x00007ffb57940000 	C:\Windows\System32\bcryptPrimitives.dll
0x00007ffb19820000 - 0x00007ffb19849000 	C:\Program Files\Android\Android Studio\jre\bin\java.dll
0x00007ffb45040000 - 0x00007ffb4504b000 	C:\Program Files\Android\Android Studio\jre\bin\jimage.dll
0x00007ffb18720000 - 0x00007ffb18738000 	C:\Program Files\Android\Android Studio\jre\bin\zip.dll
0x00007ffb58350000 - 0x00007ffb58af9000 	C:\Windows\System32\SHELL32.dll
0x00007ffb559b0000 - 0x00007ffb56212000 	C:\Windows\SYSTEM32\windows.storage.dll
0x00007ffb58d60000 - 0x00007ffb590d8000 	C:\Windows\System32\combase.dll
0x00007ffb55840000 - 0x00007ffb559a6000 	C:\Windows\SYSTEM32\wintypes.dll
0x00007ffb58bc0000 - 0x00007ffb58caa000 	C:\Windows\System32\SHCORE.dll
0x00007ffb59f00000 - 0x00007ffb59f5d000 	C:\Windows\System32\shlwapi.dll
0x00007ffb57730000 - 0x00007ffb57751000 	C:\Windows\SYSTEM32\profapi.dll
0x00007ffb165d0000 - 0x00007ffb165ea000 	C:\Program Files\Android\Android Studio\jre\bin\net.dll
0x00007ffb535b0000 - 0x00007ffb536bc000 	C:\Windows\SYSTEM32\WINHTTP.dll
0x00007ffb56d40000 - 0x00007ffb56da7000 	C:\Windows\system32\mswsock.dll
0x00007ffb10ae0000 - 0x00007ffb10af4000 	C:\Program Files\Android\Android Studio\jre\bin\nio.dll
0x00007ffb48870000 - 0x00007ffb48897000 	C:\Users\Marwa\.gradle\native\e1d6ef7f7dcc3fd88c89a11ec53ec762bb8ba0a96d01ffa2cd45eb1d1d8dd5c5\windows-amd64\native-platform.dll
0x00007ffb2fbf0000 - 0x00007ffb2fd34000 	C:\Users\Marwa\.gradle\native\5664cfc778a61ccfe75a443a1ab52a65af34e5dc3c78e0209fed803814484fcb\windows-amd64\native-platform-file-events.dll
0x00007ffb43a60000 - 0x00007ffb43a6a000 	C:\Program Files\Android\Android Studio\jre\bin\management.dll
0x00007ffb42420000 - 0x00007ffb4242d000 	C:\Program Files\Android\Android Studio\jre\bin\management_ext.dll
0x00007ffb56f90000 - 0x00007ffb56fa8000 	C:\Windows\SYSTEM32\CRYPTSP.dll
0x00007ffb56890000 - 0x00007ffb568c5000 	C:\Windows\system32\rsaenh.dll
0x00007ffb56e30000 - 0x00007ffb56e59000 	C:\Windows\SYSTEM32\USERENV.dll
0x00007ffb57100000 - 0x00007ffb57127000 	C:\Windows\SYSTEM32\bcrypt.dll
0x00007ffb56f80000 - 0x00007ffb56f8c000 	C:\Windows\SYSTEM32\CRYPTBASE.dll
0x00007ffb56470000 - 0x00007ffb5649d000 	C:\Windows\SYSTEM32\IPHLPAPI.DLL
0x00007ffb59790000 - 0x00007ffb59799000 	C:\Windows\System32\NSI.dll
0x00007ffb53450000 - 0x00007ffb53469000 	C:\Windows\SYSTEM32\dhcpcsvc6.DLL
0x00007ffb53bf0000 - 0x00007ffb53c0e000 	C:\Windows\SYSTEM32\dhcpcsvc.DLL
0x00007ffb564a0000 - 0x00007ffb56587000 	C:\Windows\SYSTEM32\DNSAPI.dll

dbghelp: loaded successfully - version: 4.0.5 - missing functions: none
symbol engine: initialized successfully - sym options: 0x614 - pdb path: .;C:\Program Files\Android\Android Studio\jre\bin;C:\Windows\SYSTEM32;C:\Windows\WinSxS\amd64_microsoft.windows.common-controls_6595b64144ccf1df_6.0.22000.120_none_9d947278b86cc467;C:\Program Files\Android\Android Studio\jre\bin\server;C:\Users\Marwa\.gradle\native\e1d6ef7f7dcc3fd88c89a11ec53ec762bb8ba0a96d01ffa2cd45eb1d1d8dd5c5\windows-amd64;C:\Users\Marwa\.gradle\native\5664cfc778a61ccfe75a443a1ab52a65af34e5dc3c78e0209fed803814484fcb\windows-amd64

VM Arguments:
jvm_args: --add-opens=java.base/java.util=ALL-UNNAMED --add-opens=java.base/java.lang=ALL-UNNAMED --add-opens=java.base/java.lang.invoke=ALL-UNNAMED --add-opens=java.base/java.util=ALL-UNNAMED --add-opens=java.prefs/java.util.prefs=ALL-UNNAMED --add-opens=java.prefs/java.util.prefs=ALL-UNNAMED --add-opens=java.base/java.nio.charset=ALL-UNNAMED --add-opens=java.base/java.net=ALL-UNNAMED --add-opens=java.base/java.util.concurrent.atomic=ALL-UNNAMED -Xmx2048m -Dfile.encoding=UTF-8 -Duser.country=US -Duser.language=en -Duser.variant 
java_command: org.gradle.launcher.daemon.bootstrap.GradleDaemon 7.2
java_class_path (initial): C:\Users\Marwa\.gradle\wrapper\dists\gradle-7.2-bin\2dnblmf4td7x66yl1d74lt32g\gradle-7.2\lib\gradle-launcher-7.2.jar
Launcher Type: SUN_STANDARD

[Global flags]
     intx CICompilerCount                          = 4                                         {product} {ergonomic}
     uint ConcGCThreads                            = 2                                         {product} {ergonomic}
     uint G1ConcRefinementThreads                  = 8                                         {product} {ergonomic}
   size_t G1HeapRegionSize                         = 1048576                                   {product} {ergonomic}
    uintx GCDrainStackTargetSize                   = 64                                        {product} {ergonomic}
   size_t InitialHeapSize                          = 132120576                                 {product} {ergonomic}
   size_t MarkStackSize                            = 4194304                                   {product} {ergonomic}
   size_t MaxHeapSize                              = 2147483648                                {product} {command line}
   size_t MaxNewSize                               = 1287651328                                {product} {ergonomic}
   size_t MinHeapDeltaBytes                        = 1048576                                   {product} {ergonomic}
    uintx NonNMethodCodeHeapSize                   = 5836300                                {pd product} {ergonomic}
    uintx NonProfiledCodeHeapSize                  = 122910970                              {pd product} {ergonomic}
    uintx ProfiledCodeHeapSize                     = 122910970                              {pd product} {ergonomic}
    uintx ReservedCodeCacheSize                    = 251658240                              {pd product} {ergonomic}
     bool SegmentedCodeCache                       = true                                      {product} {ergonomic}
     bool UseCompressedClassPointers               = true                                 {lp64_product} {ergonomic}
     bool UseCompressedOops                        = true                                 {lp64_product} {ergonomic}
     bool UseG1GC                                  = true                                      {product} {ergonomic}
     bool UseLargePagesIndividualAllocation        = false                                  {pd product} {ergonomic}

Logging:
Log output configuration:
 #0: stdout all=warning uptime,level,tags
 #1: stderr all=off uptime,level,tags

Environment Variables:
PATH=C:\oraclexe\app\oracle\product\10.2.0\server\bin;C:\Program Files (x86)\NVIDIA Corporation\PhysX\Common;C:\Python310\Scripts\;C:\Python310\;C:\Program Files\Common Files\Oracle\Java\javapath;C:\Windows\system32;C:\Windows;C:\Windows\System32\Wbem;C:\Windows\System32\WindowsPowerShell\v1.0\;C:\Windows\System32\OpenSSH\;C:\Users\Marwa\AppData\Roaming\nvm;C:\Program Files\nodejs;C:\Program Files\Git\cmd;C:\Program Files\Java\jdk-16.0.2\bin;C:\msys64\mingw64\bin;C:\xampp\php;C:\ProgramData\ComposerSetup\bin;C:\Users\Marwa\AppData\Local\Microsoft\WindowsApps;C:\Users\Marwa\AppData\Roaming\npm;C:\Users\Marwa\AppData\Local\Programs\Microsoft VS Code\bin;C:\Users\Marwa\AppData\Roaming\nvm;C:\Program Files\nodejs;C:\MinGW\bin;C:\Users\Marwa\AppData\Roaming\Composer\vendor\bin
USERNAME=Marwa
OS=Windows_NT
PROCESSOR_IDENTIFIER=Intel64 Family 6 Model 165 Stepping 2, GenuineIntel



---------------  S Y S T E M  ---------------

OS: Windows 10 , 64 bit Build 22000 (10.0.22000.120)
OS uptime: 5 days 1:03 hours

CPU:total 8 (initial active 8) (4 cores per cpu, 2 threads per core) family 6 model 165 stepping 2 microcode 0xe0, cmov, cx8, fxsr, mmx, sse, sse2, sse3, ssse3, sse4.1, sse4.2, popcnt, avx, avx2, aes, clmul, erms, 3dnowpref, lzcnt, ht, tsc, tscinvbit, bmi1, bmi2, adx, fma

Memory: 4k page, system-wide physical 8010M (434M free)
TotalPageFile size 10058M (AvailPageFile size 5M)
current process WorkingSet (physical memory assigned to process): 332M, peak: 335M
current process commit charge ("private bytes"): 373M, peak: 375M

vm_info: OpenJDK 64-Bit Server VM (11.0.11+9-b60-7590822) for windows-amd64 JRE (11.0.11+9-b60-7590822), built on Jul 29 2021 21:43:44 by "builder" with MS VC++ 14.0 (VS2015)

END.
