#
# There is insufficient memory for the Java Runtime Environment to continue.
# Native memory allocation (malloc) failed to allocate 1797456 bytes for Chunk::new
# Possible reasons:
#   The system is out of physical RAM or swap space
#   The process is running with CompressedOops enabled, and the Java Heap may be blocking the growth of the native heap
# Possible solutions:
#   Reduce memory load on the system
#   Increase physical memory or swap space
#   Check if swap backing store is full
#   Decrease Java heap size (-Xmx/-Xms)
#   Decrease number of Java threads
#   Decrease Java thread stack sizes (-Xss)
#   Set larger code cache with -XX:ReservedCodeCacheSize=
#   JVM is running with Unscaled Compressed Oops mode in which the Java heap is
#     placed in the first 4GB address space. The Java Heap base address is the
#     maximum limit for the native heap growth. Please use -XX:HeapBaseMinAddress
#     to set the Java Heap base and to place the Java Heap above 4GB virtual address.
# This output file may be truncated or incomplete.
#
#  Out of Memory Error (./src/hotspot/share/memory/arena.cpp:197), pid=15144, tid=11628
#
# JRE version: OpenJDK Runtime Environment (11.0.11+9) (build 11.0.11+9-b60-7590822)
# Java VM: OpenJDK 64-Bit Server VM (11.0.11+9-b60-7590822, mixed mode, tiered, compressed oops, g1 gc, windows-amd64)
# No core dump will be written. Minidumps are not enabled by default on client versions of Windows
#

---------------  S U M M A R Y ------------

Command Line: --add-opens=java.base/java.util=ALL-UNNAMED --add-opens=java.base/java.lang=ALL-UNNAMED --add-opens=java.base/java.lang.invoke=ALL-UNNAMED --add-opens=java.base/java.util=ALL-UNNAMED --add-opens=java.prefs/java.util.prefs=ALL-UNNAMED --add-opens=java.prefs/java.util.prefs=ALL-UNNAMED --add-opens=java.base/java.nio.charset=ALL-UNNAMED --add-opens=java.base/java.net=ALL-UNNAMED --add-opens=java.base/java.util.concurrent.atomic=ALL-UNNAMED -Xmx2048m -Dfile.encoding=UTF-8 -Duser.country=US -Duser.language=en -Duser.variant org.gradle.launcher.daemon.bootstrap.GradleDaemon 7.2

Host: Intel(R) Core(TM) i5-10300H CPU @ 2.50GHz, 8 cores, 7G,  Windows 10 , 64 bit Build 22000 (10.0.22000.120)
Time: Tue Dec  6 22:47:26 2022 W. Central Africa Standard Time elapsed time: 6.204915 seconds (0d 0h 0m 6s)

---------------  T H R E A D  ---------------

Current thread (0x00000236a56da000):  JavaThread "C2 CompilerThread0" daemon [_thread_in_native, id=11628, stack(0x0000009ea4100000,0x0000009ea4200000)]


Current CompileTask:
C2:   6204 5752       4       java.net.URLClassLoader$1::run (5 bytes)

Stack: [0x0000009ea4100000,0x0000009ea4200000]
Native frames: (J=compiled Java code, j=interpreted, Vv=VM code, C=native code)
V  [jvm.dll+0x5f214a]
V  [jvm.dll+0x726fb5]
V  [jvm.dll+0x7285cd]
V  [jvm.dll+0x728c83]
V  [jvm.dll+0x243278]
V  [jvm.dll+0xbc53c]
V  [jvm.dll+0xbca3c]
V  [jvm.dll+0x353e7d]
V  [jvm.dll+0x19875c]
V  [jvm.dll+0x1fc2ee]
V  [jvm.dll+0x1fb3d4]
V  [jvm.dll+0x183d6c]
V  [jvm.dll+0x209a57]
V  [jvm.dll+0x2082a1]
V  [jvm.dll+0x6ef58f]
V  [jvm.dll+0x6e80b5]
V  [jvm.dll+0x5f1036]
C  [ucrtbase.dll+0x26c0c]
C  [KERNEL32.DLL+0x154e0]
C  [ntdll.dll+0x485b]


---------------  P R O C E S S  ---------------

Threads class SMR info:
_java_thread_list=0x00000236aab9f8e0, length=122, elements={
0x000002368a8ae800, 0x00000236a4d23000, 0x00000236a4d30000, 0x00000236a56d4800,
0x00000236a56d5800, 0x00000236a56d7000, 0x00000236a56da000, 0x00000236a56db000,
0x00000236a56de000, 0x00000236a5822800, 0x00000236a7053800, 0x00000236a880c800,
0x00000236a7645000, 0x00000236a7e19800, 0x00000236a8065800, 0x00000236a7776800,
0x00000236a7c11000, 0x00000236a7c12000, 0x00000236a6ac1800, 0x00000236a79ed000,
0x00000236a79ef800, 0x00000236a79ee800, 0x00000236a79ee000, 0x00000236a888a000,
0x00000236a79f2000, 0x00000236a79ec800, 0x00000236a79f0800, 0x00000236a79f1000,
0x00000236a79f3000, 0x00000236a7fdb000, 0x00000236a7fdc800, 0x00000236a7fe0000,
0x00000236a7fdd800, 0x00000236a7fe0800, 0x00000236a7fe1800, 0x00000236a7fdc000,
0x00000236a7fe2800, 0x00000236a7fdf000, 0x00000236a7fe3000, 0x00000236a7fde000,
0x00000236a7fe4800, 0x00000236a7fe5800, 0x00000236a7fe6800, 0x00000236a7fe8000,
0x00000236a7fe7000, 0x00000236a7fe9000, 0x00000236ab494000, 0x00000236ab490800,
0x00000236ab491800, 0x00000236ab48e800, 0x00000236ab495000, 0x00000236ab492800,
0x00000236ab493000, 0x00000236ab48f000, 0x00000236ab495800, 0x00000236ab490000,
0x00000236ab497800, 0x00000236ab49a800, 0x00000236ab49b800, 0x00000236ab49c000,
0x00000236ab498000, 0x00000236ab499000, 0x00000236ab496800, 0x00000236ab49d000,
0x00000236ab499800, 0x00000236a7875000, 0x00000236a7876000, 0x00000236a7874800,
0x00000236a787b000, 0x00000236a787a000, 0x00000236a7877800, 0x00000236a787c000,
0x00000236a787c800, 0x00000236a7877000, 0x00000236a7878800, 0x00000236a787d800,
0x00000236a787e000, 0x00000236a787f000, 0x00000236a7879800, 0x00000236a7881800,
0x00000236a7880800, 0x00000236a7880000, 0x00000236a7882800, 0x00000236a7883000,
0x00000236ab212800, 0x00000236ab214000, 0x00000236ab210000, 0x00000236ab210800,
0x00000236ab215000, 0x00000236ab213000, 0x00000236ab20f000, 0x00000236ab215800,
0x00000236ab216800, 0x00000236ab211800, 0x00000236ab21b800, 0x00000236ab21d000,
0x00000236ab21c000, 0x00000236ab217800, 0x00000236ab21e000, 0x00000236ab218000,
0x00000236ab219000, 0x00000236ab219800, 0x00000236ab21a800, 0x00000236a5bcc000,
0x00000236a5bcc800, 0x00000236a5bcd800, 0x00000236a5bc9800, 0x00000236a5bce800,
0x00000236a5bca800, 0x00000236a5bc8800, 0x00000236a5bcf000, 0x00000236a5bd0000,
0x00000236a5bd1000, 0x00000236a5bcb000, 0x00000236a5bd7800, 0x00000236a5bd2800,
0x00000236a5bd1800, 0x00000236a5bd3000, 0x00000236a5bd6800, 0x00000236a5bd4000,
0x00000236a5bd5000, 0x00000236a5bd5800
}

Java Threads: ( => current thread )
  0x000002368a8ae800 JavaThread "main" [_thread_blocked, id=12096, stack(0x0000009ea3500000,0x0000009ea3600000)]
  0x00000236a4d23000 JavaThread "Reference Handler" daemon [_thread_blocked, id=8324, stack(0x0000009ea3c00000,0x0000009ea3d00000)]
  0x00000236a4d30000 JavaThread "Finalizer" daemon [_thread_blocked, id=14508, stack(0x0000009ea3d00000,0x0000009ea3e00000)]
  0x00000236a56d4800 JavaThread "Signal Dispatcher" daemon [_thread_blocked, id=16248, stack(0x0000009ea3e00000,0x0000009ea3f00000)]
  0x00000236a56d5800 JavaThread "Attach Listener" daemon [_thread_blocked, id=5728, stack(0x0000009ea3f00000,0x0000009ea4000000)]
  0x00000236a56d7000 JavaThread "Service Thread" daemon [_thread_blocked, id=16092, stack(0x0000009ea4000000,0x0000009ea4100000)]
=>0x00000236a56da000 JavaThread "C2 CompilerThread0" daemon [_thread_in_native, id=11628, stack(0x0000009ea4100000,0x0000009ea4200000)]
  0x00000236a56db000 JavaThread "C1 CompilerThread0" daemon [_thread_blocked, id=10796, stack(0x0000009ea4200000,0x0000009ea4300000)]
  0x00000236a56de000 JavaThread "Sweeper thread" daemon [_thread_blocked, id=14872, stack(0x0000009ea4300000,0x0000009ea4400000)]
  0x00000236a5822800 JavaThread "Common-Cleaner" daemon [_thread_blocked, id=11992, stack(0x0000009ea4400000,0x0000009ea4500000)]
  0x00000236a7053800 JavaThread "Daemon health stats" [_thread_blocked, id=14048, stack(0x0000009ea4a00000,0x0000009ea4b00000)]
  0x00000236a880c800 JavaThread "Incoming local TCP Connector on port 60724" [_thread_in_native, id=10648, stack(0x0000009ea4600000,0x0000009ea4700000)]
  0x00000236a7645000 JavaThread "Daemon periodic checks" [_thread_blocked, id=14332, stack(0x0000009ea4700000,0x0000009ea4800000)]
  0x00000236a7e19800 JavaThread "Daemon" [_thread_blocked, id=11028, stack(0x0000009ea4b00000,0x0000009ea4c00000)]
  0x00000236a8065800 JavaThread "Handler for socket connection from /127.0.0.1:60724 to /127.0.0.1:60725" [_thread_in_native, id=11500, stack(0x0000009ea4c00000,0x0000009ea4d00000)]
  0x00000236a7776800 JavaThread "Cancel handler" [_thread_blocked, id=1500, stack(0x0000009ea4d00000,0x0000009ea4e00000)]
  0x00000236a7c11000 JavaThread "Daemon worker" [_thread_in_vm, id=12684, stack(0x0000009ea4e00000,0x0000009ea4f00000)]
  0x00000236a7c12000 JavaThread "Asynchronous log dispatcher for DefaultDaemonConnection: socket connection from /127.0.0.1:60724 to /127.0.0.1:60725" [_thread_blocked, id=13540, stack(0x0000009ea4f00000,0x0000009ea5000000)]
  0x00000236a6ac1800 JavaThread "Stdin handler" [_thread_blocked, id=2844, stack(0x0000009ea5000000,0x0000009ea5100000)]
  0x00000236a79ed000 JavaThread "Daemon client event forwarder" [_thread_blocked, id=17064, stack(0x0000009ea5100000,0x0000009ea5200000)]
  0x00000236a79ef800 JavaThread "Cache worker for journal cache (C:\Users\Marwa\.gradle\caches\journal-1)" [_thread_blocked, id=11284, stack(0x0000009ea5800000,0x0000009ea5900000)]
  0x00000236a79ee800 JavaThread "File lock request listener" [_thread_in_native, id=3964, stack(0x0000009ea5900000,0x0000009ea5a00000)]
  0x00000236a79ee000 JavaThread "Cache worker for file hash cache (C:\Users\Marwa\.gradle\caches\7.2\fileHashes)" [_thread_blocked, id=15852, stack(0x0000009ea5b00000,0x0000009ea5c00000)]
  0x00000236a888a000 JavaThread "C2 CompilerThread1" daemon [_thread_in_native, id=6856, stack(0x0000009ea5c00000,0x0000009ea5d00000)]
  0x00000236a79f2000 JavaThread "Cache worker for file hash cache (C:\Users\Marwa\OneDrive\Bureau\tuto\dev_mobile\Gestion_Poubelle_Intelligente\.gradle\7.2\fileHashes)" [_thread_blocked, id=4064, stack(0x0000009ea5d00000,0x0000009ea5e00000)]
  0x00000236a79ec800 JavaThread "File watcher server" daemon [_thread_in_native, id=9744, stack(0x0000009ea5e00000,0x0000009ea5f00000)]
  0x00000236a79f0800 JavaThread "File watcher consumer" daemon [_thread_blocked, id=7992, stack(0x0000009ea5f00000,0x0000009ea6000000)]
  0x00000236a79f1000 JavaThread "jar transforms" [_thread_blocked, id=1808, stack(0x0000009ea6000000,0x0000009ea6100000)]
  0x00000236a79f3000 JavaThread "jar transforms Thread 2" [_thread_blocked, id=14984, stack(0x0000009ea6100000,0x0000009ea6200000)]
  0x00000236a7fdb000 JavaThread "jar transforms Thread 3" [_thread_blocked, id=608, stack(0x0000009ea6200000,0x0000009ea6300000)]
  0x00000236a7fdc800 JavaThread "jar transforms Thread 4" [_thread_blocked, id=3572, stack(0x0000009ea6300000,0x0000009ea6400000)]
  0x00000236a7fe0000 JavaThread "jar transforms Thread 5" [_thread_blocked, id=5500, stack(0x0000009ea6400000,0x0000009ea6500000)]
  0x00000236a7fdd800 JavaThread "jar transforms Thread 6" [_thread_blocked, id=14500, stack(0x0000009ea6500000,0x0000009ea6600000)]
  0x00000236a7fe0800 JavaThread "jar transforms Thread 7" [_thread_blocked, id=9956, stack(0x0000009ea6600000,0x0000009ea6700000)]
  0x00000236a7fe1800 JavaThread "jar transforms Thread 8" [_thread_blocked, id=8244, stack(0x0000009ea6700000,0x0000009ea6800000)]
  0x00000236a7fdc000 JavaThread "Cache worker for checksums cache (C:\Users\Marwa\OneDrive\Bureau\tuto\dev_mobile\Gestion_Poubelle_Intelligente\.gradle\checksums)" [_thread_blocked, id=16328, stack(0x0000009ea6800000,0x0000009ea6900000)]
  0x00000236a7fe2800 JavaThread "Cache worker for cache directory md-supplier (C:\Users\Marwa\.gradle\caches\7.2\md-supplier)" [_thread_blocked, id=13060, stack(0x0000009ea6900000,0x0000009ea6a00000)]
  0x00000236a7fdf000 JavaThread "Cache worker for cache directory md-rule (C:\Users\Marwa\.gradle\caches\7.2\md-rule)" [_thread_blocked, id=13032, stack(0x0000009ea6a00000,0x0000009ea6b00000)]
  0x00000236a7fe3000 JavaThread "Cache worker for execution history cache (C:\Users\Marwa\.gradle\caches\7.2\executionHistory)" [_thread_blocked, id=11812, stack(0x0000009ea6b00000,0x0000009ea6c00000)]
  0x00000236a7fde000 JavaThread "Cache worker for file content cache (C:\Users\Marwa\.gradle\caches\7.2\fileContent)" [_thread_blocked, id=13160, stack(0x0000009ea6c00000,0x0000009ea6d00000)]
  0x00000236a7fe4800 JavaThread "Cache worker for dependencies-accessors (C:\Users\Marwa\OneDrive\Bureau\tuto\dev_mobile\Gestion_Poubelle_Intelligente\.gradle\7.2\dependencies-accessors)" [_thread_blocked, id=1764, stack(0x0000009ea6d00000,0x0000009ea6e00000)]
  0x00000236a7fe5800 JavaThread "Cache worker for Build Output Cleanup Cache (C:\Users\Marwa\OneDrive\Bureau\tuto\dev_mobile\Gestion_Poubelle_Intelligente\.gradle\buildOutputCleanup)" [_thread_blocked, id=15676, stack(0x0000009ea6e00000,0x0000009ea6f00000)]
  0x00000236a7fe6800 JavaThread "Unconstrained build operations" [_thread_blocked, id=4804, stack(0x0000009ea6f00000,0x0000009ea7000000)]
  0x00000236a7fe8000 JavaThread "Unconstrained build operations Thread 2" [_thread_blocked, id=8664, stack(0x0000009ea7000000,0x0000009ea7100000)]
  0x00000236a7fe7000 JavaThread "Unconstrained build operations Thread 3" [_thread_blocked, id=16840, stack(0x0000009ea7100000,0x0000009ea7200000)]
  0x00000236a7fe9000 JavaThread "Unconstrained build operations Thread 4" [_thread_blocked, id=16908, stack(0x0000009ea7200000,0x0000009ea7300000)]
  0x00000236ab494000 JavaThread "Unconstrained build operations Thread 5" [_thread_blocked, id=15976, stack(0x0000009ea7300000,0x0000009ea7400000)]
  0x00000236ab490800 JavaThread "Unconstrained build operations Thread 6" [_thread_blocked, id=16640, stack(0x0000009ea7400000,0x0000009ea7500000)]
  0x00000236ab491800 JavaThread "Unconstrained build operations Thread 7" [_thread_blocked, id=17220, stack(0x0000009ea7500000,0x0000009ea7600000)]
  0x00000236ab48e800 JavaThread "Unconstrained build operations Thread 8" [_thread_blocked, id=14892, stack(0x0000009ea7600000,0x0000009ea7700000)]
  0x00000236ab495000 JavaThread "Unconstrained build operations Thread 9" [_thread_blocked, id=14992, stack(0x0000009ea7700000,0x0000009ea7800000)]
  0x00000236ab492800 JavaThread "Unconstrained build operations Thread 10" [_thread_blocked, id=8220, stack(0x0000009ea7800000,0x0000009ea7900000)]
  0x00000236ab493000 JavaThread "Unconstrained build operations Thread 11" [_thread_blocked, id=14284, stack(0x0000009ea7900000,0x0000009ea7a00000)]
  0x00000236ab48f000 JavaThread "Unconstrained build operations Thread 12" [_thread_blocked, id=15532, stack(0x0000009ea7a00000,0x0000009ea7b00000)]
  0x00000236ab495800 JavaThread "Unconstrained build operations Thread 13" [_thread_blocked, id=3436, stack(0x0000009ea7b00000,0x0000009ea7c00000)]
  0x00000236ab490000 JavaThread "Unconstrained build operations Thread 14" [_thread_blocked, id=7472, stack(0x0000009ea7c00000,0x0000009ea7d00000)]
  0x00000236ab497800 JavaThread "Unconstrained build operations Thread 15" [_thread_blocked, id=16096, stack(0x0000009ea7d00000,0x0000009ea7e00000)]
  0x00000236ab49a800 JavaThread "Unconstrained build operations Thread 16" [_thread_blocked, id=15020, stack(0x0000009ea7e00000,0x0000009ea7f00000)]
  0x00000236ab49b800 JavaThread "Unconstrained build operations Thread 17" [_thread_blocked, id=7664, stack(0x0000009ea7f00000,0x0000009ea8000000)]
  0x00000236ab49c000 JavaThread "Unconstrained build operations Thread 18" [_thread_blocked, id=3492, stack(0x0000009ea8000000,0x0000009ea8100000)]
  0x00000236ab498000 JavaThread "Unconstrained build operations Thread 19" [_thread_blocked, id=15836, stack(0x0000009ea8100000,0x0000009ea8200000)]
  0x00000236ab499000 JavaThread "Unconstrained build operations Thread 20" [_thread_blocked, id=11644, stack(0x0000009ea8200000,0x0000009ea8300000)]
  0x00000236ab496800 JavaThread "Unconstrained build operations Thread 21" [_thread_blocked, id=264, stack(0x0000009ea8300000,0x0000009ea8400000)]
  0x00000236ab49d000 JavaThread "Unconstrained build operations Thread 22" [_thread_blocked, id=9316, stack(0x0000009ea8400000,0x0000009ea8500000)]
  0x00000236ab499800 JavaThread "Unconstrained build operations Thread 23" [_thread_blocked, id=6604, stack(0x0000009ea8500000,0x0000009ea8600000)]
  0x00000236a7875000 JavaThread "Unconstrained build operations Thread 24" [_thread_blocked, id=1440, stack(0x0000009ea8600000,0x0000009ea8700000)]
  0x00000236a7876000 JavaThread "Unconstrained build operations Thread 25" [_thread_blocked, id=4928, stack(0x0000009ea8700000,0x0000009ea8800000)]
  0x00000236a7874800 JavaThread "Unconstrained build operations Thread 26" [_thread_blocked, id=11192, stack(0x0000009ea8800000,0x0000009ea8900000)]
  0x00000236a787b000 JavaThread "Unconstrained build operations Thread 27" [_thread_blocked, id=7056, stack(0x0000009ea8900000,0x0000009ea8a00000)]
  0x00000236a787a000 JavaThread "Unconstrained build operations Thread 28" [_thread_blocked, id=5712, stack(0x0000009ea8a00000,0x0000009ea8b00000)]
  0x00000236a7877800 JavaThread "Unconstrained build operations Thread 29" [_thread_blocked, id=10096, stack(0x0000009ea8b00000,0x0000009ea8c00000)]
  0x00000236a787c000 JavaThread "Unconstrained build operations Thread 30" [_thread_blocked, id=9000, stack(0x0000009ea8c00000,0x0000009ea8d00000)]
  0x00000236a787c800 JavaThread "Unconstrained build operations Thread 31" [_thread_blocked, id=7988, stack(0x0000009ea8d00000,0x0000009ea8e00000)]
  0x00000236a7877000 JavaThread "Unconstrained build operations Thread 32" [_thread_blocked, id=12028, stack(0x0000009ea8e00000,0x0000009ea8f00000)]
  0x00000236a7878800 JavaThread "Unconstrained build operations Thread 33" [_thread_blocked, id=12584, stack(0x0000009ea8f00000,0x0000009ea9000000)]
  0x00000236a787d800 JavaThread "Unconstrained build operations Thread 34" [_thread_blocked, id=14612, stack(0x0000009ea9000000,0x0000009ea9100000)]
  0x00000236a787e000 JavaThread "Unconstrained build operations Thread 35" [_thread_blocked, id=15312, stack(0x0000009ea9100000,0x0000009ea9200000)]
  0x00000236a787f000 JavaThread "Unconstrained build operations Thread 36" [_thread_blocked, id=7232, stack(0x0000009ea9200000,0x0000009ea9300000)]
  0x00000236a7879800 JavaThread "Unconstrained build operations Thread 37" [_thread_blocked, id=1988, stack(0x0000009ea9300000,0x0000009ea9400000)]
  0x00000236a7881800 JavaThread "Unconstrained build operations Thread 38" [_thread_blocked, id=17088, stack(0x0000009ea9400000,0x0000009ea9500000)]
  0x00000236a7880800 JavaThread "Unconstrained build operations Thread 39" [_thread_blocked, id=692, stack(0x0000009ea9500000,0x0000009ea9600000)]
  0x00000236a7880000 JavaThread "Unconstrained build operations Thread 40" [_thread_blocked, id=6740, stack(0x0000009ea9600000,0x0000009ea9700000)]
  0x00000236a7882800 JavaThread "Unconstrained build operations Thread 41" [_thread_blocked, id=1756, stack(0x0000009ea9700000,0x0000009ea9800000)]
  0x00000236a7883000 JavaThread "Unconstrained build operations Thread 42" [_thread_blocked, id=9444, stack(0x0000009ea9800000,0x0000009ea9900000)]
  0x00000236ab212800 JavaThread "Unconstrained build operations Thread 43" [_thread_blocked, id=2972, stack(0x0000009ea9900000,0x0000009ea9a00000)]
  0x00000236ab214000 JavaThread "Unconstrained build operations Thread 44" [_thread_blocked, id=16412, stack(0x0000009ea9a00000,0x0000009ea9b00000)]
  0x00000236ab210000 JavaThread "Unconstrained build operations Thread 45" [_thread_blocked, id=4008, stack(0x0000009ea9b00000,0x0000009ea9c00000)]
  0x00000236ab210800 JavaThread "Unconstrained build operations Thread 46" [_thread_blocked, id=11564, stack(0x0000009ea9c00000,0x0000009ea9d00000)]
  0x00000236ab215000 JavaThread "Unconstrained build operations Thread 47" [_thread_blocked, id=15536, stack(0x0000009ea9d00000,0x0000009ea9e00000)]
  0x00000236ab213000 JavaThread "Unconstrained build operations Thread 48" [_thread_blocked, id=2456, stack(0x0000009ea9e00000,0x0000009ea9f00000)]
  0x00000236ab20f000 JavaThread "Unconstrained build operations Thread 49" [_thread_blocked, id=15864, stack(0x0000009ea9f00000,0x0000009eaa000000)]
  0x00000236ab215800 JavaThread "Unconstrained build operations Thread 50" [_thread_blocked, id=12772, stack(0x0000009eaa000000,0x0000009eaa100000)]
  0x00000236ab216800 JavaThread "Unconstrained build operations Thread 51" [_thread_blocked, id=16324, stack(0x0000009eaa100000,0x0000009eaa200000)]
  0x00000236ab211800 JavaThread "Unconstrained build operations Thread 52" [_thread_blocked, id=15988, stack(0x0000009eaa200000,0x0000009eaa300000)]
  0x00000236ab21b800 JavaThread "Unconstrained build operations Thread 53" [_thread_blocked, id=7556, stack(0x0000009eaa300000,0x0000009eaa400000)]
  0x00000236ab21d000 JavaThread "Unconstrained build operations Thread 54" [_thread_blocked, id=12208, stack(0x0000009eaa400000,0x0000009eaa500000)]
  0x00000236ab21c000 JavaThread "Unconstrained build operations Thread 55" [_thread_blocked, id=2320, stack(0x0000009eaa500000,0x0000009eaa600000)]
  0x00000236ab217800 JavaThread "Unconstrained build operations Thread 56" [_thread_blocked, id=11176, stack(0x0000009eaa600000,0x0000009eaa700000)]
  0x00000236ab21e000 JavaThread "Unconstrained build operations Thread 57" [_thread_blocked, id=13572, stack(0x0000009eaa700000,0x0000009eaa800000)]
  0x00000236ab218000 JavaThread "Unconstrained build operations Thread 58" [_thread_blocked, id=5272, stack(0x0000009eaa800000,0x0000009eaa900000)]
  0x00000236ab219000 JavaThread "Unconstrained build operations Thread 59" [_thread_blocked, id=7060, stack(0x0000009eaa900000,0x0000009eaaa00000)]
  0x00000236ab219800 JavaThread "Unconstrained build operations Thread 60" [_thread_blocked, id=5800, stack(0x0000009eaaa00000,0x0000009eaab00000)]
  0x00000236ab21a800 JavaThread "Unconstrained build operations Thread 61" [_thread_blocked, id=15608, stack(0x0000009eaab00000,0x0000009eaac00000)]
  0x00000236a5bcc000 JavaThread "Unconstrained build operations Thread 62" [_thread_blocked, id=936, stack(0x0000009eaac00000,0x0000009eaad00000)]
  0x00000236a5bcc800 JavaThread "Unconstrained build operations Thread 63" [_thread_blocked, id=10616, stack(0x0000009eaad00000,0x0000009eaae00000)]
  0x00000236a5bcd800 JavaThread "Unconstrained build operations Thread 64" [_thread_blocked, id=12904, stack(0x0000009eaae00000,0x0000009eaaf00000)]
  0x00000236a5bc9800 JavaThread "Unconstrained build operations Thread 65" [_thread_blocked, id=15136, stack(0x0000009eaaf00000,0x0000009eab000000)]
  0x00000236a5bce800 JavaThread "Unconstrained build operations Thread 66" [_thread_blocked, id=11980, stack(0x0000009eab000000,0x0000009eab100000)]
  0x00000236a5bca800 JavaThread "Unconstrained build operations Thread 67" [_thread_blocked, id=14752, stack(0x0000009eab100000,0x0000009eab200000)]
  0x00000236a5bc8800 JavaThread "Unconstrained build operations Thread 68" [_thread_blocked, id=11772, stack(0x0000009eab200000,0x0000009eab300000)]
  0x00000236a5bcf000 JavaThread "Unconstrained build operations Thread 69" [_thread_blocked, id=12520, stack(0x0000009eab300000,0x0000009eab400000)]
  0x00000236a5bd0000 JavaThread "Unconstrained build operations Thread 70" [_thread_blocked, id=8432, stack(0x0000009eab400000,0x0000009eab500000)]
  0x00000236a5bd1000 JavaThread "Unconstrained build operations Thread 71" [_thread_blocked, id=12316, stack(0x0000009eab500000,0x0000009eab600000)]
  0x00000236a5bcb000 JavaThread "Unconstrained build operations Thread 72" [_thread_blocked, id=15056, stack(0x0000009eab600000,0x0000009eab700000)]
  0x00000236a5bd7800 JavaThread "Unconstrained build operations Thread 73" [_thread_blocked, id=12476, stack(0x0000009eab700000,0x0000009eab800000)]
  0x00000236a5bd2800 JavaThread "Unconstrained build operations Thread 74" [_thread_blocked, id=5524, stack(0x0000009eab800000,0x0000009eab900000)]
  0x00000236a5bd1800 JavaThread "Unconstrained build operations Thread 75" [_thread_blocked, id=11912, stack(0x0000009eab900000,0x0000009eaba00000)]
  0x00000236a5bd3000 JavaThread "Unconstrained build operations Thread 76" [_thread_blocked, id=3220, stack(0x0000009eaba00000,0x0000009eabb00000)]
  0x00000236a5bd6800 JavaThread "Unconstrained build operations Thread 77" [_thread_blocked, id=11936, stack(0x0000009eabb00000,0x0000009eabc00000)]
  0x00000236a5bd4000 JavaThread "Unconstrained build operations Thread 78" [_thread_blocked, id=4684, stack(0x0000009eabc00000,0x0000009eabd00000)]
  0x00000236a5bd5000 JavaThread "Unconstrained build operations Thread 79" [_thread_blocked, id=4844, stack(0x0000009eabd00000,0x0000009eabe00000)]
  0x00000236a5bd5800 JavaThread "Unconstrained build operations Thread 80" [_thread_blocked, id=7908, stack(0x0000009eabe00000,0x0000009eabf00000)]

Other Threads:
  0x00000236a4d21800 VMThread "VM Thread" [stack: 0x0000009ea3b00000,0x0000009ea3c00000] [id=14660]
  0x00000236a582b800 WatcherThread [stack: 0x0000009ea4500000,0x0000009ea4600000] [id=14632]
  0x000002368a8c6800 GCTaskThread "GC Thread#0" [stack: 0x0000009ea3600000,0x0000009ea3700000] [id=11428]
  0x00000236a5c72000 GCTaskThread "GC Thread#1" [stack: 0x0000009ea4800000,0x0000009ea4900000] [id=4456]
  0x00000236a63ef800 GCTaskThread "GC Thread#2" [stack: 0x0000009ea4900000,0x0000009ea4a00000] [id=16232]
  0x00000236a7e15000 GCTaskThread "GC Thread#3" [stack: 0x0000009ea5200000,0x0000009ea5300000] [id=7464]
  0x00000236a7c40000 GCTaskThread "GC Thread#4" [stack: 0x0000009ea5300000,0x0000009ea5400000] [id=17168]
  0x00000236a8186000 GCTaskThread "GC Thread#5" [stack: 0x0000009ea5400000,0x0000009ea5500000] [id=14288]
  0x00000236a700a000 GCTaskThread "GC Thread#6" [stack: 0x0000009ea5500000,0x0000009ea5600000] [id=11856]
  0x00000236a700b000 GCTaskThread "GC Thread#7" [stack: 0x0000009ea5600000,0x0000009ea5700000] [id=16984]
  0x000002368a8fb000 ConcurrentGCThread "G1 Main Marker" [stack: 0x0000009ea3700000,0x0000009ea3800000] [id=9192]
  0x000002368a8fc000 ConcurrentGCThread "G1 Conc#0" [stack: 0x0000009ea3800000,0x0000009ea3900000] [id=4912]
  0x00000236a7f1a800 ConcurrentGCThread "G1 Conc#1" [stack: 0x0000009ea5a00000,0x0000009ea5b00000] [id=15472]
  0x00000236a4b70800 ConcurrentGCThread "G1 Refine#0" [stack: 0x0000009ea3900000,0x0000009ea3a00000] [id=5924]
  0x00000236a7b09800 ConcurrentGCThread "G1 Refine#1" [stack: 0x0000009ea5700000,0x0000009ea5800000] [id=7500]
  0x00000236a4b71000 ConcurrentGCThread "G1 Young RemSet Sampling" [stack: 0x0000009ea3a00000,0x0000009ea3b00000] [id=8716]

Threads with active compile tasks:
C2 CompilerThread0   6225 5752       4       java.net.URLClassLoader$1::run (5 bytes)
C2 CompilerThread1   6225 5964       4       groovyjarjarantlr4.v4.runtime.atn.PredictionContext::join (569 bytes)

VM state:not at safepoint (normal execution)

VM Mutex/Monitor currently owned by a thread: None

Heap address: 0x0000000080000000, size: 2048 MB, Compressed Oops mode: 32-bit
Narrow klass base: 0x0000000000000000, Narrow klass shift: 3
Compressed class space size: 1073741824 Address: 0x0000000100000000

Heap:
 garbage-first heap   total 155648K, used 114299K [0x0000000080000000, 0x0000000100000000)
  region size 1024K, 59 young (60416K), 8 survivors (8192K)
 Metaspace       used 54030K, capacity 55671K, committed 55880K, reserved 1097728K
  class space    used 7011K, capacity 7567K, committed 7680K, reserved 1048576K
Heap Regions: E=young(eden), S=young(survivor), O=old, HS=humongous(starts), HC=humongous(continues), CS=collection set, F=free, A=archive, TAMS=top-at-mark-start (previous, next)
|   0|0x0000000080000000, 0x0000000080100000, 0x0000000080100000|100%| O|  |TAMS 0x0000000080100000, 0x0000000080000000| Untracked 
|   1|0x0000000080100000, 0x0000000080200000, 0x0000000080200000|100%| O|  |TAMS 0x0000000080200000, 0x0000000080100000| Untracked 
|   2|0x0000000080200000, 0x0000000080300000, 0x0000000080300000|100%| O|  |TAMS 0x0000000080300000, 0x0000000080200000| Untracked 
|   3|0x0000000080300000, 0x0000000080400000, 0x0000000080400000|100%|HS|  |TAMS 0x0000000080400000, 0x0000000080300000| Complete 
|   4|0x0000000080400000, 0x0000000080500000, 0x0000000080500000|100%|HC|  |TAMS 0x0000000080500000, 0x0000000080400000| Complete 
|   5|0x0000000080500000, 0x0000000080600000, 0x0000000080600000|100%|HC|  |TAMS 0x0000000080600000, 0x0000000080500000| Complete 
|   6|0x0000000080600000, 0x0000000080700000, 0x0000000080700000|100%| O|  |TAMS 0x0000000080700000, 0x0000000080600000| Untracked 
|   7|0x0000000080700000, 0x0000000080800000, 0x0000000080800000|100%| O|  |TAMS 0x0000000080800000, 0x0000000080700000| Untracked 
|   8|0x0000000080800000, 0x0000000080900000, 0x0000000080900000|100%| O|  |TAMS 0x0000000080900000, 0x0000000080800000| Untracked 
|   9|0x0000000080900000, 0x0000000080a00000, 0x0000000080a00000|100%| O|  |TAMS 0x0000000080a00000, 0x0000000080900000| Untracked 
|  10|0x0000000080a00000, 0x0000000080b00000, 0x0000000080b00000|100%| O|  |TAMS 0x0000000080b00000, 0x0000000080a00000| Untracked 
|  11|0x0000000080b00000, 0x0000000080c00000, 0x0000000080c00000|100%| O|  |TAMS 0x0000000080c00000, 0x0000000080b00000| Untracked 
|  12|0x0000000080c00000, 0x0000000080d00000, 0x0000000080d00000|100%| O|  |TAMS 0x0000000080d00000, 0x0000000080c00000| Untracked 
|  13|0x0000000080d00000, 0x0000000080e00000, 0x0000000080e00000|100%| O|  |TAMS 0x0000000080e00000, 0x0000000080d00000| Untracked 
|  14|0x0000000080e00000, 0x0000000080f00000, 0x0000000080f00000|100%| O|  |TAMS 0x0000000080f00000, 0x0000000080e00000| Untracked 
|  15|0x0000000080f00000, 0x0000000081000000, 0x0000000081000000|100%| O|  |TAMS 0x0000000081000000, 0x0000000080f00000| Untracked 
|  16|0x0000000081000000, 0x0000000081100000, 0x0000000081100000|100%|HS|  |TAMS 0x0000000081100000, 0x0000000081000000| Complete 
|  17|0x0000000081100000, 0x0000000081200000, 0x0000000081200000|100%|HC|  |TAMS 0x0000000081200000, 0x0000000081100000| Complete 
|  18|0x0000000081200000, 0x0000000081300000, 0x0000000081300000|100%|HS|  |TAMS 0x0000000081300000, 0x0000000081200000| Complete 
|  19|0x0000000081300000, 0x0000000081400000, 0x0000000081400000|100%|HC|  |TAMS 0x0000000081400000, 0x0000000081300000| Complete 
|  20|0x0000000081400000, 0x0000000081500000, 0x0000000081500000|100%|HC|  |TAMS 0x0000000081500000, 0x0000000081400000| Complete 
|  21|0x0000000081500000, 0x0000000081600000, 0x0000000081600000|100%|HS|  |TAMS 0x0000000081600000, 0x0000000081500000| Complete 
|  22|0x0000000081600000, 0x0000000081700000, 0x0000000081700000|100%|HC|  |TAMS 0x0000000081700000, 0x0000000081600000| Complete 
|  23|0x0000000081700000, 0x0000000081800000, 0x0000000081800000|100%|HC|  |TAMS 0x0000000081800000, 0x0000000081700000| Complete 
|  24|0x0000000081800000, 0x0000000081900000, 0x0000000081900000|100%|HC|  |TAMS 0x0000000081900000, 0x0000000081800000| Complete 
|  25|0x0000000081900000, 0x0000000081a00000, 0x0000000081a00000|100%| O|  |TAMS 0x0000000081a00000, 0x0000000081900000| Untracked 
|  26|0x0000000081a00000, 0x0000000081b00000, 0x0000000081b00000|100%| O|  |TAMS 0x0000000081b00000, 0x0000000081a00000| Untracked 
|  27|0x0000000081b00000, 0x0000000081c00000, 0x0000000081c00000|100%| O|  |TAMS 0x0000000081b83000, 0x0000000081b00000| Untracked 
|  28|0x0000000081c00000, 0x0000000081d00000, 0x0000000081d00000|100%|HS|  |TAMS 0x0000000081c00000, 0x0000000081c00000| Complete 
|  29|0x0000000081d00000, 0x0000000081e00000, 0x0000000081e00000|100%|HC|  |TAMS 0x0000000081d00000, 0x0000000081d00000| Complete 
|  30|0x0000000081e00000, 0x0000000081f00000, 0x0000000081f00000|100%|HC|  |TAMS 0x0000000081e00000, 0x0000000081e00000| Complete 
|  31|0x0000000081f00000, 0x0000000082000000, 0x0000000082000000|100%| O|  |TAMS 0x0000000081f00000, 0x0000000081f00000| Untracked 
|  32|0x0000000082000000, 0x0000000082100000, 0x0000000082100000|100%| O|  |TAMS 0x0000000082000000, 0x0000000082000000| Untracked 
|  33|0x0000000082100000, 0x0000000082200000, 0x0000000082200000|100%| O|  |TAMS 0x0000000082100000, 0x0000000082100000| Untracked 
|  34|0x0000000082200000, 0x0000000082300000, 0x0000000082300000|100%| O|  |TAMS 0x0000000082200000, 0x0000000082200000| Untracked 
|  35|0x0000000082300000, 0x0000000082400000, 0x0000000082400000|100%| O|  |TAMS 0x0000000082300000, 0x0000000082300000| Untracked 
|  36|0x0000000082400000, 0x0000000082500000, 0x0000000082500000|100%| O|  |TAMS 0x0000000082400000, 0x0000000082400000| Untracked 
|  37|0x0000000082500000, 0x0000000082600000, 0x0000000082600000|100%| O|  |TAMS 0x0000000082500000, 0x0000000082500000| Untracked 
|  38|0x0000000082600000, 0x0000000082700000, 0x0000000082700000|100%|HS|  |TAMS 0x0000000082600000, 0x0000000082600000| Complete 
|  39|0x0000000082700000, 0x0000000082800000, 0x0000000082800000|100%|HC|  |TAMS 0x0000000082700000, 0x0000000082700000| Complete 
|  40|0x0000000082800000, 0x0000000082900000, 0x0000000082900000|100%|HC|  |TAMS 0x0000000082800000, 0x0000000082800000| Complete 
|  41|0x0000000082900000, 0x0000000082a00000, 0x0000000082a00000|100%|HC|  |TAMS 0x0000000082900000, 0x0000000082900000| Complete 
|  42|0x0000000082a00000, 0x0000000082b00000, 0x0000000082b00000|100%| O|  |TAMS 0x0000000082a00000, 0x0000000082a00000| Untracked 
|  43|0x0000000082b00000, 0x0000000082c00000, 0x0000000082c00000|100%| O|  |TAMS 0x0000000082b00000, 0x0000000082b00000| Untracked 
|  44|0x0000000082c00000, 0x0000000082d00000, 0x0000000082d00000|100%| O|  |TAMS 0x0000000082c00000, 0x0000000082c00000| Untracked 
|  45|0x0000000082d00000, 0x0000000082e00000, 0x0000000082e00000|100%| O|  |TAMS 0x0000000082d00000, 0x0000000082d00000| Untracked 
|  46|0x0000000082e00000, 0x0000000082f00000, 0x0000000082f00000|100%| O|  |TAMS 0x0000000082e00000, 0x0000000082e00000| Untracked 
|  47|0x0000000082f00000, 0x0000000083000000, 0x0000000083000000|100%| O|  |TAMS 0x0000000082f00000, 0x0000000082f00000| Untracked 
|  48|0x0000000083000000, 0x0000000083100000, 0x0000000083100000|100%| O|  |TAMS 0x0000000083000000, 0x0000000083000000| Untracked 
|  49|0x0000000083100000, 0x00000000831be600, 0x0000000083200000| 74%| O|  |TAMS 0x0000000083100000, 0x0000000083100000| Untracked 
|  50|0x0000000083200000, 0x0000000083300000, 0x0000000083300000|100%|HS|  |TAMS 0x0000000083200000, 0x0000000083200000| Complete 
|  51|0x0000000083300000, 0x0000000083400000, 0x0000000083400000|100%|HS|  |TAMS 0x0000000083300000, 0x0000000083300000| Complete 
|  52|0x0000000083400000, 0x0000000083500000, 0x0000000083500000|100%|HS|  |TAMS 0x0000000083400000, 0x0000000083400000| Complete 
|  53|0x0000000083500000, 0x0000000083600000, 0x0000000083600000|100%|HS|  |TAMS 0x0000000083500000, 0x0000000083500000| Complete 
|  54|0x0000000083600000, 0x0000000083700000, 0x0000000083700000|100%|HC|  |TAMS 0x0000000083600000, 0x0000000083600000| Complete 
|  55|0x0000000083700000, 0x0000000083700000, 0x0000000083800000|  0%| F|  |TAMS 0x0000000083700000, 0x0000000083700000| Untracked 
|  56|0x0000000083800000, 0x0000000083800000, 0x0000000083900000|  0%| F|  |TAMS 0x0000000083800000, 0x0000000083800000| Untracked 
|  57|0x0000000083900000, 0x0000000083900000, 0x0000000083a00000|  0%| F|  |TAMS 0x0000000083900000, 0x0000000083900000| Untracked 
|  58|0x0000000083a00000, 0x0000000083a00000, 0x0000000083b00000|  0%| F|  |TAMS 0x0000000083a00000, 0x0000000083a00000| Untracked 
|  59|0x0000000083b00000, 0x0000000083b00000, 0x0000000083c00000|  0%| F|  |TAMS 0x0000000083b00000, 0x0000000083b00000| Untracked 
|  60|0x0000000083c00000, 0x0000000083c00000, 0x0000000083d00000|  0%| F|  |TAMS 0x0000000083c00000, 0x0000000083c00000| Untracked 
|  61|0x0000000083d00000, 0x0000000083d00000, 0x0000000083e00000|  0%| F|  |TAMS 0x0000000083d00000, 0x0000000083d00000| Untracked 
|  62|0x0000000083e00000, 0x0000000083e00000, 0x0000000083f00000|  0%| F|  |TAMS 0x0000000083e00000, 0x0000000083e00000| Untracked 
|  63|0x0000000083f00000, 0x0000000083f00000, 0x0000000084000000|  0%| F|  |TAMS 0x0000000083f00000, 0x0000000083f00000| Untracked 
|  64|0x0000000084000000, 0x0000000084000000, 0x0000000084100000|  0%| F|  |TAMS 0x0000000084000000, 0x0000000084000000| Untracked 
|  65|0x0000000084100000, 0x0000000084100000, 0x0000000084200000|  0%| F|  |TAMS 0x0000000084100000, 0x0000000084100000| Untracked 
|  66|0x0000000084200000, 0x0000000084200000, 0x0000000084300000|  0%| F|  |TAMS 0x0000000084200000, 0x0000000084200000| Untracked 
|  67|0x0000000084300000, 0x0000000084300000, 0x0000000084400000|  0%| F|  |TAMS 0x0000000084300000, 0x0000000084300000| Untracked 
|  68|0x0000000084400000, 0x0000000084400000, 0x0000000084500000|  0%| F|  |TAMS 0x0000000084400000, 0x0000000084400000| Untracked 
|  69|0x0000000084500000, 0x0000000084500000, 0x0000000084600000|  0%| F|  |TAMS 0x0000000084500000, 0x0000000084500000| Untracked 
|  70|0x0000000084600000, 0x0000000084600000, 0x0000000084700000|  0%| F|  |TAMS 0x0000000084600000, 0x0000000084600000| Untracked 
|  71|0x0000000084700000, 0x0000000084700000, 0x0000000084800000|  0%| F|  |TAMS 0x0000000084700000, 0x0000000084700000| Untracked 
|  72|0x0000000084800000, 0x0000000084800000, 0x0000000084900000|  0%| F|  |TAMS 0x0000000084800000, 0x0000000084800000| Untracked 
|  73|0x0000000084900000, 0x0000000084900000, 0x0000000084a00000|  0%| F|  |TAMS 0x0000000084900000, 0x0000000084900000| Untracked 
|  74|0x0000000084a00000, 0x0000000084a00000, 0x0000000084b00000|  0%| F|  |TAMS 0x0000000084a00000, 0x0000000084a00000| Untracked 
|  75|0x0000000084b00000, 0x0000000084b00000, 0x0000000084c00000|  0%| F|  |TAMS 0x0000000084b00000, 0x0000000084b00000| Untracked 
|  76|0x0000000084c00000, 0x0000000084c00000, 0x0000000084d00000|  0%| F|  |TAMS 0x0000000084c00000, 0x0000000084c00000| Untracked 
|  77|0x0000000084d00000, 0x0000000084d00000, 0x0000000084e00000|  0%| F|  |TAMS 0x0000000084d00000, 0x0000000084d00000| Untracked 
|  78|0x0000000084e00000, 0x0000000084e00000, 0x0000000084f00000|  0%| F|  |TAMS 0x0000000084e00000, 0x0000000084e00000| Untracked 
|  79|0x0000000084f00000, 0x0000000084f00000, 0x0000000085000000|  0%| F|  |TAMS 0x0000000084f00000, 0x0000000084f00000| Untracked 
|  80|0x0000000085000000, 0x0000000085000000, 0x0000000085100000|  0%| F|  |TAMS 0x0000000085000000, 0x0000000085000000| Untracked 
|  81|0x0000000085100000, 0x0000000085100000, 0x0000000085200000|  0%| F|  |TAMS 0x0000000085100000, 0x0000000085100000| Untracked 
|  82|0x0000000085200000, 0x0000000085200000, 0x0000000085300000|  0%| F|  |TAMS 0x0000000085200000, 0x0000000085200000| Untracked 
|  83|0x0000000085300000, 0x0000000085300000, 0x0000000085400000|  0%| F|  |TAMS 0x0000000085300000, 0x0000000085300000| Untracked 
|  84|0x0000000085400000, 0x0000000085400000, 0x0000000085500000|  0%| F|  |TAMS 0x0000000085400000, 0x0000000085400000| Untracked 
|  85|0x0000000085500000, 0x0000000085500000, 0x0000000085600000|  0%| F|  |TAMS 0x0000000085500000, 0x0000000085500000| Untracked 
|  86|0x0000000085600000, 0x0000000085600000, 0x0000000085700000|  0%| F|  |TAMS 0x0000000085600000, 0x0000000085600000| Untracked 
|  87|0x0000000085700000, 0x0000000085700000, 0x0000000085800000|  0%| F|  |TAMS 0x0000000085700000, 0x0000000085700000| Untracked 
|  88|0x0000000085800000, 0x00000000858e08d0, 0x0000000085900000| 87%| S|CS|TAMS 0x0000000085800000, 0x0000000085800000| Complete 
|  89|0x0000000085900000, 0x0000000085a00000, 0x0000000085a00000|100%| S|CS|TAMS 0x0000000085900000, 0x0000000085900000| Complete 
|  90|0x0000000085a00000, 0x0000000085b00000, 0x0000000085b00000|100%| S|CS|TAMS 0x0000000085a00000, 0x0000000085a00000| Complete 
|  91|0x0000000085b00000, 0x0000000085c00000, 0x0000000085c00000|100%| S|CS|TAMS 0x0000000085b00000, 0x0000000085b00000| Complete 
|  92|0x0000000085c00000, 0x0000000085d00000, 0x0000000085d00000|100%| S|CS|TAMS 0x0000000085c00000, 0x0000000085c00000| Complete 
|  93|0x0000000085d00000, 0x0000000085e00000, 0x0000000085e00000|100%| S|CS|TAMS 0x0000000085d00000, 0x0000000085d00000| Complete 
|  94|0x0000000085e00000, 0x0000000085e00000, 0x0000000085f00000|  0%| F|  |TAMS 0x0000000085e00000, 0x0000000085e00000| Untracked 
|  95|0x0000000085f00000, 0x0000000086000000, 0x0000000086000000|100%| S|CS|TAMS 0x0000000085f00000, 0x0000000085f00000| Complete 
|  96|0x0000000086000000, 0x0000000086100000, 0x0000000086100000|100%| S|CS|TAMS 0x0000000086000000, 0x0000000086000000| Complete 
|  97|0x0000000086100000, 0x0000000086100000, 0x0000000086200000|  0%| F|  |TAMS 0x0000000086100000, 0x0000000086100000| Untracked 
|  98|0x0000000086200000, 0x0000000086200000, 0x0000000086300000|  0%| F|  |TAMS 0x0000000086200000, 0x0000000086200000| Untracked 
|  99|0x0000000086300000, 0x0000000086300000, 0x0000000086400000|  0%| F|  |TAMS 0x0000000086300000, 0x0000000086300000| Untracked 
| 100|0x0000000086400000, 0x0000000086400000, 0x0000000086500000|  0%| F|  |TAMS 0x0000000086400000, 0x0000000086400000| Untracked 
| 101|0x0000000086500000, 0x000000008658b750, 0x0000000086600000| 54%| E|  |TAMS 0x0000000086500000, 0x0000000086500000| Complete 
| 102|0x0000000086600000, 0x0000000086700000, 0x0000000086700000|100%| E|CS|TAMS 0x0000000086600000, 0x0000000086600000| Complete 
| 103|0x0000000086700000, 0x0000000086800000, 0x0000000086800000|100%| E|CS|TAMS 0x0000000086700000, 0x0000000086700000| Complete 
| 104|0x0000000086800000, 0x0000000086900000, 0x0000000086900000|100%| E|CS|TAMS 0x0000000086800000, 0x0000000086800000| Complete 
| 105|0x0000000086900000, 0x0000000086a00000, 0x0000000086a00000|100%| E|CS|TAMS 0x0000000086900000, 0x0000000086900000| Complete 
| 106|0x0000000086a00000, 0x0000000086b00000, 0x0000000086b00000|100%| E|CS|TAMS 0x0000000086a00000, 0x0000000086a00000| Complete 
| 107|0x0000000086b00000, 0x0000000086c00000, 0x0000000086c00000|100%| E|CS|TAMS 0x0000000086b00000, 0x0000000086b00000| Complete 
| 108|0x0000000086c00000, 0x0000000086d00000, 0x0000000086d00000|100%| E|CS|TAMS 0x0000000086c00000, 0x0000000086c00000| Complete 
| 109|0x0000000086d00000, 0x0000000086e00000, 0x0000000086e00000|100%| E|CS|TAMS 0x0000000086d00000, 0x0000000086d00000| Complete 
| 110|0x0000000086e00000, 0x0000000086f00000, 0x0000000086f00000|100%| E|CS|TAMS 0x0000000086e00000, 0x0000000086e00000| Complete 
| 111|0x0000000086f00000, 0x0000000087000000, 0x0000000087000000|100%| E|CS|TAMS 0x0000000086f00000, 0x0000000086f00000| Complete 
| 112|0x0000000087000000, 0x0000000087100000, 0x0000000087100000|100%| E|CS|TAMS 0x0000000087000000, 0x0000000087000000| Complete 
| 113|0x0000000087100000, 0x0000000087200000, 0x0000000087200000|100%| E|CS|TAMS 0x0000000087100000, 0x0000000087100000| Complete 
| 114|0x0000000087200000, 0x0000000087300000, 0x0000000087300000|100%| E|CS|TAMS 0x0000000087200000, 0x0000000087200000| Complete 
| 115|0x0000000087300000, 0x0000000087400000, 0x0000000087400000|100%| E|CS|TAMS 0x0000000087300000, 0x0000000087300000| Complete 
| 116|0x0000000087400000, 0x0000000087500000, 0x0000000087500000|100%| E|CS|TAMS 0x0000000087400000, 0x0000000087400000| Complete 
| 117|0x0000000087500000, 0x0000000087600000, 0x0000000087600000|100%| E|CS|TAMS 0x0000000087500000, 0x0000000087500000| Complete 
| 118|0x0000000087600000, 0x0000000087700000, 0x0000000087700000|100%| E|CS|TAMS 0x0000000087600000, 0x0000000087600000| Complete 
| 119|0x0000000087700000, 0x0000000087800000, 0x0000000087800000|100%| E|CS|TAMS 0x0000000087700000, 0x0000000087700000| Complete 
| 120|0x0000000087800000, 0x0000000087900000, 0x0000000087900000|100%| E|CS|TAMS 0x0000000087800000, 0x0000000087800000| Complete 
| 121|0x0000000087900000, 0x0000000087a00000, 0x0000000087a00000|100%| E|CS|TAMS 0x0000000087900000, 0x0000000087900000| Complete 
| 122|0x0000000087a00000, 0x0000000087b00000, 0x0000000087b00000|100%| E|CS|TAMS 0x0000000087a00000, 0x0000000087a00000| Complete 
| 123|0x0000000087b00000, 0x0000000087c00000, 0x0000000087c00000|100%| E|CS|TAMS 0x0000000087b00000, 0x0000000087b00000| Complete 
| 124|0x0000000087c00000, 0x0000000087d00000, 0x0000000087d00000|100%| E|CS|TAMS 0x0000000087c00000, 0x0000000087c00000| Complete 
| 125|0x0000000087d00000, 0x0000000087e00000, 0x0000000087e00000|100%| E|CS|TAMS 0x0000000087d00000, 0x0000000087d00000| Complete 
| 126|0x0000000087e00000, 0x0000000087f00000, 0x0000000087f00000|100%| E|CS|TAMS 0x0000000087e00000, 0x0000000087e00000| Complete 
| 127|0x0000000087f00000, 0x0000000088000000, 0x0000000088000000|100%| E|CS|TAMS 0x0000000087f00000, 0x0000000087f00000| Complete 
| 128|0x0000000088000000, 0x0000000088100000, 0x0000000088100000|100%| E|CS|TAMS 0x0000000088000000, 0x0000000088000000| Complete 
| 129|0x0000000088100000, 0x0000000088200000, 0x0000000088200000|100%| E|CS|TAMS 0x0000000088100000, 0x0000000088100000| Complete 
| 130|0x0000000088200000, 0x0000000088300000, 0x0000000088300000|100%| E|CS|TAMS 0x0000000088200000, 0x0000000088200000| Complete 
| 131|0x0000000088300000, 0x0000000088400000, 0x0000000088400000|100%| E|CS|TAMS 0x0000000088300000, 0x0000000088300000| Complete 
| 132|0x0000000088400000, 0x0000000088500000, 0x0000000088500000|100%| E|CS|TAMS 0x0000000088400000, 0x0000000088400000| Complete 
| 133|0x0000000088500000, 0x0000000088600000, 0x0000000088600000|100%| E|CS|TAMS 0x0000000088500000, 0x0000000088500000| Complete 
| 134|0x0000000088600000, 0x0000000088700000, 0x0000000088700000|100%| E|CS|TAMS 0x0000000088600000, 0x0000000088600000| Complete 
| 135|0x0000000088700000, 0x0000000088800000, 0x0000000088800000|100%| E|CS|TAMS 0x0000000088700000, 0x0000000088700000| Complete 
| 136|0x0000000088800000, 0x0000000088900000, 0x0000000088900000|100%| E|CS|TAMS 0x0000000088800000, 0x0000000088800000| Complete 
| 137|0x0000000088900000, 0x0000000088a00000, 0x0000000088a00000|100%| E|CS|TAMS 0x0000000088900000, 0x0000000088900000| Complete 
| 138|0x0000000088a00000, 0x0000000088b00000, 0x0000000088b00000|100%| E|CS|TAMS 0x0000000088a00000, 0x0000000088a00000| Complete 
| 139|0x0000000088b00000, 0x0000000088c00000, 0x0000000088c00000|100%| E|CS|TAMS 0x0000000088b00000, 0x0000000088b00000| Complete 
| 140|0x0000000088c00000, 0x0000000088d00000, 0x0000000088d00000|100%| E|CS|TAMS 0x0000000088c00000, 0x0000000088c00000| Complete 
| 141|0x0000000088d00000, 0x0000000088e00000, 0x0000000088e00000|100%| E|CS|TAMS 0x0000000088d00000, 0x0000000088d00000| Complete 
| 142|0x0000000088e00000, 0x0000000088f00000, 0x0000000088f00000|100%| E|CS|TAMS 0x0000000088e00000, 0x0000000088e00000| Complete 
| 143|0x0000000088f00000, 0x0000000089000000, 0x0000000089000000|100%| E|  |TAMS 0x0000000088f00000, 0x0000000088f00000| Complete 
| 144|0x0000000089000000, 0x0000000089100000, 0x0000000089100000|100%| E|CS|TAMS 0x0000000089000000, 0x0000000089000000| Complete 
| 145|0x0000000089100000, 0x0000000089200000, 0x0000000089200000|100%| E|CS|TAMS 0x0000000089100000, 0x0000000089100000| Complete 
| 146|0x0000000089200000, 0x0000000089300000, 0x0000000089300000|100%| E|CS|TAMS 0x0000000089200000, 0x0000000089200000| Complete 
| 147|0x0000000089300000, 0x0000000089400000, 0x0000000089400000|100%| E|CS|TAMS 0x0000000089300000, 0x0000000089300000| Complete 
| 148|0x0000000089400000, 0x0000000089500000, 0x0000000089500000|100%| E|CS|TAMS 0x0000000089400000, 0x0000000089400000| Complete 
| 149|0x0000000089500000, 0x0000000089600000, 0x0000000089600000|100%| E|CS|TAMS 0x0000000089500000, 0x0000000089500000| Complete 
| 150|0x0000000089600000, 0x0000000089700000, 0x0000000089700000|100%| E|CS|TAMS 0x0000000089600000, 0x0000000089600000| Complete 
| 151|0x0000000089700000, 0x0000000089800000, 0x0000000089800000|100%| E|CS|TAMS 0x0000000089700000, 0x0000000089700000| Complete 

Card table byte_map: [0x000002369dae0000,0x000002369dee0000] _byte_map_base: 0x000002369d6e0000

Marking Bits (Prev, Next): (CMBitMap*) 0x000002368a8f1f58, (CMBitMap*) 0x000002368a8f1f90
 Prev Bits: [0x000002369e2e0000, 0x00000236a02e0000)
 Next Bits: [0x00000236a02e0000, 0x00000236a22e0000)

Polling page: 0x000002368a090000

Metaspace:

Usage:
  Non-class:     47.04 MB capacity,    45.96 MB ( 98%) used,   954.17 KB (  2%) free+waste,   150.75 KB ( <1%) overhead. 
      Class:      7.39 MB capacity,     6.85 MB ( 93%) used,   480.48 KB (  6%) free+waste,    72.50 KB ( <1%) overhead. 
       Both:     54.43 MB capacity,    52.81 MB ( 97%) used,     1.40 MB (  3%) free+waste,   223.25 KB ( <1%) overhead. 

Virtual space:
  Non-class space:       48.00 MB reserved,      47.07 MB ( 98%) committed 
      Class space:        1.00 GB reserved,       7.50 MB ( <1%) committed 
             Both:        1.05 GB reserved,      54.57 MB (  5%) committed 

Chunk freelists:
   Non-Class:  32.00 KB
       Class:  17.00 KB
        Both:  49.00 KB

MaxMetaspaceSize: 17179869184.00 GB
CompressedClassSpaceSize: 1.00 GB

CodeHeap 'non-profiled nmethods': size=120000Kb used=3319Kb max_used=3319Kb free=116680Kb
 bounds [0x0000023695e80000, 0x00000236961c0000, 0x000002369d3b0000]
CodeHeap 'profiled nmethods': size=120000Kb used=12399Kb max_used=12399Kb free=107601Kb
 bounds [0x000002368e950000, 0x000002368f570000, 0x0000023695e80000]
CodeHeap 'non-nmethods': size=5760Kb used=2230Kb max_used=2276Kb free=3529Kb
 bounds [0x000002368e3b0000, 0x000002368e620000, 0x000002368e950000]
 total_blobs=6906 nmethods=6100 adapters=717
 compilation: enabled
              stopped_count=0, restarted_count=0
 full_count=0

Compilation events (20 events):
Event: 6.188 Thread 0x00000236a56db000 nmethod 6102 0x000002368f560490 code [0x000002368f560660, 0x000002368f560808]
Event: 6.188 Thread 0x00000236a56db000 6103       2       groovyjarjarantlr4.v4.runtime.dfa.SingletonEdgeMap::get (15 bytes)
Event: 6.189 Thread 0x00000236a56db000 nmethod 6103 0x000002368f560910 code [0x000002368f560ac0, 0x000002368f560bd8]
Event: 6.189 Thread 0x00000236a56db000 6104 %     3       groovyjarjarantlr4.v4.runtime.atn.ATNConfigSet::optimizeConfigs @ 13 (58 bytes)
Event: 6.189 Thread 0x00000236a56db000 nmethod 6104% 0x000002368f560c90 code [0x000002368f560ee0, 0x000002368f561908]
Event: 6.189 Thread 0x00000236a56db000 6107 %     3       groovyjarjarantlr4.v4.runtime.atn.LexerATNSimulator::getReachableConfigSet @ 9 (198 bytes)
Event: 6.190 Thread 0x00000236a56db000 nmethod 6107% 0x000002368f561d90 code [0x000002368f5620c0, 0x000002368f563898]
Event: 6.190 Thread 0x00000236a56db000 6109       2       groovyjarjarantlr4.v4.runtime.Parser::enterOuterAlt (50 bytes)
Event: 6.190 Thread 0x00000236a56db000 nmethod 6109 0x000002368f564090 code [0x000002368f564260, 0x000002368f5644c8]
Event: 6.190 Thread 0x00000236a56db000 6110       2       groovyjarjarantlr4.v4.runtime.RuleContext::setAltNumber (1 bytes)
Event: 6.191 Thread 0x00000236a56db000 nmethod 6110 0x000002368f564690 code [0x000002368f564840, 0x000002368f564938]
Event: 6.191 Thread 0x00000236a56db000 6106       2       groovyjarjarantlr4.v4.runtime.CodePointCharStream::release (1 bytes)
Event: 6.191 Thread 0x00000236a56db000 nmethod 6106 0x000002368f564a10 code [0x000002368f564bc0, 0x000002368f564cb8]
Event: 6.191 Thread 0x00000236a56db000 6105       1       groovyjarjarantlr4.v4.runtime.dfa.AcceptStateInfo::getLexerActionExecutor (5 bytes)
Event: 6.191 Thread 0x00000236a56db000 nmethod 6105 0x00000236961b7c10 code [0x00000236961b7dc0, 0x00000236961b7e78]
Event: 6.191 Thread 0x00000236a56db000 6111       1       groovyjarjarantlr4.v4.runtime.misc.IntegerList::size (5 bytes)
Event: 6.191 Thread 0x00000236a56db000 nmethod 6111 0x00000236961b7f10 code [0x00000236961b80c0, 0x00000236961b8178]
Event: 6.191 Thread 0x00000236a888a000 nmethod 5985 0x00000236961b8210 code [0x00000236961b8400, 0x00000236961b8ba8]
Event: 6.191 Thread 0x00000236a888a000 5986       4       java.util.HashMap::get (23 bytes)
Event: 6.193 Thread 0x00000236a56db000 6112       2       java.util.regex.Pattern::isSupplementary (20 bytes)

GC Heap History (20 events):
Event: 0.501 GC heap before
{Heap before GC invocations=0 (full 0):
 garbage-first heap   total 129024K, used 29696K [0x0000000080000000, 0x0000000100000000)
  region size 1024K, 24 young (24576K), 0 survivors (0K)
 Metaspace       used 9843K, capacity 10050K, committed 10112K, reserved 1058816K
  class space    used 1028K, capacity 1102K, committed 1152K, reserved 1048576K
}
Event: 0.506 GC heap after
{Heap after GC invocations=1 (full 0):
 garbage-first heap   total 129024K, used 9034K [0x0000000080000000, 0x0000000100000000)
  region size 1024K, 3 young (3072K), 3 survivors (3072K)
 Metaspace       used 9843K, capacity 10050K, committed 10112K, reserved 1058816K
  class space    used 1028K, capacity 1102K, committed 1152K, reserved 1048576K
}
Event: 1.676 GC heap before
{Heap before GC invocations=1 (full 0):
 garbage-first heap   total 129024K, used 82762K [0x0000000080000000, 0x0000000100000000)
  region size 1024K, 75 young (76800K), 3 survivors (3072K)
 Metaspace       used 17887K, capacity 18291K, committed 18432K, reserved 1064960K
  class space    used 2110K, capacity 2266K, committed 2304K, reserved 1048576K
}
Event: 1.683 GC heap after
{Heap after GC invocations=2 (full 0):
 garbage-first heap   total 129024K, used 16826K [0x0000000080000000, 0x0000000100000000)
  region size 1024K, 10 young (10240K), 10 survivors (10240K)
 Metaspace       used 17887K, capacity 18291K, committed 18432K, reserved 1064960K
  class space    used 2110K, capacity 2266K, committed 2304K, reserved 1048576K
}
Event: 1.847 GC heap before
{Heap before GC invocations=2 (full 0):
 garbage-first heap   total 129024K, used 40378K [0x0000000080000000, 0x0000000100000000)
  region size 1024K, 34 young (34816K), 10 survivors (10240K)
 Metaspace       used 20653K, capacity 21112K, committed 21296K, reserved 1069056K
  class space    used 2525K, capacity 2674K, committed 2688K, reserved 1048576K
}
Event: 1.853 GC heap after
{Heap after GC invocations=3 (full 0):
 garbage-first heap   total 129024K, used 17456K [0x0000000080000000, 0x0000000100000000)
  region size 1024K, 2 young (2048K), 2 survivors (2048K)
 Metaspace       used 20653K, capacity 21112K, committed 21296K, reserved 1069056K
  class space    used 2525K, capacity 2674K, committed 2688K, reserved 1048576K
}
Event: 2.226 GC heap before
{Heap before GC invocations=4 (full 0):
 garbage-first heap   total 129024K, used 65584K [0x0000000080000000, 0x0000000100000000)
  region size 1024K, 49 young (50176K), 2 survivors (2048K)
 Metaspace       used 25485K, capacity 26073K, committed 26288K, reserved 1073152K
  class space    used 3303K, capacity 3482K, committed 3584K, reserved 1048576K
}
Event: 2.230 GC heap after
{Heap after GC invocations=5 (full 0):
 garbage-first heap   total 129024K, used 19159K [0x0000000080000000, 0x0000000100000000)
  region size 1024K, 3 young (3072K), 3 survivors (3072K)
 Metaspace       used 25485K, capacity 26073K, committed 26288K, reserved 1073152K
  class space    used 3303K, capacity 3482K, committed 3584K, reserved 1048576K
}
Event: 2.835 GC heap before
{Heap before GC invocations=5 (full 0):
 garbage-first heap   total 129024K, used 83671K [0x0000000080000000, 0x0000000100000000)
  region size 1024K, 57 young (58368K), 3 survivors (3072K)
 Metaspace       used 30556K, capacity 31411K, committed 31536K, reserved 1077248K
  class space    used 4101K, capacity 4408K, committed 4480K, reserved 1048576K
}
Event: 2.839 GC heap after
{Heap after GC invocations=6 (full 0):
 garbage-first heap   total 129024K, used 32403K [0x0000000080000000, 0x0000000100000000)
  region size 1024K, 7 young (7168K), 7 survivors (7168K)
 Metaspace       used 30556K, capacity 31411K, committed 31536K, reserved 1077248K
  class space    used 4101K, capacity 4408K, committed 4480K, reserved 1048576K
}
Event: 3.176 GC heap before
{Heap before GC invocations=6 (full 0):
 garbage-first heap   total 129024K, used 52883K [0x0000000080000000, 0x0000000100000000)
  region size 1024K, 28 young (28672K), 7 survivors (7168K)
 Metaspace       used 34537K, capacity 35496K, committed 35632K, reserved 1079296K
  class space    used 4537K, capacity 4896K, committed 4992K, reserved 1048576K
}
Event: 3.186 GC heap after
{Heap after GC invocations=7 (full 0):
 garbage-first heap   total 129024K, used 34316K [0x0000000080000000, 0x0000000100000000)
  region size 1024K, 6 young (6144K), 6 survivors (6144K)
 Metaspace       used 34537K, capacity 35496K, committed 35632K, reserved 1079296K
  class space    used 4537K, capacity 4896K, committed 4992K, reserved 1048576K
}
Event: 3.797 GC heap before
{Heap before GC invocations=8 (full 0):
 garbage-first heap   total 129024K, used 85516K [0x0000000080000000, 0x0000000100000000)
  region size 1024K, 54 young (55296K), 6 survivors (6144K)
 Metaspace       used 40173K, capacity 41293K, committed 41416K, reserved 1085440K
  class space    used 5116K, capacity 5502K, committed 5504K, reserved 1048576K
}
Event: 3.805 GC heap after
{Heap after GC invocations=9 (full 0):
 garbage-first heap   total 155648K, used 39280K [0x0000000080000000, 0x0000000100000000)
  region size 1024K, 7 young (7168K), 7 survivors (7168K)
 Metaspace       used 40173K, capacity 41293K, committed 41416K, reserved 1085440K
  class space    used 5116K, capacity 5502K, committed 5504K, reserved 1048576K
}
Event: 4.408 GC heap before
{Heap before GC invocations=9 (full 0):
 garbage-first heap   total 155648K, used 101744K [0x0000000080000000, 0x0000000100000000)
  region size 1024K, 65 young (66560K), 7 survivors (7168K)
 Metaspace       used 45015K, capacity 46282K, committed 46408K, reserved 1089536K
  class space    used 5664K, capacity 6111K, committed 6144K, reserved 1048576K
}
Event: 4.415 GC heap after
{Heap after GC invocations=10 (full 0):
 garbage-first heap   total 155648K, used 46864K [0x0000000080000000, 0x0000000100000000)
  region size 1024K, 9 young (9216K), 9 survivors (9216K)
 Metaspace       used 45015K, capacity 46282K, committed 46408K, reserved 1089536K
  class space    used 5664K, capacity 6111K, committed 6144K, reserved 1048576K
}
Event: 4.865 GC heap before
{Heap before GC invocations=10 (full 0):
 garbage-first heap   total 155648K, used 109328K [0x0000000080000000, 0x0000000100000000)
  region size 1024K, 66 young (67584K), 9 survivors (9216K)
 Metaspace       used 47721K, capacity 49188K, committed 49480K, reserved 1091584K
  class space    used 6096K, capacity 6588K, committed 6656K, reserved 1048576K
}
Event: 4.872 GC heap after
{Heap after GC invocations=11 (full 0):
 garbage-first heap   total 155648K, used 55161K [0x0000000080000000, 0x0000000100000000)
  region size 1024K, 9 young (9216K), 9 survivors (9216K)
 Metaspace       used 47721K, capacity 49188K, committed 49480K, reserved 1091584K
  class space    used 6096K, capacity 6588K, committed 6656K, reserved 1048576K
}
Event: 5.602 GC heap before
{Heap before GC invocations=11 (full 0):
 garbage-first heap   total 155648K, used 111481K [0x0000000080000000, 0x0000000100000000)
  region size 1024K, 64 young (65536K), 9 survivors (9216K)
 Metaspace       used 50471K, capacity 52068K, committed 52168K, reserved 1095680K
  class space    used 6449K, capacity 6964K, committed 7040K, reserved 1048576K
}
Event: 5.613 GC heap after
{Heap after GC invocations=12 (full 0):
 garbage-first heap   total 155648K, used 59003K [0x0000000080000000, 0x0000000100000000)
  region size 1024K, 8 young (8192K), 8 survivors (8192K)
 Metaspace       used 50471K, capacity 52068K, committed 52168K, reserved 1095680K
  class space    used 6449K, capacity 6964K, committed 7040K, reserved 1048576K
}

Deoptimization events (20 events):
Event: 6.086 Thread 0x00000236a7c11000 Uncommon trap: trap_request=0xffffff4d fr.pc=0x0000023696141188 relative=0x0000000000000688
Event: 6.086 Thread 0x00000236a7c11000 Uncommon trap: reason=unstable_if action=reinterpret pc=0x0000023696141188 method=java.util.HashMap.putVal(ILjava/lang/Object;Ljava/lang/Object;ZZ)Ljava/lang/Object; @ 109 c2
Event: 6.086 Thread 0x00000236a7c11000 DEOPT PACKING pc=0x0000023696141188 sp=0x0000009ea4ef7b70
Event: 6.086 Thread 0x00000236a7c11000 DEOPT UNPACKING pc=0x000002368e3d662f sp=0x0000009ea4ef7b28 mode 2
Event: 6.103 Thread 0x00000236a7c11000 Uncommon trap: trap_request=0xffffff7e fr.pc=0x00000236960efef0 relative=0x00000000000028f0
Event: 6.103 Thread 0x00000236a7c11000 Uncommon trap: reason=predicate action=maybe_recompile pc=0x00000236960efef0 method=java.util.regex.Pattern.compile()V @ 78 c2
Event: 6.103 Thread 0x00000236a7c11000 DEOPT PACKING pc=0x00000236960efef0 sp=0x0000009ea4ef7370
Event: 6.103 Thread 0x00000236a7c11000 DEOPT UNPACKING pc=0x000002368e3d662f sp=0x0000009ea4ef7350 mode 2
Event: 6.103 Thread 0x00000236a7c11000 Uncommon trap: trap_request=0xffffff4d fr.pc=0x0000023695fdcb1c relative=0x000000000000007c
Event: 6.103 Thread 0x00000236a7c11000 Uncommon trap: reason=unstable_if action=reinterpret pc=0x0000023695fdcb1c method=java.lang.String.codePointAt(I)I @ 4 c2
Event: 6.103 Thread 0x00000236a7c11000 DEOPT PACKING pc=0x0000023695fdcb1c sp=0x0000009ea4ef7330
Event: 6.103 Thread 0x00000236a7c11000 DEOPT UNPACKING pc=0x000002368e3d662f sp=0x0000009ea4ef72d8 mode 2
Event: 6.103 Thread 0x00000236a7c11000 Uncommon trap: trap_request=0xffffff4d fr.pc=0x0000023695ef2bf0 relative=0x0000000000000050
Event: 6.103 Thread 0x00000236a7c11000 Uncommon trap: reason=unstable_if action=reinterpret pc=0x0000023695ef2bf0 method=java.lang.Character.isSurrogate(C)Z @ 3 c2
Event: 6.103 Thread 0x00000236a7c11000 DEOPT PACKING pc=0x0000023695ef2bf0 sp=0x0000009ea4ef7350
Event: 6.103 Thread 0x00000236a7c11000 DEOPT UNPACKING pc=0x000002368e3d662f sp=0x0000009ea4ef7288 mode 2
Event: 6.140 Thread 0x00000236a7c11000 Uncommon trap: trap_request=0xffffff4d fr.pc=0x0000023695fbd4f4 relative=0x0000000000000234
Event: 6.140 Thread 0x00000236a7c11000 Uncommon trap: reason=unstable_if action=reinterpret pc=0x0000023695fbd4f4 method=java.util.concurrent.ConcurrentHashMap.get(Ljava/lang/Object;)Ljava/lang/Object; @ 76 c2
Event: 6.140 Thread 0x00000236a7c11000 DEOPT PACKING pc=0x0000023695fbd4f4 sp=0x0000009ea4ef8290
Event: 6.140 Thread 0x00000236a7c11000 DEOPT UNPACKING pc=0x000002368e3d662f sp=0x0000009ea4ef8208 mode 2

Classes redefined (0 events):
No events

Internal exceptions (20 events):
Event: 5.729 Thread 0x00000236a7c11000 Exception <a 'java/security/PrivilegedActionException'{0x000000008900ff28}> (0x000000008900ff28) thrown at [./src/hotspot/share/prims/jvm.cpp, line 1306]
Event: 5.729 Thread 0x00000236a7c11000 Exception <a 'java/security/PrivilegedActionException'{0x0000000089013158}> (0x0000000089013158) thrown at [./src/hotspot/share/prims/jvm.cpp, line 1306]
Event: 5.729 Thread 0x00000236a7c11000 Exception <a 'java/security/PrivilegedActionException'{0x00000000890146c0}> (0x00000000890146c0) thrown at [./src/hotspot/share/prims/jvm.cpp, line 1306]
Event: 5.729 Thread 0x00000236a7c11000 Exception <a 'java/security/PrivilegedActionException'{0x0000000089017840}> (0x0000000089017840) thrown at [./src/hotspot/share/prims/jvm.cpp, line 1306]
Event: 5.729 Thread 0x00000236a7c11000 Exception <a 'java/security/PrivilegedActionException'{0x0000000089018da8}> (0x0000000089018da8) thrown at [./src/hotspot/share/prims/jvm.cpp, line 1306]
Event: 5.729 Thread 0x00000236a7c11000 Exception <a 'java/security/PrivilegedActionException'{0x000000008901bf78}> (0x000000008901bf78) thrown at [./src/hotspot/share/prims/jvm.cpp, line 1306]
Event: 5.729 Thread 0x00000236a7c11000 Exception <a 'java/security/PrivilegedActionException'{0x000000008901d4e0}> (0x000000008901d4e0) thrown at [./src/hotspot/share/prims/jvm.cpp, line 1306]
Event: 5.729 Thread 0x00000236a7c11000 Exception <a 'java/security/PrivilegedActionException'{0x0000000089020710}> (0x0000000089020710) thrown at [./src/hotspot/share/prims/jvm.cpp, line 1306]
Event: 5.729 Thread 0x00000236a7c11000 Exception <a 'java/security/PrivilegedActionException'{0x0000000089021c78}> (0x0000000089021c78) thrown at [./src/hotspot/share/prims/jvm.cpp, line 1306]
Event: 5.860 Thread 0x00000236a7c11000 Exception <a 'java/lang/ClassNotFoundException'{0x0000000088b50040}: org/gradle/api/tasks/Delete_DecoratedBeanInfo> (0x0000000088b50040) thrown at [./src/hotspot/share/classfile/systemDictionary.cpp, line 231]
Event: 5.861 Thread 0x00000236a7c11000 Exception <a 'java/lang/ClassNotFoundException'{0x0000000088b7a000}: org/gradle/api/tasks/DeleteBeanInfo> (0x0000000088b7a000) thrown at [./src/hotspot/share/classfile/systemDictionary.cpp, line 231]
Event: 5.861 Thread 0x00000236a7c11000 Exception <a 'java/lang/ClassNotFoundException'{0x0000000088ba7b90}: org/gradle/api/internal/ConventionTaskBeanInfo> (0x0000000088ba7b90) thrown at [./src/hotspot/share/classfile/systemDictionary.cpp, line 231]
Event: 5.862 Thread 0x00000236a7c11000 Exception <a 'java/lang/ClassNotFoundException'{0x0000000088bd1540}: org/gradle/api/DefaultTaskBeanInfo> (0x0000000088bd1540) thrown at [./src/hotspot/share/classfile/systemDictionary.cpp, line 231]
Event: 5.863 Thread 0x00000236a7c11000 Exception <a 'java/lang/ClassNotFoundException'{0x0000000088bfee98}: org/gradle/api/internal/AbstractTaskBeanInfo> (0x0000000088bfee98) thrown at [./src/hotspot/share/classfile/systemDictionary.cpp, line 231]
Event: 5.864 Thread 0x00000236a7c11000 Exception <a 'java/lang/ClassNotFoundException'{0x0000000088a2d210}: org/gradle/api/internal/AbstractTaskCustomizer> (0x0000000088a2d210) thrown at [./src/hotspot/share/classfile/systemDictionary.cpp, line 231]
Event: 5.866 Thread 0x00000236a7c11000 Exception <a 'java/lang/ClassNotFoundException'{0x0000000088aa06a8}: org/gradle/api/DefaultTaskCustomizer> (0x0000000088aa06a8) thrown at [./src/hotspot/share/classfile/systemDictionary.cpp, line 231]
Event: 5.869 Thread 0x00000236a7c11000 Exception <a 'java/lang/ClassNotFoundException'{0x0000000088922740}: org/gradle/api/internal/ConventionTaskCustomizer> (0x0000000088922740) thrown at [./src/hotspot/share/classfile/systemDictionary.cpp, line 231]
Event: 5.870 Thread 0x00000236a7c11000 Exception <a 'java/lang/ClassNotFoundException'{0x000000008895aee8}: org/gradle/api/tasks/DeleteCustomizer> (0x000000008895aee8) thrown at [./src/hotspot/share/classfile/systemDictionary.cpp, line 231]
Event: 5.871 Thread 0x00000236a7c11000 Exception <a 'java/lang/ClassNotFoundException'{0x000000008899a128}: org/gradle/api/tasks/Delete_DecoratedCustomizer> (0x000000008899a128) thrown at [./src/hotspot/share/classfile/systemDictionary.cpp, line 231]
Event: 5.900 Thread 0x00000236a7c11000 Exception <a 'java/lang/NoSuchMethodError'{0x0000000088770048}: 'void java.lang.invoke.DirectMethodHandle$Holder.invokeVirtual(java.lang.Object, java.lang.Object)'> (0x0000000088770048) thrown at [./src/hotspot/share/interpreter/linkResolver.cpp, line 773]

Events (20 events):
Event: 6.105 loading class java/util/stream/ReferencePipeline$4$1 done
Event: 6.190 loading class org/apache/groovy/parser/antlr4/GroovyParser$ScriptStatementContext
Event: 6.190 loading class org/apache/groovy/parser/antlr4/GroovyParser$ScriptStatementContext done
Event: 6.191 loading class org/apache/groovy/parser/antlr4/GroovyParser$ScriptStatementContext
Event: 6.191 loading class org/apache/groovy/parser/antlr4/GroovyParser$ScriptStatementContext done
Event: 6.191 loading class org/apache/groovy/parser/antlr4/AstBuilder
Event: 6.191 loading class org/apache/groovy/parser/antlr4/AstBuilder done
Event: 6.191 loading class org/apache/groovy/parser/antlr4/util/PositionConfigureUtils
Event: 6.191 loading class org/apache/groovy/parser/antlr4/util/PositionConfigureUtils done
Event: 6.192 loading class org/apache/groovy/parser/antlr4/util/StringUtils
Event: 6.192 loading class org/apache/groovy/parser/antlr4/util/StringUtils done
Event: 6.192 loading class org/apache/groovy/parser/antlr4/util/StringUtils$3
Event: 6.192 loading class org/apache/groovy/parser/antlr4/util/StringUtils$3 done
Event: 6.192 loading class org/apache/groovy/parser/antlr4/util/StringUtils$2
Event: 6.192 loading class org/apache/groovy/parser/antlr4/util/StringUtils$2 done
Event: 6.193 loading class org/apache/groovy/parser/antlr4/util/StringUtils$4
Event: 6.193 loading class org/apache/groovy/parser/antlr4/util/StringUtils$4 done
Event: 6.193 loading class org/apache/groovy/parser/antlr4/util/StringUtils$1
Event: 6.193 loading class org/apache/groovy/parser/antlr4/util/StringUtils$1 done
Event: 6.193 loading class java/lang/StringLatin1$CharsSpliterator


Dynamic libraries:
0x00007ff705310000 - 0x00007ff70531a000 	C:\Program Files\Android\Android Studio\jre\bin\java.exe
0x00007ffb5a320000 - 0x00007ffb5a527000 	C:\Windows\SYSTEM32\ntdll.dll
0x00007ffb58b00000 - 0x00007ffb58bbd000 	C:\Windows\System32\KERNEL32.DLL
0x00007ffb579e0000 - 0x00007ffb57d54000 	C:\Windows\System32\KERNELBASE.dll
0x00007ffb58020000 - 0x00007ffb58131000 	C:\Windows\System32\ucrtbase.dll
0x00007ffb49f60000 - 0x00007ffb49f77000 	C:\Program Files\Android\Android Studio\jre\bin\VCRUNTIME140.dll
0x00007ffb50520000 - 0x00007ffb50539000 	C:\Program Files\Android\Android Studio\jre\bin\jli.dll
0x00007ffb59440000 - 0x00007ffb595ec000 	C:\Windows\System32\USER32.dll
0x00007ffb42430000 - 0x00007ffb426d5000 	C:\Windows\WinSxS\amd64_microsoft.windows.common-controls_6595b64144ccf1df_6.0.22000.120_none_9d947278b86cc467\COMCTL32.dll
0x00007ffb57e80000 - 0x00007ffb57ea6000 	C:\Windows\System32\win32u.dll
0x00007ffb597a0000 - 0x00007ffb59843000 	C:\Windows\System32\msvcrt.dll
0x00007ffb5a200000 - 0x00007ffb5a229000 	C:\Windows\System32\GDI32.dll
0x00007ffb57d60000 - 0x00007ffb57e72000 	C:\Windows\System32\gdi32full.dll
0x00007ffb57940000 - 0x00007ffb579dd000 	C:\Windows\System32\msvcp_win.dll
0x00007ffb5a230000 - 0x00007ffb5a261000 	C:\Windows\System32\IMM32.DLL
0x00007ffb47990000 - 0x00007ffb47a2d000 	C:\Program Files\Android\Android Studio\jre\bin\msvcp140.dll
0x00007ffaeb990000 - 0x00007ffaec465000 	C:\Program Files\Android\Android Studio\jre\bin\server\jvm.dll
0x00007ffb58cb0000 - 0x00007ffb58d5c000 	C:\Windows\System32\ADVAPI32.dll
0x00007ffb596e0000 - 0x00007ffb5977d000 	C:\Windows\System32\sechost.dll
0x00007ffb58220000 - 0x00007ffb58341000 	C:\Windows\System32\RPCRT4.dll
0x00007ffb59e60000 - 0x00007ffb59e68000 	C:\Windows\System32\PSAPI.DLL
0x00007ffb49c10000 - 0x00007ffb49c43000 	C:\Windows\SYSTEM32\WINMM.dll
0x00007ffb482c0000 - 0x00007ffb482c9000 	C:\Windows\SYSTEM32\WSOCK32.dll
0x00007ffb5a270000 - 0x00007ffb5a2df000 	C:\Windows\System32\WS2_32.dll
0x00007ffb505f0000 - 0x00007ffb505fa000 	C:\Windows\SYSTEM32\VERSION.dll
0x00007ffb56930000 - 0x00007ffb56948000 	C:\Windows\SYSTEM32\kernel.appcore.dll
0x00007ffb1b2e0000 - 0x00007ffb1b2f1000 	C:\Program Files\Android\Android Studio\jre\bin\verify.dll
0x00007ffb4d580000 - 0x00007ffb4d7a1000 	C:\Windows\SYSTEM32\DBGHELP.DLL
0x00007ffb4d540000 - 0x00007ffb4d571000 	C:\Windows\SYSTEM32\dbgcore.DLL
0x00007ffb578c0000 - 0x00007ffb57940000 	C:\Windows\System32\bcryptPrimitives.dll
0x00007ffb19820000 - 0x00007ffb19849000 	C:\Program Files\Android\Android Studio\jre\bin\java.dll
0x00007ffb45040000 - 0x00007ffb4504b000 	C:\Program Files\Android\Android Studio\jre\bin\jimage.dll
0x00007ffb18720000 - 0x00007ffb18738000 	C:\Program Files\Android\Android Studio\jre\bin\zip.dll
0x00007ffb58350000 - 0x00007ffb58af9000 	C:\Windows\System32\SHELL32.dll
0x00007ffb559b0000 - 0x00007ffb56212000 	C:\Windows\SYSTEM32\windows.storage.dll
0x00007ffb58d60000 - 0x00007ffb590d8000 	C:\Windows\System32\combase.dll
0x00007ffb55840000 - 0x00007ffb559a6000 	C:\Windows\SYSTEM32\wintypes.dll
0x00007ffb58bc0000 - 0x00007ffb58caa000 	C:\Windows\System32\SHCORE.dll
0x00007ffb59f00000 - 0x00007ffb59f5d000 	C:\Windows\System32\shlwapi.dll
0x00007ffb57730000 - 0x00007ffb57751000 	C:\Windows\SYSTEM32\profapi.dll
0x00007ffb165d0000 - 0x00007ffb165ea000 	C:\Program Files\Android\Android Studio\jre\bin\net.dll
0x00007ffb535b0000 - 0x00007ffb536bc000 	C:\Windows\SYSTEM32\WINHTTP.dll
0x00007ffb56d40000 - 0x00007ffb56da7000 	C:\Windows\system32\mswsock.dll
0x00007ffb10ae0000 - 0x00007ffb10af4000 	C:\Program Files\Android\Android Studio\jre\bin\nio.dll
0x00007ffb48870000 - 0x00007ffb48897000 	C:\Users\Marwa\.gradle\native\e1d6ef7f7dcc3fd88c89a11ec53ec762bb8ba0a96d01ffa2cd45eb1d1d8dd5c5\windows-amd64\native-platform.dll
0x00007ffb2fbf0000 - 0x00007ffb2fd34000 	C:\Users\Marwa\.gradle\native\5664cfc778a61ccfe75a443a1ab52a65af34e5dc3c78e0209fed803814484fcb\windows-amd64\native-platform-file-events.dll
0x00007ffb43a60000 - 0x00007ffb43a6a000 	C:\Program Files\Android\Android Studio\jre\bin\management.dll
0x00007ffb42420000 - 0x00007ffb4242d000 	C:\Program Files\Android\Android Studio\jre\bin\management_ext.dll
0x00007ffb56f90000 - 0x00007ffb56fa8000 	C:\Windows\SYSTEM32\CRYPTSP.dll
0x00007ffb56890000 - 0x00007ffb568c5000 	C:\Windows\system32\rsaenh.dll
0x00007ffb56e30000 - 0x00007ffb56e59000 	C:\Windows\SYSTEM32\USERENV.dll
0x00007ffb57100000 - 0x00007ffb57127000 	C:\Windows\SYSTEM32\bcrypt.dll
0x00007ffb56f80000 - 0x00007ffb56f8c000 	C:\Windows\SYSTEM32\CRYPTBASE.dll
0x00007ffb56470000 - 0x00007ffb5649d000 	C:\Windows\SYSTEM32\IPHLPAPI.DLL
0x00007ffb59790000 - 0x00007ffb59799000 	C:\Windows\System32\NSI.dll
0x00007ffb53450000 - 0x00007ffb53469000 	C:\Windows\SYSTEM32\dhcpcsvc6.DLL
0x00007ffb53bf0000 - 0x00007ffb53c0e000 	C:\Windows\SYSTEM32\dhcpcsvc.DLL
0x00007ffb564a0000 - 0x00007ffb56587000 	C:\Windows\SYSTEM32\DNSAPI.dll

dbghelp: loaded successfully - version: 4.0.5 - missing functions: none
symbol engine: initialized successfully - sym options: 0x614 - pdb path: .;C:\Program Files\Android\Android Studio\jre\bin;C:\Windows\SYSTEM32;C:\Windows\WinSxS\amd64_microsoft.windows.common-controls_6595b64144ccf1df_6.0.22000.120_none_9d947278b86cc467;C:\Program Files\Android\Android Studio\jre\bin\server;C:\Users\Marwa\.gradle\native\e1d6ef7f7dcc3fd88c89a11ec53ec762bb8ba0a96d01ffa2cd45eb1d1d8dd5c5\windows-amd64;C:\Users\Marwa\.gradle\native\5664cfc778a61ccfe75a443a1ab52a65af34e5dc3c78e0209fed803814484fcb\windows-amd64

VM Arguments:
jvm_args: --add-opens=java.base/java.util=ALL-UNNAMED --add-opens=java.base/java.lang=ALL-UNNAMED --add-opens=java.base/java.lang.invoke=ALL-UNNAMED --add-opens=java.base/java.util=ALL-UNNAMED --add-opens=java.prefs/java.util.prefs=ALL-UNNAMED --add-opens=java.prefs/java.util.prefs=ALL-UNNAMED --add-opens=java.base/java.nio.charset=ALL-UNNAMED --add-opens=java.base/java.net=ALL-UNNAMED --add-opens=java.base/java.util.concurrent.atomic=ALL-UNNAMED -Xmx2048m -Dfile.encoding=UTF-8 -Duser.country=US -Duser.language=en -Duser.variant 
java_command: org.gradle.launcher.daemon.bootstrap.GradleDaemon 7.2
java_class_path (initial): C:\Users\Marwa\.gradle\wrapper\dists\gradle-7.2-bin\2dnblmf4td7x66yl1d74lt32g\gradle-7.2\lib\gradle-launcher-7.2.jar
Launcher Type: SUN_STANDARD

[Global flags]
     intx CICompilerCount                          = 4                                         {product} {ergonomic}
     uint ConcGCThreads                            = 2                                         {product} {ergonomic}
     uint G1ConcRefinementThreads                  = 8                                         {product} {ergonomic}
   size_t G1HeapRegionSize                         = 1048576                                   {product} {ergonomic}
    uintx GCDrainStackTargetSize                   = 64                                        {product} {ergonomic}
   size_t InitialHeapSize                          = 132120576                                 {product} {ergonomic}
   size_t MarkStackSize                            = 4194304                                   {product} {ergonomic}
   size_t MaxHeapSize                              = 2147483648                                {product} {command line}
   size_t MaxNewSize                               = 1287651328                                {product} {ergonomic}
   size_t MinHeapDeltaBytes                        = 1048576                                   {product} {ergonomic}
    uintx NonNMethodCodeHeapSize                   = 5836300                                {pd product} {ergonomic}
    uintx NonProfiledCodeHeapSize                  = 122910970                              {pd product} {ergonomic}
    uintx ProfiledCodeHeapSize                     = 122910970                              {pd product} {ergonomic}
    uintx ReservedCodeCacheSize                    = 251658240                              {pd product} {ergonomic}
     bool SegmentedCodeCache                       = true                                      {product} {ergonomic}
     bool UseCompressedClassPointers               = true                                 {lp64_product} {ergonomic}
     bool UseCompressedOops                        = true                                 {lp64_product} {ergonomic}
     bool UseG1GC                                  = true                                      {product} {ergonomic}
     bool UseLargePagesIndividualAllocation        = false                                  {pd product} {ergonomic}

Logging:
Log output configuration:
 #0: stdout all=warning uptime,level,tags
 #1: stderr all=off uptime,level,tags

Environment Variables:
PATH=C:\oraclexe\app\oracle\product\10.2.0\server\bin;C:\Program Files (x86)\NVIDIA Corporation\PhysX\Common;C:\Python310\Scripts\;C:\Python310\;C:\Program Files\Common Files\Oracle\Java\javapath;C:\Windows\system32;C:\Windows;C:\Windows\System32\Wbem;C:\Windows\System32\WindowsPowerShell\v1.0\;C:\Windows\System32\OpenSSH\;C:\Users\Marwa\AppData\Roaming\nvm;C:\Program Files\nodejs;C:\Program Files\Git\cmd;C:\Program Files\Java\jdk-16.0.2\bin;C:\msys64\mingw64\bin;C:\xampp\php;C:\ProgramData\ComposerSetup\bin;C:\Users\Marwa\AppData\Local\Microsoft\WindowsApps;C:\Users\Marwa\AppData\Roaming\npm;C:\Users\Marwa\AppData\Local\Programs\Microsoft VS Code\bin;C:\Users\Marwa\AppData\Roaming\nvm;C:\Program Files\nodejs;C:\MinGW\bin;C:\Users\Marwa\AppData\Roaming\Composer\vendor\bin
USERNAME=Marwa
OS=Windows_NT
PROCESSOR_IDENTIFIER=Intel64 Family 6 Model 165 Stepping 2, GenuineIntel



---------------  S Y S T E M  ---------------

OS: Windows 10 , 64 bit Build 22000 (10.0.22000.120)
OS uptime: 5 days 1:02 hours

CPU:total 8 (initial active 8) (4 cores per cpu, 2 threads per core) family 6 model 165 stepping 2 microcode 0xe0, cmov, cx8, fxsr, mmx, sse, sse2, sse3, ssse3, sse4.1, sse4.2, popcnt, avx, avx2, aes, clmul, erms, 3dnowpref, lzcnt, ht, tsc, tscinvbit, bmi1, bmi2, adx, fma

Memory: 4k page, system-wide physical 8010M (387M free)
TotalPageFile size 10058M (AvailPageFile size 5M)
current process WorkingSet (physical memory assigned to process): 335M, peak: 337M
current process commit charge ("private bytes"): 378M, peak: 379M

vm_info: OpenJDK 64-Bit Server VM (11.0.11+9-b60-7590822) for windows-amd64 JRE (11.0.11+9-b60-7590822), built on Jul 29 2021 21:43:44 by "builder" with MS VC++ 14.0 (VS2015)

END.
