#
# There is insufficient memory for the Java Runtime Environment to continue.
# Native memory allocation (mmap) failed to map 132120576 bytes for Failed to commit area from 0x0000000082c00000 to 0x000000008aa00000 of length 132120576.
# Possible reasons:
#   The system is out of physical RAM or swap space
#   The process is running with CompressedOops enabled, and the Java Heap may be blocking the growth of the native heap
# Possible solutions:
#   Reduce memory load on the system
#   Increase physical memory or swap space
#   Check if swap backing store is full
#   Decrease Java heap size (-Xmx/-Xms)
#   Decrease number of Java threads
#   Decrease Java thread stack sizes (-Xss)
#   Set larger code cache with -XX:ReservedCodeCacheSize=
# This output file may be truncated or incomplete.
#
#  Out of Memory Error (./src/hotspot/os/windows/os_windows.cpp:3301), pid=16612, tid=11008
#
# JRE version:  (11.0.11+9) (build )
# Java VM: OpenJDK 64-Bit Server VM (11.0.11+9-b60-7590822, mixed mode, sharing, tiered, compressed oops, g1 gc, windows-amd64)
# No core dump will be written. Minidumps are not enabled by default on client versions of Windows
#

---------------  S U M M A R Y ------------

Command Line: org.jetbrains.git4idea.http.GitAskPassApp Username for 'https://github.com': 

Host: Intel(R) Core(TM) i5-10300H CPU @ 2.50GHz, 8 cores, 7G,  Windows 10 , 64 bit Build 22000 (10.0.22000.120)
Time: Wed Dec  7 19:55:34 2022 W. Central Africa Standard Time elapsed time: 0.007556 seconds (0d 0h 0m 0s)

---------------  T H R E A D  ---------------

Current thread (0x0000025745c7e800):  JavaThread "Unknown thread" [_thread_in_vm, id=11008, stack(0x00000081c7b00000,0x00000081c7c00000)]

Stack: [0x00000081c7b00000,0x00000081c7c00000]
Native frames: (J=compiled Java code, j=interpreted, Vv=VM code, C=native code)
V  [jvm.dll+0x5f214a]
V  [jvm.dll+0x726fb5]
V  [jvm.dll+0x7285cd]
V  [jvm.dll+0x728c83]
V  [jvm.dll+0x243278]
V  [jvm.dll+0x5ef544]
V  [jvm.dll+0x5e4495]
V  [jvm.dll+0x2fec5b]
V  [jvm.dll+0x2febca]
V  [jvm.dll+0x2feaa2]
V  [jvm.dll+0x303986]
V  [jvm.dll+0x34c3a3]
V  [jvm.dll+0x34caa6]
V  [jvm.dll+0x34c4a3]
V  [jvm.dll+0x2d9688]
V  [jvm.dll+0x2da837]
V  [jvm.dll+0x705ba7]
V  [jvm.dll+0x70739c]
V  [jvm.dll+0x3598f9]
V  [jvm.dll+0x6e931e]
V  [jvm.dll+0x3c1c43]
V  [jvm.dll+0x3c3e81]
C  [jli.dll+0x5373]
C  [ucrtbase.dll+0x26c0c]
C  [KERNEL32.DLL+0x154e0]
C  [ntdll.dll+0x485b]


---------------  P R O C E S S  ---------------

Threads class SMR info:
_java_thread_list=0x0000025745b225c0, length=0, elements={
}

Java Threads: ( => current thread )

Other Threads:
  0x0000025745c95000 GCTaskThread "GC Thread#0" [stack: 0x00000081c7c00000,0x00000081c7d00000] [id=6100]
  0x0000025745cc7000 ConcurrentGCThread "G1 Main Marker" [stack: 0x00000081c7d00000,0x00000081c7e00000] [id=10016]
  0x0000025745cc8800 ConcurrentGCThread "G1 Conc#0" [stack: 0x00000081c7e00000,0x00000081c7f00000] [id=16824]

[error occurred during error reporting (printing all threads), id 0xc0000005, EXCEPTION_ACCESS_VIOLATION (0xc0000005) at pc=0x00007ffb10a09c47]

VM state:not at safepoint (not fully initialized)

VM Mutex/Monitor currently owned by a thread:  ([mutex/lock_event])
[0x0000025745c78e50] Heap_lock - owner thread: 0x0000025745c7e800

Heap address: 0x0000000082c00000, size: 2004 MB, Compressed Oops mode: Non-zero based: 0x0000000082c00000
Narrow klass base: 0x0000000000000000, Narrow klass shift: 0

GC Heap History (0 events):
No events

Deoptimization events (0 events):
No events

Classes redefined (0 events):
No events

Internal exceptions (0 events):
No events

Events (1 events):
Event: 0.005 Loaded shared library C:\Program Files\Android\Android Studio\jre\bin\zip.dll


Dynamic libraries:
0x00007ff6bb470000 - 0x00007ff6bb47a000 	C:\Program Files\Android\Android Studio\jre\bin\java.exe
0x00007ffb5a320000 - 0x00007ffb5a527000 	C:\Windows\SYSTEM32\ntdll.dll
0x00007ffb58b00000 - 0x00007ffb58bbd000 	C:\Windows\System32\KERNEL32.DLL
0x00007ffb579e0000 - 0x00007ffb57d54000 	C:\Windows\System32\KERNELBASE.dll
0x00007ffb58020000 - 0x00007ffb58131000 	C:\Windows\System32\ucrtbase.dll
0x00007ffb327a0000 - 0x00007ffb327b9000 	C:\Program Files\Android\Android Studio\jre\bin\jli.dll
0x00007ffb45980000 - 0x00007ffb45997000 	C:\Program Files\Android\Android Studio\jre\bin\VCRUNTIME140.dll
0x00007ffb59440000 - 0x00007ffb595ec000 	C:\Windows\System32\USER32.dll
0x00007ffb57e80000 - 0x00007ffb57ea6000 	C:\Windows\System32\win32u.dll
0x00007ffb42430000 - 0x00007ffb426d5000 	C:\Windows\WinSxS\amd64_microsoft.windows.common-controls_6595b64144ccf1df_6.0.22000.120_none_9d947278b86cc467\COMCTL32.dll
0x00007ffb5a200000 - 0x00007ffb5a229000 	C:\Windows\System32\GDI32.dll
0x00007ffb597a0000 - 0x00007ffb59843000 	C:\Windows\System32\msvcrt.dll
0x00007ffb57d60000 - 0x00007ffb57e72000 	C:\Windows\System32\gdi32full.dll
0x00007ffb57940000 - 0x00007ffb579dd000 	C:\Windows\System32\msvcp_win.dll
0x00007ffb5a230000 - 0x00007ffb5a261000 	C:\Windows\System32\IMM32.DLL
0x00007ffb08870000 - 0x00007ffb0890d000 	C:\Program Files\Android\Android Studio\jre\bin\msvcp140.dll
0x00007ffb10720000 - 0x00007ffb111f5000 	C:\Program Files\Android\Android Studio\jre\bin\server\jvm.dll
0x00007ffb58cb0000 - 0x00007ffb58d5c000 	C:\Windows\System32\ADVAPI32.dll
0x00007ffb596e0000 - 0x00007ffb5977d000 	C:\Windows\System32\sechost.dll
0x00007ffb58220000 - 0x00007ffb58341000 	C:\Windows\System32\RPCRT4.dll
0x00007ffb59e60000 - 0x00007ffb59e68000 	C:\Windows\System32\PSAPI.DLL
0x00007ffb53bd0000 - 0x00007ffb53bd9000 	C:\Windows\SYSTEM32\WSOCK32.dll
0x00007ffb49c10000 - 0x00007ffb49c43000 	C:\Windows\SYSTEM32\WINMM.dll
0x00007ffb5a270000 - 0x00007ffb5a2df000 	C:\Windows\System32\WS2_32.dll
0x00007ffb505f0000 - 0x00007ffb505fa000 	C:\Windows\SYSTEM32\VERSION.dll
0x00007ffb56930000 - 0x00007ffb56948000 	C:\Windows\SYSTEM32\kernel.appcore.dll
0x00007ffb48af0000 - 0x00007ffb48b01000 	C:\Program Files\Android\Android Studio\jre\bin\verify.dll
0x00007ffb4d580000 - 0x00007ffb4d7a1000 	C:\Windows\SYSTEM32\DBGHELP.DLL
0x00007ffb4d540000 - 0x00007ffb4d571000 	C:\Windows\SYSTEM32\dbgcore.DLL
0x00007ffb578c0000 - 0x00007ffb57940000 	C:\Windows\System32\bcryptPrimitives.dll
0x00007ffb15d90000 - 0x00007ffb15db9000 	C:\Program Files\Android\Android Studio\jre\bin\java.dll
0x00007ffb46ed0000 - 0x00007ffb46edb000 	C:\Program Files\Android\Android Studio\jre\bin\jimage.dll
0x00007ffb139f0000 - 0x00007ffb13a08000 	C:\Program Files\Android\Android Studio\jre\bin\zip.dll

dbghelp: loaded successfully - version: 4.0.5 - missing functions: none
symbol engine: initialized successfully - sym options: 0x614 - pdb path: .;C:\Program Files\Android\Android Studio\jre\bin;C:\Windows\SYSTEM32;C:\Windows\WinSxS\amd64_microsoft.windows.common-controls_6595b64144ccf1df_6.0.22000.120_none_9d947278b86cc467;C:\Program Files\Android\Android Studio\jre\bin\server

VM Arguments:
java_command: org.jetbrains.git4idea.http.GitAskPassApp Username for 'https://github.com': 
java_class_path (initial): C:/Program Files/Android/Android Studio/plugins/git4idea/lib/git4idea-rt.jar;C:/Program Files/Android/Android Studio/lib/xmlrpc-2.0.1.jar;C:/Program Files/Android/Android Studio/lib/commons-codec-1.15.jar
Launcher Type: SUN_STANDARD

[Global flags]
     intx CICompilerCount                          = 4                                         {product} {ergonomic}
     uint ConcGCThreads                            = 2                                         {product} {ergonomic}
     uint G1ConcRefinementThreads                  = 8                                         {product} {ergonomic}
   size_t G1HeapRegionSize                         = 1048576                                   {product} {ergonomic}
    uintx GCDrainStackTargetSize                   = 64                                        {product} {ergonomic}
   size_t InitialHeapSize                          = 132120576                                 {product} {ergonomic}
   size_t MarkStackSize                            = 4194304                                   {product} {ergonomic}
   size_t MaxHeapSize                              = 2101346304                                {product} {ergonomic}
   size_t MinHeapDeltaBytes                        = 1048576                                   {product} {ergonomic}
    uintx NonNMethodCodeHeapSize                   = 5836300                                {pd product} {ergonomic}
    uintx NonProfiledCodeHeapSize                  = 122910970                              {pd product} {ergonomic}
    uintx ProfiledCodeHeapSize                     = 122910970                              {pd product} {ergonomic}
    uintx ReservedCodeCacheSize                    = 251658240                              {pd product} {ergonomic}
     bool SegmentedCodeCache                       = true                                      {product} {ergonomic}
     bool UseCompressedClassPointers               = true                                 {lp64_product} {ergonomic}
     bool UseCompressedOops                        = true                                 {lp64_product} {ergonomic}
     bool UseG1GC                                  = true                                      {product} {ergonomic}
     bool UseLargePagesIndividualAllocation        = false                                  {pd product} {ergonomic}

Logging:
Log output configuration:
 #0: stdout all=warning uptime,level,tags
 #1: stderr all=off uptime,level,tags

Environment Variables:
PATH=C:/Program Files/Git/mingw64/libexec/git-core;C:/Program Files/Git/mingw64/libexec/git-core;C:\Program Files\Git\mingw64\bin;C:\Program Files\Git\usr\bin;C:\Users\Marwa\bin;C:\oraclexe\app\oracle\product\10.2.0\server\bin;C:\Program Files (x86)\NVIDIA Corporation\PhysX\Common;C:\Python310\Scripts\;C:\Python310\;C:\Program Files\Common Files\Oracle\Java\javapath;C:\Windows\system32;C:\Windows;C:\Windows\System32\Wbem;C:\Windows\System32\WindowsPowerShell\v1.0\;C:\Windows\System32\OpenSSH\;C:\Users\Marwa\AppData\Roaming\nvm;C:\Program Files\nodejs;C:\Program Files\Git\cmd;C:\Program Files\Java\jdk-16.0.2\bin;C:\msys64\mingw64\bin;C:\xampp\php;C:\ProgramData\ComposerSetup\bin;C:\Users\Marwa\AppData\Local\Microsoft\WindowsApps;C:\Users\Marwa\AppData\Roaming\npm;C:\Users\Marwa\AppData\Local\Programs\Microsoft VS Code\bin;C:\Users\Marwa\AppData\Roaming\nvm;C:\Program Files\nodejs;C:\MinGW\bin;C:\Users\Marwa\AppData\Roaming\Composer\vendor\bin
USERNAME=Marwa
DISPLAY=:0.0
LC_ALL=en_US.UTF-8
OS=Windows_NT
PROCESSOR_IDENTIFIER=Intel64 Family 6 Model 165 Stepping 2, GenuineIntel



---------------  S Y S T E M  ---------------

OS: Windows 10 , 64 bit Build 22000 (10.0.22000.120)
OS uptime: 5 days 22:10 hours

CPU:total 8 (initial active 8) (4 cores per cpu, 2 threads per core) family 6 model 165 stepping 2 microcode 0xe0, cmov, cx8, fxsr, mmx, sse, sse2, sse3, ssse3, sse4.1, sse4.2, popcnt, avx, avx2, aes, clmul, erms, 3dnowpref, lzcnt, ht, tsc, tscinvbit, bmi1, bmi2, adx, fma

Memory: 4k page, system-wide physical 8010M (806M free)
TotalPageFile size 10058M (AvailPageFile size 6M)
current process WorkingSet (physical memory assigned to process): 10M, peak: 10M
current process commit charge ("private bytes"): 59M, peak: 185M

vm_info: OpenJDK 64-Bit Server VM (11.0.11+9-b60-7590822) for windows-amd64 JRE (11.0.11+9-b60-7590822), built on Jul 29 2021 21:43:44 by "builder" with MS VC++ 14.0 (VS2015)

END.
