#
# There is insufficient memory for the Java Runtime Environment to continue.
# Native memory allocation (mmap) failed to map 118489088 bytes for Failed to commit area from 0x000000008e000000 to 0x0000000095100000 of length 118489088.
# Possible reasons:
#   The system is out of physical RAM or swap space
#   The process is running with CompressedOops enabled, and the Java Heap may be blocking the growth of the native heap
# Possible solutions:
#   Reduce memory load on the system
#   Increase physical memory or swap space
#   Check if swap backing store is full
#   Decrease Java heap size (-Xmx/-Xms)
#   Decrease number of Java threads
#   Decrease Java thread stack sizes (-Xss)
#   Set larger code cache with -XX:ReservedCodeCacheSize=
#   JVM is running with Unscaled Compressed Oops mode in which the Java heap is
#     placed in the first 4GB address space. The Java Heap base address is the
#     maximum limit for the native heap growth. Please use -XX:HeapBaseMinAddress
#     to set the Java Heap base and to place the Java Heap above 4GB virtual address.
# This output file may be truncated or incomplete.
#
#  Out of Memory Error (./src/hotspot/os/windows/os_windows.cpp:3301), pid=10472, tid=12792
#
# JRE version: OpenJDK Runtime Environment (11.0.11+9) (build 11.0.11+9-b60-7590822)
# Java VM: OpenJDK 64-Bit Server VM (11.0.11+9-b60-7590822, mixed mode, tiered, compressed oops, g1 gc, windows-amd64)
# No core dump will be written. Minidumps are not enabled by default on client versions of Windows
#

---------------  S U M M A R Y ------------

Command Line: --add-opens=java.base/java.util=ALL-UNNAMED --add-opens=java.base/java.lang=ALL-UNNAMED --add-opens=java.base/java.lang.invoke=ALL-UNNAMED --add-opens=java.base/java.util=ALL-UNNAMED --add-opens=java.prefs/java.util.prefs=ALL-UNNAMED --add-opens=java.prefs/java.util.prefs=ALL-UNNAMED --add-opens=java.base/java.nio.charset=ALL-UNNAMED --add-opens=java.base/java.net=ALL-UNNAMED --add-opens=java.base/java.util.concurrent.atomic=ALL-UNNAMED -Xmx2048m -Dfile.encoding=UTF-8 -Duser.country=US -Duser.language=en -Duser.variant org.gradle.launcher.daemon.bootstrap.GradleDaemon 7.2

Host: Intel(R) Core(TM) i5-10300H CPU @ 2.50GHz, 8 cores, 7G,  Windows 10 , 64 bit Build 22000 (10.0.22000.120)
Time: Tue Dec  6 20:54:26 2022 W. Central Africa Standard Time elapsed time: 2553.727738 seconds (0d 0h 42m 33s)

---------------  T H R E A D  ---------------

Current thread (0x000002222c79e000):  VMThread "VM Thread" [stack: 0x000000cc27400000,0x000000cc27500000] [id=12792]

Stack: [0x000000cc27400000,0x000000cc27500000]
[error occurred during error reporting (printing stack bounds), id 0xc0000005, EXCEPTION_ACCESS_VIOLATION (0xc0000005) at pc=0x0000022215e20f2d]

Native frames: (J=compiled Java code, j=interpreted, Vv=VM code, C=native code)
V  [jvm.dll+0x5f214a]
V  [jvm.dll+0x726fb5]
V  [jvm.dll+0x7285cd]
V  [jvm.dll+0x728be5]
V  [jvm.dll+0x728b9b]
V  [jvm.dll+0x5f14e8]
V  [jvm.dll+0x5f1c78]
C  [ntdll.dll+0xa826f]
C  [ntdll.dll+0x359ca]
C  [ntdll.dll+0xa727e]
C  0x0000022215e20f2d

VM_Operation (0x000000cc2aafc770): G1CollectForAllocation, mode: safepoint, requested by thread 0x000002223138a800


---------------  P R O C E S S  ---------------

Threads class SMR info:
_java_thread_list=0x00000222348b0a50, length=140, elements={
0x000002221231e000, 0x000002222c7a0800, 0x000002222c7ae800, 0x000002222d124800,
0x000002222d125800, 0x000002222d128800, 0x000002222d12a800, 0x000002222d12b800,
0x000002222d12f000, 0x000002222d27e000, 0x000002222f47a800, 0x000002222ecae800,
0x000002222e857800, 0x0000022230ffa000, 0x0000022230ffb000, 0x0000022230ffb800,
0x0000022230ff7000, 0x0000022230ffd800, 0x0000022230ff9800, 0x0000022230ff7800,
0x0000022231388800, 0x000002223138c800, 0x000002223138d800, 0x000002223138b000,
0x0000022231388000, 0x000002223138e800, 0x0000022231390000, 0x0000022231391800,
0x00000222350be000, 0x0000022230fa8000, 0x0000022230faa800, 0x0000022230fa9000,
0x0000022230fab800, 0x0000022230fa9800, 0x0000022230fa7800, 0x0000022230fae800,
0x0000022230fb0000, 0x0000022230faf800, 0x000002222fda8800, 0x000002222e3a7000,
0x0000022230fb1000, 0x0000022230fb2000, 0x0000022230fac000, 0x0000022230fb2800,
0x0000022230fad000, 0x0000022230fb4800, 0x0000022230fb5000, 0x0000022230fb6000,
0x000002223138a800, 0x000002223138f000, 0x0000022231389800, 0x0000022231392800,
0x0000022231393000, 0x0000022231394000, 0x0000022231395000, 0x0000022231395800,
0x0000022231396800, 0x00000222350bb800, 0x00000222350c2000, 0x00000222350bd000,
0x00000222350be800, 0x00000222350c1000, 0x00000222350bc000, 0x00000222350bf800,
0x00000222350c0000, 0x0000022230ffc800, 0x0000022230ff8800, 0x0000022236cf3800,
0x0000022236cf3000, 0x0000022236cf4800, 0x0000022236cf6000, 0x0000022236cf1000,
0x0000022236cf5800, 0x0000022236cf7000, 0x0000022236cf7800, 0x0000022236cf2000,
0x0000022236cfc800, 0x0000022236cf8800, 0x0000022236cff000, 0x0000022236cfc000,
0x0000022236cfa000, 0x0000022236cfb000, 0x0000022236cfd800, 0x0000022236cfe800,
0x0000022236cf9800, 0x0000022236d00000, 0x000002222e33f000, 0x000002222e33e000,
0x000002222e33b800, 0x000002222e33f800, 0x000002222e33c800, 0x000002222e33d800,
0x000002222e340800, 0x000002222e33b000, 0x000002222e343000, 0x000002222e344800,
0x000002222e342000, 0x000002222e344000, 0x000002222e346800, 0x000002222e345800,
0x000002222e341800, 0x000002222e347000, 0x000002222e348800, 0x000002222e349800,
0x000002222e348000, 0x0000022232c18800, 0x0000022232c1a000, 0x0000022232c16800,
0x0000022232c15000, 0x0000022232c17800, 0x0000022232c14000, 0x0000022232c19000,
0x0000022232c16000, 0x0000022232c1b800, 0x0000022232c1c800, 0x0000022232c20800,
0x0000022232c1f000, 0x0000022232c1d000, 0x0000022232c1f800, 0x0000022232c1e000,
0x0000022232c1a800, 0x0000022232c21800, 0x0000022232c22000, 0x0000022232c23000,
0x000002222d5e4000, 0x000002222d5e0800, 0x000002222d5e6800, 0x000002222d5e2000,
0x000002222d5e1800, 0x000002222d5e5800, 0x000002222d5e8000, 0x000002222d5e8800,
0x000002222d5e3000, 0x000002222d5e7000, 0x000002222d5e9800, 0x000002222d5ea800,
0x000002222d5e4800, 0x000002222d5ec000, 0x000002222d5eb000, 0x000002222d5ed000
}

Java Threads: ( => current thread )
  0x000002221231e000 JavaThread "main" [_thread_blocked, id=6692, stack(0x000000cc26e00000,0x000000cc26f00000)]
  0x000002222c7a0800 JavaThread "Reference Handler" daemon [_thread_blocked, id=13296, stack(0x000000cc27500000,0x000000cc27600000)]
  0x000002222c7ae800 JavaThread "Finalizer" daemon [_thread_blocked, id=12276, stack(0x000000cc27600000,0x000000cc27700000)]
  0x000002222d124800 JavaThread "Signal Dispatcher" daemon [_thread_blocked, id=10436, stack(0x000000cc27700000,0x000000cc27800000)]
  0x000002222d125800 JavaThread "Attach Listener" daemon [_thread_blocked, id=2148, stack(0x000000cc27800000,0x000000cc27900000)]
  0x000002222d128800 JavaThread "Service Thread" daemon [_thread_blocked, id=13164, stack(0x000000cc27900000,0x000000cc27a00000)]
  0x000002222d12a800 JavaThread "C2 CompilerThread0" daemon [_thread_blocked, id=1524, stack(0x000000cc27a00000,0x000000cc27b00000)]
  0x000002222d12b800 JavaThread "C1 CompilerThread0" daemon [_thread_blocked, id=6468, stack(0x000000cc27b00000,0x000000cc27c00000)]
  0x000002222d12f000 JavaThread "Sweeper thread" daemon [_thread_blocked, id=14208, stack(0x000000cc27c00000,0x000000cc27d00000)]
  0x000002222d27e000 JavaThread "Common-Cleaner" daemon [_thread_blocked, id=17320, stack(0x000000cc27d00000,0x000000cc27e00000)]
  0x000002222f47a800 JavaThread "Daemon health stats" [_thread_blocked, id=8648, stack(0x000000cc28200000,0x000000cc28300000)]
  0x000002222ecae800 JavaThread "Incoming local TCP Connector on port 49989" [_thread_in_native, id=16368, stack(0x000000cc27f00000,0x000000cc28000000)]
  0x000002222e857800 JavaThread "Daemon periodic checks" [_thread_blocked, id=1552, stack(0x000000cc28300000,0x000000cc28400000)]
  0x0000022230ffa000 JavaThread "Cache worker for journal cache (C:\Users\Marwa\.gradle\caches\journal-1)" [_thread_blocked, id=6624, stack(0x000000cc29100000,0x000000cc29200000)]
  0x0000022230ffb000 JavaThread "File lock request listener" [_thread_in_native, id=304, stack(0x000000cc29200000,0x000000cc29300000)]
  0x0000022230ffb800 JavaThread "Cache worker for file hash cache (C:\Users\Marwa\.gradle\caches\7.2\fileHashes)" [_thread_blocked, id=10992, stack(0x000000cc29400000,0x000000cc29500000)]
  0x0000022230ff7000 JavaThread "File watcher server" daemon [_thread_blocked, id=16544, stack(0x000000cc29600000,0x000000cc29700000)]
  0x0000022230ffd800 JavaThread "File watcher consumer" daemon [_thread_blocked, id=16292, stack(0x000000cc29700000,0x000000cc29800000)]
  0x0000022230ff9800 JavaThread "jar transforms" [_thread_blocked, id=9916, stack(0x000000cc29800000,0x000000cc29900000)]
  0x0000022230ff7800 JavaThread "jar transforms Thread 2" [_thread_blocked, id=15196, stack(0x000000cc29900000,0x000000cc29a00000)]
  0x0000022231388800 JavaThread "jar transforms Thread 3" [_thread_blocked, id=2796, stack(0x000000cc29a00000,0x000000cc29b00000)]
  0x000002223138c800 JavaThread "jar transforms Thread 4" [_thread_blocked, id=8836, stack(0x000000cc29b00000,0x000000cc29c00000)]
  0x000002223138d800 JavaThread "jar transforms Thread 5" [_thread_blocked, id=1260, stack(0x000000cc29c00000,0x000000cc29d00000)]
  0x000002223138b000 JavaThread "jar transforms Thread 6" [_thread_blocked, id=8108, stack(0x000000cc29d00000,0x000000cc29e00000)]
  0x0000022231388000 JavaThread "jar transforms Thread 7" [_thread_blocked, id=264, stack(0x000000cc29e00000,0x000000cc29f00000)]
  0x000002223138e800 JavaThread "jar transforms Thread 8" [_thread_blocked, id=14132, stack(0x000000cc29f00000,0x000000cc2a000000)]
  0x0000022231390000 JavaThread "Cache worker for execution history cache (C:\Users\Marwa\.gradle\caches\7.2\executionHistory)" [_thread_blocked, id=15712, stack(0x000000cc2a300000,0x000000cc2a400000)]
  0x0000022231391800 JavaThread "Cache worker for file content cache (C:\Users\Marwa\.gradle\caches\7.2\fileContent)" [_thread_blocked, id=6684, stack(0x000000cc2a400000,0x000000cc2a500000)]
  0x00000222350be000 JavaThread "Memory manager" [_thread_blocked, id=11488, stack(0x000000cc2f700000,0x000000cc2f800000)]
  0x0000022230fa8000 JavaThread "pool-5-thread-1" [_thread_blocked, id=14360, stack(0x000000cc2f800000,0x000000cc2f900000)]
  0x0000022230faa800 JavaThread "Daemon Thread 3" [_thread_blocked, id=16480, stack(0x000000cc26b00000,0x000000cc26c00000)]
  0x0000022230fa9000 JavaThread "Handler for socket connection from /127.0.0.1:49989 to /127.0.0.1:53875" [_thread_in_native, id=8384, stack(0x000000cc26c00000,0x000000cc26d00000)]
  0x0000022230fab800 JavaThread "Cancel handler" [_thread_blocked, id=14068, stack(0x000000cc26d00000,0x000000cc26e00000)]
  0x0000022230fa9800 JavaThread "Daemon worker Thread 3" [_thread_blocked, id=16536, stack(0x000000cc28400000,0x000000cc28500000)]
  0x0000022230fa7800 JavaThread "Asynchronous log dispatcher for DefaultDaemonConnection: socket connection from /127.0.0.1:49989 to /127.0.0.1:53875" [_thread_blocked, id=7476, stack(0x000000cc28500000,0x000000cc28600000)]
  0x0000022230fae800 JavaThread "Stdin handler" [_thread_blocked, id=12052, stack(0x000000cc28600000,0x000000cc28700000)]
  0x0000022230fb0000 JavaThread "Daemon client event forwarder" [_thread_blocked, id=9508, stack(0x000000cc28700000,0x000000cc28800000)]
  0x0000022230faf800 JavaThread "Cache worker for file hash cache (C:\Users\Marwa\OneDrive\Bureau\tuto\dev_mobile\Gestion_Poubelle_Intelligente\.gradle\7.2\fileHashes)" [_thread_blocked, id=13040, stack(0x000000cc28a00000,0x000000cc28b00000)]
  0x000002222fda8800 JavaThread "C2 CompilerThread1" daemon [_thread_blocked, id=8424, stack(0x000000cc28b00000,0x000000cc28c00000)]
  0x000002222e3a7000 JavaThread "C2 CompilerThread2" daemon [_thread_blocked, id=9392, stack(0x000000cc29500000,0x000000cc29600000)]
  0x0000022230fb1000 JavaThread "Cache worker for checksums cache (C:\Users\Marwa\OneDrive\Bureau\tuto\dev_mobile\Gestion_Poubelle_Intelligente\.gradle\checksums)" [_thread_blocked, id=6928, stack(0x000000cc2a000000,0x000000cc2a100000)]
  0x0000022230fb2000 JavaThread "Cache worker for cache directory md-supplier (C:\Users\Marwa\.gradle\caches\7.2\md-supplier)" [_thread_blocked, id=9248, stack(0x000000cc2a100000,0x000000cc2a200000)]
  0x0000022230fac000 JavaThread "Cache worker for cache directory md-rule (C:\Users\Marwa\.gradle\caches\7.2\md-rule)" [_thread_blocked, id=16524, stack(0x000000cc2a200000,0x000000cc2a300000)]
  0x0000022230fb2800 JavaThread "Cache worker for dependencies-accessors (C:\Users\Marwa\OneDrive\Bureau\tuto\dev_mobile\Gestion_Poubelle_Intelligente\.gradle\7.2\dependencies-accessors)" [_thread_blocked, id=3500, stack(0x000000cc2a500000,0x000000cc2a600000)]
  0x0000022230fad000 JavaThread "Cache worker for Build Output Cleanup Cache (C:\Users\Marwa\OneDrive\Bureau\tuto\dev_mobile\Gestion_Poubelle_Intelligente\.gradle\buildOutputCleanup)" [_thread_blocked, id=4224, stack(0x000000cc2a600000,0x000000cc2a700000)]
  0x0000022230fb4800 JavaThread "Unconstrained build operations" [_thread_blocked, id=17052, stack(0x000000cc2a700000,0x000000cc2a800000)]
  0x0000022230fb5000 JavaThread "Unconstrained build operations Thread 2" [_thread_blocked, id=15980, stack(0x000000cc2a800000,0x000000cc2a900000)]
  0x0000022230fb6000 JavaThread "Unconstrained build operations Thread 3" [_thread_blocked, id=8864, stack(0x000000cc2a900000,0x000000cc2aa00000)]
  0x000002223138a800 JavaThread "Unconstrained build operations Thread 4" [_thread_blocked, id=16672, stack(0x000000cc2aa00000,0x000000cc2ab00000)]
  0x000002223138f000 JavaThread "Unconstrained build operations Thread 5" [_thread_blocked, id=9664, stack(0x000000cc2ab00000,0x000000cc2ac00000)]
  0x0000022231389800 JavaThread "Unconstrained build operations Thread 6" [_thread_blocked, id=8096, stack(0x000000cc2ac00000,0x000000cc2ad00000)]
  0x0000022231392800 JavaThread "Unconstrained build operations Thread 7" [_thread_blocked, id=5112, stack(0x000000cc2ad00000,0x000000cc2ae00000)]
  0x0000022231393000 JavaThread "Unconstrained build operations Thread 8" [_thread_blocked, id=8532, stack(0x000000cc2ae00000,0x000000cc2af00000)]
  0x0000022231394000 JavaThread "Unconstrained build operations Thread 9" [_thread_blocked, id=5124, stack(0x000000cc2af00000,0x000000cc2b000000)]
  0x0000022231395000 JavaThread "Unconstrained build operations Thread 10" [_thread_blocked, id=1684, stack(0x000000cc2b000000,0x000000cc2b100000)]
  0x0000022231395800 JavaThread "Unconstrained build operations Thread 11" [_thread_blocked, id=1464, stack(0x000000cc2b100000,0x000000cc2b200000)]
  0x0000022231396800 JavaThread "Unconstrained build operations Thread 12" [_thread_blocked, id=1972, stack(0x000000cc2b200000,0x000000cc2b300000)]
  0x00000222350bb800 JavaThread "Unconstrained build operations Thread 13" [_thread_blocked, id=13540, stack(0x000000cc2b300000,0x000000cc2b400000)]
  0x00000222350c2000 JavaThread "Unconstrained build operations Thread 14" [_thread_blocked, id=14084, stack(0x000000cc2b400000,0x000000cc2b500000)]
  0x00000222350bd000 JavaThread "Unconstrained build operations Thread 15" [_thread_blocked, id=9200, stack(0x000000cc2b500000,0x000000cc2b600000)]
  0x00000222350be800 JavaThread "Unconstrained build operations Thread 16" [_thread_blocked, id=5716, stack(0x000000cc2b600000,0x000000cc2b700000)]
  0x00000222350c1000 JavaThread "Unconstrained build operations Thread 17" [_thread_blocked, id=5984, stack(0x000000cc2b700000,0x000000cc2b800000)]
  0x00000222350bc000 JavaThread "Unconstrained build operations Thread 18" [_thread_blocked, id=15168, stack(0x000000cc2b800000,0x000000cc2b900000)]
  0x00000222350bf800 JavaThread "Unconstrained build operations Thread 19" [_thread_blocked, id=7852, stack(0x000000cc2b900000,0x000000cc2ba00000)]
  0x00000222350c0000 JavaThread "Unconstrained build operations Thread 20" [_thread_blocked, id=12180, stack(0x000000cc2ba00000,0x000000cc2bb00000)]
  0x0000022230ffc800 JavaThread "Unconstrained build operations Thread 21" [_thread_blocked, id=15200, stack(0x000000cc2bb00000,0x000000cc2bc00000)]
  0x0000022230ff8800 JavaThread "Unconstrained build operations Thread 22" [_thread_blocked, id=7292, stack(0x000000cc2bc00000,0x000000cc2bd00000)]
  0x0000022236cf3800 JavaThread "Unconstrained build operations Thread 23" [_thread_blocked, id=8280, stack(0x000000cc2bd00000,0x000000cc2be00000)]
  0x0000022236cf3000 JavaThread "Unconstrained build operations Thread 24" [_thread_blocked, id=15744, stack(0x000000cc2be00000,0x000000cc2bf00000)]
  0x0000022236cf4800 JavaThread "Unconstrained build operations Thread 25" [_thread_blocked, id=6080, stack(0x000000cc2bf00000,0x000000cc2c000000)]
  0x0000022236cf6000 JavaThread "Unconstrained build operations Thread 26" [_thread_blocked, id=14256, stack(0x000000cc2c000000,0x000000cc2c100000)]
  0x0000022236cf1000 JavaThread "Unconstrained build operations Thread 27" [_thread_blocked, id=6332, stack(0x000000cc2c100000,0x000000cc2c200000)]
  0x0000022236cf5800 JavaThread "Unconstrained build operations Thread 28" [_thread_blocked, id=14760, stack(0x000000cc2c200000,0x000000cc2c300000)]
  0x0000022236cf7000 JavaThread "Unconstrained build operations Thread 29" [_thread_blocked, id=2800, stack(0x000000cc2c300000,0x000000cc2c400000)]
  0x0000022236cf7800 JavaThread "Unconstrained build operations Thread 30" [_thread_blocked, id=15528, stack(0x000000cc2c400000,0x000000cc2c500000)]
  0x0000022236cf2000 JavaThread "Unconstrained build operations Thread 31" [_thread_blocked, id=9688, stack(0x000000cc2c500000,0x000000cc2c600000)]
  0x0000022236cfc800 JavaThread "Unconstrained build operations Thread 32" [_thread_blocked, id=3840, stack(0x000000cc2c600000,0x000000cc2c700000)]
  0x0000022236cf8800 JavaThread "Unconstrained build operations Thread 33" [_thread_blocked, id=12860, stack(0x000000cc2c700000,0x000000cc2c800000)]
  0x0000022236cff000 JavaThread "Unconstrained build operations Thread 34" [_thread_blocked, id=14272, stack(0x000000cc2c800000,0x000000cc2c900000)]
  0x0000022236cfc000 JavaThread "Unconstrained build operations Thread 35" [_thread_blocked, id=12752, stack(0x000000cc2c900000,0x000000cc2ca00000)]
  0x0000022236cfa000 JavaThread "Unconstrained build operations Thread 36" [_thread_blocked, id=11156, stack(0x000000cc2ca00000,0x000000cc2cb00000)]
  0x0000022236cfb000 JavaThread "Unconstrained build operations Thread 37" [_thread_blocked, id=12028, stack(0x000000cc2cb00000,0x000000cc2cc00000)]
  0x0000022236cfd800 JavaThread "Unconstrained build operations Thread 38" [_thread_blocked, id=12308, stack(0x000000cc2cc00000,0x000000cc2cd00000)]
  0x0000022236cfe800 JavaThread "Unconstrained build operations Thread 39" [_thread_blocked, id=3172, stack(0x000000cc2cd00000,0x000000cc2ce00000)]
  0x0000022236cf9800 JavaThread "Unconstrained build operations Thread 40" [_thread_blocked, id=6492, stack(0x000000cc2ce00000,0x000000cc2cf00000)]
  0x0000022236d00000 JavaThread "Unconstrained build operations Thread 41" [_thread_blocked, id=16036, stack(0x000000cc2cf00000,0x000000cc2d000000)]
  0x000002222e33f000 JavaThread "Unconstrained build operations Thread 42" [_thread_blocked, id=12816, stack(0x000000cc2d000000,0x000000cc2d100000)]
  0x000002222e33e000 JavaThread "Unconstrained build operations Thread 43" [_thread_blocked, id=2500, stack(0x000000cc2d100000,0x000000cc2d200000)]
  0x000002222e33b800 JavaThread "Unconstrained build operations Thread 44" [_thread_blocked, id=9408, stack(0x000000cc2d200000,0x000000cc2d300000)]
  0x000002222e33f800 JavaThread "Unconstrained build operations Thread 45" [_thread_blocked, id=12024, stack(0x000000cc2d300000,0x000000cc2d400000)]
  0x000002222e33c800 JavaThread "Unconstrained build operations Thread 46" [_thread_blocked, id=10612, stack(0x000000cc2d400000,0x000000cc2d500000)]
  0x000002222e33d800 JavaThread "Unconstrained build operations Thread 47" [_thread_blocked, id=12240, stack(0x000000cc2d500000,0x000000cc2d600000)]
  0x000002222e340800 JavaThread "Unconstrained build operations Thread 48" [_thread_blocked, id=1796, stack(0x000000cc2d600000,0x000000cc2d700000)]
  0x000002222e33b000 JavaThread "Unconstrained build operations Thread 49" [_thread_blocked, id=1780, stack(0x000000cc2d700000,0x000000cc2d800000)]
  0x000002222e343000 JavaThread "Unconstrained build operations Thread 50" [_thread_blocked, id=3356, stack(0x000000cc2d800000,0x000000cc2d900000)]
  0x000002222e344800 JavaThread "Unconstrained build operations Thread 51" [_thread_blocked, id=5924, stack(0x000000cc2d900000,0x000000cc2da00000)]
  0x000002222e342000 JavaThread "Unconstrained build operations Thread 52" [_thread_blocked, id=16460, stack(0x000000cc2da00000,0x000000cc2db00000)]
  0x000002222e344000 JavaThread "Unconstrained build operations Thread 53" [_thread_blocked, id=15688, stack(0x000000cc2db00000,0x000000cc2dc00000)]
  0x000002222e346800 JavaThread "Unconstrained build operations Thread 54" [_thread_blocked, id=7768, stack(0x000000cc2dc00000,0x000000cc2dd00000)]
  0x000002222e345800 JavaThread "Unconstrained build operations Thread 55" [_thread_blocked, id=14888, stack(0x000000cc2dd00000,0x000000cc2de00000)]
  0x000002222e341800 JavaThread "Unconstrained build operations Thread 56" [_thread_blocked, id=15820, stack(0x000000cc2de00000,0x000000cc2df00000)]
  0x000002222e347000 JavaThread "Unconstrained build operations Thread 57" [_thread_blocked, id=15152, stack(0x000000cc2df00000,0x000000cc2e000000)]
  0x000002222e348800 JavaThread "Unconstrained build operations Thread 58" [_thread_blocked, id=7272, stack(0x000000cc2e000000,0x000000cc2e100000)]
  0x000002222e349800 JavaThread "Unconstrained build operations Thread 59" [_thread_blocked, id=8000, stack(0x000000cc2e100000,0x000000cc2e200000)]
  0x000002222e348000 JavaThread "Unconstrained build operations Thread 60" [_thread_blocked, id=5084, stack(0x000000cc2e200000,0x000000cc2e300000)]
  0x0000022232c18800 JavaThread "Unconstrained build operations Thread 61" [_thread_blocked, id=4008, stack(0x000000cc2e300000,0x000000cc2e400000)]
  0x0000022232c1a000 JavaThread "Unconstrained build operations Thread 62" [_thread_blocked, id=13444, stack(0x000000cc2e400000,0x000000cc2e500000)]
  0x0000022232c16800 JavaThread "Unconstrained build operations Thread 63" [_thread_blocked, id=12724, stack(0x000000cc2e500000,0x000000cc2e600000)]
  0x0000022232c15000 JavaThread "Unconstrained build operations Thread 64" [_thread_blocked, id=556, stack(0x000000cc2e600000,0x000000cc2e700000)]
  0x0000022232c17800 JavaThread "Unconstrained build operations Thread 65" [_thread_blocked, id=9804, stack(0x000000cc2e700000,0x000000cc2e800000)]
  0x0000022232c14000 JavaThread "Unconstrained build operations Thread 66" [_thread_blocked, id=10140, stack(0x000000cc2e800000,0x000000cc2e900000)]
  0x0000022232c19000 JavaThread "Unconstrained build operations Thread 67" [_thread_blocked, id=13960, stack(0x000000cc2e900000,0x000000cc2ea00000)]
  0x0000022232c16000 JavaThread "Unconstrained build operations Thread 68" [_thread_blocked, id=4592, stack(0x000000cc2ea00000,0x000000cc2eb00000)]
  0x0000022232c1b800 JavaThread "Unconstrained build operations Thread 69" [_thread_blocked, id=14736, stack(0x000000cc2eb00000,0x000000cc2ec00000)]
  0x0000022232c1c800 JavaThread "Unconstrained build operations Thread 70" [_thread_blocked, id=16444, stack(0x000000cc2ec00000,0x000000cc2ed00000)]
  0x0000022232c20800 JavaThread "Unconstrained build operations Thread 71" [_thread_blocked, id=11360, stack(0x000000cc2ed00000,0x000000cc2ee00000)]
  0x0000022232c1f000 JavaThread "Unconstrained build operations Thread 72" [_thread_blocked, id=15220, stack(0x000000cc2ee00000,0x000000cc2ef00000)]
  0x0000022232c1d000 JavaThread "Unconstrained build operations Thread 73" [_thread_blocked, id=2400, stack(0x000000cc2ef00000,0x000000cc2f000000)]
  0x0000022232c1f800 JavaThread "Unconstrained build operations Thread 74" [_thread_blocked, id=8328, stack(0x000000cc2f000000,0x000000cc2f100000)]
  0x0000022232c1e000 JavaThread "Unconstrained build operations Thread 75" [_thread_blocked, id=7180, stack(0x000000cc2f100000,0x000000cc2f200000)]
  0x0000022232c1a800 JavaThread "Unconstrained build operations Thread 76" [_thread_blocked, id=15888, stack(0x000000cc2f200000,0x000000cc2f300000)]
  0x0000022232c21800 JavaThread "Unconstrained build operations Thread 77" [_thread_blocked, id=17000, stack(0x000000cc2f300000,0x000000cc2f400000)]
  0x0000022232c22000 JavaThread "Unconstrained build operations Thread 78" [_thread_blocked, id=2128, stack(0x000000cc2f400000,0x000000cc2f500000)]
  0x0000022232c23000 JavaThread "Unconstrained build operations Thread 79" [_thread_blocked, id=16016, stack(0x000000cc2f500000,0x000000cc2f600000)]
  0x000002222d5e4000 JavaThread "Unconstrained build operations Thread 80" [_thread_blocked, id=10312, stack(0x000000cc2f600000,0x000000cc2f700000)]
  0x000002222d5e0800 JavaThread "build event listener" [_thread_blocked, id=12380, stack(0x000000cc2f900000,0x000000cc2fa00000)]
  0x000002222d5e6800 JavaThread "pool-8-thread-1" [_thread_blocked, id=9648, stack(0x000000cc2fa00000,0x000000cc2fb00000)]
  0x000002222d5e2000 JavaThread "build event listener" [_thread_blocked, id=13484, stack(0x000000cc2fb00000,0x000000cc2fc00000)]
  0x000002222d5e1800 JavaThread "Execution worker for ':'" [_thread_blocked, id=1096, stack(0x000000cc2fc00000,0x000000cc2fd00000)]
  0x000002222d5e5800 JavaThread "Execution worker for ':' Thread 2" [_thread_blocked, id=3764, stack(0x000000cc2fd00000,0x000000cc2fe00000)]
  0x000002222d5e8000 JavaThread "Execution worker for ':' Thread 3" [_thread_blocked, id=12836, stack(0x000000cc2fe00000,0x000000cc2ff00000)]
  0x000002222d5e8800 JavaThread "Execution worker for ':' Thread 4" [_thread_blocked, id=1676, stack(0x000000cc2ff00000,0x000000cc30000000)]
  0x000002222d5e3000 JavaThread "Execution worker for ':' Thread 5" [_thread_blocked, id=4136, stack(0x000000cc30000000,0x000000cc30100000)]
  0x000002222d5e7000 JavaThread "Execution worker for ':' Thread 6" [_thread_blocked, id=14812, stack(0x000000cc30100000,0x000000cc30200000)]
  0x000002222d5e9800 JavaThread "Execution worker for ':' Thread 7" [_thread_blocked, id=7692, stack(0x000000cc30200000,0x000000cc30300000)]
  0x000002222d5ea800 JavaThread "Cache worker for execution history cache (C:\Users\Marwa\OneDrive\Bureau\tuto\dev_mobile\Gestion_Poubelle_Intelligente\.gradle\7.2\executionHistory)" [_thread_blocked, id=15280, stack(0x000000cc30300000,0x000000cc30400000)]
  0x000002222d5e4800 JavaThread "WorkerExecutor Queue" [_thread_blocked, id=1436, stack(0x000000cc30400000,0x000000cc30500000)]
  0x000002222d5ec000 JavaThread "WorkerExecutor Queue Thread 2" [_thread_blocked, id=12404, stack(0x000000cc30600000,0x000000cc30700000)]
  0x000002222d5eb000 JavaThread "WorkerExecutor Queue Thread 3" [_thread_blocked, id=13160, stack(0x000000cc30700000,0x000000cc30800000)]
  0x000002222d5ed000 JavaThread "WorkerExecutor Queue Thread 4" [_thread_blocked, id=15396, stack(0x000000cc30800000,0x000000cc30900000)]

Other Threads:
=>0x000002222c79e000 VMThread "VM Thread" [stack: 0x000000cc27400000,0x000000cc27500000] [id=12792]
  0x000002222d298000 WatcherThread [stack: 0x000000cc27e00000,0x000000cc27f00000] [id=8704]
  0x0000022212335000 GCTaskThread "GC Thread#0" [stack: 0x000000cc26f00000,0x000000cc27000000] [id=9040]
  0x000002222dff7800 GCTaskThread "GC Thread#1" [stack: 0x000000cc28000000,0x000000cc28100000] [id=1984]
  0x000002222df17800 GCTaskThread "GC Thread#2" [stack: 0x000000cc28100000,0x000000cc28200000] [id=8592]
  0x000002222e95b000 GCTaskThread "GC Thread#3" [stack: 0x000000cc28c00000,0x000000cc28d00000] [id=14156]
  0x000002222fd0f800 GCTaskThread "GC Thread#4" [stack: 0x000000cc28d00000,0x000000cc28e00000] [id=6828]
  0x000002222e668000 GCTaskThread "GC Thread#5" [stack: 0x000000cc28e00000,0x000000cc28f00000] [id=10088]
  0x00000222310c4800 GCTaskThread "GC Thread#6" [stack: 0x000000cc28f00000,0x000000cc29000000] [id=16620]
  0x000002222f684800 GCTaskThread "GC Thread#7" [stack: 0x000000cc29000000,0x000000cc29100000] [id=6952]
  0x0000022212367800 ConcurrentGCThread "G1 Main Marker" [stack: 0x000000cc27000000,0x000000cc27100000] [id=12980]
  0x0000022212368800 ConcurrentGCThread "G1 Conc#0" [stack: 0x000000cc27100000,0x000000cc27200000] [id=300]
  0x000002222f8d7800 ConcurrentGCThread "G1 Conc#1" [stack: 0x000000cc29300000,0x000000cc29400000] [id=6088]
  0x000002222c5f0800 ConcurrentGCThread "G1 Refine#0" [stack: 0x000000cc27200000,0x000000cc27300000] [id=5676]
  0x000002223938a800 ConcurrentGCThread "G1 Refine#1" [stack: 0x000000cc28800000,0x000000cc28900000] [id=12332]
  0x000002223502c800 ConcurrentGCThread "G1 Refine#2" [stack: 0x000000cc28900000,0x000000cc28a00000] [id=8712]
  0x000002222c5f1800 ConcurrentGCThread "G1 Young RemSet Sampling" [stack: 0x000000cc27300000,0x000000cc27400000] [id=13324]

Threads with active compile tasks:
C2 CompilerThread02553747 17196       4       org.gradle.internal.snapshot.ChildMap$Entry::handleAncestorDescendantOrExactMatch (110 bytes)
C2 CompilerThread12553747 17018   !   4       com.google.common.cache.LocalCache$Segment::storeLoadedValue (371 bytes)
C2 CompilerThread22553747 17217       4       com.android.tools.build.apkzlib.zip.ZFile::directFullyRead (131 bytes)

VM state:at safepoint (normal execution)

VM Mutex/Monitor currently owned by a thread:  ([mutex/lock_event])
[0x000002221231afb0] Threads_lock - owner thread: 0x000002222c79e000
[0x0000022212319ed0] Heap_lock - owner thread: 0x000002223138a800

Heap address: 0x0000000080000000, size: 2048 MB, Compressed Oops mode: 32-bit
Narrow klass base: 0x0000000000000000, Narrow klass shift: 3
Compressed class space size: 1073741824 Address: 0x0000000100000000

Heap:
 garbage-first heap   total 345088K, used 163357K [0x0000000080000000, 0x0000000100000000)
  region size 1024K, 4 young (4096K), 4 survivors (4096K)
 Metaspace       used 127850K, capacity 131268K, committed 131644K, reserved 1163264K
  class space    used 16023K, capacity 17284K, committed 17432K, reserved 1048576K
Heap Regions: E=young(eden), S=young(survivor), O=old, HS=humongous(starts), HC=humongous(continues), CS=collection set, F=free, A=archive, TAMS=top-at-mark-start (previous, next)
|   0|0x0000000080000000, 0x0000000080100000, 0x0000000080100000|100%| O|  |TAMS 0x0000000080100000, 0x0000000080000000| Untracked 
|   1|0x0000000080100000, 0x0000000080200000, 0x0000000080200000|100%| O|  |TAMS 0x0000000080200000, 0x0000000080100000| Untracked 
|   2|0x0000000080200000, 0x0000000080300000, 0x0000000080300000|100%| O|  |TAMS 0x0000000080300000, 0x0000000080200000| Untracked 
|   3|0x0000000080300000, 0x0000000080400000, 0x0000000080400000|100%|HS|  |TAMS 0x0000000080400000, 0x0000000080300000| Complete 
|   4|0x0000000080400000, 0x0000000080500000, 0x0000000080500000|100%|HC|  |TAMS 0x0000000080500000, 0x0000000080400000| Complete 
|   5|0x0000000080500000, 0x0000000080600000, 0x0000000080600000|100%|HC|  |TAMS 0x0000000080600000, 0x0000000080500000| Complete 
|   6|0x0000000080600000, 0x0000000080700000, 0x0000000080700000|100%| O|  |TAMS 0x0000000080700000, 0x0000000080600000| Untracked 
|   7|0x0000000080700000, 0x0000000080800000, 0x0000000080800000|100%| O|  |TAMS 0x0000000080800000, 0x0000000080700000| Untracked 
|   8|0x0000000080800000, 0x0000000080900000, 0x0000000080900000|100%| O|  |TAMS 0x0000000080900000, 0x0000000080800000| Untracked 
|   9|0x0000000080900000, 0x0000000080a00000, 0x0000000080a00000|100%| O|  |TAMS 0x0000000080a00000, 0x0000000080900000| Untracked 
|  10|0x0000000080a00000, 0x0000000080b00000, 0x0000000080b00000|100%| O|  |TAMS 0x0000000080b00000, 0x0000000080a00000| Untracked 
|  11|0x0000000080b00000, 0x0000000080c00000, 0x0000000080c00000|100%| O|  |TAMS 0x0000000080b00000, 0x0000000080b00000| Untracked 
|  12|0x0000000080c00000, 0x0000000080d00000, 0x0000000080d00000|100%| O|  |TAMS 0x0000000080d00000, 0x0000000080c00000| Untracked 
|  13|0x0000000080d00000, 0x0000000080e00000, 0x0000000080e00000|100%| O|  |TAMS 0x0000000080e00000, 0x0000000080d00000| Untracked 
|  14|0x0000000080e00000, 0x0000000080f00000, 0x0000000080f00000|100%| O|  |TAMS 0x0000000080f00000, 0x0000000080e00000| Untracked 
|  15|0x0000000080f00000, 0x0000000081000000, 0x0000000081000000|100%| O|  |TAMS 0x0000000081000000, 0x0000000080f00000| Untracked 
|  16|0x0000000081000000, 0x0000000081100000, 0x0000000081100000|100%|HS|  |TAMS 0x0000000081100000, 0x0000000081000000| Complete 
|  17|0x0000000081100000, 0x0000000081200000, 0x0000000081200000|100%|HC|  |TAMS 0x0000000081200000, 0x0000000081100000| Complete 
|  18|0x0000000081200000, 0x0000000081300000, 0x0000000081300000|100%|HS|  |TAMS 0x0000000081300000, 0x0000000081200000| Complete 
|  19|0x0000000081300000, 0x0000000081400000, 0x0000000081400000|100%|HC|  |TAMS 0x0000000081400000, 0x0000000081300000| Complete 
|  20|0x0000000081400000, 0x0000000081500000, 0x0000000081500000|100%|HC|  |TAMS 0x0000000081500000, 0x0000000081400000| Complete 
|  21|0x0000000081500000, 0x0000000081600000, 0x0000000081600000|100%|HS|  |TAMS 0x0000000081600000, 0x0000000081500000| Complete 
|  22|0x0000000081600000, 0x0000000081700000, 0x0000000081700000|100%|HC|  |TAMS 0x0000000081700000, 0x0000000081600000| Complete 
|  23|0x0000000081700000, 0x0000000081800000, 0x0000000081800000|100%|HC|  |TAMS 0x0000000081800000, 0x0000000081700000| Complete 
|  24|0x0000000081800000, 0x0000000081900000, 0x0000000081900000|100%|HC|  |TAMS 0x0000000081900000, 0x0000000081800000| Complete 
|  25|0x0000000081900000, 0x0000000081a00000, 0x0000000081a00000|100%| O|  |TAMS 0x0000000081a00000, 0x0000000081900000| Untracked 
|  26|0x0000000081a00000, 0x0000000081b00000, 0x0000000081b00000|100%| O|  |TAMS 0x0000000081b00000, 0x0000000081a00000| Untracked 
|  27|0x0000000081b00000, 0x0000000081c00000, 0x0000000081c00000|100%| O|  |TAMS 0x0000000081c00000, 0x0000000081b00000| Untracked 
|  28|0x0000000081c00000, 0x0000000081d00000, 0x0000000081d00000|100%|HS|  |TAMS 0x0000000081d00000, 0x0000000081c00000| Complete 
|  29|0x0000000081d00000, 0x0000000081e00000, 0x0000000081e00000|100%|HC|  |TAMS 0x0000000081e00000, 0x0000000081d00000| Complete 
|  30|0x0000000081e00000, 0x0000000081f00000, 0x0000000081f00000|100%|HC|  |TAMS 0x0000000081f00000, 0x0000000081e00000| Complete 
|  31|0x0000000081f00000, 0x0000000082000000, 0x0000000082000000|100%| O|  |TAMS 0x0000000082000000, 0x0000000081f00000| Untracked 
|  32|0x0000000082000000, 0x0000000082100000, 0x0000000082100000|100%| O|  |TAMS 0x0000000082100000, 0x0000000082000000| Untracked 
|  33|0x0000000082100000, 0x0000000082200000, 0x0000000082200000|100%| O|  |TAMS 0x0000000082200000, 0x0000000082100000| Untracked 
|  34|0x0000000082200000, 0x0000000082300000, 0x0000000082300000|100%| O|  |TAMS 0x0000000082300000, 0x0000000082200000| Untracked 
|  35|0x0000000082300000, 0x0000000082400000, 0x0000000082400000|100%| O|  |TAMS 0x0000000082400000, 0x0000000082300000| Untracked 
|  36|0x0000000082400000, 0x0000000082500000, 0x0000000082500000|100%| O|  |TAMS 0x0000000082500000, 0x0000000082400000| Untracked 
|  37|0x0000000082500000, 0x0000000082600000, 0x0000000082600000|100%| O|  |TAMS 0x0000000082600000, 0x0000000082500000| Untracked 
|  38|0x0000000082600000, 0x0000000082700000, 0x0000000082700000|100%| O|  |TAMS 0x0000000082700000, 0x0000000082600000| Untracked 
|  39|0x0000000082700000, 0x0000000082800000, 0x0000000082800000|100%| O|  |TAMS 0x0000000082800000, 0x0000000082700000| Untracked 
|  40|0x0000000082800000, 0x0000000082900000, 0x0000000082900000|100%| O|  |TAMS 0x0000000082900000, 0x0000000082800000| Untracked 
|  41|0x0000000082900000, 0x0000000082a00000, 0x0000000082a00000|100%| O|  |TAMS 0x0000000082a00000, 0x0000000082900000| Untracked 
|  42|0x0000000082a00000, 0x0000000082b00000, 0x0000000082b00000|100%|HS|  |TAMS 0x0000000082b00000, 0x0000000082a00000| Complete 
|  43|0x0000000082b00000, 0x0000000082c00000, 0x0000000082c00000|100%|HC|  |TAMS 0x0000000082c00000, 0x0000000082b00000| Complete 
|  44|0x0000000082c00000, 0x0000000082d00000, 0x0000000082d00000|100%|HC|  |TAMS 0x0000000082d00000, 0x0000000082c00000| Complete 
|  45|0x0000000082d00000, 0x0000000082e00000, 0x0000000082e00000|100%|HC|  |TAMS 0x0000000082e00000, 0x0000000082d00000| Complete 
|  46|0x0000000082e00000, 0x0000000082f00000, 0x0000000082f00000|100%| O|  |TAMS 0x0000000082f00000, 0x0000000082e00000| Untracked 
|  47|0x0000000082f00000, 0x0000000083000000, 0x0000000083000000|100%| O|  |TAMS 0x0000000083000000, 0x0000000082f00000| Untracked 
|  48|0x0000000083000000, 0x0000000083100000, 0x0000000083100000|100%| O|  |TAMS 0x0000000083100000, 0x0000000083000000| Untracked 
|  49|0x0000000083100000, 0x0000000083200000, 0x0000000083200000|100%| O|  |TAMS 0x0000000083200000, 0x0000000083100000| Untracked 
|  50|0x0000000083200000, 0x0000000083300000, 0x0000000083300000|100%| O|  |TAMS 0x0000000083300000, 0x0000000083200000| Untracked 
|  51|0x0000000083300000, 0x0000000083400000, 0x0000000083400000|100%| O|  |TAMS 0x0000000083400000, 0x0000000083300000| Untracked 
|  52|0x0000000083400000, 0x0000000083500000, 0x0000000083500000|100%| O|  |TAMS 0x0000000083500000, 0x0000000083400000| Untracked 
|  53|0x0000000083500000, 0x0000000083600000, 0x0000000083600000|100%| O|  |TAMS 0x0000000083600000, 0x0000000083500000| Untracked 
|  54|0x0000000083600000, 0x0000000083700000, 0x0000000083700000|100%|HS|  |TAMS 0x0000000083700000, 0x0000000083600000| Complete 
|  55|0x0000000083700000, 0x0000000083800000, 0x0000000083800000|100%|HS|  |TAMS 0x0000000083800000, 0x0000000083700000| Complete 
|  56|0x0000000083800000, 0x0000000083900000, 0x0000000083900000|100%|HS|  |TAMS 0x0000000083900000, 0x0000000083800000| Complete 
|  57|0x0000000083900000, 0x0000000083a00000, 0x0000000083a00000|100%|HS|  |TAMS 0x0000000083a00000, 0x0000000083900000| Complete 
|  58|0x0000000083a00000, 0x0000000083b00000, 0x0000000083b00000|100%|HC|  |TAMS 0x0000000083b00000, 0x0000000083a00000| Complete 
|  59|0x0000000083b00000, 0x0000000083c00000, 0x0000000083c00000|100%| O|  |TAMS 0x0000000083b00000, 0x0000000083b00000| Untracked 
|  60|0x0000000083c00000, 0x0000000083d00000, 0x0000000083d00000|100%| O|  |TAMS 0x0000000083d00000, 0x0000000083c00000| Untracked 
|  61|0x0000000083d00000, 0x0000000083e00000, 0x0000000083e00000|100%| O|  |TAMS 0x0000000083e00000, 0x0000000083d00000| Untracked 
|  62|0x0000000083e00000, 0x0000000083f00000, 0x0000000083f00000|100%| O|  |TAMS 0x0000000083f00000, 0x0000000083e00000| Untracked 
|  63|0x0000000083f00000, 0x0000000084000000, 0x0000000084000000|100%| O|  |TAMS 0x0000000084000000, 0x0000000083f00000| Untracked 
|  64|0x0000000084000000, 0x0000000084100000, 0x0000000084100000|100%| O|  |TAMS 0x0000000084100000, 0x0000000084000000| Untracked 
|  65|0x0000000084100000, 0x0000000084200000, 0x0000000084200000|100%| O|  |TAMS 0x0000000084200000, 0x0000000084100000| Untracked 
|  66|0x0000000084200000, 0x0000000084300000, 0x0000000084300000|100%| O|  |TAMS 0x0000000084300000, 0x0000000084200000| Untracked 
|  67|0x0000000084300000, 0x0000000084400000, 0x0000000084400000|100%| O|  |TAMS 0x0000000084400000, 0x0000000084300000| Untracked 
|  68|0x0000000084400000, 0x0000000084500000, 0x0000000084500000|100%| O|  |TAMS 0x0000000084500000, 0x0000000084400000| Untracked 
|  69|0x0000000084500000, 0x0000000084600000, 0x0000000084600000|100%| O|  |TAMS 0x0000000084600000, 0x0000000084500000| Untracked 
|  70|0x0000000084600000, 0x0000000084700000, 0x0000000084700000|100%| O|  |TAMS 0x0000000084700000, 0x0000000084600000| Untracked 
|  71|0x0000000084700000, 0x0000000084800000, 0x0000000084800000|100%| O|  |TAMS 0x0000000084800000, 0x0000000084700000| Untracked 
|  72|0x0000000084800000, 0x0000000084900000, 0x0000000084900000|100%| O|  |TAMS 0x0000000084900000, 0x0000000084800000| Untracked 
|  73|0x0000000084900000, 0x0000000084a00000, 0x0000000084a00000|100%| O|  |TAMS 0x0000000084a00000, 0x0000000084900000| Untracked 
|  74|0x0000000084a00000, 0x0000000084b00000, 0x0000000084b00000|100%| O|  |TAMS 0x0000000084b00000, 0x0000000084a00000| Untracked 
|  75|0x0000000084b00000, 0x0000000084c00000, 0x0000000084c00000|100%| O|  |TAMS 0x0000000084c00000, 0x0000000084b00000| Untracked 
|  76|0x0000000084c00000, 0x0000000084d00000, 0x0000000084d00000|100%| O|  |TAMS 0x0000000084d00000, 0x0000000084c00000| Untracked 
|  77|0x0000000084d00000, 0x0000000084e00000, 0x0000000084e00000|100%| O|  |TAMS 0x0000000084e00000, 0x0000000084d00000| Untracked 
|  78|0x0000000084e00000, 0x0000000084f00000, 0x0000000084f00000|100%| O|  |TAMS 0x0000000084f00000, 0x0000000084e00000| Untracked 
|  79|0x0000000084f00000, 0x0000000085000000, 0x0000000085000000|100%| O|  |TAMS 0x0000000085000000, 0x0000000084f00000| Untracked 
|  80|0x0000000085000000, 0x0000000085100000, 0x0000000085100000|100%| O|  |TAMS 0x0000000085100000, 0x0000000085000000| Untracked 
|  81|0x0000000085100000, 0x0000000085200000, 0x0000000085200000|100%| O|  |TAMS 0x0000000085200000, 0x0000000085100000| Untracked 
|  82|0x0000000085200000, 0x0000000085300000, 0x0000000085300000|100%| O|  |TAMS 0x0000000085300000, 0x0000000085200000| Untracked 
|  83|0x0000000085300000, 0x0000000085400000, 0x0000000085400000|100%| O|  |TAMS 0x0000000085300000, 0x0000000085300000| Untracked 
|  84|0x0000000085400000, 0x0000000085500000, 0x0000000085500000|100%| O|  |TAMS 0x0000000085500000, 0x0000000085400000| Untracked 
|  85|0x0000000085500000, 0x0000000085600000, 0x0000000085600000|100%|HS|  |TAMS 0x0000000085600000, 0x0000000085500000| Complete 
|  86|0x0000000085600000, 0x0000000085700000, 0x0000000085700000|100%|HC|  |TAMS 0x0000000085700000, 0x0000000085600000| Complete 
|  87|0x0000000085700000, 0x0000000085800000, 0x0000000085800000|100%|HS|  |TAMS 0x0000000085800000, 0x0000000085700000| Complete 
|  88|0x0000000085800000, 0x0000000085900000, 0x0000000085900000|100%|HC|  |TAMS 0x0000000085900000, 0x0000000085800000| Complete 
|  89|0x0000000085900000, 0x0000000085a00000, 0x0000000085a00000|100%|HC|  |TAMS 0x0000000085a00000, 0x0000000085900000| Complete 
|  90|0x0000000085a00000, 0x0000000085b00000, 0x0000000085b00000|100%|HS|  |TAMS 0x0000000085b00000, 0x0000000085a00000| Complete 
|  91|0x0000000085b00000, 0x0000000085c00000, 0x0000000085c00000|100%|HC|  |TAMS 0x0000000085c00000, 0x0000000085b00000| Complete 
|  92|0x0000000085c00000, 0x0000000085d00000, 0x0000000085d00000|100%|HC|  |TAMS 0x0000000085d00000, 0x0000000085c00000| Complete 
|  93|0x0000000085d00000, 0x0000000085e00000, 0x0000000085e00000|100%|HC|  |TAMS 0x0000000085e00000, 0x0000000085d00000| Complete 
|  94|0x0000000085e00000, 0x0000000085f00000, 0x0000000085f00000|100%| O|  |TAMS 0x0000000085f00000, 0x0000000085e00000| Untracked 
|  95|0x0000000085f00000, 0x0000000086000000, 0x0000000086000000|100%| O|  |TAMS 0x0000000086000000, 0x0000000085f00000| Untracked 
|  96|0x0000000086000000, 0x0000000086100000, 0x0000000086100000|100%| O|  |TAMS 0x0000000086100000, 0x0000000086000000| Untracked 
|  97|0x0000000086100000, 0x0000000086200000, 0x0000000086200000|100%| O|  |TAMS 0x0000000086100000, 0x0000000086100000| Untracked 
|  98|0x0000000086200000, 0x0000000086300000, 0x0000000086300000|100%| O|  |TAMS 0x0000000086300000, 0x0000000086200000| Untracked 
|  99|0x0000000086300000, 0x0000000086400000, 0x0000000086400000|100%| O|  |TAMS 0x0000000086300000, 0x0000000086300000| Untracked 
| 100|0x0000000086400000, 0x0000000086500000, 0x0000000086500000|100%| O|  |TAMS 0x0000000086500000, 0x0000000086400000| Untracked 
| 101|0x0000000086500000, 0x0000000086600000, 0x0000000086600000|100%| O|  |TAMS 0x0000000086600000, 0x0000000086500000| Untracked 
| 102|0x0000000086600000, 0x0000000086700000, 0x0000000086700000|100%| O|  |TAMS 0x0000000086600000, 0x0000000086600000| Untracked 
| 103|0x0000000086700000, 0x0000000086800000, 0x0000000086800000|100%| O|  |TAMS 0x0000000086800000, 0x0000000086700000| Untracked 
| 104|0x0000000086800000, 0x0000000086900000, 0x0000000086900000|100%| O|  |TAMS 0x0000000086900000, 0x0000000086800000| Untracked 
| 105|0x0000000086900000, 0x0000000086a00000, 0x0000000086a00000|100%| O|  |TAMS 0x0000000086a00000, 0x0000000086900000| Untracked 
| 106|0x0000000086a00000, 0x0000000086b00000, 0x0000000086b00000|100%| O|  |TAMS 0x0000000086b00000, 0x0000000086a00000| Untracked 
| 107|0x0000000086b00000, 0x0000000086c00000, 0x0000000086c00000|100%| O|  |TAMS 0x0000000086c00000, 0x0000000086b00000| Untracked 
| 108|0x0000000086c00000, 0x0000000086d00000, 0x0000000086d00000|100%| O|  |TAMS 0x0000000086d00000, 0x0000000086c00000| Untracked 
| 109|0x0000000086d00000, 0x0000000086e00000, 0x0000000086e00000|100%| O|  |TAMS 0x0000000086e00000, 0x0000000086d00000| Untracked 
| 110|0x0000000086e00000, 0x0000000086f00000, 0x0000000086f00000|100%| O|  |TAMS 0x0000000086f00000, 0x0000000086e00000| Untracked 
| 111|0x0000000086f00000, 0x0000000087000000, 0x0000000087000000|100%| O|  |TAMS 0x0000000087000000, 0x0000000086f00000| Untracked 
| 112|0x0000000087000000, 0x0000000087100000, 0x0000000087100000|100%| O|  |TAMS 0x0000000087100000, 0x0000000087000000| Untracked 
| 113|0x0000000087100000, 0x0000000087200000, 0x0000000087200000|100%| O|  |TAMS 0x0000000087200000, 0x0000000087100000| Untracked 
| 114|0x0000000087200000, 0x0000000087300000, 0x0000000087300000|100%| O|  |TAMS 0x0000000087200000, 0x0000000087200000| Untracked 
| 115|0x0000000087300000, 0x0000000087400000, 0x0000000087400000|100%| O|  |TAMS 0x0000000087300000, 0x0000000087300000| Untracked 
| 116|0x0000000087400000, 0x0000000087500000, 0x0000000087500000|100%| O|  |TAMS 0x0000000087500000, 0x0000000087400000| Untracked 
| 117|0x0000000087500000, 0x0000000087600000, 0x0000000087600000|100%| O|  |TAMS 0x0000000087600000, 0x0000000087500000| Untracked 
| 118|0x0000000087600000, 0x0000000087700000, 0x0000000087700000|100%| O|  |TAMS 0x0000000087600000, 0x0000000087600000| Untracked 
| 119|0x0000000087700000, 0x0000000087800000, 0x0000000087800000|100%| O|  |TAMS 0x0000000087700000, 0x0000000087700000| Untracked 
| 120|0x0000000087800000, 0x0000000087900000, 0x0000000087900000|100%| O|  |TAMS 0x0000000087900000, 0x0000000087800000| Untracked 
| 121|0x0000000087900000, 0x0000000087a00000, 0x0000000087a00000|100%| O|  |TAMS 0x0000000087900000, 0x0000000087900000| Untracked 
| 122|0x0000000087a00000, 0x0000000087b00000, 0x0000000087b00000|100%| O|  |TAMS 0x0000000087b00000, 0x0000000087a00000| Untracked 
| 123|0x0000000087b00000, 0x0000000087c00000, 0x0000000087c00000|100%| O|  |TAMS 0x0000000087c00000, 0x0000000087b00000| Untracked 
| 124|0x0000000087c00000, 0x0000000087d00000, 0x0000000087d00000|100%| O|  |TAMS 0x0000000087d00000, 0x0000000087c00000| Untracked 
| 125|0x0000000087d00000, 0x0000000087e00000, 0x0000000087e00000|100%| O|  |TAMS 0x0000000087e00000, 0x0000000087d00000| Untracked 
| 126|0x0000000087e00000, 0x0000000087f00000, 0x0000000087f00000|100%| O|  |TAMS 0x0000000087e00000, 0x0000000087e00000| Untracked 
| 127|0x0000000087f00000, 0x0000000088000000, 0x0000000088000000|100%| O|  |TAMS 0x0000000087f8be00, 0x0000000087f00000| Untracked 
| 128|0x0000000088000000, 0x0000000088100000, 0x0000000088100000|100%| O|  |TAMS 0x0000000088100000, 0x0000000088000000| Untracked 
| 129|0x0000000088100000, 0x0000000088200000, 0x0000000088200000|100%| O|  |TAMS 0x0000000088200000, 0x0000000088100000| Untracked 
| 130|0x0000000088200000, 0x0000000088300000, 0x0000000088300000|100%| O|  |TAMS 0x0000000088200000, 0x0000000088200000| Untracked 
| 131|0x0000000088300000, 0x0000000088400000, 0x0000000088400000|100%| O|  |TAMS 0x0000000088400000, 0x0000000088300000| Untracked 
| 132|0x0000000088400000, 0x0000000088500000, 0x0000000088500000|100%| O|  |TAMS 0x0000000088500000, 0x0000000088400000| Untracked 
| 133|0x0000000088500000, 0x0000000088600000, 0x0000000088600000|100%| O|  |TAMS 0x0000000088600000, 0x0000000088500000| Untracked 
| 134|0x0000000088600000, 0x0000000088700000, 0x0000000088700000|100%| O|  |TAMS 0x0000000088700000, 0x0000000088600000| Untracked 
| 135|0x0000000088700000, 0x0000000088800000, 0x0000000088800000|100%| O|  |TAMS 0x0000000088800000, 0x0000000088700000| Untracked 
| 136|0x0000000088800000, 0x0000000088900000, 0x0000000088900000|100%| O|  |TAMS 0x0000000088900000, 0x0000000088800000| Untracked 
| 137|0x0000000088900000, 0x0000000088a00000, 0x0000000088a00000|100%| O|  |TAMS 0x0000000088a00000, 0x0000000088900000| Untracked 
| 138|0x0000000088a00000, 0x0000000088b00000, 0x0000000088b00000|100%| O|  |TAMS 0x0000000088b00000, 0x0000000088a00000| Untracked 
| 139|0x0000000088b00000, 0x0000000088c00000, 0x0000000088c00000|100%| O|  |TAMS 0x0000000088c00000, 0x0000000088b00000| Untracked 
| 140|0x0000000088c00000, 0x0000000088d00000, 0x0000000088d00000|100%| O|  |TAMS 0x0000000088d00000, 0x0000000088c00000| Untracked 
| 141|0x0000000088d00000, 0x0000000088e00000, 0x0000000088e00000|100%| O|  |TAMS 0x0000000088e00000, 0x0000000088d00000| Untracked 
| 142|0x0000000088e00000, 0x0000000088f00000, 0x0000000088f00000|100%| O|  |TAMS 0x0000000088f00000, 0x0000000088e00000| Untracked 
| 143|0x0000000088f00000, 0x0000000089000000, 0x0000000089000000|100%| O|  |TAMS 0x0000000089000000, 0x0000000088f00000| Untracked 
| 144|0x0000000089000000, 0x0000000089100000, 0x0000000089100000|100%| O|  |TAMS 0x0000000089100000, 0x0000000089000000| Untracked 
| 145|0x0000000089100000, 0x0000000089200000, 0x0000000089200000|100%| O|  |TAMS 0x0000000089200000, 0x0000000089100000| Untracked 
| 146|0x0000000089200000, 0x0000000089300000, 0x0000000089300000|100%| O|  |TAMS 0x0000000089300000, 0x0000000089200000| Untracked 
| 147|0x0000000089300000, 0x0000000089400000, 0x0000000089400000|100%| O|  |TAMS 0x0000000089300000, 0x0000000089300000| Untracked 
| 148|0x0000000089400000, 0x0000000089500000, 0x0000000089500000|100%| O|  |TAMS 0x0000000089500000, 0x0000000089400000| Untracked 
| 149|0x0000000089500000, 0x0000000089600000, 0x0000000089600000|100%| O|  |TAMS 0x0000000089600000, 0x0000000089500000| Untracked 
| 150|0x0000000089600000, 0x0000000089700000, 0x0000000089700000|100%| O|  |TAMS 0x0000000089700000, 0x0000000089600000| Untracked 
| 151|0x0000000089700000, 0x0000000089800000, 0x0000000089800000|100%| O|  |TAMS 0x0000000089700000, 0x0000000089700000| Untracked 
| 152|0x0000000089800000, 0x0000000089833600, 0x0000000089900000| 20%| O|  |TAMS 0x0000000089800000, 0x0000000089800000| Untracked 
| 153|0x0000000089900000, 0x0000000089a00000, 0x0000000089a00000|100%| O|  |TAMS 0x0000000089900000, 0x0000000089900000| Untracked 
| 154|0x0000000089a00000, 0x0000000089b00000, 0x0000000089b00000|100%| O|  |TAMS 0x0000000089a00000, 0x0000000089a00000| Untracked 
| 155|0x0000000089b00000, 0x0000000089c00000, 0x0000000089c00000|100%| O|  |TAMS 0x0000000089b00000, 0x0000000089b00000| Untracked 
| 156|0x0000000089c00000, 0x0000000089d00000, 0x0000000089d00000|100%| O|  |TAMS 0x0000000089c00000, 0x0000000089c00000| Untracked 
| 157|0x0000000089d00000, 0x0000000089d00000, 0x0000000089e00000|  0%| F|  |TAMS 0x0000000089d00000, 0x0000000089d00000| Untracked 
| 158|0x0000000089e00000, 0x0000000089e00000, 0x0000000089f00000|  0%| F|  |TAMS 0x0000000089e00000, 0x0000000089e00000| Untracked 
| 159|0x0000000089f00000, 0x0000000089f00000, 0x000000008a000000|  0%| F|  |TAMS 0x0000000089f00000, 0x0000000089f00000| Untracked 
| 160|0x000000008a000000, 0x000000008a000000, 0x000000008a100000|  0%| F|  |TAMS 0x000000008a000000, 0x000000008a000000| Untracked 
| 161|0x000000008a100000, 0x000000008a100000, 0x000000008a200000|  0%| F|  |TAMS 0x000000008a100000, 0x000000008a100000| Untracked 
| 162|0x000000008a200000, 0x000000008a200000, 0x000000008a300000|  0%| F|  |TAMS 0x000000008a200000, 0x000000008a200000| Untracked 
| 163|0x000000008a300000, 0x000000008a300000, 0x000000008a400000|  0%| F|  |TAMS 0x000000008a300000, 0x000000008a300000| Untracked 
| 164|0x000000008a400000, 0x000000008a400000, 0x000000008a500000|  0%| F|  |TAMS 0x000000008a400000, 0x000000008a400000| Untracked 
| 165|0x000000008a500000, 0x000000008a500000, 0x000000008a600000|  0%| F|  |TAMS 0x000000008a500000, 0x000000008a500000| Untracked 
| 166|0x000000008a600000, 0x000000008a600000, 0x000000008a700000|  0%| F|  |TAMS 0x000000008a600000, 0x000000008a600000| Untracked 
| 167|0x000000008a700000, 0x000000008a700000, 0x000000008a800000|  0%| F|  |TAMS 0x000000008a700000, 0x000000008a700000| Untracked 
| 168|0x000000008a800000, 0x000000008a800000, 0x000000008a900000|  0%| F|  |TAMS 0x000000008a800000, 0x000000008a800000| Untracked 
| 169|0x000000008a900000, 0x000000008a900000, 0x000000008aa00000|  0%| F|  |TAMS 0x000000008a900000, 0x000000008a900000| Untracked 
| 170|0x000000008aa00000, 0x000000008aa00000, 0x000000008ab00000|  0%| F|  |TAMS 0x000000008aa00000, 0x000000008aa00000| Untracked 
| 171|0x000000008ab00000, 0x000000008ab00000, 0x000000008ac00000|  0%| F|  |TAMS 0x000000008ab00000, 0x000000008ab00000| Untracked 
| 172|0x000000008ac00000, 0x000000008ac00000, 0x000000008ad00000|  0%| F|  |TAMS 0x000000008ac00000, 0x000000008ac00000| Untracked 
| 173|0x000000008ad00000, 0x000000008ad00000, 0x000000008ae00000|  0%| F|  |TAMS 0x000000008ad00000, 0x000000008ad00000| Untracked 
| 174|0x000000008ae00000, 0x000000008ae00000, 0x000000008af00000|  0%| F|  |TAMS 0x000000008ae00000, 0x000000008ae00000| Untracked 
| 175|0x000000008af00000, 0x000000008af00000, 0x000000008b000000|  0%| F|  |TAMS 0x000000008af00000, 0x000000008af00000| Untracked 
| 176|0x000000008b000000, 0x000000008b000000, 0x000000008b100000|  0%| F|  |TAMS 0x000000008b000000, 0x000000008b000000| Untracked 
| 177|0x000000008b100000, 0x000000008b100000, 0x000000008b200000|  0%| F|  |TAMS 0x000000008b100000, 0x000000008b100000| Untracked 
| 178|0x000000008b200000, 0x000000008b200000, 0x000000008b300000|  0%| F|  |TAMS 0x000000008b200000, 0x000000008b200000| Untracked 
| 179|0x000000008b300000, 0x000000008b300000, 0x000000008b400000|  0%| F|  |TAMS 0x000000008b300000, 0x000000008b300000| Untracked 
| 180|0x000000008b400000, 0x000000008b400000, 0x000000008b500000|  0%| F|  |TAMS 0x000000008b400000, 0x000000008b400000| Untracked 
| 181|0x000000008b500000, 0x000000008b500000, 0x000000008b600000|  0%| F|  |TAMS 0x000000008b500000, 0x000000008b500000| Untracked 
| 182|0x000000008b600000, 0x000000008b600000, 0x000000008b700000|  0%| F|  |TAMS 0x000000008b600000, 0x000000008b600000| Untracked 
| 183|0x000000008b700000, 0x000000008b700000, 0x000000008b800000|  0%| F|  |TAMS 0x000000008b700000, 0x000000008b700000| Untracked 
| 184|0x000000008b800000, 0x000000008b800000, 0x000000008b900000|  0%| F|  |TAMS 0x000000008b800000, 0x000000008b800000| Untracked 
| 185|0x000000008b900000, 0x000000008b900000, 0x000000008ba00000|  0%| F|  |TAMS 0x000000008b900000, 0x000000008b900000| Untracked 
| 186|0x000000008ba00000, 0x000000008ba00000, 0x000000008bb00000|  0%| F|  |TAMS 0x000000008ba00000, 0x000000008ba00000| Untracked 
| 187|0x000000008bb00000, 0x000000008bb00000, 0x000000008bc00000|  0%| F|  |TAMS 0x000000008bb00000, 0x000000008bb00000| Untracked 
| 188|0x000000008bc00000, 0x000000008bc53ee0, 0x000000008bd00000| 32%| S|CS|TAMS 0x000000008bc00000, 0x000000008bc00000| Complete 
| 189|0x000000008bd00000, 0x000000008bd00000, 0x000000008be00000|  0%| F|  |TAMS 0x000000008bd00000, 0x000000008bd00000| Untracked 
| 190|0x000000008be00000, 0x000000008bf00000, 0x000000008bf00000|100%| S|CS|TAMS 0x000000008be00000, 0x000000008be00000| Complete 
| 191|0x000000008bf00000, 0x000000008c000000, 0x000000008c000000|100%| S|CS|TAMS 0x000000008bf00000, 0x000000008bf00000| Complete 
| 192|0x000000008c000000, 0x000000008c000000, 0x000000008c100000|  0%| F|  |TAMS 0x000000008c000000, 0x000000008c000000| Untracked 
| 193|0x000000008c100000, 0x000000008c100000, 0x000000008c200000|  0%| F|  |TAMS 0x000000008c100000, 0x000000008c100000| Untracked 
| 194|0x000000008c200000, 0x000000008c200000, 0x000000008c300000|  0%| F|  |TAMS 0x000000008c200000, 0x000000008c200000| Untracked 
| 195|0x000000008c300000, 0x000000008c400000, 0x000000008c400000|100%| S|CS|TAMS 0x000000008c300000, 0x000000008c300000| Complete 
| 196|0x000000008c400000, 0x000000008c400000, 0x000000008c500000|  0%| F|  |TAMS 0x000000008c400000, 0x000000008c400000| Untracked 
| 197|0x000000008c500000, 0x000000008c500000, 0x000000008c600000|  0%| F|  |TAMS 0x000000008c500000, 0x000000008c500000| Untracked 
| 198|0x000000008c600000, 0x000000008c600000, 0x000000008c700000|  0%| F|  |TAMS 0x000000008c600000, 0x000000008c600000| Untracked 
| 199|0x000000008c700000, 0x000000008c700000, 0x000000008c800000|  0%| F|  |TAMS 0x000000008c700000, 0x000000008c700000| Untracked 
| 200|0x000000008c800000, 0x000000008c800000, 0x000000008c900000|  0%| F|  |TAMS 0x000000008c800000, 0x000000008c800000| Untracked 
| 201|0x000000008c900000, 0x000000008c900000, 0x000000008ca00000|  0%| F|  |TAMS 0x000000008c900000, 0x000000008c900000| Untracked 
| 202|0x000000008ca00000, 0x000000008ca00000, 0x000000008cb00000|  0%| F|  |TAMS 0x000000008ca00000, 0x000000008ca00000| Untracked 
| 203|0x000000008cb00000, 0x000000008cb00000, 0x000000008cc00000|  0%| F|  |TAMS 0x000000008cb00000, 0x000000008cb00000| Untracked 
| 204|0x000000008cc00000, 0x000000008cc00000, 0x000000008cd00000|  0%| F|  |TAMS 0x000000008cc00000, 0x000000008cc00000| Untracked 
| 205|0x000000008cd00000, 0x000000008cd00000, 0x000000008ce00000|  0%| F|  |TAMS 0x000000008cd00000, 0x000000008cd00000| Untracked 
| 206|0x000000008ce00000, 0x000000008ce00000, 0x000000008cf00000|  0%| F|  |TAMS 0x000000008ce00000, 0x000000008ce00000| Untracked 
| 207|0x000000008cf00000, 0x000000008cf00000, 0x000000008d000000|  0%| F|  |TAMS 0x000000008cf00000, 0x000000008cf00000| Untracked 
| 208|0x000000008d000000, 0x000000008d000000, 0x000000008d100000|  0%| F|  |TAMS 0x000000008d000000, 0x000000008d000000| Untracked 
| 209|0x000000008d100000, 0x000000008d100000, 0x000000008d200000|  0%| F|  |TAMS 0x000000008d100000, 0x000000008d100000| Untracked 
| 210|0x000000008d200000, 0x000000008d200000, 0x000000008d300000|  0%| F|  |TAMS 0x000000008d200000, 0x000000008d200000| Untracked 
| 211|0x000000008d300000, 0x000000008d300000, 0x000000008d400000|  0%| F|  |TAMS 0x000000008d300000, 0x000000008d300000| Untracked 
| 212|0x000000008d400000, 0x000000008d400000, 0x000000008d500000|  0%| F|  |TAMS 0x000000008d400000, 0x000000008d400000| Untracked 
| 213|0x000000008d500000, 0x000000008d500000, 0x000000008d600000|  0%| F|  |TAMS 0x000000008d500000, 0x000000008d500000| Untracked 
| 214|0x000000008d600000, 0x000000008d600000, 0x000000008d700000|  0%| F|  |TAMS 0x000000008d600000, 0x000000008d600000| Untracked 
| 215|0x000000008d700000, 0x000000008d700000, 0x000000008d800000|  0%| F|  |TAMS 0x000000008d700000, 0x000000008d700000| Untracked 
| 216|0x000000008d800000, 0x000000008d800000, 0x000000008d900000|  0%| F|  |TAMS 0x000000008d800000, 0x000000008d800000| Untracked 
| 217|0x000000008d900000, 0x000000008d900000, 0x000000008da00000|  0%| F|  |TAMS 0x000000008d900000, 0x000000008d900000| Untracked 
| 218|0x000000008da00000, 0x000000008da00000, 0x000000008db00000|  0%| F|  |TAMS 0x000000008da00000, 0x000000008da00000| Untracked 
| 219|0x000000008db00000, 0x000000008db00000, 0x000000008dc00000|  0%| F|  |TAMS 0x000000008db00000, 0x000000008db00000| Untracked 
| 220|0x000000008dc00000, 0x000000008dc00000, 0x000000008dd00000|  0%| F|  |TAMS 0x000000008dc00000, 0x000000008dc00000| Untracked 
| 221|0x000000008dd00000, 0x000000008dd00000, 0x000000008de00000|  0%| F|  |TAMS 0x000000008dd00000, 0x000000008dd00000| Untracked 
| 222|0x000000008de00000, 0x000000008de00000, 0x000000008df00000|  0%| F|  |TAMS 0x000000008de00000, 0x000000008de00000| Untracked 
| 223|0x000000008df00000, 0x000000008df00000, 0x000000008e000000|  0%| F|  |TAMS 0x000000008df00000, 0x000000008df00000| Untracked 

Card table byte_map: [0x0000022225560000,0x0000022225960000] _byte_map_base: 0x0000022225160000

Marking Bits (Prev, Next): (CMBitMap*) 0x000002221235ed20, (CMBitMap*) 0x000002221235ece8
 Prev Bits: [0x0000022227d60000, 0x0000022229d60000)
 Next Bits: [0x0000022225d60000, 0x0000022227d60000)

Polling page: 0x0000022210280000

Metaspace:

Usage:
  Non-class:    111.31 MB capacity,   109.21 MB ( 98%) used,     1.74 MB (  2%) free+waste,   373.25 KB ( <1%) overhead. 
      Class:     16.88 MB capacity,    15.65 MB ( 93%) used,     1.07 MB (  6%) free+waste,   166.56 KB ( <1%) overhead. 
       Both:    128.19 MB capacity,   124.85 MB ( 97%) used,     2.81 MB (  2%) free+waste,   539.81 KB ( <1%) overhead. 

Virtual space:
  Non-class space:      112.00 MB reserved,     111.54 MB (>99%) committed 
      Class space:        1.00 GB reserved,      17.02 MB (  2%) committed 
             Both:        1.11 GB reserved,     128.56 MB ( 11%) committed 

Chunk freelists:
   Non-Class:  36.00 KB
       Class:  28.00 KB
        Both:  64.00 KB

MaxMetaspaceSize: 17179869184.00 GB
CompressedClassSpaceSize: 1.00 GB

CodeHeap 'non-profiled nmethods': size=120000Kb used=11656Kb max_used=11656Kb free=108343Kb
 bounds [0x000002221d8f0000, 0x000002221e460000, 0x0000022224e20000]
CodeHeap 'profiled nmethods': size=120000Kb used=38650Kb max_used=38650Kb free=81349Kb
 bounds [0x00000222163c0000, 0x0000022218980000, 0x000002221d8f0000]
CodeHeap 'non-nmethods': size=5760Kb used=2378Kb max_used=2436Kb free=3381Kb
 bounds [0x0000022215e20000, 0x0000022216090000, 0x00000222163c0000]
 total_blobs=18011 nmethods=17006 adapters=915
 compilation: enabled
              stopped_count=0, restarted_count=0
 full_count=0

Compilation events (20 events):
Event: 2553.697 Thread 0x000002222d12b800 17205       3       com.google.common.collect.Sets::newHashSet (14 bytes)
Event: 2553.697 Thread 0x000002222d12b800 nmethod 17205 0x000002221897c890 code [0x000002221897cac0, 0x000002221897cfc8]
Event: 2553.697 Thread 0x000002222d12b800 17206       3       com.android.tools.build.apkzlib.zip.ZipField::<init> (74 bytes)
Event: 2553.698 Thread 0x000002222d12b800 nmethod 17206 0x000002221897d210 code [0x000002221897d4e0, 0x000002221897e188]
Event: 2553.698 Thread 0x000002222d12b800 17207       3       com.android.tools.build.apkzlib.zip.ZipField$F4::<init> (9 bytes)
Event: 2553.698 Thread 0x000002222d12b800 nmethod 17207 0x000002221897e610 code [0x000002221897e7c0, 0x000002221897e908]
Event: 2553.701 Thread 0x000002222e3a7000 nmethod 17074 0x000002221e44fc10 code [0x000002221e44fde0, 0x000002221e4502e8]
Event: 2553.701 Thread 0x000002222e3a7000 17209   !   4       com.android.tools.build.apkzlib.zip.CentralDirectoryHeader::getCompressionInfoWithWait (50 bytes)
Event: 2553.702 Thread 0x000002222e3a7000 nmethod 17209 0x000002221e450810 code [0x000002221e4509c0, 0x000002221e450a78]
Event: 2553.702 Thread 0x000002222e3a7000 17210       4       com.google.common.collect.AbstractIndexedListIterator::hasNext (17 bytes)
Event: 2553.702 Thread 0x000002222e3a7000 nmethod 17210 0x000002221e450b90 code [0x000002221e450d20, 0x000002221e450d98]
Event: 2553.702 Thread 0x000002222e3a7000 17132   !   4       org.gradle.internal.resources.DefaultResourceLockCoordinationService$DefaultResourceLockState::releaseLocks (76 bytes)
Event: 2553.703 Thread 0x000002222e3a7000 nmethod 17132 0x000002221e450e10 code [0x000002221e450fa0, 0x000002221e451018]
Event: 2553.703 Thread 0x000002222e3a7000 17208       4       org.gradle.internal.io.StreamByteBuffer::allocateSpace (73 bytes)
Event: 2553.707 Thread 0x000002222d12b800 17215       1       com.android.tools.build.apkzlib.zip.StoredEntry::access$100 (5 bytes)
Event: 2553.708 Thread 0x000002222d12b800 nmethod 17215 0x000002221e451090 code [0x000002221e451240, 0x000002221e4512d8]
Event: 2553.708 Thread 0x000002222e3a7000 nmethod 17208 0x000002221e451390 code [0x000002221e451540, 0x000002221e4518a8]
Event: 2553.708 Thread 0x000002222e3a7000 17214       4       java.nio.channels.spi.AbstractInterruptibleChannel::end (53 bytes)
Event: 2553.711 Thread 0x000002222e3a7000 nmethod 17214 0x000002221e451a10 code [0x000002221e451bc0, 0x000002221e451ed8]
Event: 2553.711 Thread 0x000002222e3a7000 17217       4       com.android.tools.build.apkzlib.zip.ZFile::directFullyRead (131 bytes)

GC Heap History (20 events):
Event: 2551.825 GC heap after
{Heap after GC invocations=59 (full 0):
 garbage-first heap   total 187392K, used 147545K [0x0000000080000000, 0x0000000100000000)
  region size 1024K, 2 young (2048K), 2 survivors (2048K)
 Metaspace       used 122197K, capacity 125454K, committed 125756K, reserved 1159168K
  class space    used 15349K, capacity 16582K, committed 16664K, reserved 1048576K
}
Event: 2551.938 GC heap before
{Heap before GC invocations=59 (full 0):
 garbage-first heap   total 187392K, used 157785K [0x0000000080000000, 0x0000000100000000)
  region size 1024K, 10 young (10240K), 2 survivors (2048K)
 Metaspace       used 122222K, capacity 125518K, committed 125756K, reserved 1159168K
  class space    used 15350K, capacity 16582K, committed 16664K, reserved 1048576K
}
Event: 2551.947 GC heap after
{Heap after GC invocations=60 (full 0):
 garbage-first heap   total 187392K, used 155183K [0x0000000080000000, 0x0000000100000000)
  region size 1024K, 2 young (2048K), 2 survivors (2048K)
 Metaspace       used 122222K, capacity 125518K, committed 125756K, reserved 1159168K
  class space    used 15350K, capacity 16582K, committed 16664K, reserved 1048576K
}
Event: 2552.125 GC heap before
{Heap before GC invocations=60 (full 0):
 garbage-first heap   total 187392K, used 175663K [0x0000000080000000, 0x0000000100000000)
  region size 1024K, 9 young (9216K), 2 survivors (2048K)
 Metaspace       used 122868K, capacity 126244K, committed 126396K, reserved 1159168K
  class space    used 15427K, capacity 16668K, committed 16792K, reserved 1048576K
}
Event: 2552.131 GC heap after
{Heap after GC invocations=61 (full 0):
 garbage-first heap   total 187392K, used 154067K [0x0000000080000000, 0x0000000100000000)
  region size 1024K, 1 young (1024K), 1 survivors (1024K)
 Metaspace       used 122868K, capacity 126244K, committed 126396K, reserved 1159168K
  class space    used 15427K, capacity 16668K, committed 16792K, reserved 1048576K
}
Event: 2552.274 GC heap before
{Heap before GC invocations=62 (full 0):
 garbage-first heap   total 187392K, used 161235K [0x0000000080000000, 0x0000000100000000)
  region size 1024K, 9 young (9216K), 1 survivors (1024K)
 Metaspace       used 123897K, capacity 127219K, committed 127548K, reserved 1161216K
  class space    used 15527K, capacity 16770K, committed 16920K, reserved 1048576K
}
Event: 2552.278 GC heap after
{Heap after GC invocations=63 (full 0):
 garbage-first heap   total 187392K, used 154120K [0x0000000080000000, 0x0000000100000000)
  region size 1024K, 1 young (1024K), 1 survivors (1024K)
 Metaspace       used 123897K, capacity 127219K, committed 127548K, reserved 1161216K
  class space    used 15527K, capacity 16770K, committed 16920K, reserved 1048576K
}
Event: 2552.387 GC heap before
{Heap before GC invocations=63 (full 0):
 garbage-first heap   total 187392K, used 161288K [0x0000000080000000, 0x0000000100000000)
  region size 1024K, 9 young (9216K), 1 survivors (1024K)
 Metaspace       used 124365K, capacity 127720K, committed 128060K, reserved 1161216K
  class space    used 15585K, capacity 16807K, committed 16920K, reserved 1048576K
}
Event: 2552.397 GC heap after
{Heap after GC invocations=64 (full 0):
 garbage-first heap   total 187392K, used 150567K [0x0000000080000000, 0x0000000100000000)
  region size 1024K, 2 young (2048K), 2 survivors (2048K)
 Metaspace       used 124365K, capacity 127720K, committed 128060K, reserved 1161216K
  class space    used 15585K, capacity 16807K, committed 16920K, reserved 1048576K
}
Event: 2552.484 GC heap before
{Heap before GC invocations=64 (full 0):
 garbage-first heap   total 187392K, used 158759K [0x0000000080000000, 0x0000000100000000)
  region size 1024K, 11 young (11264K), 2 survivors (2048K)
 Metaspace       used 124484K, capacity 127850K, committed 128060K, reserved 1161216K
  class space    used 15590K, capacity 16807K, committed 16920K, reserved 1048576K
}
Event: 2552.490 GC heap after
{Heap after GC invocations=65 (full 0):
 garbage-first heap   total 187392K, used 151346K [0x0000000080000000, 0x0000000100000000)
  region size 1024K, 2 young (2048K), 2 survivors (2048K)
 Metaspace       used 124484K, capacity 127850K, committed 128060K, reserved 1161216K
  class space    used 15590K, capacity 16807K, committed 16920K, reserved 1048576K
}
Event: 2552.605 GC heap before
{Heap before GC invocations=65 (full 0):
 garbage-first heap   total 187392K, used 160562K [0x0000000080000000, 0x0000000100000000)
  region size 1024K, 11 young (11264K), 2 survivors (2048K)
 Metaspace       used 124545K, capacity 127921K, committed 128060K, reserved 1161216K
  class space    used 15599K, capacity 16846K, committed 16920K, reserved 1048576K
}
Event: 2552.622 GC heap after
{Heap after GC invocations=66 (full 0):
 garbage-first heap   total 229376K, used 153092K [0x0000000080000000, 0x0000000100000000)
  region size 1024K, 2 young (2048K), 2 survivors (2048K)
 Metaspace       used 124545K, capacity 127921K, committed 128060K, reserved 1161216K
  class space    used 15599K, capacity 16846K, committed 16920K, reserved 1048576K
}
Event: 2553.064 GC heap before
{Heap before GC invocations=66 (full 0):
 garbage-first heap   total 229376K, used 180740K [0x0000000080000000, 0x0000000100000000)
  region size 1024K, 30 young (30720K), 2 survivors (2048K)
 Metaspace       used 124930K, capacity 128304K, committed 128572K, reserved 1161216K
  class space    used 15626K, capacity 16855K, committed 16920K, reserved 1048576K
}
Event: 2553.069 GC heap after
{Heap after GC invocations=67 (full 0):
 garbage-first heap   total 229376K, used 155747K [0x0000000080000000, 0x0000000100000000)
  region size 1024K, 4 young (4096K), 4 survivors (4096K)
 Metaspace       used 124930K, capacity 128304K, committed 128572K, reserved 1161216K
  class space    used 15626K, capacity 16855K, committed 16920K, reserved 1048576K
}
Event: 2553.313 GC heap before
{Heap before GC invocations=67 (full 0):
 garbage-first heap   total 229376K, used 183395K [0x0000000080000000, 0x0000000100000000)
  region size 1024K, 32 young (32768K), 4 survivors (4096K)
 Metaspace       used 125893K, capacity 129294K, committed 129596K, reserved 1161216K
  class space    used 15773K, capacity 17034K, committed 17176K, reserved 1048576K
}
Event: 2553.321 GC heap after
{Heap after GC invocations=68 (full 0):
 garbage-first heap   total 229376K, used 157373K [0x0000000080000000, 0x0000000100000000)
  region size 1024K, 2 young (2048K), 2 survivors (2048K)
 Metaspace       used 125893K, capacity 129294K, committed 129596K, reserved 1161216K
  class space    used 15773K, capacity 17034K, committed 17176K, reserved 1048576K
}
Event: 2553.565 GC heap before
{Heap before GC invocations=68 (full 0):
 garbage-first heap   total 229376K, used 187069K [0x0000000080000000, 0x0000000100000000)
  region size 1024K, 31 young (31744K), 2 survivors (2048K)
 Metaspace       used 127128K, capacity 130522K, committed 130748K, reserved 1163264K
  class space    used 15933K, capacity 17186K, committed 17304K, reserved 1048576K
}
Event: 2553.570 GC heap after
{Heap after GC invocations=69 (full 0):
 garbage-first heap   total 229376K, used 160051K [0x0000000080000000, 0x0000000100000000)
  region size 1024K, 4 young (4096K), 4 survivors (4096K)
 Metaspace       used 127128K, capacity 130522K, committed 130748K, reserved 1163264K
  class space    used 15933K, capacity 17186K, committed 17304K, reserved 1048576K
}
Event: 2553.719 GC heap before
{Heap before GC invocations=69 (full 0):
 garbage-first heap   total 229376K, used 187699K [0x0000000080000000, 0x0000000100000000)
  region size 1024K, 32 young (32768K), 4 survivors (4096K)
 Metaspace       used 127850K, capacity 131268K, committed 131644K, reserved 1163264K
  class space    used 16023K, capacity 17284K, committed 17432K, reserved 1048576K
}

Deoptimization events (20 events):
Event: 2553.600 Thread 0x000002222d5e4800 DEOPT PACKING pc=0x0000022218922a3e sp=0x000000cc304fcd20
Event: 2553.600 Thread 0x000002222d5e4800 DEOPT UNPACKING pc=0x0000022215e46dde sp=0x000000cc304fc2b8 mode 0
Event: 2553.617 Thread 0x000002222d5e4800 DEOPT PACKING pc=0x0000022218922a3e sp=0x000000cc304fcd20
Event: 2553.617 Thread 0x000002222d5e4800 DEOPT UNPACKING pc=0x0000022215e46dde sp=0x000000cc304fc2b8 mode 0
Event: 2553.624 Thread 0x000002222d5e4800 DEOPT PACKING pc=0x0000022218922a3e sp=0x000000cc304fd080
Event: 2553.624 Thread 0x000002222d5e4800 DEOPT UNPACKING pc=0x0000022215e46dde sp=0x000000cc304fc618 mode 0
Event: 2553.630 Thread 0x000002222d5e4800 DEOPT PACKING pc=0x0000022218922a3e sp=0x000000cc304fd080
Event: 2553.630 Thread 0x000002222d5e4800 DEOPT UNPACKING pc=0x0000022215e46dde sp=0x000000cc304fc618 mode 0
Event: 2553.636 Thread 0x000002222d5e4800 DEOPT PACKING pc=0x0000022218922a3e sp=0x000000cc304fd080
Event: 2553.636 Thread 0x000002222d5e4800 DEOPT UNPACKING pc=0x0000022215e46dde sp=0x000000cc304fc618 mode 0
Event: 2553.657 Thread 0x000002222d5e7000 Uncommon trap: trap_request=0xffffffc6 fr.pc=0x000002221e313628 relative=0x0000000000000ec8
Event: 2553.657 Thread 0x000002222d5e7000 Uncommon trap: reason=bimorphic_or_optimized_type_check action=maybe_recompile pc=0x000002221e313628 method=org.gradle.internal.snapshot.SnapshotUtil$1.handleAsDescendantOfChild(Lorg/gradle/internal/snapshot/VfsRelativePath;Lorg/gradle/internal/snapshot/F
Event: 2553.657 Thread 0x000002222d5e7000 DEOPT PACKING pc=0x000002221e313628 sp=0x000000cc301fb450
Event: 2553.657 Thread 0x000002222d5e7000 DEOPT UNPACKING pc=0x0000022215e4662f sp=0x000000cc301fb360 mode 2
Event: 2553.657 Thread 0x000002222d5e7000 Uncommon trap: trap_request=0xffffffc6 fr.pc=0x000002221e0f4400 relative=0x0000000000000400
Event: 2553.657 Thread 0x000002222d5e7000 Uncommon trap: reason=bimorphic_or_optimized_type_check action=maybe_recompile pc=0x000002221e0f4400 method=org.gradle.internal.snapshot.SnapshotUtil$1.handleAsDescendantOfChild(Lorg/gradle/internal/snapshot/VfsRelativePath;Lorg/gradle/internal/snapshot/F
Event: 2553.657 Thread 0x000002222d5e7000 DEOPT PACKING pc=0x000002221e0f4400 sp=0x000000cc301fb1b0
Event: 2553.657 Thread 0x000002222d5e7000 DEOPT UNPACKING pc=0x0000022215e4662f sp=0x000000cc301fb100 mode 2
Event: 2553.697 Thread 0x0000022232c23000 DEOPT PACKING pc=0x00000222189057c4 sp=0x000000cc2f5fda00
Event: 2553.697 Thread 0x0000022232c23000 DEOPT UNPACKING pc=0x0000022215e46dde sp=0x000000cc2f5fcfa0 mode 0

Classes redefined (0 events):
No events

Internal exceptions (20 events):
Event: 2550.748 Thread 0x0000022230fa9800 Exception <a 'java/lang/NoSuchMethodError'{0x000000008a62bc18}: 'void java.lang.invoke.DirectMethodHandle$Holder.invokeStatic(java.lang.Object, java.lang.Object, java.lang.Object, int)'> (0x000000008a62bc18) thrown at [./src/hotspot/share/interpreter/linkResolver.cpp, line 773]
Event: 2551.194 Thread 0x0000022230fa9800 Implicit null exception at 0x000002221e26a891 to 0x000002221e26b4c8
Event: 2551.763 Thread 0x0000022230ff7000 Implicit null exception at 0x000002221dc5a1f5 to 0x000002221dc5aa64
Event: 2551.767 Thread 0x0000022230ffd800 Implicit null exception at 0x000002221dc59342 to 0x000002221dc5995c
Event: 2551.809 Thread 0x0000022230fa9800 Implicit null exception at 0x000002221e383ef0 to 0x000002221e383fc0
Event: 2552.045 Thread 0x0000022230fa9800 Exception <a 'java/lang/NoSuchMethodError'{0x000000008b4bc608}: <clinit>> (0x000000008b4bc608) thrown at [./src/hotspot/share/prims/jni.cpp, line 1362]
Event: 2552.049 Thread 0x0000022230fa9800 Exception <a 'java/lang/NoSuchMethodError'{0x000000008b4f5438}: <clinit>> (0x000000008b4f5438) thrown at [./src/hotspot/share/prims/jni.cpp, line 1362]
Event: 2552.159 Thread 0x000002222d5e8000 Implicit null exception at 0x000002221e35c22d to 0x000002221e35ca20
Event: 2552.500 Thread 0x000002222d5e3000 Exception <a 'java/lang/NoSuchMethodError'{0x000000008b6f4f18}: <clinit>> (0x000000008b6f4f18) thrown at [./src/hotspot/share/prims/jni.cpp, line 1362]
Event: 2552.500 Thread 0x000002222d5e3000 Exception <a 'java/lang/NoSuchMethodError'{0x000000008b6f67a8}: <clinit>> (0x000000008b6f67a8) thrown at [./src/hotspot/share/prims/jni.cpp, line 1362]
Event: 2552.500 Thread 0x000002222d5e3000 Exception <a 'java/lang/NoSuchMethodError'{0x000000008b6f8948}: <clinit>> (0x000000008b6f8948) thrown at [./src/hotspot/share/prims/jni.cpp, line 1362]
Event: 2552.503 Thread 0x000002222d5e3000 Exception <a 'java/lang/NoSuchMethodError'{0x000000008b5122c8}: <clinit>> (0x000000008b5122c8) thrown at [./src/hotspot/share/prims/jni.cpp, line 1362]
Event: 2552.503 Thread 0x000002222d5e3000 Exception <a 'java/lang/NoSuchMethodError'{0x000000008b5137a8}: <clinit>> (0x000000008b5137a8) thrown at [./src/hotspot/share/prims/jni.cpp, line 1362]
Event: 2553.027 Thread 0x000002222d5e3000 Exception <a 'java/lang/NoSuchMethodError'{0x000000008c7abc30}: <clinit>> (0x000000008c7abc30) thrown at [./src/hotspot/share/prims/jni.cpp, line 1362]
Event: 2553.034 Thread 0x000002222d5e3000 Exception <a 'java/lang/NoSuchMethodError'{0x000000008c7eaff0}: <clinit>> (0x000000008c7eaff0) thrown at [./src/hotspot/share/prims/jni.cpp, line 1362]
Event: 2553.036 Thread 0x000002222d5e3000 Exception <a 'java/lang/NoSuchMethodError'{0x000000008c7fe060}: <clinit>> (0x000000008c7fe060) thrown at [./src/hotspot/share/prims/jni.cpp, line 1362]
Event: 2553.228 Thread 0x000002222d5e9800 Exception <a 'java/lang/NoSuchMethodError'{0x000000008ca88e28}: 'int java.lang.invoke.DirectMethodHandle$Holder.invokeSpecial(java.lang.Object, java.lang.Object, java.lang.Object, java.lang.Object, java.lang.Object)'> (0x000000008ca88e28) thrown at [./src/hotspot/share/interpreter/linkResolver.cpp, line 773]
Event: 2553.360 Thread 0x00000222350bb800 Exception <a 'sun/nio/fs/WindowsException'{0x000000008dc02098}> (0x000000008dc02098) thrown at [./src/hotspot/share/prims/jni.cpp, line 615]
Event: 2553.409 Thread 0x00000222350c0000 Exception <a 'sun/nio/fs/WindowsException'{0x000000008d825c38}> (0x000000008d825c38) thrown at [./src/hotspot/share/prims/jni.cpp, line 615]
Event: 2553.550 Thread 0x000002222e344800 Exception <a 'sun/nio/fs/WindowsException'{0x000000008c6fa540}> (0x000000008c6fa540) thrown at [./src/hotspot/share/prims/jni.cpp, line 615]

Events (20 events):
Event: 2553.709 loading class kotlin/reflect/jvm/internal/impl/metadata/ProtoBuf$EnumEntryOrBuilder done
Event: 2553.710 loading class kotlin/reflect/jvm/internal/impl/metadata/ProtoBuf$EnumEntry$1
Event: 2553.710 loading class kotlin/reflect/jvm/internal/impl/metadata/ProtoBuf$EnumEntry$1 done
Event: 2553.711 loading class kotlin/reflect/jvm/internal/impl/serialization/deserialization/ErrorReporter$1
Event: 2553.711 loading class kotlin/reflect/jvm/internal/impl/serialization/deserialization/ErrorReporter$1 done
Event: 2553.711 loading class kotlin/reflect/jvm/internal/impl/serialization/deserialization/FlexibleTypeDeserializer$ThrowException
Event: 2553.711 loading class kotlin/reflect/jvm/internal/impl/serialization/deserialization/FlexibleTypeDeserializer$ThrowException done
Event: 2553.712 loading class kotlin/reflect/jvm/internal/impl/descriptors/deserialization/ClassDescriptorFactory
Event: 2553.712 loading class kotlin/reflect/jvm/internal/impl/descriptors/deserialization/ClassDescriptorFactory done
Event: 2553.712 loading class kotlin/reflect/jvm/internal/impl/builtins/functions/BuiltInFictitiousFunctionClassFactory
Event: 2553.712 loading class kotlin/reflect/jvm/internal/impl/builtins/functions/BuiltInFictitiousFunctionClassFactory done
Event: 2553.713 loading class kotlin/reflect/jvm/internal/impl/builtins/jvm/JvmBuiltInClassDescriptorFactory
Event: 2553.713 loading class kotlin/reflect/jvm/internal/impl/builtins/jvm/JvmBuiltInClassDescriptorFactory done
Event: 2553.715 loading class kotlin/reflect/jvm/internal/impl/builtins/jvm/JvmBuiltInClassDescriptorFactory$Companion
Event: 2553.715 loading class kotlin/reflect/jvm/internal/impl/builtins/jvm/JvmBuiltInClassDescriptorFactory$Companion done
Event: 2553.715 loading class kotlin/reflect/jvm/internal/impl/builtins/jvm/JvmBuiltInClassDescriptorFactory$1
Event: 2553.715 loading class kotlin/reflect/jvm/internal/impl/builtins/jvm/JvmBuiltInClassDescriptorFactory$1 done
Event: 2553.717 loading class kotlin/reflect/jvm/internal/impl/builtins/jvm/JvmBuiltInClassDescriptorFactory$cloneable$2
Event: 2553.717 loading class kotlin/reflect/jvm/internal/impl/builtins/jvm/JvmBuiltInClassDescriptorFactory$cloneable$2 done
Event: 2553.719 Executing VM operation: G1CollectForAllocation


Dynamic libraries:
0x00007ff620980000 - 0x00007ff62098a000 	C:\Program Files\Android\Android Studio\jre\bin\java.exe
0x00007ffb5a320000 - 0x00007ffb5a527000 	C:\Windows\SYSTEM32\ntdll.dll
0x00007ffb58b00000 - 0x00007ffb58bbd000 	C:\Windows\System32\KERNEL32.DLL
0x00007ffb579e0000 - 0x00007ffb57d54000 	C:\Windows\System32\KERNELBASE.dll
0x00007ffb58020000 - 0x00007ffb58131000 	C:\Windows\System32\ucrtbase.dll
0x00007ffb504e0000 - 0x00007ffb504f9000 	C:\Program Files\Android\Android Studio\jre\bin\jli.dll
0x00007ffb48e90000 - 0x00007ffb48ea7000 	C:\Program Files\Android\Android Studio\jre\bin\VCRUNTIME140.dll
0x00007ffb59440000 - 0x00007ffb595ec000 	C:\Windows\System32\USER32.dll
0x00007ffb57e80000 - 0x00007ffb57ea6000 	C:\Windows\System32\win32u.dll
0x00007ffb42430000 - 0x00007ffb426d5000 	C:\Windows\WinSxS\amd64_microsoft.windows.common-controls_6595b64144ccf1df_6.0.22000.120_none_9d947278b86cc467\COMCTL32.dll
0x00007ffb5a200000 - 0x00007ffb5a229000 	C:\Windows\System32\GDI32.dll
0x00007ffb597a0000 - 0x00007ffb59843000 	C:\Windows\System32\msvcrt.dll
0x00007ffb57d60000 - 0x00007ffb57e72000 	C:\Windows\System32\gdi32full.dll
0x00007ffb57940000 - 0x00007ffb579dd000 	C:\Windows\System32\msvcp_win.dll
0x00007ffb5a230000 - 0x00007ffb5a261000 	C:\Windows\System32\IMM32.DLL
0x00007ffb45750000 - 0x00007ffb457ed000 	C:\Program Files\Android\Android Studio\jre\bin\msvcp140.dll
0x00007ffb2c150000 - 0x00007ffb2cc25000 	C:\Program Files\Android\Android Studio\jre\bin\server\jvm.dll
0x00007ffb58cb0000 - 0x00007ffb58d5c000 	C:\Windows\System32\ADVAPI32.dll
0x00007ffb596e0000 - 0x00007ffb5977d000 	C:\Windows\System32\sechost.dll
0x00007ffb58220000 - 0x00007ffb58341000 	C:\Windows\System32\RPCRT4.dll
0x00007ffb59e60000 - 0x00007ffb59e68000 	C:\Windows\System32\PSAPI.DLL
0x00007ffb53b80000 - 0x00007ffb53b89000 	C:\Windows\SYSTEM32\WSOCK32.dll
0x00007ffb49c10000 - 0x00007ffb49c43000 	C:\Windows\SYSTEM32\WINMM.dll
0x00007ffb505f0000 - 0x00007ffb505fa000 	C:\Windows\SYSTEM32\VERSION.dll
0x00007ffb5a270000 - 0x00007ffb5a2df000 	C:\Windows\System32\WS2_32.dll
0x00007ffb56930000 - 0x00007ffb56948000 	C:\Windows\SYSTEM32\kernel.appcore.dll
0x00007ffb49f60000 - 0x00007ffb49f71000 	C:\Program Files\Android\Android Studio\jre\bin\verify.dll
0x00007ffb4d580000 - 0x00007ffb4d7a1000 	C:\Windows\SYSTEM32\DBGHELP.DLL
0x00007ffb4d540000 - 0x00007ffb4d571000 	C:\Windows\SYSTEM32\dbgcore.DLL
0x00007ffb578c0000 - 0x00007ffb57940000 	C:\Windows\System32\bcryptPrimitives.dll
0x00007ffb48f80000 - 0x00007ffb48fa9000 	C:\Program Files\Android\Android Studio\jre\bin\java.dll
0x00007ffb53b30000 - 0x00007ffb53b3b000 	C:\Program Files\Android\Android Studio\jre\bin\jimage.dll
0x00007ffb47b60000 - 0x00007ffb47b78000 	C:\Program Files\Android\Android Studio\jre\bin\zip.dll
0x00007ffb58350000 - 0x00007ffb58af9000 	C:\Windows\System32\SHELL32.dll
0x00007ffb559b0000 - 0x00007ffb56212000 	C:\Windows\SYSTEM32\windows.storage.dll
0x00007ffb58d60000 - 0x00007ffb590d8000 	C:\Windows\System32\combase.dll
0x00007ffb55840000 - 0x00007ffb559a6000 	C:\Windows\SYSTEM32\wintypes.dll
0x00007ffb58bc0000 - 0x00007ffb58caa000 	C:\Windows\System32\SHCORE.dll
0x00007ffb59f00000 - 0x00007ffb59f5d000 	C:\Windows\System32\shlwapi.dll
0x00007ffb57730000 - 0x00007ffb57751000 	C:\Windows\SYSTEM32\profapi.dll
0x00007ffb473a0000 - 0x00007ffb473ba000 	C:\Program Files\Android\Android Studio\jre\bin\net.dll
0x00007ffb535b0000 - 0x00007ffb536bc000 	C:\Windows\SYSTEM32\WINHTTP.dll
0x00007ffb56d40000 - 0x00007ffb56da7000 	C:\Windows\system32\mswsock.dll
0x00007ffb468a0000 - 0x00007ffb468b4000 	C:\Program Files\Android\Android Studio\jre\bin\nio.dll
0x00007ffb48cb0000 - 0x00007ffb48cd7000 	C:\Users\Marwa\.gradle\native\e1d6ef7f7dcc3fd88c89a11ec53ec762bb8ba0a96d01ffa2cd45eb1d1d8dd5c5\windows-amd64\native-platform.dll
0x00007ffb31020000 - 0x00007ffb31164000 	C:\Users\Marwa\.gradle\native\5664cfc778a61ccfe75a443a1ab52a65af34e5dc3c78e0209fed803814484fcb\windows-amd64\native-platform-file-events.dll
0x00007ffb50e50000 - 0x00007ffb50e5a000 	C:\Program Files\Android\Android Studio\jre\bin\management.dll
0x00007ffb4a0e0000 - 0x00007ffb4a0ed000 	C:\Program Files\Android\Android Studio\jre\bin\management_ext.dll
0x00007ffb56f90000 - 0x00007ffb56fa8000 	C:\Windows\SYSTEM32\CRYPTSP.dll
0x00007ffb56890000 - 0x00007ffb568c5000 	C:\Windows\system32\rsaenh.dll
0x00007ffb56e30000 - 0x00007ffb56e59000 	C:\Windows\SYSTEM32\USERENV.dll
0x00007ffb57100000 - 0x00007ffb57127000 	C:\Windows\SYSTEM32\bcrypt.dll
0x00007ffb56f80000 - 0x00007ffb56f8c000 	C:\Windows\SYSTEM32\CRYPTBASE.dll
0x00007ffb56470000 - 0x00007ffb5649d000 	C:\Windows\SYSTEM32\IPHLPAPI.DLL
0x00007ffb59790000 - 0x00007ffb59799000 	C:\Windows\System32\NSI.dll
0x00007ffb53450000 - 0x00007ffb53469000 	C:\Windows\SYSTEM32\dhcpcsvc6.DLL
0x00007ffb53bf0000 - 0x00007ffb53c0e000 	C:\Windows\SYSTEM32\dhcpcsvc.DLL
0x00007ffb564a0000 - 0x00007ffb56587000 	C:\Windows\SYSTEM32\DNSAPI.dll
0x00007ffb3bd10000 - 0x00007ffb3bd37000 	C:\Program Files\Android\Android Studio\jre\bin\sunec.dll
0x00007ffb52400000 - 0x00007ffb5240a000 	C:\Windows\System32\rasadhlp.dll
0x00007ffb52580000 - 0x00007ffb52601000 	C:\Windows\System32\fwpuclnt.dll
0x00007ffb551d0000 - 0x00007ffb55204000 	C:\Windows\SYSTEM32\ntmarta.dll

dbghelp: loaded successfully - version: 4.0.5 - missing functions: none
symbol engine: initialized successfully - sym options: 0x614 - pdb path: .;C:\Program Files\Android\Android Studio\jre\bin;C:\Windows\SYSTEM32;C:\Windows\WinSxS\amd64_microsoft.windows.common-controls_6595b64144ccf1df_6.0.22000.120_none_9d947278b86cc467;C:\Program Files\Android\Android Studio\jre\bin\server;C:\Users\Marwa\.gradle\native\e1d6ef7f7dcc3fd88c89a11ec53ec762bb8ba0a96d01ffa2cd45eb1d1d8dd5c5\windows-amd64;C:\Users\Marwa\.gradle\native\5664cfc778a61ccfe75a443a1ab52a65af34e5dc3c78e0209fed803814484fcb\windows-amd64

VM Arguments:
jvm_args: --add-opens=java.base/java.util=ALL-UNNAMED --add-opens=java.base/java.lang=ALL-UNNAMED --add-opens=java.base/java.lang.invoke=ALL-UNNAMED --add-opens=java.base/java.util=ALL-UNNAMED --add-opens=java.prefs/java.util.prefs=ALL-UNNAMED --add-opens=java.prefs/java.util.prefs=ALL-UNNAMED --add-opens=java.base/java.nio.charset=ALL-UNNAMED --add-opens=java.base/java.net=ALL-UNNAMED --add-opens=java.base/java.util.concurrent.atomic=ALL-UNNAMED -Xmx2048m -Dfile.encoding=UTF-8 -Duser.country=US -Duser.language=en -Duser.variant 
java_command: org.gradle.launcher.daemon.bootstrap.GradleDaemon 7.2
java_class_path (initial): C:\Users\Marwa\.gradle\wrapper\dists\gradle-7.2-bin\2dnblmf4td7x66yl1d74lt32g\gradle-7.2\lib\gradle-launcher-7.2.jar
Launcher Type: SUN_STANDARD

[Global flags]
     intx CICompilerCount                          = 4                                         {product} {ergonomic}
     uint ConcGCThreads                            = 2                                         {product} {ergonomic}
     uint G1ConcRefinementThreads                  = 8                                         {product} {ergonomic}
   size_t G1HeapRegionSize                         = 1048576                                   {product} {ergonomic}
    uintx GCDrainStackTargetSize                   = 64                                        {product} {ergonomic}
   size_t InitialHeapSize                          = 132120576                                 {product} {ergonomic}
   size_t MarkStackSize                            = 4194304                                   {product} {ergonomic}
   size_t MaxHeapSize                              = 2147483648                                {product} {command line}
   size_t MaxNewSize                               = 1287651328                                {product} {ergonomic}
   size_t MinHeapDeltaBytes                        = 1048576                                   {product} {ergonomic}
    uintx NonNMethodCodeHeapSize                   = 5836300                                {pd product} {ergonomic}
    uintx NonProfiledCodeHeapSize                  = 122910970                              {pd product} {ergonomic}
    uintx ProfiledCodeHeapSize                     = 122910970                              {pd product} {ergonomic}
    uintx ReservedCodeCacheSize                    = 251658240                              {pd product} {ergonomic}
     bool SegmentedCodeCache                       = true                                      {product} {ergonomic}
     bool UseCompressedClassPointers               = true                                 {lp64_product} {ergonomic}
     bool UseCompressedOops                        = true                                 {lp64_product} {ergonomic}
     bool UseG1GC                                  = true                                      {product} {ergonomic}
     bool UseLargePagesIndividualAllocation        = false                                  {pd product} {ergonomic}

Logging:
Log output configuration:
 #0: stdout all=warning uptime,level,tags
 #1: stderr all=off uptime,level,tags

Environment Variables:
PATH=C:\oraclexe\app\oracle\product\10.2.0\server\bin;C:\Program Files (x86)\NVIDIA Corporation\PhysX\Common;C:\Python310\Scripts\;C:\Python310\;C:\Program Files\Common Files\Oracle\Java\javapath;C:\Windows\system32;C:\Windows;C:\Windows\System32\Wbem;C:\Windows\System32\WindowsPowerShell\v1.0\;C:\Windows\System32\OpenSSH\;C:\Users\Marwa\AppData\Roaming\nvm;C:\Program Files\nodejs;C:\Program Files\Git\cmd;C:\Program Files\Java\jdk-16.0.2\bin;C:\msys64\mingw64\bin;C:\xampp\php;C:\ProgramData\ComposerSetup\bin;C:\Users\Marwa\AppData\Local\Microsoft\WindowsApps;C:\Users\Marwa\AppData\Roaming\npm;C:\Users\Marwa\AppData\Local\Programs\Microsoft VS Code\bin;C:\Users\Marwa\AppData\Roaming\nvm;C:\Program Files\nodejs;C:\MinGW\bin;C:\Users\Marwa\AppData\Roaming\Composer\vendor\bin
USERNAME=Marwa
OS=Windows_NT
PROCESSOR_IDENTIFIER=Intel64 Family 6 Model 165 Stepping 2, GenuineIntel



---------------  S Y S T E M  ---------------

OS: Windows 10 , 64 bit Build 22000 (10.0.22000.120)
OS uptime: 4 days 23:09 hours

CPU:total 8 (initial active 8) (4 cores per cpu, 2 threads per core) family 6 model 165 stepping 2 microcode 0xe0, cmov, cx8, fxsr, mmx, sse, sse2, sse3, ssse3, sse4.1, sse4.2, popcnt, avx, avx2, aes, clmul, erms, 3dnowpref, lzcnt, ht, tsc, tscinvbit, bmi1, bmi2, adx, fma

Memory: 4k page, system-wide physical 8010M (495M free)
TotalPageFile size 10058M (AvailPageFile size 92M)
current process WorkingSet (physical memory assigned to process): 527M, peak: 529M
current process commit charge ("private bytes"): 621M, peak: 734M

vm_info: OpenJDK 64-Bit Server VM (11.0.11+9-b60-7590822) for windows-amd64 JRE (11.0.11+9-b60-7590822), built on Jul 29 2021 21:43:44 by "builder" with MS VC++ 14.0 (VS2015)

END.
