#
# There is insufficient memory for the Java Runtime Environment to continue.
# Native memory allocation (mmap) failed to map 222298112 bytes for Failed to commit area from 0x000000008f800000 to 0x000000009cc00000 of length 222298112.
# Possible reasons:
#   The system is out of physical RAM or swap space
#   The process is running with CompressedOops enabled, and the Java Heap may be blocking the growth of the native heap
# Possible solutions:
#   Reduce memory load on the system
#   Increase physical memory or swap space
#   Check if swap backing store is full
#   Decrease Java heap size (-Xmx/-Xms)
#   Decrease number of Java threads
#   Decrease Java thread stack sizes (-Xss)
#   Set larger code cache with -XX:ReservedCodeCacheSize=
#   JVM is running with Unscaled Compressed Oops mode in which the Java heap is
#     placed in the first 4GB address space. The Java Heap base address is the
#     maximum limit for the native heap growth. Please use -XX:HeapBaseMinAddress
#     to set the Java Heap base and to place the Java Heap above 4GB virtual address.
# This output file may be truncated or incomplete.
#
#  Out of Memory Error (./src/hotspot/os/windows/os_windows.cpp:3301), pid=12520, tid=11924
#
# JRE version: OpenJDK Runtime Environment (11.0.11+9) (build 11.0.11+9-b60-7590822)
# Java VM: OpenJDK 64-Bit Server VM (11.0.11+9-b60-7590822, mixed mode, tiered, compressed oops, g1 gc, windows-amd64)
# No core dump will be written. Minidumps are not enabled by default on client versions of Windows
#

---------------  S U M M A R Y ------------

Command Line: --add-opens=java.base/java.util=ALL-UNNAMED --add-opens=java.base/java.lang=ALL-UNNAMED --add-opens=java.base/java.lang.invoke=ALL-UNNAMED --add-opens=java.base/java.util=ALL-UNNAMED --add-opens=java.prefs/java.util.prefs=ALL-UNNAMED --add-opens=java.prefs/java.util.prefs=ALL-UNNAMED --add-opens=java.base/java.nio.charset=ALL-UNNAMED --add-opens=java.base/java.net=ALL-UNNAMED --add-opens=java.base/java.util.concurrent.atomic=ALL-UNNAMED -Xmx2048m -Dfile.encoding=UTF-8 -Duser.country=US -Duser.language=en -Duser.variant org.gradle.launcher.daemon.bootstrap.GradleDaemon 7.2

Host: Intel(R) Core(TM) i5-10300H CPU @ 2.50GHz, 8 cores, 7G,  Windows 10 , 64 bit Build 22000 (10.0.22000.120)
Time: Tue Dec  6 22:54:44 2022 W. Central Africa Standard Time elapsed time: 94.142488 seconds (0d 0h 1m 34s)

---------------  T H R E A D  ---------------

Current thread (0x000001d09623d800):  VMThread "VM Thread" [stack: 0x00000022b7400000,0x00000022b7500000] [id=11924]

Stack: [0x00000022b7400000,0x00000022b7500000]
[error occurred during error reporting (printing stack bounds), id 0xc0000005, EXCEPTION_ACCESS_VIOLATION (0xc0000005) at pc=0x000001d080000f2d]

Native frames: (J=compiled Java code, j=interpreted, Vv=VM code, C=native code)
V  [jvm.dll+0x5f214a]
V  [jvm.dll+0x726fb5]
V  [jvm.dll+0x7285cd]
V  [jvm.dll+0x728be5]
V  [jvm.dll+0x728b9b]
V  [jvm.dll+0x5f14e8]
V  [jvm.dll+0x5f1c78]
C  [ntdll.dll+0xa826f]
C  [ntdll.dll+0x359ca]
C  [ntdll.dll+0xa727e]
C  0x000001d080000f2d

VM_Operation (0x00000022c11fe670): G1CollectForAllocation, mode: safepoint, requested by thread 0x000001d0a2e74800


---------------  P R O C E S S  ---------------

Threads class SMR info:
_java_thread_list=0x000001d09dd75f90, length=151, elements={
0x000001d0fbdbc000, 0x000001d096241800, 0x000001d09624b800, 0x000001d096be4800,
0x000001d096be6000, 0x000001d096be9800, 0x000001d096bf3000, 0x000001d09625b800,
0x000001d096265800, 0x000001d096d3a000, 0x000001d097e9e000, 0x000001d096f9d000,
0x000001d0981bf000, 0x000001d0995cf000, 0x000001d0995d4000, 0x000001d0995d5800,
0x000001d0995d2800, 0x000001d0995d0000, 0x000001d099f6d800, 0x000001d099f74000,
0x000001d099f70800, 0x000001d099f6e000, 0x000001d099f6f000, 0x000001d09a5a7000,
0x000001d09a5ad800, 0x000001d09a5a8000, 0x000001d09a5ae800, 0x000001d09c959800,
0x000001d09c95a000, 0x000001d09c95c000, 0x000001d09a5a3000, 0x000001d09a5a1800,
0x000001d09a5a3800, 0x000001d09a5a4800, 0x000001d09a5a2000, 0x000001d09a5a5800,
0x000001d09a59f800, 0x000001d09a5a6000, 0x000001d09a5a0800, 0x000001d09a5a9800,
0x000001d09a5a8800, 0x000001d099333000, 0x000001d09a5ac800, 0x000001d0990a4000,
0x000001d09a5aa800, 0x000001d09a5ab000, 0x000001d09a5ac000, 0x000001d09c958800,
0x000001d09c961000, 0x000001d09c95d800, 0x000001d09c95e800, 0x000001d09c95f000,
0x000001d09c960000, 0x000001d09c961800, 0x000001d09c962800, 0x000001d09c95c800,
0x000001d09c963000, 0x000001d09c967800, 0x000001d09c965000, 0x000001d09c964000,
0x000001d09c965800, 0x000001d09c966800, 0x000001d099f77000, 0x000001d099f78800,
0x000001d099f78000, 0x000001d099f74800, 0x000001d099f73000, 0x000001d099f7a800,
0x000001d099f7b000, 0x000001d099f79800, 0x000001d099f75800, 0x000001d099f7c000,
0x000001d099f76800, 0x000001d0995d3800, 0x000001d0995d1800, 0x000001d0995d5000,
0x000001d0995d1000, 0x000001d09c3bd800, 0x000001d09c3b8800, 0x000001d09c3be000,
0x000001d09c3b9800, 0x000001d09c3ba000, 0x000001d09c3bb000, 0x000001d09c3bc000,
0x000001d09c3bf000, 0x000001d09c3bc800, 0x000001d099280800, 0x000001d09927a800,
0x000001d099281000, 0x000001d09927b800, 0x000001d09927c000, 0x000001d099282000,
0x000001d09927e000, 0x000001d09927f800, 0x000001d099283000, 0x000001d09927d000,
0x000001d099283800, 0x000001d099284800, 0x000001d09927e800, 0x000001d099285000,
0x000001d099286000, 0x000001d099287800, 0x000001d099288800, 0x000001d099287000,
0x000001d099289800, 0x000001d099049800, 0x000001d09904d000, 0x000001d09904c000,
0x000001d09904a800, 0x000001d09904b800, 0x000001d099047800, 0x000001d099048000,
0x000001d099049000, 0x000001d09904e000, 0x000001d099050800, 0x000001d099052000,
0x000001d09904f800, 0x000001d099051000, 0x000001d099053800, 0x000001d099052800,
0x000001d099054800, 0x000001d09904e800, 0x000001d099055000, 0x000001d099056000,
0x000001d09a14b000, 0x000001d09a14c000, 0x000001d09a149800, 0x000001d09a148000,
0x000001d09a14a800, 0x000001d09a14e800, 0x000001d09a14d000, 0x000001d09a148800,
0x000001d09a152800, 0x000001d09a150000, 0x000001d09a151000, 0x000001d09a153800,
0x000001d09a151800, 0x000001d09a14d800, 0x000001d09a154000, 0x000001d09a155000,
0x000001d09a14f000, 0x000001d09a155800, 0x000001d09a156800, 0x000001d0a2e75800,
0x000001d0a2e76800, 0x000001d0a2e78800, 0x000001d0a2e73000, 0x000001d0a2e74800,
0x000001d0a2e78000, 0x000001d0a2e74000, 0x000001d0a2e7a800
}

Java Threads: ( => current thread )
  0x000001d0fbdbc000 JavaThread "main" [_thread_blocked, id=16112, stack(0x00000022b6e00000,0x00000022b6f00000)]
  0x000001d096241800 JavaThread "Reference Handler" daemon [_thread_blocked, id=15348, stack(0x00000022b7500000,0x00000022b7600000)]
  0x000001d09624b800 JavaThread "Finalizer" daemon [_thread_blocked, id=9016, stack(0x00000022b7600000,0x00000022b7700000)]
  0x000001d096be4800 JavaThread "Signal Dispatcher" daemon [_thread_blocked, id=14824, stack(0x00000022b7700000,0x00000022b7800000)]
  0x000001d096be6000 JavaThread "Attach Listener" daemon [_thread_blocked, id=13356, stack(0x00000022b7800000,0x00000022b7900000)]
  0x000001d096be9800 JavaThread "Service Thread" daemon [_thread_blocked, id=1904, stack(0x00000022b7900000,0x00000022b7a00000)]
  0x000001d096bf3000 JavaThread "C2 CompilerThread0" daemon [_thread_blocked, id=16200, stack(0x00000022b7a00000,0x00000022b7b00000)]
  0x000001d09625b800 JavaThread "C1 CompilerThread0" daemon [_thread_blocked, id=5940, stack(0x00000022b7b00000,0x00000022b7c00000)]
  0x000001d096265800 JavaThread "Sweeper thread" daemon [_thread_blocked, id=12248, stack(0x00000022b7c00000,0x00000022b7d00000)]
  0x000001d096d3a000 JavaThread "Common-Cleaner" daemon [_thread_blocked, id=6100, stack(0x00000022b7d00000,0x00000022b7e00000)]
  0x000001d097e9e000 JavaThread "Daemon health stats" [_thread_blocked, id=7236, stack(0x00000022b8300000,0x00000022b8400000)]
  0x000001d096f9d000 JavaThread "Incoming local TCP Connector on port 60832" [_thread_in_native, id=3264, stack(0x00000022b7f00000,0x00000022b8000000)]
  0x000001d0981bf000 JavaThread "Daemon periodic checks" [_thread_blocked, id=14708, stack(0x00000022b8200000,0x00000022b8300000)]
  0x000001d0995cf000 JavaThread "Cache worker for journal cache (C:\Users\Marwa\.gradle\caches\journal-1)" [_thread_blocked, id=13308, stack(0x00000022b9000000,0x00000022b9100000)]
  0x000001d0995d4000 JavaThread "File lock request listener" [_thread_in_native, id=12516, stack(0x00000022b9100000,0x00000022b9200000)]
  0x000001d0995d5800 JavaThread "Cache worker for file hash cache (C:\Users\Marwa\.gradle\caches\7.2\fileHashes)" [_thread_blocked, id=9824, stack(0x00000022b9200000,0x00000022b9300000)]
  0x000001d0995d2800 JavaThread "File watcher server" daemon [_thread_blocked, id=16460, stack(0x00000022b9600000,0x00000022b9700000)]
  0x000001d0995d0000 JavaThread "File watcher consumer" daemon [_thread_blocked, id=6112, stack(0x00000022b9700000,0x00000022b9800000)]
  0x000001d099f6d800 JavaThread "Cache worker for execution history cache (C:\Users\Marwa\.gradle\caches\7.2\executionHistory)" [_thread_blocked, id=5876, stack(0x00000022b9b00000,0x00000022b9c00000)]
  0x000001d099f74000 JavaThread "jar transforms" [_thread_blocked, id=15308, stack(0x00000022b9c00000,0x00000022b9d00000)]
  0x000001d099f70800 JavaThread "Cache worker for file content cache (C:\Users\Marwa\.gradle\caches\7.2\fileContent)" [_thread_blocked, id=9468, stack(0x00000022b9d00000,0x00000022b9e00000)]
  0x000001d099f6e000 JavaThread "jar transforms Thread 2" [_thread_blocked, id=5280, stack(0x00000022b9e00000,0x00000022b9f00000)]
  0x000001d099f6f000 JavaThread "jar transforms Thread 3" [_thread_blocked, id=12600, stack(0x00000022ba000000,0x00000022ba100000)]
  0x000001d09a5a7000 JavaThread "jar transforms Thread 4" [_thread_blocked, id=5872, stack(0x00000022bf200000,0x00000022bf300000)]
  0x000001d09a5ad800 JavaThread "jar transforms Thread 5" [_thread_blocked, id=14864, stack(0x00000022bf300000,0x00000022bf400000)]
  0x000001d09a5a8000 JavaThread "jar transforms Thread 6" [_thread_blocked, id=14776, stack(0x00000022bf400000,0x00000022bf500000)]
  0x000001d09a5ae800 JavaThread "jar transforms Thread 7" [_thread_blocked, id=10612, stack(0x00000022bf500000,0x00000022bf600000)]
  0x000001d09c959800 JavaThread "jar transforms Thread 8" [_thread_blocked, id=2812, stack(0x00000022bf600000,0x00000022bf700000)]
  0x000001d09c95a000 JavaThread "Memory manager" [_thread_blocked, id=16592, stack(0x00000022bf700000,0x00000022bf800000)]
  0x000001d09c95c000 JavaThread "pool-3-thread-1" [_thread_blocked, id=2148, stack(0x00000022bf900000,0x00000022bfa00000)]
  0x000001d09a5a3000 JavaThread "Daemon Thread 2" [_thread_blocked, id=12108, stack(0x00000022b6b00000,0x00000022b6c00000)]
  0x000001d09a5a1800 JavaThread "Handler for socket connection from /127.0.0.1:60832 to /127.0.0.1:60898" [_thread_in_native, id=13988, stack(0x00000022b6c00000,0x00000022b6d00000)]
  0x000001d09a5a3800 JavaThread "Cancel handler" [_thread_blocked, id=14444, stack(0x00000022b6d00000,0x00000022b6e00000)]
  0x000001d09a5a4800 JavaThread "Daemon worker Thread 2" [_thread_blocked, id=3128, stack(0x00000022b8400000,0x00000022b8500000)]
  0x000001d09a5a2000 JavaThread "Asynchronous log dispatcher for DefaultDaemonConnection: socket connection from /127.0.0.1:60832 to /127.0.0.1:60898" [_thread_blocked, id=14080, stack(0x00000022b8700000,0x00000022b8800000)]
  0x000001d09a5a5800 JavaThread "Stdin handler" [_thread_blocked, id=12424, stack(0x00000022b8800000,0x00000022b8900000)]
  0x000001d09a59f800 JavaThread "Daemon client event forwarder" [_thread_blocked, id=15648, stack(0x00000022b8900000,0x00000022b8a00000)]
  0x000001d09a5a6000 JavaThread "Cache worker for file hash cache (C:\Users\Marwa\OneDrive\Bureau\tuto\dev_mobile\Gestion_Poubelle_Intelligente\.gradle\7.2\fileHashes)" [_thread_blocked, id=10504, stack(0x00000022b8a00000,0x00000022b8b00000)]
  0x000001d09a5a0800 JavaThread "Cache worker for checksums cache (C:\Users\Marwa\OneDrive\Bureau\tuto\dev_mobile\Gestion_Poubelle_Intelligente\.gradle\checksums)" [_thread_blocked, id=1344, stack(0x00000022b9400000,0x00000022b9500000)]
  0x000001d09a5a9800 JavaThread "Cache worker for cache directory md-supplier (C:\Users\Marwa\.gradle\caches\7.2\md-supplier)" [_thread_blocked, id=10596, stack(0x00000022b9800000,0x00000022b9900000)]
  0x000001d09a5a8800 JavaThread "Cache worker for cache directory md-rule (C:\Users\Marwa\.gradle\caches\7.2\md-rule)" [_thread_blocked, id=11240, stack(0x00000022b9900000,0x00000022b9a00000)]
  0x000001d099333000 JavaThread "C2 CompilerThread1" daemon [_thread_in_native, id=904, stack(0x00000022b9a00000,0x00000022b9b00000)]
  0x000001d09a5ac800 JavaThread "Cache worker for dependencies-accessors (C:\Users\Marwa\OneDrive\Bureau\tuto\dev_mobile\Gestion_Poubelle_Intelligente\.gradle\7.2\dependencies-accessors)" [_thread_blocked, id=8196, stack(0x00000022b9f00000,0x00000022ba000000)]
  0x000001d0990a4000 JavaThread "C2 CompilerThread2" daemon [_thread_blocked, id=9424, stack(0x00000022ba100000,0x00000022ba200000)]
  0x000001d09a5aa800 JavaThread "Cache worker for Build Output Cleanup Cache (C:\Users\Marwa\OneDrive\Bureau\tuto\dev_mobile\Gestion_Poubelle_Intelligente\.gradle\buildOutputCleanup)" [_thread_blocked, id=8620, stack(0x00000022ba200000,0x00000022ba300000)]
  0x000001d09a5ab000 JavaThread "Unconstrained build operations" [_thread_blocked, id=15484, stack(0x00000022ba300000,0x00000022ba400000)]
  0x000001d09a5ac000 JavaThread "Unconstrained build operations Thread 2" [_thread_blocked, id=12196, stack(0x00000022ba400000,0x00000022ba500000)]
  0x000001d09c958800 JavaThread "Unconstrained build operations Thread 3" [_thread_blocked, id=12372, stack(0x00000022ba500000,0x00000022ba600000)]
  0x000001d09c961000 JavaThread "Unconstrained build operations Thread 4" [_thread_blocked, id=12488, stack(0x00000022ba600000,0x00000022ba700000)]
  0x000001d09c95d800 JavaThread "Unconstrained build operations Thread 5" [_thread_blocked, id=12076, stack(0x00000022ba700000,0x00000022ba800000)]
  0x000001d09c95e800 JavaThread "Unconstrained build operations Thread 6" [_thread_blocked, id=2504, stack(0x00000022ba800000,0x00000022ba900000)]
  0x000001d09c95f000 JavaThread "Unconstrained build operations Thread 7" [_thread_blocked, id=16504, stack(0x00000022ba900000,0x00000022baa00000)]
  0x000001d09c960000 JavaThread "Unconstrained build operations Thread 8" [_thread_blocked, id=600, stack(0x00000022baa00000,0x00000022bab00000)]
  0x000001d09c961800 JavaThread "Unconstrained build operations Thread 9" [_thread_blocked, id=16716, stack(0x00000022bab00000,0x00000022bac00000)]
  0x000001d09c962800 JavaThread "Unconstrained build operations Thread 10" [_thread_blocked, id=14416, stack(0x00000022bac00000,0x00000022bad00000)]
  0x000001d09c95c800 JavaThread "Unconstrained build operations Thread 11" [_thread_blocked, id=14132, stack(0x00000022bad00000,0x00000022bae00000)]
  0x000001d09c963000 JavaThread "Unconstrained build operations Thread 12" [_thread_blocked, id=2052, stack(0x00000022bae00000,0x00000022baf00000)]
  0x000001d09c967800 JavaThread "Unconstrained build operations Thread 13" [_thread_blocked, id=16436, stack(0x00000022baf00000,0x00000022bb000000)]
  0x000001d09c965000 JavaThread "Unconstrained build operations Thread 14" [_thread_blocked, id=4452, stack(0x00000022bb000000,0x00000022bb100000)]
  0x000001d09c964000 JavaThread "Unconstrained build operations Thread 15" [_thread_blocked, id=17368, stack(0x00000022bb100000,0x00000022bb200000)]
  0x000001d09c965800 JavaThread "Unconstrained build operations Thread 16" [_thread_blocked, id=10828, stack(0x00000022bb200000,0x00000022bb300000)]
  0x000001d09c966800 JavaThread "Unconstrained build operations Thread 17" [_thread_blocked, id=5244, stack(0x00000022bb300000,0x00000022bb400000)]
  0x000001d099f77000 JavaThread "Unconstrained build operations Thread 18" [_thread_blocked, id=14716, stack(0x00000022bb400000,0x00000022bb500000)]
  0x000001d099f78800 JavaThread "Unconstrained build operations Thread 19" [_thread_blocked, id=5092, stack(0x00000022bb500000,0x00000022bb600000)]
  0x000001d099f78000 JavaThread "Unconstrained build operations Thread 20" [_thread_blocked, id=12760, stack(0x00000022bb600000,0x00000022bb700000)]
  0x000001d099f74800 JavaThread "Unconstrained build operations Thread 21" [_thread_blocked, id=5064, stack(0x00000022bb700000,0x00000022bb800000)]
  0x000001d099f73000 JavaThread "Unconstrained build operations Thread 22" [_thread_blocked, id=4012, stack(0x00000022bb800000,0x00000022bb900000)]
  0x000001d099f7a800 JavaThread "Unconstrained build operations Thread 23" [_thread_blocked, id=3152, stack(0x00000022bb900000,0x00000022bba00000)]
  0x000001d099f7b000 JavaThread "Unconstrained build operations Thread 24" [_thread_blocked, id=7868, stack(0x00000022bba00000,0x00000022bbb00000)]
  0x000001d099f79800 JavaThread "Unconstrained build operations Thread 25" [_thread_blocked, id=12404, stack(0x00000022bbb00000,0x00000022bbc00000)]
  0x000001d099f75800 JavaThread "Unconstrained build operations Thread 26" [_thread_blocked, id=13612, stack(0x00000022bbc00000,0x00000022bbd00000)]
  0x000001d099f7c000 JavaThread "Unconstrained build operations Thread 27" [_thread_blocked, id=8940, stack(0x00000022bbd00000,0x00000022bbe00000)]
  0x000001d099f76800 JavaThread "Unconstrained build operations Thread 28" [_thread_blocked, id=3308, stack(0x00000022bbe00000,0x00000022bbf00000)]
  0x000001d0995d3800 JavaThread "Unconstrained build operations Thread 29" [_thread_blocked, id=6768, stack(0x00000022bbf00000,0x00000022bc000000)]
  0x000001d0995d1800 JavaThread "Unconstrained build operations Thread 30" [_thread_blocked, id=6812, stack(0x00000022bc000000,0x00000022bc100000)]
  0x000001d0995d5000 JavaThread "Unconstrained build operations Thread 31" [_thread_blocked, id=7288, stack(0x00000022bc100000,0x00000022bc200000)]
  0x000001d0995d1000 JavaThread "Unconstrained build operations Thread 32" [_thread_blocked, id=5176, stack(0x00000022bc200000,0x00000022bc300000)]
  0x000001d09c3bd800 JavaThread "Unconstrained build operations Thread 33" [_thread_blocked, id=10520, stack(0x00000022bc300000,0x00000022bc400000)]
  0x000001d09c3b8800 JavaThread "Unconstrained build operations Thread 34" [_thread_blocked, id=8760, stack(0x00000022bc400000,0x00000022bc500000)]
  0x000001d09c3be000 JavaThread "Unconstrained build operations Thread 35" [_thread_blocked, id=9712, stack(0x00000022bc500000,0x00000022bc600000)]
  0x000001d09c3b9800 JavaThread "Unconstrained build operations Thread 36" [_thread_blocked, id=16832, stack(0x00000022bc600000,0x00000022bc700000)]
  0x000001d09c3ba000 JavaThread "Unconstrained build operations Thread 37" [_thread_blocked, id=15840, stack(0x00000022bc700000,0x00000022bc800000)]
  0x000001d09c3bb000 JavaThread "Unconstrained build operations Thread 38" [_thread_blocked, id=4432, stack(0x00000022bc800000,0x00000022bc900000)]
  0x000001d09c3bc000 JavaThread "Unconstrained build operations Thread 39" [_thread_blocked, id=9048, stack(0x00000022bc900000,0x00000022bca00000)]
  0x000001d09c3bf000 JavaThread "Unconstrained build operations Thread 40" [_thread_blocked, id=11572, stack(0x00000022bca00000,0x00000022bcb00000)]
  0x000001d09c3bc800 JavaThread "Unconstrained build operations Thread 41" [_thread_blocked, id=7252, stack(0x00000022bcb00000,0x00000022bcc00000)]
  0x000001d099280800 JavaThread "Unconstrained build operations Thread 42" [_thread_blocked, id=6800, stack(0x00000022bcc00000,0x00000022bcd00000)]
  0x000001d09927a800 JavaThread "Unconstrained build operations Thread 43" [_thread_blocked, id=664, stack(0x00000022bcd00000,0x00000022bce00000)]
  0x000001d099281000 JavaThread "Unconstrained build operations Thread 44" [_thread_blocked, id=15644, stack(0x00000022bce00000,0x00000022bcf00000)]
  0x000001d09927b800 JavaThread "Unconstrained build operations Thread 45" [_thread_blocked, id=16004, stack(0x00000022bcf00000,0x00000022bd000000)]
  0x000001d09927c000 JavaThread "Unconstrained build operations Thread 46" [_thread_blocked, id=12212, stack(0x00000022bd000000,0x00000022bd100000)]
  0x000001d099282000 JavaThread "Unconstrained build operations Thread 47" [_thread_blocked, id=760, stack(0x00000022bd100000,0x00000022bd200000)]
  0x000001d09927e000 JavaThread "Unconstrained build operations Thread 48" [_thread_blocked, id=7940, stack(0x00000022bd200000,0x00000022bd300000)]
  0x000001d09927f800 JavaThread "Unconstrained build operations Thread 49" [_thread_blocked, id=15780, stack(0x00000022bd300000,0x00000022bd400000)]
  0x000001d099283000 JavaThread "Unconstrained build operations Thread 50" [_thread_blocked, id=10148, stack(0x00000022bd400000,0x00000022bd500000)]
  0x000001d09927d000 JavaThread "Unconstrained build operations Thread 51" [_thread_blocked, id=9724, stack(0x00000022bd500000,0x00000022bd600000)]
  0x000001d099283800 JavaThread "Unconstrained build operations Thread 52" [_thread_blocked, id=16304, stack(0x00000022bd600000,0x00000022bd700000)]
  0x000001d099284800 JavaThread "Unconstrained build operations Thread 53" [_thread_blocked, id=12708, stack(0x00000022bd700000,0x00000022bd800000)]
  0x000001d09927e800 JavaThread "Unconstrained build operations Thread 54" [_thread_blocked, id=8700, stack(0x00000022bd800000,0x00000022bd900000)]
  0x000001d099285000 JavaThread "Unconstrained build operations Thread 55" [_thread_blocked, id=13232, stack(0x00000022bd900000,0x00000022bda00000)]
  0x000001d099286000 JavaThread "Unconstrained build operations Thread 56" [_thread_blocked, id=7732, stack(0x00000022bda00000,0x00000022bdb00000)]
  0x000001d099287800 JavaThread "Unconstrained build operations Thread 57" [_thread_blocked, id=8704, stack(0x00000022bdb00000,0x00000022bdc00000)]
  0x000001d099288800 JavaThread "Unconstrained build operations Thread 58" [_thread_blocked, id=17300, stack(0x00000022bdc00000,0x00000022bdd00000)]
  0x000001d099287000 JavaThread "Unconstrained build operations Thread 59" [_thread_blocked, id=2224, stack(0x00000022bdd00000,0x00000022bde00000)]
  0x000001d099289800 JavaThread "Unconstrained build operations Thread 60" [_thread_blocked, id=5900, stack(0x00000022bde00000,0x00000022bdf00000)]
  0x000001d099049800 JavaThread "Unconstrained build operations Thread 61" [_thread_blocked, id=10976, stack(0x00000022bdf00000,0x00000022be000000)]
  0x000001d09904d000 JavaThread "Unconstrained build operations Thread 62" [_thread_blocked, id=7012, stack(0x00000022be000000,0x00000022be100000)]
  0x000001d09904c000 JavaThread "Unconstrained build operations Thread 63" [_thread_blocked, id=11168, stack(0x00000022be100000,0x00000022be200000)]
  0x000001d09904a800 JavaThread "Unconstrained build operations Thread 64" [_thread_blocked, id=14832, stack(0x00000022be200000,0x00000022be300000)]
  0x000001d09904b800 JavaThread "Unconstrained build operations Thread 65" [_thread_blocked, id=16000, stack(0x00000022be300000,0x00000022be400000)]
  0x000001d099047800 JavaThread "Unconstrained build operations Thread 66" [_thread_blocked, id=17360, stack(0x00000022be400000,0x00000022be500000)]
  0x000001d099048000 JavaThread "Unconstrained build operations Thread 67" [_thread_blocked, id=8272, stack(0x00000022be500000,0x00000022be600000)]
  0x000001d099049000 JavaThread "Unconstrained build operations Thread 68" [_thread_blocked, id=12832, stack(0x00000022be600000,0x00000022be700000)]
  0x000001d09904e000 JavaThread "Unconstrained build operations Thread 69" [_thread_blocked, id=12716, stack(0x00000022be700000,0x00000022be800000)]
  0x000001d099050800 JavaThread "Unconstrained build operations Thread 70" [_thread_blocked, id=4932, stack(0x00000022be800000,0x00000022be900000)]
  0x000001d099052000 JavaThread "Unconstrained build operations Thread 71" [_thread_blocked, id=4344, stack(0x00000022be900000,0x00000022bea00000)]
  0x000001d09904f800 JavaThread "Unconstrained build operations Thread 72" [_thread_blocked, id=14404, stack(0x00000022bea00000,0x00000022beb00000)]
  0x000001d099051000 JavaThread "Unconstrained build operations Thread 73" [_thread_blocked, id=5200, stack(0x00000022beb00000,0x00000022bec00000)]
  0x000001d099053800 JavaThread "Unconstrained build operations Thread 74" [_thread_blocked, id=15088, stack(0x00000022bec00000,0x00000022bed00000)]
  0x000001d099052800 JavaThread "Unconstrained build operations Thread 75" [_thread_blocked, id=8968, stack(0x00000022bed00000,0x00000022bee00000)]
  0x000001d099054800 JavaThread "Unconstrained build operations Thread 76" [_thread_blocked, id=1780, stack(0x00000022bee00000,0x00000022bef00000)]
  0x000001d09904e800 JavaThread "Unconstrained build operations Thread 77" [_thread_blocked, id=15320, stack(0x00000022bef00000,0x00000022bf000000)]
  0x000001d099055000 JavaThread "Unconstrained build operations Thread 78" [_thread_blocked, id=4956, stack(0x00000022bf000000,0x00000022bf100000)]
  0x000001d099056000 JavaThread "Unconstrained build operations Thread 79" [_thread_blocked, id=14860, stack(0x00000022bf100000,0x00000022bf200000)]
  0x000001d09a14b000 JavaThread "Unconstrained build operations Thread 80" [_thread_blocked, id=15236, stack(0x00000022bf800000,0x00000022bf900000)]
  0x000001d09a14c000 JavaThread "build event listener" [_thread_blocked, id=11060, stack(0x00000022bfa00000,0x00000022bfb00000)]
  0x000001d09a149800 JavaThread "pool-6-thread-1" [_thread_blocked, id=15828, stack(0x00000022bfb00000,0x00000022bfc00000)]
  0x000001d09a148000 JavaThread "build event listener" [_thread_blocked, id=8608, stack(0x00000022bfc00000,0x00000022bfd00000)]
  0x000001d09a14a800 JavaThread "Execution worker for ':'" [_thread_blocked, id=16068, stack(0x00000022bfd00000,0x00000022bfe00000)]
  0x000001d09a14e800 JavaThread "Execution worker for ':' Thread 2" [_thread_blocked, id=4388, stack(0x00000022bfe00000,0x00000022bff00000)]
  0x000001d09a14d000 JavaThread "Execution worker for ':' Thread 3" [_thread_blocked, id=13252, stack(0x00000022bff00000,0x00000022c0000000)]
  0x000001d09a148800 JavaThread "Execution worker for ':' Thread 4" [_thread_blocked, id=4796, stack(0x00000022c0000000,0x00000022c0100000)]
  0x000001d09a152800 JavaThread "Execution worker for ':' Thread 5" [_thread_blocked, id=11852, stack(0x00000022c0100000,0x00000022c0200000)]
  0x000001d09a150000 JavaThread "Execution worker for ':' Thread 6" [_thread_blocked, id=14204, stack(0x00000022c0200000,0x00000022c0300000)]
  0x000001d09a151000 JavaThread "Execution worker for ':' Thread 7" [_thread_blocked, id=5656, stack(0x00000022c0300000,0x00000022c0400000)]
  0x000001d09a153800 JavaThread "Cache worker for execution history cache (C:\Users\Marwa\OneDrive\Bureau\tuto\dev_mobile\Gestion_Poubelle_Intelligente\.gradle\7.2\executionHistory)" [_thread_blocked, id=15280, stack(0x00000022c0400000,0x00000022c0500000)]
  0x000001d09a151800 JavaThread "WorkerExecutor Queue" [_thread_blocked, id=13384, stack(0x00000022c0500000,0x00000022c0600000)]
  0x000001d09a14d800 JavaThread "WorkerExecutor Queue Thread 2" [_thread_blocked, id=7000, stack(0x00000022c0600000,0x00000022c0700000)]
  0x000001d09a154000 JavaThread "pool-7-thread-1" [_thread_blocked, id=13748, stack(0x00000022c0700000,0x00000022c0800000)]
  0x000001d09a155000 JavaThread "stderr" [_thread_in_native, id=5996, stack(0x00000022c0800000,0x00000022c0900000)]
  0x000001d09a14f000 JavaThread "stdout" [_thread_in_native, id=15956, stack(0x00000022c0900000,0x00000022c0a00000)]
  0x000001d09a155800 JavaThread "WorkerExecutor Queue Thread 3" [_thread_blocked, id=11344, stack(0x00000022c0a00000,0x00000022c0b00000)]
  0x000001d09a156800 JavaThread "WorkerExecutor Queue Thread 4" [_thread_blocked, id=17276, stack(0x00000022c0b00000,0x00000022c0c00000)]
  0x000001d0a2e75800 JavaThread "ForkJoinPool-1-worker-3" daemon [_thread_blocked, id=8872, stack(0x00000022c0d00000,0x00000022c0e00000)]
  0x000001d0a2e76800 JavaThread "ForkJoinPool-1-worker-5" daemon [_thread_blocked, id=6108, stack(0x00000022c0e00000,0x00000022c0f00000)]
  0x000001d0a2e78800 JavaThread "ForkJoinPool-1-worker-9" daemon [_thread_blocked, id=2840, stack(0x00000022c0f00000,0x00000022c1000000)]
  0x000001d0a2e73000 JavaThread "ForkJoinPool-1-worker-7" daemon [_thread_blocked, id=10508, stack(0x00000022c1000000,0x00000022c1100000)]
  0x000001d0a2e74800 JavaThread "ForkJoinPool-1-worker-11" daemon [_thread_blocked, id=6796, stack(0x00000022c1100000,0x00000022c1200000)]
  0x000001d0a2e78000 JavaThread "ForkJoinPool-1-worker-13" daemon [_thread_blocked, id=4960, stack(0x00000022c1200000,0x00000022c1300000)]
  0x000001d0a2e74000 JavaThread "ForkJoinPool-1-worker-15" daemon [_thread_blocked, id=7736, stack(0x00000022c1300000,0x00000022c1400000)]
  0x000001d0a2e7a800 JavaThread "ForkJoinPool-1-worker-1" daemon [_thread_blocked, id=1124, stack(0x00000022c1400000,0x00000022c1500000)]

Other Threads:
=>0x000001d09623d800 VMThread "VM Thread" [stack: 0x00000022b7400000,0x00000022b7500000] [id=11924]
  0x000001d096d44800 WatcherThread [stack: 0x00000022b7e00000,0x00000022b7f00000] [id=6700]
  0x000001d0fbdd6000 GCTaskThread "GC Thread#0" [stack: 0x00000022b6f00000,0x00000022b7000000] [id=5704]
  0x000001d097aa4000 GCTaskThread "GC Thread#1" [stack: 0x00000022b8000000,0x00000022b8100000] [id=15244]
  0x000001d097c63000 GCTaskThread "GC Thread#2" [stack: 0x00000022b8100000,0x00000022b8200000] [id=16124]
  0x000001d0997fd000 GCTaskThread "GC Thread#3" [stack: 0x00000022b8b00000,0x00000022b8c00000] [id=16424]
  0x000001d098c4b000 GCTaskThread "GC Thread#4" [stack: 0x00000022b8c00000,0x00000022b8d00000] [id=7768]
  0x000001d098b37800 GCTaskThread "GC Thread#5" [stack: 0x00000022b8d00000,0x00000022b8e00000] [id=8892]
  0x000001d098b38800 GCTaskThread "GC Thread#6" [stack: 0x00000022b8e00000,0x00000022b8f00000] [id=10256]
  0x000001d098f36800 GCTaskThread "GC Thread#7" [stack: 0x00000022b8f00000,0x00000022b9000000] [id=13888]
  0x000001d0fbe07000 ConcurrentGCThread "G1 Main Marker" [stack: 0x00000022b7000000,0x00000022b7100000] [id=7248]
  0x000001d0fbe08800 ConcurrentGCThread "G1 Conc#0" [stack: 0x00000022b7100000,0x00000022b7200000] [id=7952]
  0x000001d098d0a000 ConcurrentGCThread "G1 Conc#1" [stack: 0x00000022b9300000,0x00000022b9400000] [id=12012]
  0x000001d096090800 ConcurrentGCThread "G1 Refine#0" [stack: 0x00000022b7200000,0x00000022b7300000] [id=15732]
  0x000001d096ecf800 ConcurrentGCThread "G1 Refine#1" [stack: 0x00000022b9500000,0x00000022b9600000] [id=14056]
  0x000001d0a2d30800 ConcurrentGCThread "G1 Refine#2" [stack: 0x00000022c0c00000,0x00000022c0d00000] [id=14496]
  0x000001d096091800 ConcurrentGCThread "G1 Young RemSet Sampling" [stack: 0x00000022b7300000,0x00000022b7400000] [id=5932]

Threads with active compile tasks:
C2 CompilerThread0  94165 12909   !   4       com.android.tools.r8.ir.conversion.r::a (516 bytes)
C2 CompilerThread1  94165 12912   !   4       java.util.concurrent.ForkJoinTask::doExec (37 bytes)
C2 CompilerThread2  94165 12881       4       com.android.tools.r8.internal.GY0::next (32 bytes)

VM state:at safepoint (normal execution)

VM Mutex/Monitor currently owned by a thread:  ([mutex/lock_event])
[0x000001d0f9baf750] Threads_lock - owner thread: 0x000001d09623d800
[0x000001d0fbdbb160] Heap_lock - owner thread: 0x000001d0a2e74800

Heap address: 0x0000000080000000, size: 2048 MB, Compressed Oops mode: 32-bit
Narrow klass base: 0x0000000000000000, Narrow klass shift: 3
Compressed class space size: 1073741824 Address: 0x0000000100000000

Heap:
 garbage-first heap   total 471040K, used 204557K [0x0000000080000000, 0x0000000100000000)
  region size 1024K, 2 young (2048K), 2 survivors (2048K)
 Metaspace       used 100422K, capacity 102791K, committed 102988K, reserved 1138688K
  class space    used 12904K, capacity 13787K, committed 13900K, reserved 1048576K
Heap Regions: E=young(eden), S=young(survivor), O=old, HS=humongous(starts), HC=humongous(continues), CS=collection set, F=free, A=archive, TAMS=top-at-mark-start (previous, next)
|   0|0x0000000080000000, 0x0000000080100000, 0x0000000080100000|100%| O|  |TAMS 0x0000000080100000, 0x0000000080100000| Untracked 
|   1|0x0000000080100000, 0x0000000080200000, 0x0000000080200000|100%| O|  |TAMS 0x0000000080200000, 0x0000000080200000| Untracked 
|   2|0x0000000080200000, 0x0000000080300000, 0x0000000080300000|100%| O|  |TAMS 0x0000000080300000, 0x0000000080300000| Untracked 
|   3|0x0000000080300000, 0x0000000080400000, 0x0000000080400000|100%|HS|  |TAMS 0x0000000080400000, 0x0000000080400000| Complete 
|   4|0x0000000080400000, 0x0000000080500000, 0x0000000080500000|100%|HC|  |TAMS 0x0000000080500000, 0x0000000080500000| Complete 
|   5|0x0000000080500000, 0x0000000080600000, 0x0000000080600000|100%|HC|  |TAMS 0x0000000080600000, 0x0000000080600000| Complete 
|   6|0x0000000080600000, 0x0000000080700000, 0x0000000080700000|100%| O|  |TAMS 0x0000000080700000, 0x0000000080700000| Untracked 
|   7|0x0000000080700000, 0x0000000080800000, 0x0000000080800000|100%| O|  |TAMS 0x0000000080800000, 0x0000000080800000| Untracked 
|   8|0x0000000080800000, 0x0000000080900000, 0x0000000080900000|100%| O|  |TAMS 0x0000000080900000, 0x0000000080900000| Untracked 
|   9|0x0000000080900000, 0x0000000080a00000, 0x0000000080a00000|100%| O|  |TAMS 0x0000000080a00000, 0x0000000080a00000| Untracked 
|  10|0x0000000080a00000, 0x0000000080b00000, 0x0000000080b00000|100%| O|  |TAMS 0x0000000080b00000, 0x0000000080b00000| Untracked 
|  11|0x0000000080b00000, 0x0000000080c00000, 0x0000000080c00000|100%| O|  |TAMS 0x0000000080c00000, 0x0000000080c00000| Untracked 
|  12|0x0000000080c00000, 0x0000000080d00000, 0x0000000080d00000|100%| O|  |TAMS 0x0000000080d00000, 0x0000000080d00000| Untracked 
|  13|0x0000000080d00000, 0x0000000080e00000, 0x0000000080e00000|100%| O|  |TAMS 0x0000000080e00000, 0x0000000080e00000| Untracked 
|  14|0x0000000080e00000, 0x0000000080f00000, 0x0000000080f00000|100%| O|  |TAMS 0x0000000080f00000, 0x0000000080f00000| Untracked 
|  15|0x0000000080f00000, 0x0000000081000000, 0x0000000081000000|100%| O|  |TAMS 0x0000000081000000, 0x0000000081000000| Untracked 
|  16|0x0000000081000000, 0x0000000081100000, 0x0000000081100000|100%|HS|  |TAMS 0x0000000081100000, 0x0000000081100000| Complete 
|  17|0x0000000081100000, 0x0000000081200000, 0x0000000081200000|100%| O|  |TAMS 0x0000000081200000, 0x0000000081200000| Untracked 
|  18|0x0000000081200000, 0x0000000081300000, 0x0000000081300000|100%| O|  |TAMS 0x0000000081300000, 0x0000000081300000| Untracked 
|  19|0x0000000081300000, 0x0000000081400000, 0x0000000081400000|100%| O|  |TAMS 0x0000000081400000, 0x0000000081400000| Untracked 
|  20|0x0000000081400000, 0x0000000081500000, 0x0000000081500000|100%| O|  |TAMS 0x0000000081500000, 0x0000000081500000| Untracked 
|  21|0x0000000081500000, 0x0000000081600000, 0x0000000081600000|100%| O|  |TAMS 0x0000000081600000, 0x0000000081600000| Untracked 
|  22|0x0000000081600000, 0x0000000081700000, 0x0000000081700000|100%| O|  |TAMS 0x0000000081700000, 0x0000000081700000| Untracked 
|  23|0x0000000081700000, 0x0000000081800000, 0x0000000081800000|100%| O|  |TAMS 0x0000000081800000, 0x0000000081800000| Untracked 
|  24|0x0000000081800000, 0x0000000081900000, 0x0000000081900000|100%| O|  |TAMS 0x0000000081900000, 0x0000000081900000| Untracked 
|  25|0x0000000081900000, 0x0000000081a00000, 0x0000000081a00000|100%| O|  |TAMS 0x0000000081a00000, 0x0000000081a00000| Untracked 
|  26|0x0000000081a00000, 0x0000000081b00000, 0x0000000081b00000|100%| O|  |TAMS 0x0000000081b00000, 0x0000000081b00000| Untracked 
|  27|0x0000000081b00000, 0x0000000081c00000, 0x0000000081c00000|100%|HS|  |TAMS 0x0000000081c00000, 0x0000000081c00000| Complete 
|  28|0x0000000081c00000, 0x0000000081d00000, 0x0000000081d00000|100%|HS|  |TAMS 0x0000000081d00000, 0x0000000081d00000| Complete 
|  29|0x0000000081d00000, 0x0000000081e00000, 0x0000000081e00000|100%|HS|  |TAMS 0x0000000081e00000, 0x0000000081e00000| Complete 
|  30|0x0000000081e00000, 0x0000000081f00000, 0x0000000081f00000|100%|HC|  |TAMS 0x0000000081f00000, 0x0000000081f00000| Complete 
|  31|0x0000000081f00000, 0x0000000082000000, 0x0000000082000000|100%| O|  |TAMS 0x0000000082000000, 0x0000000082000000| Untracked 
|  32|0x0000000082000000, 0x0000000082100000, 0x0000000082100000|100%| O|  |TAMS 0x0000000082100000, 0x0000000082100000| Untracked 
|  33|0x0000000082100000, 0x0000000082200000, 0x0000000082200000|100%| O|  |TAMS 0x0000000082200000, 0x0000000082200000| Untracked 
|  34|0x0000000082200000, 0x0000000082300000, 0x0000000082300000|100%| O|  |TAMS 0x0000000082300000, 0x0000000082300000| Untracked 
|  35|0x0000000082300000, 0x0000000082400000, 0x0000000082400000|100%| O|  |TAMS 0x0000000082400000, 0x0000000082400000| Untracked 
|  36|0x0000000082400000, 0x0000000082500000, 0x0000000082500000|100%| O|  |TAMS 0x0000000082500000, 0x0000000082500000| Untracked 
|  37|0x0000000082500000, 0x0000000082600000, 0x0000000082600000|100%| O|  |TAMS 0x0000000082600000, 0x0000000082600000| Untracked 
|  38|0x0000000082600000, 0x0000000082700000, 0x0000000082700000|100%| O|  |TAMS 0x0000000082700000, 0x0000000082700000| Untracked 
|  39|0x0000000082700000, 0x0000000082800000, 0x0000000082800000|100%| O|  |TAMS 0x0000000082800000, 0x0000000082800000| Untracked 
|  40|0x0000000082800000, 0x0000000082900000, 0x0000000082900000|100%| O|  |TAMS 0x0000000082900000, 0x0000000082900000| Untracked 
|  41|0x0000000082900000, 0x0000000082a00000, 0x0000000082a00000|100%| O|  |TAMS 0x0000000082a00000, 0x0000000082a00000| Untracked 
|  42|0x0000000082a00000, 0x0000000082b00000, 0x0000000082b00000|100%| O|  |TAMS 0x0000000082b00000, 0x0000000082b00000| Untracked 
|  43|0x0000000082b00000, 0x0000000082c00000, 0x0000000082c00000|100%| O|  |TAMS 0x0000000082c00000, 0x0000000082c00000| Untracked 
|  44|0x0000000082c00000, 0x0000000082d00000, 0x0000000082d00000|100%| O|  |TAMS 0x0000000082d00000, 0x0000000082d00000| Untracked 
|  45|0x0000000082d00000, 0x0000000082e00000, 0x0000000082e00000|100%| O|  |TAMS 0x0000000082e00000, 0x0000000082e00000| Untracked 
|  46|0x0000000082e00000, 0x0000000082f00000, 0x0000000082f00000|100%| O|  |TAMS 0x0000000082f00000, 0x0000000082f00000| Untracked 
|  47|0x0000000082f00000, 0x0000000083000000, 0x0000000083000000|100%| O|  |TAMS 0x0000000083000000, 0x0000000083000000| Untracked 
|  48|0x0000000083000000, 0x0000000083100000, 0x0000000083100000|100%| O|  |TAMS 0x0000000083100000, 0x0000000083100000| Untracked 
|  49|0x0000000083100000, 0x0000000083200000, 0x0000000083200000|100%| O|  |TAMS 0x0000000083200000, 0x0000000083200000| Untracked 
|  50|0x0000000083200000, 0x0000000083300000, 0x0000000083300000|100%| O|  |TAMS 0x0000000083300000, 0x0000000083300000| Untracked 
|  51|0x0000000083300000, 0x0000000083400000, 0x0000000083400000|100%| O|  |TAMS 0x0000000083400000, 0x0000000083400000| Untracked 
|  52|0x0000000083400000, 0x0000000083500000, 0x0000000083500000|100%| O|  |TAMS 0x0000000083500000, 0x0000000083500000| Untracked 
|  53|0x0000000083500000, 0x0000000083600000, 0x0000000083600000|100%| O|  |TAMS 0x0000000083600000, 0x0000000083600000| Untracked 
|  54|0x0000000083600000, 0x0000000083700000, 0x0000000083700000|100%| O|  |TAMS 0x0000000083700000, 0x0000000083700000| Untracked 
|  55|0x0000000083700000, 0x0000000083800000, 0x0000000083800000|100%| O|  |TAMS 0x0000000083800000, 0x0000000083800000| Untracked 
|  56|0x0000000083800000, 0x0000000083900000, 0x0000000083900000|100%| O|  |TAMS 0x0000000083900000, 0x0000000083900000| Untracked 
|  57|0x0000000083900000, 0x0000000083a00000, 0x0000000083a00000|100%| O|  |TAMS 0x0000000083a00000, 0x0000000083a00000| Untracked 
|  58|0x0000000083a00000, 0x0000000083b00000, 0x0000000083b00000|100%| O|  |TAMS 0x0000000083b00000, 0x0000000083b00000| Untracked 
|  59|0x0000000083b00000, 0x0000000083c00000, 0x0000000083c00000|100%| O|  |TAMS 0x0000000083c00000, 0x0000000083c00000| Untracked 
|  60|0x0000000083c00000, 0x0000000083d00000, 0x0000000083d00000|100%| O|  |TAMS 0x0000000083d00000, 0x0000000083d00000| Untracked 
|  61|0x0000000083d00000, 0x0000000083e00000, 0x0000000083e00000|100%| O|  |TAMS 0x0000000083e00000, 0x0000000083e00000| Untracked 
|  62|0x0000000083e00000, 0x0000000083f00000, 0x0000000083f00000|100%| O|  |TAMS 0x0000000083f00000, 0x0000000083f00000| Untracked 
|  63|0x0000000083f00000, 0x0000000084000000, 0x0000000084000000|100%| O|  |TAMS 0x0000000084000000, 0x0000000084000000| Untracked 
|  64|0x0000000084000000, 0x0000000084100000, 0x0000000084100000|100%| O|  |TAMS 0x0000000084100000, 0x0000000084100000| Untracked 
|  65|0x0000000084100000, 0x0000000084200000, 0x0000000084200000|100%| O|  |TAMS 0x0000000084200000, 0x0000000084200000| Untracked 
|  66|0x0000000084200000, 0x0000000084300000, 0x0000000084300000|100%| O|  |TAMS 0x0000000084300000, 0x0000000084300000| Untracked 
|  67|0x0000000084300000, 0x0000000084400000, 0x0000000084400000|100%| O|  |TAMS 0x0000000084400000, 0x0000000084400000| Untracked 
|  68|0x0000000084400000, 0x0000000084500000, 0x0000000084500000|100%| O|  |TAMS 0x0000000084400000, 0x0000000084500000| Untracked 
|  69|0x0000000084500000, 0x0000000084600000, 0x0000000084600000|100%| O|  |TAMS 0x0000000084600000, 0x0000000084600000| Untracked 
|  70|0x0000000084600000, 0x0000000084700000, 0x0000000084700000|100%| O|  |TAMS 0x0000000084700000, 0x0000000084700000| Untracked 
|  71|0x0000000084700000, 0x0000000084800000, 0x0000000084800000|100%| O|  |TAMS 0x0000000084800000, 0x0000000084800000| Untracked 
|  72|0x0000000084800000, 0x0000000084900000, 0x0000000084900000|100%| O|  |TAMS 0x0000000084900000, 0x0000000084900000| Untracked 
|  73|0x0000000084900000, 0x0000000084a00000, 0x0000000084a00000|100%| O|  |TAMS 0x0000000084a00000, 0x0000000084a00000| Untracked 
|  74|0x0000000084a00000, 0x0000000084b00000, 0x0000000084b00000|100%| O|  |TAMS 0x0000000084b00000, 0x0000000084b00000| Untracked 
|  75|0x0000000084b00000, 0x0000000084c00000, 0x0000000084c00000|100%| O|  |TAMS 0x0000000084c00000, 0x0000000084c00000| Untracked 
|  76|0x0000000084c00000, 0x0000000084d00000, 0x0000000084d00000|100%| O|  |TAMS 0x0000000084d00000, 0x0000000084d00000| Untracked 
|  77|0x0000000084d00000, 0x0000000084e00000, 0x0000000084e00000|100%| O|  |TAMS 0x0000000084e00000, 0x0000000084e00000| Untracked 
|  78|0x0000000084e00000, 0x0000000084f00000, 0x0000000084f00000|100%| O|  |TAMS 0x0000000084f00000, 0x0000000084f00000| Untracked 
|  79|0x0000000084f00000, 0x0000000085000000, 0x0000000085000000|100%| O|  |TAMS 0x0000000085000000, 0x0000000085000000| Untracked 
|  80|0x0000000085000000, 0x0000000085100000, 0x0000000085100000|100%| O|  |TAMS 0x0000000085100000, 0x0000000085100000| Untracked 
|  81|0x0000000085100000, 0x0000000085200000, 0x0000000085200000|100%| O|  |TAMS 0x0000000085200000, 0x0000000085200000| Untracked 
|  82|0x0000000085200000, 0x0000000085300000, 0x0000000085300000|100%| O|  |TAMS 0x0000000085300000, 0x0000000085300000| Untracked 
|  83|0x0000000085300000, 0x0000000085400000, 0x0000000085400000|100%| O|  |TAMS 0x0000000085400000, 0x0000000085400000| Untracked 
|  84|0x0000000085400000, 0x0000000085500000, 0x0000000085500000|100%|HS|  |TAMS 0x0000000085500000, 0x0000000085500000| Complete 
|  85|0x0000000085500000, 0x0000000085600000, 0x0000000085600000|100%|HC|  |TAMS 0x0000000085600000, 0x0000000085600000| Complete 
|  86|0x0000000085600000, 0x0000000085700000, 0x0000000085700000|100%|HS|  |TAMS 0x0000000085700000, 0x0000000085700000| Complete 
|  87|0x0000000085700000, 0x0000000085800000, 0x0000000085800000|100%|HS|  |TAMS 0x0000000085800000, 0x0000000085800000| Complete 
|  88|0x0000000085800000, 0x0000000085900000, 0x0000000085900000|100%|HS|  |TAMS 0x0000000085900000, 0x0000000085900000| Complete 
|  89|0x0000000085900000, 0x0000000085a00000, 0x0000000085a00000|100%|HS|  |TAMS 0x0000000085a00000, 0x0000000085a00000| Complete 
|  90|0x0000000085a00000, 0x0000000085b00000, 0x0000000085b00000|100%|HC|  |TAMS 0x0000000085b00000, 0x0000000085b00000| Complete 
|  91|0x0000000085b00000, 0x0000000085c00000, 0x0000000085c00000|100%|HS|  |TAMS 0x0000000085c00000, 0x0000000085c00000| Complete 
|  92|0x0000000085c00000, 0x0000000085d00000, 0x0000000085d00000|100%|HC|  |TAMS 0x0000000085d00000, 0x0000000085d00000| Complete 
|  93|0x0000000085d00000, 0x0000000085e00000, 0x0000000085e00000|100%|HS|  |TAMS 0x0000000085e00000, 0x0000000085e00000| Complete 
|  94|0x0000000085e00000, 0x0000000085f00000, 0x0000000085f00000|100%|HC|  |TAMS 0x0000000085f00000, 0x0000000085f00000| Complete 
|  95|0x0000000085f00000, 0x0000000086000000, 0x0000000086000000|100%|HC|  |TAMS 0x0000000086000000, 0x0000000086000000| Complete 
|  96|0x0000000086000000, 0x0000000086100000, 0x0000000086100000|100%|HS|  |TAMS 0x0000000086100000, 0x0000000086100000| Complete 
|  97|0x0000000086100000, 0x0000000086200000, 0x0000000086200000|100%| O|  |TAMS 0x0000000086200000, 0x0000000086200000| Untracked 
|  98|0x0000000086200000, 0x0000000086300000, 0x0000000086300000|100%|HS|  |TAMS 0x0000000086300000, 0x0000000086300000| Complete 
|  99|0x0000000086300000, 0x0000000086400000, 0x0000000086400000|100%|HC|  |TAMS 0x0000000086400000, 0x0000000086400000| Complete 
| 100|0x0000000086400000, 0x0000000086500000, 0x0000000086500000|100%| O|  |TAMS 0x0000000086500000, 0x0000000086500000| Untracked 
| 101|0x0000000086500000, 0x0000000086600000, 0x0000000086600000|100%|HS|  |TAMS 0x0000000086600000, 0x0000000086600000| Complete 
| 102|0x0000000086600000, 0x0000000086700000, 0x0000000086700000|100%| O|  |TAMS 0x0000000086700000, 0x0000000086700000| Untracked 
| 103|0x0000000086700000, 0x0000000086800000, 0x0000000086800000|100%|HS|  |TAMS 0x0000000086800000, 0x0000000086800000| Complete 
| 104|0x0000000086800000, 0x0000000086900000, 0x0000000086900000|100%| O|  |TAMS 0x0000000086900000, 0x0000000086900000| Untracked 
| 105|0x0000000086900000, 0x0000000086a00000, 0x0000000086a00000|100%|HS|  |TAMS 0x0000000086a00000, 0x0000000086a00000| Complete 
| 106|0x0000000086a00000, 0x0000000086b00000, 0x0000000086b00000|100%| O|  |TAMS 0x0000000086b00000, 0x0000000086b00000| Untracked 
| 107|0x0000000086b00000, 0x0000000086c00000, 0x0000000086c00000|100%| O|  |TAMS 0x0000000086c00000, 0x0000000086c00000| Untracked 
| 108|0x0000000086c00000, 0x0000000086d00000, 0x0000000086d00000|100%|HS|  |TAMS 0x0000000086d00000, 0x0000000086d00000| Complete 
| 109|0x0000000086d00000, 0x0000000086e00000, 0x0000000086e00000|100%|HC|  |TAMS 0x0000000086e00000, 0x0000000086e00000| Complete 
| 110|0x0000000086e00000, 0x0000000086f00000, 0x0000000086f00000|100%| O|  |TAMS 0x0000000086f00000, 0x0000000086f00000| Untracked 
| 111|0x0000000086f00000, 0x0000000087000000, 0x0000000087000000|100%| O|  |TAMS 0x0000000087000000, 0x0000000087000000| Untracked 
| 112|0x0000000087000000, 0x0000000087100000, 0x0000000087100000|100%|HS|  |TAMS 0x0000000087100000, 0x0000000087100000| Complete 
| 113|0x0000000087100000, 0x0000000087200000, 0x0000000087200000|100%|HC|  |TAMS 0x0000000087200000, 0x0000000087200000| Complete 
| 114|0x0000000087200000, 0x0000000087300000, 0x0000000087300000|100%|HS|  |TAMS 0x0000000087300000, 0x0000000087300000| Complete 
| 115|0x0000000087300000, 0x0000000087400000, 0x0000000087400000|100%| O|  |TAMS 0x0000000087400000, 0x0000000087400000| Untracked 
| 116|0x0000000087400000, 0x0000000087500000, 0x0000000087500000|100%| O|  |TAMS 0x0000000087500000, 0x0000000087500000| Untracked 
| 117|0x0000000087500000, 0x0000000087600000, 0x0000000087600000|100%|HS|  |TAMS 0x0000000087600000, 0x0000000087600000| Complete 
| 118|0x0000000087600000, 0x0000000087700000, 0x0000000087700000|100%|HC|  |TAMS 0x0000000087700000, 0x0000000087700000| Complete 
| 119|0x0000000087700000, 0x0000000087800000, 0x0000000087800000|100%|HC|  |TAMS 0x0000000087800000, 0x0000000087800000| Complete 
| 120|0x0000000087800000, 0x0000000087900000, 0x0000000087900000|100%| O|  |TAMS 0x0000000087900000, 0x0000000087900000| Untracked 
| 121|0x0000000087900000, 0x0000000087a00000, 0x0000000087a00000|100%| O|  |TAMS 0x0000000087a00000, 0x0000000087a00000| Untracked 
| 122|0x0000000087a00000, 0x0000000087b00000, 0x0000000087b00000|100%| O|  |TAMS 0x0000000087b00000, 0x0000000087b00000| Untracked 
| 123|0x0000000087b00000, 0x0000000087c00000, 0x0000000087c00000|100%| O|  |TAMS 0x0000000087c00000, 0x0000000087c00000| Untracked 
| 124|0x0000000087c00000, 0x0000000087d00000, 0x0000000087d00000|100%| O|  |TAMS 0x0000000087d00000, 0x0000000087d00000| Untracked 
| 125|0x0000000087d00000, 0x0000000087e00000, 0x0000000087e00000|100%| O|  |TAMS 0x0000000087e00000, 0x0000000087e00000| Untracked 
| 126|0x0000000087e00000, 0x0000000087f00000, 0x0000000087f00000|100%| O|  |TAMS 0x0000000087f00000, 0x0000000087f00000| Untracked 
| 127|0x0000000087f00000, 0x0000000088000000, 0x0000000088000000|100%| O|  |TAMS 0x0000000088000000, 0x0000000088000000| Untracked 
| 128|0x0000000088000000, 0x0000000088100000, 0x0000000088100000|100%| O|  |TAMS 0x0000000088100000, 0x0000000088100000| Untracked 
| 129|0x0000000088100000, 0x0000000088200000, 0x0000000088200000|100%| O|  |TAMS 0x0000000088200000, 0x0000000088200000| Untracked 
| 130|0x0000000088200000, 0x0000000088300000, 0x0000000088300000|100%| O|  |TAMS 0x0000000088300000, 0x0000000088300000| Untracked 
| 131|0x0000000088300000, 0x0000000088400000, 0x0000000088400000|100%| O|  |TAMS 0x0000000088400000, 0x0000000088400000| Untracked 
| 132|0x0000000088400000, 0x0000000088500000, 0x0000000088500000|100%| O|  |TAMS 0x0000000088500000, 0x0000000088500000| Untracked 
| 133|0x0000000088500000, 0x0000000088600000, 0x0000000088600000|100%| O|  |TAMS 0x0000000088600000, 0x0000000088600000| Untracked 
| 134|0x0000000088600000, 0x0000000088700000, 0x0000000088700000|100%| O|  |TAMS 0x0000000088700000, 0x0000000088700000| Untracked 
| 135|0x0000000088700000, 0x0000000088800000, 0x0000000088800000|100%| O|  |TAMS 0x0000000088800000, 0x0000000088800000| Untracked 
| 136|0x0000000088800000, 0x0000000088900000, 0x0000000088900000|100%| O|  |TAMS 0x0000000088900000, 0x0000000088900000| Untracked 
| 137|0x0000000088900000, 0x0000000088a00000, 0x0000000088a00000|100%| O|  |TAMS 0x0000000088a00000, 0x0000000088a00000| Untracked 
| 138|0x0000000088a00000, 0x0000000088b00000, 0x0000000088b00000|100%| O|  |TAMS 0x0000000088b00000, 0x0000000088b00000| Untracked 
| 139|0x0000000088b00000, 0x0000000088c00000, 0x0000000088c00000|100%| O|  |TAMS 0x0000000088c00000, 0x0000000088c00000| Untracked 
| 140|0x0000000088c00000, 0x0000000088d00000, 0x0000000088d00000|100%| O|  |TAMS 0x0000000088d00000, 0x0000000088d00000| Untracked 
| 141|0x0000000088d00000, 0x0000000088e00000, 0x0000000088e00000|100%| O|  |TAMS 0x0000000088e00000, 0x0000000088e00000| Untracked 
| 142|0x0000000088e00000, 0x0000000088f00000, 0x0000000088f00000|100%| O|  |TAMS 0x0000000088e00000, 0x0000000088f00000| Untracked 
| 143|0x0000000088f00000, 0x0000000089000000, 0x0000000089000000|100%| O|  |TAMS 0x0000000088f00000, 0x0000000089000000| Untracked 
| 144|0x0000000089000000, 0x0000000089100000, 0x0000000089100000|100%| O|  |TAMS 0x0000000089000000, 0x0000000089100000| Untracked 
| 145|0x0000000089100000, 0x0000000089200000, 0x0000000089200000|100%| O|  |TAMS 0x0000000089100000, 0x0000000089200000| Untracked 
| 146|0x0000000089200000, 0x0000000089300000, 0x0000000089300000|100%| O|  |TAMS 0x0000000089200000, 0x0000000089300000| Untracked 
| 147|0x0000000089300000, 0x0000000089400000, 0x0000000089400000|100%| O|  |TAMS 0x0000000089300000, 0x0000000089400000| Untracked 
| 148|0x0000000089400000, 0x0000000089500000, 0x0000000089500000|100%| O|  |TAMS 0x0000000089400000, 0x0000000089500000| Untracked 
| 149|0x0000000089500000, 0x0000000089600000, 0x0000000089600000|100%| O|  |TAMS 0x0000000089500000, 0x0000000089600000| Untracked 
| 150|0x0000000089600000, 0x0000000089700000, 0x0000000089700000|100%| O|  |TAMS 0x0000000089600000, 0x0000000089700000| Untracked 
| 151|0x0000000089700000, 0x0000000089800000, 0x0000000089800000|100%| O|  |TAMS 0x0000000089700000, 0x0000000089800000| Untracked 
| 152|0x0000000089800000, 0x0000000089900000, 0x0000000089900000|100%| O|  |TAMS 0x0000000089800000, 0x0000000089900000| Untracked 
| 153|0x0000000089900000, 0x0000000089a00000, 0x0000000089a00000|100%| O|  |TAMS 0x0000000089900000, 0x0000000089a00000| Untracked 
| 154|0x0000000089a00000, 0x0000000089b00000, 0x0000000089b00000|100%| O|  |TAMS 0x0000000089a00000, 0x0000000089b00000| Untracked 
| 155|0x0000000089b00000, 0x0000000089c00000, 0x0000000089c00000|100%| O|  |TAMS 0x0000000089b00000, 0x0000000089c00000| Untracked 
| 156|0x0000000089c00000, 0x0000000089d00000, 0x0000000089d00000|100%| O|  |TAMS 0x0000000089c00000, 0x0000000089d00000| Untracked 
| 157|0x0000000089d00000, 0x0000000089e00000, 0x0000000089e00000|100%| O|  |TAMS 0x0000000089d00000, 0x0000000089e00000| Untracked 
| 158|0x0000000089e00000, 0x0000000089f00000, 0x0000000089f00000|100%| O|  |TAMS 0x0000000089e00000, 0x0000000089f00000| Untracked 
| 159|0x0000000089f00000, 0x000000008a000000, 0x000000008a000000|100%| O|  |TAMS 0x0000000089f00000, 0x000000008a000000| Untracked 
| 160|0x000000008a000000, 0x000000008a100000, 0x000000008a100000|100%| O|  |TAMS 0x000000008a000000, 0x000000008a100000| Untracked 
| 161|0x000000008a100000, 0x000000008a200000, 0x000000008a200000|100%| O|  |TAMS 0x000000008a100000, 0x000000008a200000| Untracked 
| 162|0x000000008a200000, 0x000000008a300000, 0x000000008a300000|100%| O|  |TAMS 0x000000008a200000, 0x000000008a300000| Untracked 
| 163|0x000000008a300000, 0x000000008a400000, 0x000000008a400000|100%| O|  |TAMS 0x000000008a300000, 0x000000008a400000| Untracked 
| 164|0x000000008a400000, 0x000000008a500000, 0x000000008a500000|100%| O|  |TAMS 0x000000008a400000, 0x000000008a500000| Untracked 
| 165|0x000000008a500000, 0x000000008a600000, 0x000000008a600000|100%| O|  |TAMS 0x000000008a500000, 0x000000008a600000| Untracked 
| 166|0x000000008a600000, 0x000000008a700000, 0x000000008a700000|100%| O|  |TAMS 0x000000008a600000, 0x000000008a700000| Untracked 
| 167|0x000000008a700000, 0x000000008a800000, 0x000000008a800000|100%| O|  |TAMS 0x000000008a700000, 0x000000008a800000| Untracked 
| 168|0x000000008a800000, 0x000000008a900000, 0x000000008a900000|100%| O|  |TAMS 0x000000008a800000, 0x000000008a900000| Untracked 
| 169|0x000000008a900000, 0x000000008aa00000, 0x000000008aa00000|100%| O|  |TAMS 0x000000008a900000, 0x000000008aa00000| Untracked 
| 170|0x000000008aa00000, 0x000000008ab00000, 0x000000008ab00000|100%| O|  |TAMS 0x000000008aa00000, 0x000000008ab00000| Untracked 
| 171|0x000000008ab00000, 0x000000008ac00000, 0x000000008ac00000|100%| O|  |TAMS 0x000000008ab00000, 0x000000008ac00000| Untracked 
| 172|0x000000008ac00000, 0x000000008ad00000, 0x000000008ad00000|100%| O|  |TAMS 0x000000008ac00000, 0x000000008ad00000| Untracked 
| 173|0x000000008ad00000, 0x000000008ae00000, 0x000000008ae00000|100%| O|  |TAMS 0x000000008ad00000, 0x000000008ae00000| Untracked 
| 174|0x000000008ae00000, 0x000000008af00000, 0x000000008af00000|100%| O|  |TAMS 0x000000008ae00000, 0x000000008af00000| Untracked 
| 175|0x000000008af00000, 0x000000008b000000, 0x000000008b000000|100%| O|  |TAMS 0x000000008af00000, 0x000000008b000000| Untracked 
| 176|0x000000008b000000, 0x000000008b100000, 0x000000008b100000|100%| O|  |TAMS 0x000000008b000000, 0x000000008b100000| Untracked 
| 177|0x000000008b100000, 0x000000008b200000, 0x000000008b200000|100%| O|  |TAMS 0x000000008b100000, 0x000000008b200000| Untracked 
| 178|0x000000008b200000, 0x000000008b300000, 0x000000008b300000|100%| O|  |TAMS 0x000000008b200000, 0x000000008b24ea00| Untracked 
| 179|0x000000008b300000, 0x000000008b400000, 0x000000008b400000|100%| O|  |TAMS 0x000000008b300000, 0x000000008b300000| Untracked 
| 180|0x000000008b400000, 0x000000008b4c3600, 0x000000008b500000| 76%| O|  |TAMS 0x000000008b400000, 0x000000008b400000| Untracked 
| 181|0x000000008b500000, 0x000000008b500000, 0x000000008b600000|  0%| F|  |TAMS 0x000000008b500000, 0x000000008b500000| Untracked 
| 182|0x000000008b600000, 0x000000008b600000, 0x000000008b700000|  0%| F|  |TAMS 0x000000008b600000, 0x000000008b600000| Untracked 
| 183|0x000000008b700000, 0x000000008b800000, 0x000000008b800000|100%| O|  |TAMS 0x000000008b800000, 0x000000008b800000| Untracked 
| 184|0x000000008b800000, 0x000000008b800000, 0x000000008b900000|  0%| F|  |TAMS 0x000000008b800000, 0x000000008b800000| Untracked 
| 185|0x000000008b900000, 0x000000008b900000, 0x000000008ba00000|  0%| F|  |TAMS 0x000000008b900000, 0x000000008b900000| Untracked 
| 186|0x000000008ba00000, 0x000000008bb00000, 0x000000008bb00000|100%| O|  |TAMS 0x000000008bb00000, 0x000000008bb00000| Untracked 
| 187|0x000000008bb00000, 0x000000008bb00000, 0x000000008bc00000|  0%| F|  |TAMS 0x000000008bb00000, 0x000000008bb00000| Untracked 
| 188|0x000000008bc00000, 0x000000008bc00000, 0x000000008bd00000|  0%| F|  |TAMS 0x000000008bc00000, 0x000000008bc00000| Untracked 
| 189|0x000000008bd00000, 0x000000008bd00000, 0x000000008be00000|  0%| F|  |TAMS 0x000000008bd00000, 0x000000008bd00000| Untracked 
| 190|0x000000008be00000, 0x000000008be00000, 0x000000008bf00000|  0%| F|  |TAMS 0x000000008be00000, 0x000000008be00000| Untracked 
| 191|0x000000008bf00000, 0x000000008c000000, 0x000000008c000000|100%| O|  |TAMS 0x000000008c000000, 0x000000008c000000| Untracked 
| 192|0x000000008c000000, 0x000000008c100000, 0x000000008c100000|100%| O|  |TAMS 0x000000008c100000, 0x000000008c100000| Untracked 
| 193|0x000000008c100000, 0x000000008c200000, 0x000000008c200000|100%| O|  |TAMS 0x000000008c200000, 0x000000008c200000| Untracked 
| 194|0x000000008c200000, 0x000000008c300000, 0x000000008c300000|100%| O|  |TAMS 0x000000008c300000, 0x000000008c300000| Untracked 
| 195|0x000000008c300000, 0x000000008c400000, 0x000000008c400000|100%| O|  |TAMS 0x000000008c400000, 0x000000008c400000| Untracked 
| 196|0x000000008c400000, 0x000000008c500000, 0x000000008c500000|100%| O|  |TAMS 0x000000008c500000, 0x000000008c500000| Untracked 
| 197|0x000000008c500000, 0x000000008c600000, 0x000000008c600000|100%| O|  |TAMS 0x000000008c600000, 0x000000008c600000| Untracked 
| 198|0x000000008c600000, 0x000000008c700000, 0x000000008c700000|100%| O|  |TAMS 0x000000008c700000, 0x000000008c700000| Untracked 
| 199|0x000000008c700000, 0x000000008c800000, 0x000000008c800000|100%| O|  |TAMS 0x000000008c800000, 0x000000008c800000| Untracked 
| 200|0x000000008c800000, 0x000000008c900000, 0x000000008c900000|100%| O|  |TAMS 0x000000008c900000, 0x000000008c900000| Untracked 
| 201|0x000000008c900000, 0x000000008ca00000, 0x000000008ca00000|100%| O|  |TAMS 0x000000008ca00000, 0x000000008ca00000| Untracked 
| 202|0x000000008ca00000, 0x000000008cb00000, 0x000000008cb00000|100%| O|  |TAMS 0x000000008cb00000, 0x000000008cb00000| Untracked 
| 203|0x000000008cb00000, 0x000000008cc00000, 0x000000008cc00000|100%| O|  |TAMS 0x000000008cc00000, 0x000000008cc00000| Untracked 
| 204|0x000000008cc00000, 0x000000008cd00000, 0x000000008cd00000|100%| O|  |TAMS 0x000000008cd00000, 0x000000008cd00000| Untracked 
| 205|0x000000008cd00000, 0x000000008ce00000, 0x000000008ce00000|100%| O|  |TAMS 0x000000008ce00000, 0x000000008ce00000| Untracked 
| 206|0x000000008ce00000, 0x000000008ce00000, 0x000000008cf00000|  0%| F|  |TAMS 0x000000008ce00000, 0x000000008ce00000| Untracked 
| 207|0x000000008cf00000, 0x000000008cf00000, 0x000000008d000000|  0%| F|  |TAMS 0x000000008cf00000, 0x000000008cf00000| Untracked 
| 208|0x000000008d000000, 0x000000008d000000, 0x000000008d100000|  0%| F|  |TAMS 0x000000008d000000, 0x000000008d000000| Untracked 
| 209|0x000000008d100000, 0x000000008d100000, 0x000000008d200000|  0%| F|  |TAMS 0x000000008d100000, 0x000000008d100000| Untracked 
| 210|0x000000008d200000, 0x000000008d200000, 0x000000008d300000|  0%| F|  |TAMS 0x000000008d200000, 0x000000008d200000| Untracked 
| 211|0x000000008d300000, 0x000000008d300000, 0x000000008d400000|  0%| F|  |TAMS 0x000000008d300000, 0x000000008d300000| Untracked 
| 212|0x000000008d400000, 0x000000008d400000, 0x000000008d500000|  0%| F|  |TAMS 0x000000008d400000, 0x000000008d400000| Untracked 
| 213|0x000000008d500000, 0x000000008d500000, 0x000000008d600000|  0%| F|  |TAMS 0x000000008d500000, 0x000000008d500000| Untracked 
| 214|0x000000008d600000, 0x000000008d600000, 0x000000008d700000|  0%| F|  |TAMS 0x000000008d600000, 0x000000008d600000| Untracked 
| 215|0x000000008d700000, 0x000000008d700000, 0x000000008d800000|  0%| F|  |TAMS 0x000000008d700000, 0x000000008d700000| Untracked 
| 216|0x000000008d800000, 0x000000008d800000, 0x000000008d900000|  0%| F|  |TAMS 0x000000008d800000, 0x000000008d800000| Untracked 
| 217|0x000000008d900000, 0x000000008d900000, 0x000000008da00000|  0%| F|  |TAMS 0x000000008d900000, 0x000000008d900000| Untracked 
| 218|0x000000008da00000, 0x000000008da00000, 0x000000008db00000|  0%| F|  |TAMS 0x000000008da00000, 0x000000008da00000| Untracked 
| 219|0x000000008db00000, 0x000000008db00000, 0x000000008dc00000|  0%| F|  |TAMS 0x000000008db00000, 0x000000008db00000| Untracked 
| 220|0x000000008dc00000, 0x000000008dc00000, 0x000000008dd00000|  0%| F|  |TAMS 0x000000008dc00000, 0x000000008dc00000| Untracked 
| 221|0x000000008dd00000, 0x000000008dd00000, 0x000000008de00000|  0%| F|  |TAMS 0x000000008dd00000, 0x000000008dd00000| Untracked 
| 222|0x000000008de00000, 0x000000008de00000, 0x000000008df00000|  0%| F|  |TAMS 0x000000008de00000, 0x000000008de00000| Untracked 
| 223|0x000000008df00000, 0x000000008df00000, 0x000000008e000000|  0%| F|  |TAMS 0x000000008df00000, 0x000000008df00000| Untracked 
| 224|0x000000008e000000, 0x000000008e000000, 0x000000008e100000|  0%| F|  |TAMS 0x000000008e000000, 0x000000008e000000| Untracked 
| 225|0x000000008e100000, 0x000000008e100000, 0x000000008e200000|  0%| F|  |TAMS 0x000000008e100000, 0x000000008e100000| Untracked 
| 226|0x000000008e200000, 0x000000008e200000, 0x000000008e300000|  0%| F|  |TAMS 0x000000008e200000, 0x000000008e200000| Untracked 
| 227|0x000000008e300000, 0x000000008e300000, 0x000000008e400000|  0%| F|  |TAMS 0x000000008e300000, 0x000000008e300000| Untracked 
| 228|0x000000008e400000, 0x000000008e400000, 0x000000008e500000|  0%| F|  |TAMS 0x000000008e400000, 0x000000008e400000| Untracked 
| 229|0x000000008e500000, 0x000000008e500000, 0x000000008e600000|  0%| F|  |TAMS 0x000000008e500000, 0x000000008e500000| Untracked 
| 230|0x000000008e600000, 0x000000008e600000, 0x000000008e700000|  0%| F|  |TAMS 0x000000008e600000, 0x000000008e600000| Untracked 
| 231|0x000000008e700000, 0x000000008e700000, 0x000000008e800000|  0%| F|  |TAMS 0x000000008e700000, 0x000000008e700000| Untracked 
| 232|0x000000008e800000, 0x000000008e800000, 0x000000008e900000|  0%| F|  |TAMS 0x000000008e800000, 0x000000008e800000| Untracked 
| 233|0x000000008e900000, 0x000000008e900000, 0x000000008ea00000|  0%| F|  |TAMS 0x000000008e900000, 0x000000008e900000| Untracked 
| 234|0x000000008ea00000, 0x000000008ea00000, 0x000000008eb00000|  0%| F|  |TAMS 0x000000008ea00000, 0x000000008ea00000| Untracked 
| 235|0x000000008eb00000, 0x000000008ec00000, 0x000000008ec00000|100%| S|CS|TAMS 0x000000008eb00000, 0x000000008eb00000| Complete 
| 236|0x000000008ec00000, 0x000000008ed00000, 0x000000008ed00000|100%| S|CS|TAMS 0x000000008ec00000, 0x000000008ec00000| Complete 
| 237|0x000000008ed00000, 0x000000008ed00000, 0x000000008ee00000|  0%| F|  |TAMS 0x000000008ed00000, 0x000000008ed00000| Untracked 
| 238|0x000000008ee00000, 0x000000008ee00000, 0x000000008ef00000|  0%| F|  |TAMS 0x000000008ee00000, 0x000000008ee00000| Untracked 
| 239|0x000000008ef00000, 0x000000008ef00000, 0x000000008f000000|  0%| F|  |TAMS 0x000000008ef00000, 0x000000008ef00000| Untracked 
| 240|0x000000008f000000, 0x000000008f000000, 0x000000008f100000|  0%| F|  |TAMS 0x000000008f000000, 0x000000008f000000| Untracked 
| 241|0x000000008f100000, 0x000000008f100000, 0x000000008f200000|  0%| F|  |TAMS 0x000000008f100000, 0x000000008f100000| Untracked 
| 242|0x000000008f200000, 0x000000008f200000, 0x000000008f300000|  0%| F|  |TAMS 0x000000008f200000, 0x000000008f200000| Untracked 
| 243|0x000000008f300000, 0x000000008f300000, 0x000000008f400000|  0%| F|  |TAMS 0x000000008f300000, 0x000000008f300000| Untracked 
| 244|0x000000008f400000, 0x000000008f400000, 0x000000008f500000|  0%| F|  |TAMS 0x000000008f400000, 0x000000008f400000| Untracked 
| 245|0x000000008f500000, 0x000000008f500000, 0x000000008f600000|  0%| F|  |TAMS 0x000000008f500000, 0x000000008f500000| Untracked 
| 246|0x000000008f600000, 0x000000008f600000, 0x000000008f700000|  0%| F|  |TAMS 0x000000008f600000, 0x000000008f600000| Untracked 
| 247|0x000000008f700000, 0x000000008f700000, 0x000000008f800000|  0%| F|  |TAMS 0x000000008f700000, 0x000000008f700000| Untracked 

Card table byte_map: [0x000001d08f000000,0x000001d08f400000] _byte_map_base: 0x000001d08ec00000

Marking Bits (Prev, Next): (CMBitMap*) 0x000001d0fbdfe200, (CMBitMap*) 0x000001d0fbdfe1c8
 Prev Bits: [0x000001d091800000, 0x000001d093800000)
 Next Bits: [0x000001d08f800000, 0x000001d091800000)

Polling page: 0x000001d0fb5a0000

Metaspace:

Usage:
  Non-class:     86.92 MB capacity,    85.47 MB ( 98%) used,     1.17 MB (  1%) free+waste,   288.38 KB ( <1%) overhead. 
      Class:     13.46 MB capacity,    12.60 MB ( 94%) used,   755.48 KB (  5%) free+waste,   127.50 KB ( <1%) overhead. 
       Both:    100.38 MB capacity,    98.07 MB ( 98%) used,     1.91 MB (  2%) free+waste,   415.88 KB ( <1%) overhead. 

Virtual space:
  Non-class space:       88.00 MB reserved,      87.00 MB ( 99%) committed 
      Class space:        1.00 GB reserved,      13.57 MB (  1%) committed 
             Both:        1.09 GB reserved,     100.57 MB (  9%) committed 

Chunk freelists:
   Non-Class:  20.00 KB
       Class:  5.00 KB
        Both:  25.00 KB

MaxMetaspaceSize: 17179869184.00 GB
CompressedClassSpaceSize: 1.00 GB

CodeHeap 'non-profiled nmethods': size=120000Kb used=7498Kb max_used=7498Kb free=112501Kb
 bounds [0x000001d087ad0000, 0x000001d088230000, 0x000001d08f000000]
CodeHeap 'profiled nmethods': size=120000Kb used=27787Kb max_used=27787Kb free=92212Kb
 bounds [0x000001d0805a0000, 0x000001d0820d0000, 0x000001d087ad0000]
CodeHeap 'non-nmethods': size=5760Kb used=2309Kb max_used=2374Kb free=3450Kb
 bounds [0x000001d080000000, 0x000001d080270000, 0x000001d0805a0000]
 total_blobs=13671 nmethods=12759 adapters=823
 compilation: enabled
              stopped_count=0, restarted_count=0
 full_count=0

Compilation events (20 events):
Event: 94.093 Thread 0x000001d09625b800 12896       3       com.android.tools.r8.ir.conversion.r$$Lambda$1315/0x0000000100b28040::forEach (9 bytes)
Event: 94.094 Thread 0x000001d09625b800 nmethod 12896 0x000001d0820bcb90 code [0x000001d0820bce60, 0x000001d0820bdd38]
Event: 94.094 Thread 0x000001d09625b800 12897       3       com.android.tools.r8.graph.S0::h (9 bytes)
Event: 94.095 Thread 0x000001d09625b800 nmethod 12897 0x000001d0820be310 code [0x000001d0820be5e0, 0x000001d0820bf5a8]
Event: 94.095 Thread 0x000001d09625b800 12901       3       com.android.tools.r8.graph.A2::d (18 bytes)
Event: 94.096 Thread 0x000001d09625b800 nmethod 12901 0x000001d0820bfb10 code [0x000001d0820bfda0, 0x000001d0820c0a88]
Event: 94.103 Thread 0x000001d099333000 nmethod 12823 0x000001d08821e790 code [0x000001d08821ea00, 0x000001d08821fdd8]
Event: 94.103 Thread 0x000001d099333000 12912   !   4       java.util.concurrent.ForkJoinTask::doExec (37 bytes)
Event: 94.104 Thread 0x000001d09625b800 12915       3       com.android.tools.r8.graph.D2::f (64 bytes)
Event: 94.105 Thread 0x000001d09625b800 nmethod 12915 0x000001d0820c0e90 code [0x000001d0820c10e0, 0x000001d0820c1b18]
Event: 94.109 Thread 0x000001d09625b800 12918       2       com.android.tools.r8.internal.f1::iterator (5 bytes)
Event: 94.109 Thread 0x000001d09625b800 nmethod 12918 0x000001d0820c1d90 code [0x000001d0820c1f40, 0x000001d0820c2068]
Event: 94.109 Thread 0x000001d09625b800 12919       2       com.android.tools.r8.internal.Ub1::iterator (12 bytes)
Event: 94.109 Thread 0x000001d09625b800 nmethod 12919 0x000001d0820c2110 code [0x000001d0820c22c0, 0x000001d0820c24a8]
Event: 94.110 Thread 0x000001d09625b800 12920       2       com.android.tools.r8.internal.bc1::<init> (12 bytes)
Event: 94.110 Thread 0x000001d09625b800 nmethod 12920 0x000001d0820c2590 code [0x000001d0820c2740, 0x000001d0820c28a8]
Event: 94.110 Thread 0x000001d09625b800 12921       2       com.android.tools.r8.internal.cc1::values (26 bytes)
Event: 94.110 Thread 0x000001d09625b800 nmethod 12921 0x000001d0820c2990 code [0x000001d0820c2b40, 0x000001d0820c2d58]
Event: 94.129 Thread 0x000001d096bf3000 nmethod 12861 0x000001d088220b10 code [0x000001d088220d20, 0x000001d0882221b8]
Event: 94.129 Thread 0x000001d096bf3000 12909   !   4       com.android.tools.r8.ir.conversion.r::a (516 bytes)

GC Heap History (20 events):
Event: 92.957 GC heap after
{Heap after GC invocations=31 (full 0):
 garbage-first heap   total 210944K, used 156236K [0x0000000080000000, 0x0000000100000000)
  region size 1024K, 5 young (5120K), 5 survivors (5120K)
 Metaspace       used 98449K, capacity 100881K, committed 101196K, reserved 1136640K
  class space    used 12634K, capacity 13523K, committed 13644K, reserved 1048576K
}
Event: 92.978 GC heap before
{Heap before GC invocations=31 (full 0):
 garbage-first heap   total 210944K, used 160332K [0x0000000080000000, 0x0000000100000000)
  region size 1024K, 10 young (10240K), 5 survivors (5120K)
 Metaspace       used 98452K, capacity 100881K, committed 101196K, reserved 1136640K
  class space    used 12634K, capacity 13523K, committed 13644K, reserved 1048576K
}
Event: 92.990 GC heap after
{Heap after GC invocations=32 (full 0):
 garbage-first heap   total 210944K, used 158942K [0x0000000080000000, 0x0000000100000000)
  region size 1024K, 2 young (2048K), 2 survivors (2048K)
 Metaspace       used 98452K, capacity 100881K, committed 101196K, reserved 1136640K
  class space    used 12634K, capacity 13523K, committed 13644K, reserved 1048576K
}
Event: 93.053 GC heap before
{Heap before GC invocations=32 (full 0):
 garbage-first heap   total 210944K, used 174302K [0x0000000080000000, 0x0000000100000000)
  region size 1024K, 17 young (17408K), 2 survivors (2048K)
 Metaspace       used 98466K, capacity 100883K, committed 101196K, reserved 1136640K
  class space    used 12634K, capacity 13523K, committed 13644K, reserved 1048576K
}
Event: 93.061 GC heap after
{Heap after GC invocations=33 (full 0):
 garbage-first heap   total 210944K, used 166890K [0x0000000080000000, 0x0000000100000000)
  region size 1024K, 3 young (3072K), 3 survivors (3072K)
 Metaspace       used 98466K, capacity 100883K, committed 101196K, reserved 1136640K
  class space    used 12634K, capacity 13523K, committed 13644K, reserved 1048576K
}
Event: 93.123 GC heap before
{Heap before GC invocations=33 (full 0):
 garbage-first heap   total 210944K, used 177130K [0x0000000080000000, 0x0000000100000000)
  region size 1024K, 13 young (13312K), 3 survivors (3072K)
 Metaspace       used 98475K, capacity 100884K, committed 101196K, reserved 1136640K
  class space    used 12634K, capacity 13523K, committed 13644K, reserved 1048576K
}
Event: 93.130 GC heap after
{Heap after GC invocations=34 (full 0):
 garbage-first heap   total 210944K, used 172349K [0x0000000080000000, 0x0000000100000000)
  region size 1024K, 2 young (2048K), 2 survivors (2048K)
 Metaspace       used 98475K, capacity 100884K, committed 101196K, reserved 1136640K
  class space    used 12634K, capacity 13523K, committed 13644K, reserved 1048576K
}
Event: 93.258 GC heap before
{Heap before GC invocations=34 (full 0):
 garbage-first heap   total 210944K, used 179517K [0x0000000080000000, 0x0000000100000000)
  region size 1024K, 10 young (10240K), 2 survivors (2048K)
 Metaspace       used 98510K, capacity 100948K, committed 101196K, reserved 1136640K
  class space    used 12634K, capacity 13523K, committed 13644K, reserved 1048576K
}
Event: 93.266 GC heap after
{Heap after GC invocations=35 (full 0):
 garbage-first heap   total 210944K, used 176886K [0x0000000080000000, 0x0000000100000000)
  region size 1024K, 2 young (2048K), 2 survivors (2048K)
 Metaspace       used 98510K, capacity 100948K, committed 101196K, reserved 1136640K
  class space    used 12634K, capacity 13523K, committed 13644K, reserved 1048576K
}
Event: 93.383 GC heap before
{Heap before GC invocations=35 (full 0):
 garbage-first heap   total 210944K, used 185078K [0x0000000080000000, 0x0000000100000000)
  region size 1024K, 10 young (10240K), 2 survivors (2048K)
 Metaspace       used 98481K, capacity 100899K, committed 101196K, reserved 1136640K
  class space    used 12624K, capacity 13504K, committed 13644K, reserved 1048576K
}
Event: 93.390 GC heap after
{Heap after GC invocations=36 (full 0):
 garbage-first heap   total 210944K, used 181227K [0x0000000080000000, 0x0000000100000000)
  region size 1024K, 2 young (2048K), 2 survivors (2048K)
 Metaspace       used 98481K, capacity 100899K, committed 101196K, reserved 1136640K
  class space    used 12624K, capacity 13504K, committed 13644K, reserved 1048576K
}
Event: 93.438 GC heap before
{Heap before GC invocations=36 (full 0):
 garbage-first heap   total 210944K, used 189419K [0x0000000080000000, 0x0000000100000000)
  region size 1024K, 10 young (10240K), 2 survivors (2048K)
 Metaspace       used 98482K, capacity 100899K, committed 101196K, reserved 1136640K
  class space    used 12624K, capacity 13504K, committed 13644K, reserved 1048576K
}
Event: 93.448 GC heap after
{Heap after GC invocations=37 (full 0):
 garbage-first heap   total 253952K, used 185946K [0x0000000080000000, 0x0000000100000000)
  region size 1024K, 2 young (2048K), 2 survivors (2048K)
 Metaspace       used 98482K, capacity 100899K, committed 101196K, reserved 1136640K
  class space    used 12624K, capacity 13504K, committed 13644K, reserved 1048576K
}
Event: 93.629 GC heap before
{Heap before GC invocations=38 (full 0):
 garbage-first heap   total 253952K, used 205402K [0x0000000080000000, 0x0000000100000000)
  region size 1024K, 21 young (21504K), 2 survivors (2048K)
 Metaspace       used 98482K, capacity 100899K, committed 101196K, reserved 1136640K
  class space    used 12624K, capacity 13504K, committed 13644K, reserved 1048576K
}
Event: 93.645 GC heap after
{Heap after GC invocations=39 (full 0):
 garbage-first heap   total 253952K, used 195992K [0x0000000080000000, 0x0000000100000000)
  region size 1024K, 3 young (3072K), 3 survivors (3072K)
 Metaspace       used 98482K, capacity 100899K, committed 101196K, reserved 1136640K
  class space    used 12624K, capacity 13504K, committed 13644K, reserved 1048576K
}
Event: 93.709 GC heap before
{Heap before GC invocations=39 (full 0):
 garbage-first heap   total 253952K, used 204184K [0x0000000080000000, 0x0000000100000000)
  region size 1024K, 12 young (12288K), 3 survivors (3072K)
 Metaspace       used 98485K, capacity 100899K, committed 101196K, reserved 1136640K
  class space    used 12625K, capacity 13504K, committed 13644K, reserved 1048576K
}
Event: 93.720 GC heap after
{Heap after GC invocations=40 (full 0):
 garbage-first heap   total 253952K, used 199580K [0x0000000080000000, 0x0000000100000000)
  region size 1024K, 2 young (2048K), 2 survivors (2048K)
 Metaspace       used 98485K, capacity 100899K, committed 101196K, reserved 1136640K
  class space    used 12625K, capacity 13504K, committed 13644K, reserved 1048576K
}
Event: 94.059 GC heap before
{Heap before GC invocations=40 (full 0):
 garbage-first heap   total 253952K, used 211868K [0x0000000080000000, 0x0000000100000000)
  region size 1024K, 14 young (14336K), 2 survivors (2048K)
 Metaspace       used 100419K, capacity 102791K, committed 102988K, reserved 1138688K
  class space    used 12904K, capacity 13787K, committed 13900K, reserved 1048576K
}
Event: 94.069 GC heap after
{Heap after GC invocations=41 (full 0):
 garbage-first heap   total 253952K, used 201779K [0x0000000080000000, 0x0000000100000000)
  region size 1024K, 2 young (2048K), 2 survivors (2048K)
 Metaspace       used 100419K, capacity 102791K, committed 102988K, reserved 1138688K
  class space    used 12904K, capacity 13787K, committed 13900K, reserved 1048576K
}
Event: 94.132 GC heap before
{Heap before GC invocations=41 (full 0):
 garbage-first heap   total 253952K, used 213043K [0x0000000080000000, 0x0000000100000000)
  region size 1024K, 13 young (13312K), 2 survivors (2048K)
 Metaspace       used 100422K, capacity 102791K, committed 102988K, reserved 1138688K
  class space    used 12904K, capacity 13787K, committed 13900K, reserved 1048576K
}

Deoptimization events (20 events):
Event: 94.041 Thread 0x000001d0a2e7a800 DEOPT PACKING pc=0x000001d088214070 sp=0x00000022c14ff140
Event: 94.041 Thread 0x000001d0a2e7a800 DEOPT UNPACKING pc=0x000001d08002662f sp=0x00000022c14fee30 mode 2
Event: 94.041 Thread 0x000001d0a2e7a800 Uncommon trap: trap_request=0xffffffc6 fr.pc=0x000001d088214070 relative=0x0000000000001230
Event: 94.041 Thread 0x000001d0a2e7a800 Uncommon trap: reason=bimorphic_or_optimized_type_check action=maybe_recompile pc=0x000001d088214070 method=com.android.tools.r8.utils.B.a(Lcom/android/tools/r8/internal/yq1;Ljava/lang/Object;I)V @ 2 c2
Event: 94.041 Thread 0x000001d0a2e7a800 DEOPT PACKING pc=0x000001d088214070 sp=0x00000022c14ff140
Event: 94.041 Thread 0x000001d0a2e7a800 DEOPT UNPACKING pc=0x000001d08002662f sp=0x00000022c14fee30 mode 2
Event: 94.041 Thread 0x000001d0a2e7a800 Uncommon trap: trap_request=0xffffffc6 fr.pc=0x000001d088214070 relative=0x0000000000001230
Event: 94.041 Thread 0x000001d0a2e7a800 Uncommon trap: reason=bimorphic_or_optimized_type_check action=maybe_recompile pc=0x000001d088214070 method=com.android.tools.r8.utils.B.a(Lcom/android/tools/r8/internal/yq1;Ljava/lang/Object;I)V @ 2 c2
Event: 94.041 Thread 0x000001d0a2e7a800 DEOPT PACKING pc=0x000001d088214070 sp=0x00000022c14ff140
Event: 94.041 Thread 0x000001d0a2e7a800 DEOPT UNPACKING pc=0x000001d08002662f sp=0x00000022c14fee30 mode 2
Event: 94.041 Thread 0x000001d0a2e7a800 Uncommon trap: trap_request=0xffffffc6 fr.pc=0x000001d088214070 relative=0x0000000000001230
Event: 94.041 Thread 0x000001d0a2e7a800 Uncommon trap: reason=bimorphic_or_optimized_type_check action=maybe_recompile pc=0x000001d088214070 method=com.android.tools.r8.utils.B.a(Lcom/android/tools/r8/internal/yq1;Ljava/lang/Object;I)V @ 2 c2
Event: 94.041 Thread 0x000001d0a2e7a800 DEOPT PACKING pc=0x000001d088214070 sp=0x00000022c14ff140
Event: 94.041 Thread 0x000001d0a2e7a800 DEOPT UNPACKING pc=0x000001d08002662f sp=0x00000022c14fee30 mode 2
Event: 94.074 Thread 0x000001d0a2e7a800 Uncommon trap: trap_request=0xffffffde fr.pc=0x000001d088218b04 relative=0x0000000000001224
Event: 94.074 Thread 0x000001d0a2e7a800 Uncommon trap: reason=class_check action=maybe_recompile pc=0x000001d088218b04 method=com.android.tools.r8.graph.B2.b(Ljava/util/function/Predicate;Ljava/util/function/Consumer;Lcom/android/tools/r8/graph/j0;)V @ 2 c2
Event: 94.074 Thread 0x000001d0a2e7a800 DEOPT PACKING pc=0x000001d088218b04 sp=0x00000022c14feb40
Event: 94.074 Thread 0x000001d0a2e7a800 DEOPT UNPACKING pc=0x000001d08002662f sp=0x00000022c14fe978 mode 2
Event: 94.104 Thread 0x000001d0a2e76800 DEOPT PACKING pc=0x000001d082035c29 sp=0x00000022c0efe930
Event: 94.104 Thread 0x000001d0a2e76800 DEOPT UNPACKING pc=0x000001d080026dde sp=0x00000022c0efddd8 mode 0

Classes redefined (0 events):
No events

Internal exceptions (20 events):
Event: 90.428 Thread 0x000001d09a14a800 Exception <a 'java/lang/NoSuchMethodError'{0x0000000089bf5348}: <clinit>> (0x0000000089bf5348) thrown at [./src/hotspot/share/prims/jni.cpp, line 1362]
Event: 90.431 Thread 0x000001d09a14a800 Exception <a 'java/lang/NoSuchMethodError'{0x0000000089a24df0}: <clinit>> (0x0000000089a24df0) thrown at [./src/hotspot/share/prims/jni.cpp, line 1362]
Event: 90.432 Thread 0x000001d09a14a800 Exception <a 'java/lang/NoSuchMethodError'{0x0000000089a37e28}: <clinit>> (0x0000000089a37e28) thrown at [./src/hotspot/share/prims/jni.cpp, line 1362]
Event: 90.649 Thread 0x000001d099282000 Implicit null exception at 0x000001d0880a0680 to 0x000001d0880a0ef8
Event: 90.654 Thread 0x000001d09927d000 Implicit null exception at 0x000001d0880a2c52 to 0x000001d0880a3058
Event: 90.711 Thread 0x000001d09a150000 Exception <a 'java/lang/NoSuchMethodError'{0x000000008b526b80}: 'int java.lang.invoke.DirectMethodHandle$Holder.invokeSpecial(java.lang.Object, java.lang.Object, java.lang.Object, java.lang.Object, java.lang.Object)'> (0x000000008b526b80) thrown at [./src/hotspot/share/interpreter/linkResolver.cpp, line 773]
Event: 91.423 Thread 0x000001d09a151800 Exception <a 'java/lang/NoSuchMethodError'{0x000000008a456500}: 'void java.lang.invoke.DirectMethodHandle$Holder.invokeStatic(java.lang.Object, long)'> (0x000000008a456500) thrown at [./src/hotspot/share/interpreter/linkResolver.cpp, line 773]
Event: 91.423 Thread 0x000001d09a151800 Exception <a 'java/lang/NoSuchMethodError'{0x000000008a396b90}: 'java.lang.Object java.lang.invoke.DirectMethodHandle$Holder.invokeStatic(java.lang.Object, long)'> (0x000000008a396b90) thrown at [./src/hotspot/share/interpreter/linkResolver.cpp, line 773]
Event: 91.425 Thread 0x000001d09a151800 Exception <a 'java/lang/NoSuchMethodError'{0x000000008a3a4ef8}: 'java.lang.Object java.lang.invoke.DirectMethodHandle$Holder.invokeStaticInit(java.lang.Object, java.lang.Object, long, java.lang.Object)'> (0x000000008a3a4ef8) thrown at [./src/hotspot/share/interpreter/linkResolver.cpp, line 773]
Event: 91.426 Thread 0x000001d09a151800 Exception <a 'java/lang/NoSuchMethodError'{0x000000008a3ab090}: 'java.lang.Object java.lang.invoke.DirectMethodHandle$Holder.invokeStatic(java.lang.Object, java.lang.Object, long)'> (0x000000008a3ab090) thrown at [./src/hotspot/share/interpreter/linkResolver.cpp, line 773]
Event: 91.426 Thread 0x000001d09a151800 Exception <a 'java/lang/NoSuchMethodError'{0x000000008a3b1608}: 'java.lang.Object java.lang.invoke.Invokers$Holder.linkToTargetMethod(java.lang.Object, long, java.lang.Object)'> (0x000000008a3b1608) thrown at [./src/hotspot/share/interpreter/linkResolver.cpp, line 773]
Event: 91.794 Thread 0x000001d09a155800 Exception <a 'sun/nio/fs/WindowsException'{0x000000008b1c29f0}> (0x000000008b1c29f0) thrown at [./src/hotspot/share/prims/jni.cpp, line 615]
Event: 91.859 Thread 0x000001d09a151800 Exception <a 'java/lang/NoSuchMethodError'{0x000000008aed9b78}: 'int java.lang.invoke.DirectMethodHandle$Holder.invokeSpecialIFC(java.lang.Object, java.lang.Object, java.lang.Object)'> (0x000000008aed9b78) thrown at [./src/hotspot/share/interpreter/linkResolver.cpp, line 773]
Event: 92.007 Thread 0x000001d09a155800 Exception <a 'java/lang/NoSuchMethodError'{0x000000008a813e80}: 'java.lang.Object java.lang.invoke.DirectMethodHandle$Holder.invokeStaticInit(java.lang.Object, java.lang.Object, java.lang.Object, java.lang.Object, java.lang.Object, java.lang.Object, java.lang.Object, java.lang.Object, java.lang.Object, java.lang.Object, java.lang.Object, java.lang.Object, java.lang.Object, java.lang.Object, java.lang.Object, java.lang.Object, java.lang.Object, java.lang.Object, int, java.lang.Object, java.lang.Object)'> (0
Event: 92.642 Thread 0x000001d0a2e74800 Exception <a 'java/lang/IncompatibleClassChangeError'{0x000000008bb99228}: Found class java.lang.Object, but interface was expected> (0x000000008bb99228) thrown at [./src/hotspot/share/interpreter/linkResolver.cpp, line 839]
Event: 92.669 Thread 0x000001d0a2e78000 Exception <a 'java/lang/IncompatibleClassChangeError'{0x000000008b821f40}: Found class java.lang.Object, but interface was expected> (0x000000008b821f40) thrown at [./src/hotspot/share/interpreter/linkResolver.cpp, line 839]
Event: 92.669 Thread 0x000001d0a2e78000 Exception <a 'java/lang/IncompatibleClassChangeError'{0x000000008b829760}: Found class java.lang.Object, but interface was expected> (0x000000008b829760) thrown at [./src/hotspot/share/interpreter/linkResolver.cpp, line 839]
Event: 92.672 Thread 0x000001d0a2e7a800 Exception <a 'java/lang/NoSuchMethodError'{0x000000008b8468c8}: 'java.lang.Object java.lang.invoke.DirectMethodHandle$Holder.newInvokeSpecial(java.lang.Object, int)'> (0x000000008b8468c8) thrown at [./src/hotspot/share/interpreter/linkResolver.cpp, line 773]
Event: 93.768 Thread 0x000001d09a155800 Exception <a 'java/lang/NoSuchMethodError'{0x000000008f6cc9c8}: 'int java.lang.invoke.DirectMethodHandle$Holder.invokeVirtual(java.lang.Object, java.lang.Object, java.lang.Object, java.lang.Object)'> (0x000000008f6cc9c8) thrown at [./src/hotspot/share/interpreter/linkResolver.cpp, line 773]
Event: 93.849 Thread 0x000001d09a155800 Exception <a 'java/lang/IncompatibleClassChangeError'{0x000000008f49c378}: Found class java.lang.Object, but interface was expected> (0x000000008f49c378) thrown at [./src/hotspot/share/interpreter/linkResolver.cpp, line 839]

Events (20 events):
Event: 94.034 Executing coalesced safepoint VM operation: RevokeBias
Event: 94.034 Executing coalesced safepoint VM operation: RevokeBias done
Event: 94.034 Executing coalesced safepoint VM operation: RevokeBias
Event: 94.034 Executing coalesced safepoint VM operation: RevokeBias done
Event: 94.034 Executing VM operation: RevokeBias done
Event: 94.037 Executing VM operation: RevokeBias
Event: 94.037 Executing coalesced safepoint VM operation: BulkRevokeBias
Event: 94.039 Executing coalesced safepoint VM operation: BulkRevokeBias done
Event: 94.039 Executing coalesced safepoint VM operation: RevokeBias
Event: 94.039 Executing coalesced safepoint VM operation: RevokeBias done
Event: 94.039 Executing coalesced safepoint VM operation: RevokeBias
Event: 94.039 Executing coalesced safepoint VM operation: RevokeBias done
Event: 94.039 Executing coalesced safepoint VM operation: RevokeBias
Event: 94.039 Executing coalesced safepoint VM operation: RevokeBias done
Event: 94.039 Executing coalesced safepoint VM operation: RevokeBias
Event: 94.039 Executing coalesced safepoint VM operation: RevokeBias done
Event: 94.039 Executing VM operation: RevokeBias done
Event: 94.059 Executing VM operation: G1CollectForAllocation
Event: 94.069 Executing VM operation: G1CollectForAllocation done
Event: 94.132 Executing VM operation: G1CollectForAllocation


Dynamic libraries:
0x00007ff705310000 - 0x00007ff70531a000 	C:\Program Files\Android\Android Studio\jre\bin\java.exe
0x00007ffb5a320000 - 0x00007ffb5a527000 	C:\Windows\SYSTEM32\ntdll.dll
0x00007ffb58b00000 - 0x00007ffb58bbd000 	C:\Windows\System32\KERNEL32.DLL
0x00007ffb579e0000 - 0x00007ffb57d54000 	C:\Windows\System32\KERNELBASE.dll
0x00007ffb58020000 - 0x00007ffb58131000 	C:\Windows\System32\ucrtbase.dll
0x00007ffb49f60000 - 0x00007ffb49f79000 	C:\Program Files\Android\Android Studio\jre\bin\jli.dll
0x00007ffb59440000 - 0x00007ffb595ec000 	C:\Windows\System32\USER32.dll
0x00007ffb57e80000 - 0x00007ffb57ea6000 	C:\Windows\System32\win32u.dll
0x00007ffb5a200000 - 0x00007ffb5a229000 	C:\Windows\System32\GDI32.dll
0x00007ffb57d60000 - 0x00007ffb57e72000 	C:\Windows\System32\gdi32full.dll
0x00007ffb57940000 - 0x00007ffb579dd000 	C:\Windows\System32\msvcp_win.dll
0x00007ffb3e5d0000 - 0x00007ffb3e5e7000 	C:\Program Files\Android\Android Studio\jre\bin\VCRUNTIME140.dll
0x00007ffb42430000 - 0x00007ffb426d5000 	C:\Windows\WinSxS\amd64_microsoft.windows.common-controls_6595b64144ccf1df_6.0.22000.120_none_9d947278b86cc467\COMCTL32.dll
0x00007ffb597a0000 - 0x00007ffb59843000 	C:\Windows\System32\msvcrt.dll
0x00007ffb5a230000 - 0x00007ffb5a261000 	C:\Windows\System32\IMM32.DLL
0x00007ffb31660000 - 0x00007ffb316fd000 	C:\Program Files\Android\Android Studio\jre\bin\msvcp140.dll
0x00007ffaeb990000 - 0x00007ffaec465000 	C:\Program Files\Android\Android Studio\jre\bin\server\jvm.dll
0x00007ffb58cb0000 - 0x00007ffb58d5c000 	C:\Windows\System32\ADVAPI32.dll
0x00007ffb596e0000 - 0x00007ffb5977d000 	C:\Windows\System32\sechost.dll
0x00007ffb58220000 - 0x00007ffb58341000 	C:\Windows\System32\RPCRT4.dll
0x00007ffb59e60000 - 0x00007ffb59e68000 	C:\Windows\System32\PSAPI.DLL
0x00007ffb482c0000 - 0x00007ffb482c9000 	C:\Windows\SYSTEM32\WSOCK32.dll
0x00007ffb49c10000 - 0x00007ffb49c43000 	C:\Windows\SYSTEM32\WINMM.dll
0x00007ffb505f0000 - 0x00007ffb505fa000 	C:\Windows\SYSTEM32\VERSION.dll
0x00007ffb5a270000 - 0x00007ffb5a2df000 	C:\Windows\System32\WS2_32.dll
0x00007ffb56930000 - 0x00007ffb56948000 	C:\Windows\SYSTEM32\kernel.appcore.dll
0x00007ffb1b2e0000 - 0x00007ffb1b2f1000 	C:\Program Files\Android\Android Studio\jre\bin\verify.dll
0x00007ffb4d580000 - 0x00007ffb4d7a1000 	C:\Windows\SYSTEM32\DBGHELP.DLL
0x00007ffb4d540000 - 0x00007ffb4d571000 	C:\Windows\SYSTEM32\dbgcore.DLL
0x00007ffb578c0000 - 0x00007ffb57940000 	C:\Windows\System32\bcryptPrimitives.dll
0x00007ffb19820000 - 0x00007ffb19849000 	C:\Program Files\Android\Android Studio\jre\bin\java.dll
0x00007ffb45040000 - 0x00007ffb4504b000 	C:\Program Files\Android\Android Studio\jre\bin\jimage.dll
0x00007ffb18720000 - 0x00007ffb18738000 	C:\Program Files\Android\Android Studio\jre\bin\zip.dll
0x00007ffb58350000 - 0x00007ffb58af9000 	C:\Windows\System32\SHELL32.dll
0x00007ffb559b0000 - 0x00007ffb56212000 	C:\Windows\SYSTEM32\windows.storage.dll
0x00007ffb58d60000 - 0x00007ffb590d8000 	C:\Windows\System32\combase.dll
0x00007ffb55840000 - 0x00007ffb559a6000 	C:\Windows\SYSTEM32\wintypes.dll
0x00007ffb58bc0000 - 0x00007ffb58caa000 	C:\Windows\System32\SHCORE.dll
0x00007ffb59f00000 - 0x00007ffb59f5d000 	C:\Windows\System32\shlwapi.dll
0x00007ffb57730000 - 0x00007ffb57751000 	C:\Windows\SYSTEM32\profapi.dll
0x00007ffb165d0000 - 0x00007ffb165ea000 	C:\Program Files\Android\Android Studio\jre\bin\net.dll
0x00007ffb535b0000 - 0x00007ffb536bc000 	C:\Windows\SYSTEM32\WINHTTP.dll
0x00007ffb56d40000 - 0x00007ffb56da7000 	C:\Windows\system32\mswsock.dll
0x00007ffb10ae0000 - 0x00007ffb10af4000 	C:\Program Files\Android\Android Studio\jre\bin\nio.dll
0x00007ffb48870000 - 0x00007ffb48897000 	C:\Users\Marwa\.gradle\native\e1d6ef7f7dcc3fd88c89a11ec53ec762bb8ba0a96d01ffa2cd45eb1d1d8dd5c5\windows-amd64\native-platform.dll
0x00007ffb2b6b0000 - 0x00007ffb2b7f4000 	C:\Users\Marwa\.gradle\native\5664cfc778a61ccfe75a443a1ab52a65af34e5dc3c78e0209fed803814484fcb\windows-amd64\native-platform-file-events.dll
0x00007ffb43a60000 - 0x00007ffb43a6a000 	C:\Program Files\Android\Android Studio\jre\bin\management.dll
0x00007ffb42420000 - 0x00007ffb4242d000 	C:\Program Files\Android\Android Studio\jre\bin\management_ext.dll
0x00007ffb56f90000 - 0x00007ffb56fa8000 	C:\Windows\SYSTEM32\CRYPTSP.dll
0x00007ffb56890000 - 0x00007ffb568c5000 	C:\Windows\system32\rsaenh.dll
0x00007ffb56e30000 - 0x00007ffb56e59000 	C:\Windows\SYSTEM32\USERENV.dll
0x00007ffb57100000 - 0x00007ffb57127000 	C:\Windows\SYSTEM32\bcrypt.dll
0x00007ffb56f80000 - 0x00007ffb56f8c000 	C:\Windows\SYSTEM32\CRYPTBASE.dll
0x00007ffb56470000 - 0x00007ffb5649d000 	C:\Windows\SYSTEM32\IPHLPAPI.DLL
0x00007ffb59790000 - 0x00007ffb59799000 	C:\Windows\System32\NSI.dll
0x00007ffb53450000 - 0x00007ffb53469000 	C:\Windows\SYSTEM32\dhcpcsvc6.DLL
0x00007ffb53bf0000 - 0x00007ffb53c0e000 	C:\Windows\SYSTEM32\dhcpcsvc.DLL
0x00007ffb564a0000 - 0x00007ffb56587000 	C:\Windows\SYSTEM32\DNSAPI.dll

dbghelp: loaded successfully - version: 4.0.5 - missing functions: none
symbol engine: initialized successfully - sym options: 0x614 - pdb path: .;C:\Program Files\Android\Android Studio\jre\bin;C:\Windows\SYSTEM32;C:\Windows\WinSxS\amd64_microsoft.windows.common-controls_6595b64144ccf1df_6.0.22000.120_none_9d947278b86cc467;C:\Program Files\Android\Android Studio\jre\bin\server;C:\Users\Marwa\.gradle\native\e1d6ef7f7dcc3fd88c89a11ec53ec762bb8ba0a96d01ffa2cd45eb1d1d8dd5c5\windows-amd64;C:\Users\Marwa\.gradle\native\5664cfc778a61ccfe75a443a1ab52a65af34e5dc3c78e0209fed803814484fcb\windows-amd64

VM Arguments:
jvm_args: --add-opens=java.base/java.util=ALL-UNNAMED --add-opens=java.base/java.lang=ALL-UNNAMED --add-opens=java.base/java.lang.invoke=ALL-UNNAMED --add-opens=java.base/java.util=ALL-UNNAMED --add-opens=java.prefs/java.util.prefs=ALL-UNNAMED --add-opens=java.prefs/java.util.prefs=ALL-UNNAMED --add-opens=java.base/java.nio.charset=ALL-UNNAMED --add-opens=java.base/java.net=ALL-UNNAMED --add-opens=java.base/java.util.concurrent.atomic=ALL-UNNAMED -Xmx2048m -Dfile.encoding=UTF-8 -Duser.country=US -Duser.language=en -Duser.variant 
java_command: org.gradle.launcher.daemon.bootstrap.GradleDaemon 7.2
java_class_path (initial): C:\Users\Marwa\.gradle\wrapper\dists\gradle-7.2-bin\2dnblmf4td7x66yl1d74lt32g\gradle-7.2\lib\gradle-launcher-7.2.jar
Launcher Type: SUN_STANDARD

[Global flags]
     intx CICompilerCount                          = 4                                         {product} {ergonomic}
     uint ConcGCThreads                            = 2                                         {product} {ergonomic}
     uint G1ConcRefinementThreads                  = 8                                         {product} {ergonomic}
   size_t G1HeapRegionSize                         = 1048576                                   {product} {ergonomic}
    uintx GCDrainStackTargetSize                   = 64                                        {product} {ergonomic}
   size_t InitialHeapSize                          = 132120576                                 {product} {ergonomic}
   size_t MarkStackSize                            = 4194304                                   {product} {ergonomic}
   size_t MaxHeapSize                              = 2147483648                                {product} {command line}
   size_t MaxNewSize                               = 1287651328                                {product} {ergonomic}
   size_t MinHeapDeltaBytes                        = 1048576                                   {product} {ergonomic}
    uintx NonNMethodCodeHeapSize                   = 5836300                                {pd product} {ergonomic}
    uintx NonProfiledCodeHeapSize                  = 122910970                              {pd product} {ergonomic}
    uintx ProfiledCodeHeapSize                     = 122910970                              {pd product} {ergonomic}
    uintx ReservedCodeCacheSize                    = 251658240                              {pd product} {ergonomic}
     bool SegmentedCodeCache                       = true                                      {product} {ergonomic}
     bool UseCompressedClassPointers               = true                                 {lp64_product} {ergonomic}
     bool UseCompressedOops                        = true                                 {lp64_product} {ergonomic}
     bool UseG1GC                                  = true                                      {product} {ergonomic}
     bool UseLargePagesIndividualAllocation        = false                                  {pd product} {ergonomic}

Logging:
Log output configuration:
 #0: stdout all=warning uptime,level,tags
 #1: stderr all=off uptime,level,tags

Environment Variables:
PATH=C:\oraclexe\app\oracle\product\10.2.0\server\bin;C:\Program Files (x86)\NVIDIA Corporation\PhysX\Common;C:\Python310\Scripts\;C:\Python310\;C:\Program Files\Common Files\Oracle\Java\javapath;C:\Windows\system32;C:\Windows;C:\Windows\System32\Wbem;C:\Windows\System32\WindowsPowerShell\v1.0\;C:\Windows\System32\OpenSSH\;C:\Users\Marwa\AppData\Roaming\nvm;C:\Program Files\nodejs;C:\Program Files\Git\cmd;C:\Program Files\Java\jdk-16.0.2\bin;C:\msys64\mingw64\bin;C:\xampp\php;C:\ProgramData\ComposerSetup\bin;C:\Users\Marwa\AppData\Local\Microsoft\WindowsApps;C:\Users\Marwa\AppData\Roaming\npm;C:\Users\Marwa\AppData\Local\Programs\Microsoft VS Code\bin;C:\Users\Marwa\AppData\Roaming\nvm;C:\Program Files\nodejs;C:\MinGW\bin;C:\Users\Marwa\AppData\Roaming\Composer\vendor\bin
USERNAME=Marwa
OS=Windows_NT
PROCESSOR_IDENTIFIER=Intel64 Family 6 Model 165 Stepping 2, GenuineIntel



---------------  S Y S T E M  ---------------

OS: Windows 10 , 64 bit Build 22000 (10.0.22000.120)
OS uptime: 5 days 1:10 hours

CPU:total 8 (initial active 8) (4 cores per cpu, 2 threads per core) family 6 model 165 stepping 2 microcode 0xe0, cmov, cx8, fxsr, mmx, sse, sse2, sse3, ssse3, sse4.1, sse4.2, popcnt, avx, avx2, aes, clmul, erms, 3dnowpref, lzcnt, ht, tsc, tscinvbit, bmi1, bmi2, adx, fma

Memory: 4k page, system-wide physical 8010M (423M free)
TotalPageFile size 10058M (AvailPageFile size 73M)
current process WorkingSet (physical memory assigned to process): 545M, peak: 548M
current process commit charge ("private bytes"): 602M, peak: 814M

vm_info: OpenJDK 64-Bit Server VM (11.0.11+9-b60-7590822) for windows-amd64 JRE (11.0.11+9-b60-7590822), built on Jul 29 2021 21:43:44 by "builder" with MS VC++ 14.0 (VS2015)

END.
